<?xml version="1.0" encoding="UTF-8"?>
<coverage generated="1777824295764" clover="3.2.0">
  <project timestamp="1777824295765" name="All files">
    <metrics statements="786" coveredstatements="602" conditionals="534" coveredconditionals="372" methods="170" coveredmethods="138" elements="1490" coveredelements="1112" complexity="0" loc="786" ncloc="786" packages="7" files="16" classes="16"/>
    <package name="src">
      <metrics statements="531" coveredstatements="349" conditionals="341" coveredconditionals="191" methods="99" coveredmethods="69"/>
      <file name="App.css" path="/home/runner/work/lattice/lattice/src/App.css">
        <metrics statements="0" coveredstatements="0" conditionals="0" coveredconditionals="0" methods="0" coveredmethods="0"/>
      </file>
      <file name="App.tsx" path="/home/runner/work/lattice/lattice/src/App.tsx">
        <metrics statements="531" coveredstatements="349" conditionals="341" coveredconditionals="191" methods="99" coveredmethods="69"/>
        <line num="50" count="1" type="cond" truecount="1" falsecount="1"/>
        <line num="54" count="92" type="stmt"/>
        <line num="55" count="92" type="stmt"/>
        <line num="56" count="169" type="cond" truecount="4" falsecount="0"/>
        <line num="57" count="36" type="cond" truecount="1" falsecount="1"/>
        <line num="58" count="36" type="stmt"/>
        <line num="60" count="169" type="cond" truecount="2" falsecount="0"/>
        <line num="61" count="133" type="stmt"/>
        <line num="64" count="92" type="stmt"/>
        <line num="67" count="1" type="stmt"/>
        <line num="72" count="1" type="stmt"/>
        <line num="73" count="1" type="stmt"/>
        <line num="74" count="1" type="stmt"/>
        <line num="75" count="1" type="stmt"/>
        <line num="76" count="1" type="stmt"/>
        <line num="77" count="1" type="stmt"/>
        <line num="80" count="1" type="stmt"/>
        <line num="81" count="604" type="stmt"/>
        <line num="82" count="355" type="cond" truecount="2" falsecount="0"/>
        <line num="92" count="167" type="stmt"/>
        <line num="93" count="60" type="stmt"/>
        <line num="94" count="60" type="stmt"/>
        <line num="101" count="167" type="stmt"/>
        <line num="102" count="60" type="stmt"/>
        <line num="103" count="6" type="cond" truecount="5" falsecount="1"/>
        <line num="104" count="0" type="stmt"/>
        <line num="107" count="60" type="stmt"/>
        <line num="108" count="0" type="stmt"/>
        <line num="110" count="60" type="stmt"/>
        <line num="111" count="60" type="stmt"/>
        <line num="112" count="60" type="stmt"/>
        <line num="113" count="60" type="stmt"/>
        <line num="114" count="60" type="stmt"/>
        <line num="121" count="167" type="stmt"/>
        <line num="122" count="167" type="stmt"/>
        <line num="140" count="167" type="stmt"/>
        <line num="141" count="167" type="stmt"/>
        <line num="142" count="167" type="stmt"/>
        <line num="143" count="167" type="stmt"/>
        <line num="144" count="167" type="stmt"/>
        <line num="145" count="167" type="stmt"/>
        <line num="146" count="167" type="stmt"/>
        <line num="147" count="167" type="stmt"/>
        <line num="148" count="167" type="stmt"/>
        <line num="149" count="167" type="stmt"/>
        <line num="150" count="167" type="stmt"/>
        <line num="169" count="167" type="stmt"/>
        <line num="171" count="167" type="stmt"/>
        <line num="174" count="167" type="stmt"/>
        <line num="175" count="167" type="stmt"/>
        <line num="176" count="167" type="stmt"/>
        <line num="178" count="167" type="stmt"/>
        <line num="179" count="0" type="stmt"/>
        <line num="182" count="167" type="stmt"/>
        <line num="183" count="167" type="stmt"/>
        <line num="185" count="167" type="stmt"/>
        <line num="186" count="1" type="stmt"/>
        <line num="187" count="1" type="stmt"/>
        <line num="188" count="1" type="cond" truecount="1" falsecount="1"/>
        <line num="189" count="1" type="stmt"/>
        <line num="190" count="1" type="stmt"/>
        <line num="191" count="1" type="cond" truecount="1" falsecount="1"/>
        <line num="192" count="1" type="cond" truecount="1" falsecount="1"/>
        <line num="193" count="1" type="stmt"/>
        <line num="194" count="1" type="stmt"/>
        <line num="196" count="1" type="stmt"/>
        <line num="197" count="1" type="cond" truecount="1" falsecount="1"/>
        <line num="198" count="1" type="stmt"/>
        <line num="199" count="1" type="cond" truecount="1" falsecount="1"/>
        <line num="200" count="1" type="stmt"/>
        <line num="201" count="1" type="stmt"/>
        <line num="202" count="1" type="stmt"/>
        <line num="205" count="1" type="stmt"/>
        <line num="206" count="1" type="cond" truecount="1" falsecount="1"/>
        <line num="207" count="1" type="stmt"/>
        <line num="208" count="1" type="stmt"/>
        <line num="209" count="1" type="stmt"/>
        <line num="210" count="1" type="stmt"/>
        <line num="212" count="1" type="cond" truecount="1" falsecount="1"/>
        <line num="213" count="1" type="stmt"/>
        <line num="214" count="1" type="stmt"/>
        <line num="215" count="1" type="stmt"/>
        <line num="219" count="167" type="stmt"/>
        <line num="221" count="167" type="stmt"/>
        <line num="222" count="167" type="stmt"/>
        <line num="223" count="167" type="stmt"/>
        <line num="224" count="167" type="stmt"/>
        <line num="225" count="167" type="stmt"/>
        <line num="226" count="60" type="stmt"/>
        <line num="227" count="60" type="cond" truecount="2" falsecount="0"/>
        <line num="228" count="60" type="cond" truecount="2" falsecount="0"/>
        <line num="231" count="167" type="stmt"/>
        <line num="232" count="24" type="stmt"/>
        <line num="233" count="24" type="stmt"/>
        <line num="234" count="24" type="stmt"/>
        <line num="235" count="24" type="stmt"/>
        <line num="239" count="167" type="stmt"/>
        <line num="240" count="9" type="stmt"/>
        <line num="241" count="9" type="stmt"/>
        <line num="242" count="9" type="stmt"/>
        <line num="243" count="9" type="stmt"/>
        <line num="248" count="167" type="stmt"/>
        <line num="249" count="60" type="stmt"/>
        <line num="250" count="60" type="cond" truecount="1" falsecount="1"/>
        <line num="251" count="0" type="stmt"/>
        <line num="252" count="0" type="stmt"/>
        <line num="254" count="0" type="stmt"/>
        <line num="260" count="167" type="stmt"/>
        <line num="261" count="1" type="cond" truecount="1" falsecount="1"/>
        <line num="262" count="1" type="stmt"/>
        <line num="264" count="1" type="stmt"/>
        <line num="266" count="1" type="stmt"/>
        <line num="268" count="1" type="cond" truecount="1" falsecount="1"/>
        <line num="269" count="0" type="stmt"/>
        <line num="272" count="1" type="stmt"/>
        <line num="273" count="1" type="stmt"/>
        <line num="278" count="167" type="stmt"/>
        <line num="279" count="91" type="stmt"/>
        <line num="280" count="91" type="cond" truecount="2" falsecount="0"/>
        <line num="281" count="31" type="stmt"/>
        <line num="283" count="60" type="stmt"/>
        <line num="292" count="167" type="stmt"/>
        <line num="293" count="103" type="stmt"/>
        <line num="294" count="103" type="stmt"/>
        <line num="295" count="103" type="stmt"/>
        <line num="296" count="103" type="cond" truecount="2" falsecount="0"/>
        <line num="297" count="60" type="stmt"/>
        <line num="298" count="60" type="stmt"/>
        <line num="301" count="43" type="stmt"/>
        <line num="303" count="43" type="cond" truecount="1" falsecount="3"/>
        <line num="304" count="0" type="stmt"/>
        <line num="306" count="0" type="stmt"/>
        <line num="308" count="0" type="stmt"/>
        <line num="309" count="0" type="stmt"/>
        <line num="310" count="0" type="cond" truecount="0" falsecount="2"/>
        <line num="313" count="43" type="stmt"/>
        <line num="321" count="167" type="stmt"/>
        <line num="322" count="60" type="stmt"/>
        <line num="323" count="60" type="stmt"/>
        <line num="325" count="60" type="stmt"/>
        <line num="327" count="60" type="stmt"/>
        <line num="328" count="60" type="cond" truecount="2" falsecount="0"/>
        <line num="329" count="1" type="stmt"/>
        <line num="330" count="1" type="stmt"/>
        <line num="334" count="60" type="stmt"/>
        <line num="335" count="60" type="stmt"/>
        <line num="338" count="60" type="stmt"/>
        <line num="339" count="60" type="stmt"/>
        <line num="342" count="60" type="stmt"/>
        <line num="344" count="60" type="stmt"/>
        <line num="345" count="0" type="cond" truecount="0" falsecount="2"/>
        <line num="346" count="0" type="stmt"/>
        <line num="349" count="60" type="stmt"/>
        <line num="350" count="0" type="stmt"/>
        <line num="351" count="0" type="stmt"/>
        <line num="354" count="60" type="stmt"/>
        <line num="355" count="0" type="stmt"/>
        <line num="356" count="0" type="stmt"/>
        <line num="359" count="60" type="stmt"/>
        <line num="365" count="167" type="stmt"/>
        <line num="367" count="92" type="cond" truecount="1" falsecount="1"/>
        <line num="368" count="0" type="stmt"/>
        <line num="371" count="92" type="stmt"/>
        <line num="372" count="92" type="stmt"/>
        <line num="373" count="92" type="cond" truecount="2" falsecount="0"/>
        <line num="374" count="32" type="stmt"/>
        <line num="375" count="32" type="stmt"/>
        <line num="378" count="92" type="cond" truecount="1" falsecount="1"/>
        <line num="379" count="92" type="stmt"/>
        <line num="383" count="92" type="cond" truecount="1" falsecount="1"/>
        <line num="384" count="0" type="stmt"/>
        <line num="386" count="92" type="stmt"/>
        <line num="387" count="92" type="stmt"/>
        <line num="388" count="92" type="stmt"/>
        <line num="389" count="92" type="stmt"/>
        <line num="391" count="0" type="stmt"/>
        <line num="399" count="167" type="stmt"/>
        <line num="400" count="91" type="stmt"/>
        <line num="409" count="167" type="stmt"/>
        <line num="410" count="103" type="stmt"/>
        <line num="411" count="103" type="cond" truecount="2" falsecount="0"/>
        <line num="412" count="43" type="stmt"/>
        <line num="421" count="167" type="stmt"/>
        <line num="422" count="1" type="stmt"/>
        <line num="423" count="1" type="cond" truecount="1" falsecount="1"/>
        <line num="432" count="167" type="stmt"/>
        <line num="433" count="1" type="stmt"/>
        <line num="434" count="1" type="stmt"/>
        <line num="435" count="1" type="stmt"/>
        <line num="438" count="1" type="cond" truecount="1" falsecount="1"/>
        <line num="439" count="1" type="stmt"/>
        <line num="442" count="1" type="stmt"/>
        <line num="444" count="1" type="cond" truecount="1" falsecount="1"/>
        <line num="445" count="0" type="stmt"/>
        <line num="446" count="0" type="stmt"/>
        <line num="447" count="0" type="stmt"/>
        <line num="450" count="0" type="stmt"/>
        <line num="459" count="167" type="stmt"/>
        <line num="460" count="91" type="cond" truecount="3" falsecount="1"/>
        <line num="462" count="0" type="cond" truecount="0" falsecount="2"/>
        <line num="463" count="0" type="stmt"/>
        <line num="466" count="0" type="stmt"/>
        <line num="467" count="0" type="cond" truecount="0" falsecount="2"/>
        <line num="468" count="0" type="stmt"/>
        <line num="472" count="0" type="stmt"/>
        <line num="473" count="0" type="cond" truecount="0" falsecount="2"/>
        <line num="482" count="167" type="stmt"/>
        <line num="483" count="91" type="stmt"/>
        <line num="484" count="0" type="cond" truecount="0" falsecount="6"/>
        <line num="485" count="0" type="stmt"/>
        <line num="488" count="91" type="stmt"/>
        <line num="489" count="91" type="stmt"/>
        <line num="497" count="167" type="stmt"/>
        <line num="498" count="91" type="stmt"/>
        <line num="499" count="0" type="stmt"/>
        <line num="500" count="0" type="stmt"/>
        <line num="501" count="0" type="cond" truecount="0" falsecount="2"/>
        <line num="502" count="0" type="cond" truecount="0" falsecount="2"/>
        <line num="503" count="0" type="stmt"/>
        <line num="505" count="0" type="stmt"/>
        <line num="506" count="0" type="stmt"/>
        <line num="507" count="0" type="stmt"/>
        <line num="508" count="0" type="stmt"/>
        <line num="513" count="0" type="cond" truecount="0" falsecount="2"/>
        <line num="514" count="0" type="stmt"/>
        <line num="517" count="0" type="stmt"/>
        <line num="519" count="0" type="stmt"/>
        <line num="526" count="91" type="stmt"/>
        <line num="527" count="91" type="stmt"/>
        <line num="537" count="167" type="cond" truecount="1" falsecount="0"/>
        <line num="538" count="3" type="stmt"/>
        <line num="541" count="3" type="cond" truecount="1" falsecount="1"/>
        <line num="543" count="3" type="cond" truecount="3" falsecount="1"/>
        <line num="545" count="0" type="stmt"/>
        <line num="551" count="3" type="cond" truecount="4" falsecount="1"/>
        <line num="552" count="0" type="stmt"/>
        <line num="553" count="0" type="stmt"/>
        <line num="556" count="3" type="stmt"/>
        <line num="557" count="3" type="stmt"/>
        <line num="565" count="3" type="cond" truecount="2" falsecount="0"/>
        <line num="566" count="1" type="stmt"/>
        <line num="567" count="1" type="stmt"/>
        <line num="568" count="1" type="stmt"/>
        <line num="571" count="0" type="stmt"/>
        <line num="582" count="167" type="stmt"/>
        <line num="583" count="60" type="stmt"/>
        <line num="585" count="60" type="cond" truecount="2" falsecount="0"/>
        <line num="588" count="17" type="stmt"/>
        <line num="589" count="17" type="stmt"/>
        <line num="592" count="60" type="cond" truecount="2" falsecount="0"/>
        <line num="593" count="43" type="stmt"/>
        <line num="596" count="17" type="stmt"/>
        <line num="597" count="17" type="stmt"/>
        <line num="607" count="167" type="stmt"/>
        <line num="608" count="0" type="stmt"/>
        <line num="609" count="0" type="stmt"/>
        <line num="621" count="0" type="cond" truecount="0" falsecount="2"/>
        <line num="622" count="0" type="stmt"/>
        <line num="625" count="0" type="stmt"/>
        <line num="626" count="0" type="stmt"/>
        <line num="633" count="167" type="stmt"/>
        <line num="634" count="0" type="stmt"/>
        <line num="635" count="0" type="stmt"/>
        <line num="636" count="0" type="stmt"/>
        <line num="637" count="0" type="cond" truecount="0" falsecount="2"/>
        <line num="640" count="0" type="stmt"/>
        <line num="643" count="0" type="stmt"/>
        <line num="644" count="0" type="stmt"/>
        <line num="652" count="167" type="stmt"/>
        <line num="653" count="0" type="cond" truecount="0" falsecount="2"/>
        <line num="654" count="0" type="stmt"/>
        <line num="655" count="0" type="stmt"/>
        <line num="657" count="0" type="stmt"/>
        <line num="658" count="0" type="stmt"/>
        <line num="659" count="0" type="stmt"/>
        <line num="661" count="0" type="stmt"/>
        <line num="672" count="167" type="stmt"/>
        <line num="673" count="0" type="stmt"/>
        <line num="674" count="0" type="stmt"/>
        <line num="675" count="0" type="stmt"/>
        <line num="676" count="0" type="cond" truecount="0" falsecount="2"/>
        <line num="677" count="0" type="stmt"/>
        <line num="679" count="0" type="cond" truecount="0" falsecount="2"/>
        <line num="680" count="0" type="stmt"/>
        <line num="683" count="0" type="stmt"/>
        <line num="691" count="167" type="stmt"/>
        <line num="692" count="0" type="stmt"/>
        <line num="696" count="0" type="stmt"/>
        <line num="698" count="0" type="cond" truecount="0" falsecount="2"/>
        <line num="699" count="0" type="stmt"/>
        <line num="708" count="0" type="stmt"/>
        <line num="709" count="0" type="stmt"/>
        <line num="710" count="0" type="stmt"/>
        <line num="713" count="0" type="stmt"/>
        <line num="714" count="0" type="stmt"/>
        <line num="715" count="0" type="stmt"/>
        <line num="717" count="0" type="cond" truecount="0" falsecount="2"/>
        <line num="718" count="0" type="stmt"/>
        <line num="719" count="0" type="stmt"/>
        <line num="722" count="0" type="stmt"/>
        <line num="726" count="0" type="stmt"/>
        <line num="727" count="0" type="stmt"/>
        <line num="730" count="0" type="stmt"/>
        <line num="735" count="0" type="stmt"/>
        <line num="746" count="167" type="stmt"/>
        <line num="747" count="60" type="stmt"/>
        <line num="748" count="60" type="stmt"/>
        <line num="750" count="60" type="stmt"/>
        <line num="753" count="60" type="stmt"/>
        <line num="755" count="60" type="stmt"/>
        <line num="757" count="60" type="cond" truecount="2" falsecount="0"/>
        <line num="758" count="30" type="stmt"/>
        <line num="759" count="30" type="stmt"/>
        <line num="760" count="30" type="stmt"/>
        <line num="761" count="30" type="stmt"/>
        <line num="763" count="30" type="stmt"/>
        <line num="764" count="30" type="cond" truecount="1" falsecount="1"/>
        <line num="765" count="30" type="stmt"/>
        <line num="767" count="30" type="stmt"/>
        <line num="769" count="30" type="cond" truecount="1" falsecount="1"/>
        <line num="771" count="30" type="stmt"/>
        <line num="772" count="30" type="stmt"/>
        <line num="775" count="0" type="stmt"/>
        <line num="780" count="30" type="stmt"/>
        <line num="781" count="30" type="cond" truecount="1" falsecount="1"/>
        <line num="782" count="0" type="stmt"/>
        <line num="783" count="0" type="stmt"/>
        <line num="784" count="0" type="stmt"/>
        <line num="785" count="0" type="stmt"/>
        <line num="786" count="0" type="stmt"/>
        <line num="787" count="0" type="stmt"/>
        <line num="788" count="0" type="stmt"/>
        <line num="789" count="0" type="stmt"/>
        <line num="790" count="0" type="cond" truecount="0" falsecount="2"/>
        <line num="792" count="0" type="stmt"/>
        <line num="793" count="0" type="stmt"/>
        <line num="794" count="0" type="stmt"/>
        <line num="797" count="30" type="stmt"/>
        <line num="798" count="30" type="stmt"/>
        <line num="802" count="60" type="stmt"/>
        <line num="810" count="167" type="stmt"/>
        <line num="811" count="0" type="stmt"/>
        <line num="812" count="0" type="stmt"/>
        <line num="813" count="0" type="stmt"/>
        <line num="815" count="0" type="stmt"/>
        <line num="816" count="0" type="stmt"/>
        <line num="824" count="167" type="stmt"/>
        <line num="825" count="1" type="cond" truecount="1" falsecount="1"/>
        <line num="831" count="1" type="stmt"/>
        <line num="832" count="1" type="stmt"/>
        <line num="833" count="0" type="stmt"/>
        <line num="834" count="0" type="stmt"/>
        <line num="836" count="1" type="stmt"/>
        <line num="845" count="167" type="stmt"/>
        <line num="846" count="2" type="stmt"/>
        <line num="849" count="2" type="cond" truecount="1" falsecount="1"/>
        <line num="850" count="0" type="cond" truecount="0" falsecount="2"/>
        <line num="851" count="0" type="cond" truecount="0" falsecount="2"/>
        <line num="852" count="0" type="stmt"/>
        <line num="853" count="0" type="stmt"/>
        <line num="857" count="2" type="stmt"/>
        <line num="883" count="167" type="stmt"/>
        <line num="884" count="124" type="stmt"/>
        <line num="886" count="6" type="cond" truecount="6" falsecount="0"/>
        <line num="887" count="2" type="stmt"/>
        <line num="888" count="2" type="stmt"/>
        <line num="889" count="2" type="stmt"/>
        <line num="893" count="6" type="cond" truecount="7" falsecount="0"/>
        <line num="894" count="1" type="cond" truecount="1" falsecount="1"/>
        <line num="895" count="1" type="stmt"/>
        <line num="896" count="1" type="stmt"/>
        <line num="897" count="1" type="stmt"/>
        <line num="902" count="6" type="cond" truecount="7" falsecount="1"/>
        <line num="904" count="6" type="cond" truecount="2" falsecount="0"/>
        <line num="905" count="2" type="cond" truecount="1" falsecount="1"/>
        <line num="906" count="2" type="stmt"/>
        <line num="907" count="2" type="stmt"/>
        <line num="908" count="2" type="stmt"/>
        <line num="913" count="124" type="stmt"/>
        <line num="920" count="124" type="stmt"/>
        <line num="921" count="5" type="cond" truecount="4" falsecount="0"/>
        <line num="922" count="4" type="stmt"/>
        <line num="923" count="4" type="cond" truecount="2" falsecount="0"/>
        <line num="924" count="2" type="stmt"/>
        <line num="925" count="2" type="cond" truecount="1" falsecount="1"/>
        <line num="926" count="2" type="stmt"/>
        <line num="930" count="124" type="stmt"/>
        <line num="932" count="124" type="stmt"/>
        <line num="934" count="3" type="cond" truecount="2" falsecount="0"/>
        <line num="937" count="3" type="stmt"/>
        <line num="943" count="3" type="stmt"/>
        <line num="946" count="3" type="stmt"/>
        <line num="947" count="3" type="stmt"/>
        <line num="948" count="3" type="stmt"/>
        <line num="949" count="3" type="stmt"/>
        <line num="950" count="3" type="stmt"/>
        <line num="952" count="3" type="stmt"/>
        <line num="953" count="3" type="stmt"/>
        <line num="956" count="124" type="stmt"/>
        <line num="958" count="1" type="stmt"/>
        <line num="960" count="1" type="stmt"/>
        <line num="963" count="124" type="stmt"/>
        <line num="964" count="124" type="stmt"/>
        <line num="966" count="124" type="stmt"/>
        <line num="967" count="124" type="stmt"/>
        <line num="968" count="124" type="stmt"/>
        <line num="969" count="124" type="stmt"/>
        <line num="970" count="124" type="stmt"/>
        <line num="977" count="167" type="stmt"/>
        <line num="978" count="106" type="cond" truecount="2" falsecount="0"/>
        <line num="980" count="21" type="stmt"/>
        <line num="981" count="106" type="stmt"/>
        <line num="982" count="106" type="cond" truecount="3" falsecount="1"/>
        <line num="984" count="21" type="stmt"/>
        <line num="987" count="21" type="stmt"/>
        <line num="988" count="0" type="stmt"/>
        <line num="989" count="0" type="stmt"/>
        <line num="990" count="0" type="stmt"/>
        <line num="991" count="0" type="stmt"/>
        <line num="992" count="0" type="cond" truecount="0" falsecount="2"/>
        <line num="993" count="0" type="cond" truecount="0" falsecount="2"/>
        <line num="994" count="0" type="stmt"/>
        <line num="995" count="0" type="stmt"/>
        <line num="998" count="0" type="cond" truecount="0" falsecount="2"/>
        <line num="1001" count="21" type="stmt"/>
        <line num="1002" count="0" type="cond" truecount="0" falsecount="2"/>
        <line num="1003" count="0" type="cond" truecount="0" falsecount="2"/>
        <line num="1004" count="0" type="cond" truecount="0" falsecount="2"/>
        <line num="1005" count="0" type="stmt"/>
        <line num="1007" count="0" type="stmt"/>
        <line num="1008" count="0" type="cond" truecount="0" falsecount="4"/>
        <line num="1009" count="0" type="stmt"/>
        <line num="1010" count="0" type="stmt"/>
        <line num="1011" count="0" type="cond" truecount="0" falsecount="2"/>
        <line num="1012" count="0" type="stmt"/>
        <line num="1015" count="0" type="stmt"/>
        <line num="1018" count="21" type="stmt"/>
        <line num="1019" count="0" type="cond" truecount="0" falsecount="2"/>
        <line num="1020" count="0" type="cond" truecount="0" falsecount="2"/>
        <line num="1021" count="0" type="cond" truecount="0" falsecount="2"/>
        <line num="1022" count="0" type="stmt"/>
        <line num="1023" count="0" type="cond" truecount="0" falsecount="4"/>
        <line num="1024" count="0" type="stmt"/>
        <line num="1025" count="0" type="stmt"/>
        <line num="1026" count="0" type="cond" truecount="0" falsecount="2"/>
        <line num="1027" count="0" type="stmt"/>
        <line num="1030" count="0" type="stmt"/>
        <line num="1033" count="21" type="stmt"/>
        <line num="1034" count="0" type="cond" truecount="0" falsecount="2"/>
        <line num="1035" count="0" type="stmt"/>
        <line num="1036" count="0" type="cond" truecount="0" falsecount="2"/>
        <line num="1037" count="0" type="stmt"/>
        <line num="1038" count="0" type="cond" truecount="0" falsecount="2"/>
        <line num="1039" count="0" type="stmt"/>
        <line num="1040" count="0" type="stmt"/>
        <line num="1041" count="0" type="stmt"/>
        <line num="1042" count="0" type="stmt"/>
        <line num="1045" count="21" type="stmt"/>
        <line num="1046" count="0" type="cond" truecount="0" falsecount="2"/>
        <line num="1047" count="0" type="stmt"/>
        <line num="1048" count="0" type="cond" truecount="0" falsecount="2"/>
        <line num="1049" count="0" type="stmt"/>
        <line num="1050" count="0" type="stmt"/>
        <line num="1051" count="0" type="stmt"/>
        <line num="1052" count="0" type="stmt"/>
        <line num="1055" count="21" type="stmt"/>
        <line num="1056" count="21" type="stmt"/>
        <line num="1058" count="21" type="stmt"/>
        <line num="1059" count="21" type="stmt"/>
        <line num="1060" count="21" type="stmt"/>
        <line num="1089" count="167" type="stmt"/>
        <line num="1091" count="2" type="stmt"/>
        <line num="1092" count="2" type="stmt"/>
        <line num="1096" count="1" type="cond" truecount="4" falsecount="2"/>
        <line num="1097" count="1" type="stmt"/>
        <line num="1098" count="1" type="stmt"/>
        <line num="1108" count="2" type="stmt"/>
        <line num="1109" count="2" type="cond" truecount="1" falsecount="1"/>
        <line num="1110" count="2" type="cond" truecount="4" falsecount="0"/>
        <line num="1111" count="1" type="stmt"/>
        <line num="1113" count="1" type="stmt"/>
        <line num="1124" count="5" type="stmt"/>
        <line num="1125" count="5" type="cond" truecount="1" falsecount="1"/>
        <line num="1126" count="5" type="stmt"/>
        <line num="1127" count="5" type="stmt"/>
        <line num="1138" count="0" type="cond" truecount="0" falsecount="2"/>
        <line num="1139" count="0" type="cond" truecount="0" falsecount="4"/>
        <line num="1140" count="0" type="stmt"/>
        <line num="1142" count="0" type="stmt"/>
        <line num="1143" count="0" type="cond" truecount="0" falsecount="2"/>
        <line num="1145" count="0" type="cond" truecount="0" falsecount="4"/>
        <line num="1146" count="0" type="stmt"/>
        <line num="1147" count="0" type="cond" truecount="0" falsecount="2"/>
        <line num="1150" count="0" type="stmt"/>
        <line num="1158" count="0" type="stmt"/>
        <line num="1161" count="4" type="stmt"/>
        <line num="1162" count="4" type="cond" truecount="2" falsecount="0"/>
        <line num="1163" count="3" type="cond" truecount="4" falsecount="0"/>
        <line num="1164" count="1" type="stmt"/>
        <line num="1166" count="2" type="cond" truecount="1" falsecount="1"/>
        <line num="1167" count="2" type="cond" truecount="1" falsecount="1"/>
        <line num="1169" count="2" type="stmt"/>
        <line num="1170" count="2" type="cond" truecount="1" falsecount="1"/>
        <line num="1171" count="2" type="stmt"/>
        <line num="1173" count="2" type="cond" truecount="1" falsecount="1"/>
        <line num="1174" count="2" type="cond" truecount="5" falsecount="1"/>
        <line num="1175" count="0" type="stmt"/>
        <line num="1178" count="2" type="stmt"/>
        <line num="1184" count="2" type="stmt"/>
        <line num="1185" count="2" type="stmt"/>
        <line num="1187" count="2" type="stmt"/>
        <line num="1188" count="1" type="cond" truecount="1" falsecount="1"/>
        <line num="1189" count="1" type="stmt"/>
        <line num="1190" count="1" type="stmt"/>
        <line num="1191" count="0" type="stmt"/>
        <line num="1193" count="2" type="cond" truecount="2" falsecount="0"/>
        <line num="1195" count="0" type="stmt"/>
        <line num="1199" count="167" type="stmt"/>
        <line num="1200" count="92" type="stmt"/>
        <line num="1211" count="167" type="cond" truecount="2" falsecount="0"/>
        <line num="1212" count="1" type="stmt"/>
        <line num="1225" count="166" type="stmt"/>
        <line num="1247" count="1" type="stmt"/>
        <line num="1303" count="25" type="stmt"/>
        <line num="1343" count="1" type="stmt"/>
        <line num="1349" count="1" type="stmt"/>
        <line num="1351" count="0" type="stmt"/>
        <line num="1361" count="1" type="stmt"/>
        <line num="1365" count="0" type="stmt"/>
        <line num="1373" count="1" type="stmt"/>
        <line num="1377" count="1" type="stmt"/>
      </file>
    </package>
    <package name="src-tauri">
      <metrics statements="0" coveredstatements="0" conditionals="0" coveredconditionals="0" methods="0" coveredmethods="0"/>
      <file name="tauri.conf.json" path="/home/runner/work/lattice/lattice/src-tauri/tauri.conf.json">
        <metrics statements="0" coveredstatements="0" conditionals="0" coveredconditionals="0" methods="0" coveredmethods="0"/>
      </file>
    </package>
    <package name="src.components">
      <metrics statements="90" coveredstatements="90" conditionals="99" coveredconditionals="94" methods="28" coveredmethods="27"/>
      <file name="Menu.tsx" path="/home/runner/work/lattice/lattice/src/components/Menu.tsx">
        <metrics statements="49" coveredstatements="49" conditionals="55" coveredconditionals="50" methods="17" coveredmethods="17"/>
        <line num="31" count="2" type="stmt"/>
        <line num="32" count="251" type="stmt"/>
        <line num="33" count="251" type="stmt"/>
        <line num="34" count="251" type="stmt"/>
        <line num="36" count="251" type="stmt"/>
        <line num="37" count="38" type="stmt"/>
        <line num="38" count="38" type="cond" truecount="2" falsecount="0"/>
        <line num="41" count="251" type="stmt"/>
        <line num="42" count="11" type="stmt"/>
        <line num="43" count="11" type="stmt"/>
        <line num="49" count="251" type="stmt"/>
        <line num="50" count="2" type="cond" truecount="3" falsecount="1"/>
        <line num="51" count="2" type="stmt"/>
        <line num="55" count="251" type="stmt"/>
        <line num="56" count="87" type="stmt"/>
        <line num="57" count="87" type="stmt"/>
        <line num="58" count="87" type="stmt"/>
        <line num="62" count="251" type="stmt"/>
        <line num="63" count="47" type="stmt"/>
        <line num="64" count="264" type="cond" truecount="1" falsecount="1"/>
        <line num="65" count="264" type="stmt"/>
        <line num="67" count="264" type="cond" truecount="2" falsecount="0"/>
        <line num="68" count="43" type="stmt"/>
        <line num="71" count="221" type="stmt"/>
        <line num="75" count="20" type="cond" truecount="2" falsecount="0"/>
        <line num="76" count="19" type="cond" truecount="2" falsecount="0"/>
        <line num="77" count="11" type="stmt"/>
        <line num="78" count="8" type="cond" truecount="1" falsecount="1"/>
        <line num="79" count="8" type="stmt"/>
        <line num="80" count="8" type="stmt"/>
        <line num="104" count="5" type="cond" truecount="2" falsecount="0"/>
        <line num="105" count="4" type="cond" truecount="2" falsecount="0"/>
        <line num="106" count="4" type="stmt"/>
        <line num="110" count="2" type="cond" truecount="1" falsecount="1"/>
        <line num="111" count="2" type="stmt"/>
        <line num="112" count="2" type="cond" truecount="2" falsecount="0"/>
        <line num="130" count="17" type="stmt"/>
        <line num="133" count="1" type="cond" truecount="1" falsecount="1"/>
        <line num="134" count="1" type="stmt"/>
        <line num="135" count="1" type="stmt"/>
        <line num="145" count="3" type="cond" truecount="2" falsecount="0"/>
        <line num="148" count="1" type="stmt"/>
        <line num="162" count="251" type="stmt"/>
        <line num="163" count="17" type="cond" truecount="2" falsecount="0"/>
        <line num="164" count="1" type="stmt"/>
        <line num="165" count="1" type="stmt"/>
        <line num="166" count="1" type="stmt"/>
        <line num="168" count="16" type="stmt"/>
        <line num="172" count="251" type="stmt"/>
      </file>
      <file name="Mermaid.tsx" path="/home/runner/work/lattice/lattice/src/components/Mermaid.tsx">
        <metrics statements="15" coveredstatements="15" conditionals="8" coveredconditionals="8" methods="3" coveredmethods="3"/>
        <line num="12" count="2" type="stmt"/>
        <line num="13" count="27" type="stmt"/>
        <line num="14" count="27" type="stmt"/>
        <line num="16" count="27" type="stmt"/>
        <line num="18" count="16" type="stmt"/>
        <line num="24" count="16" type="stmt"/>
        <line num="25" count="16" type="cond" truecount="4" falsecount="0"/>
        <line num="26" count="15" type="stmt"/>
        <line num="27" count="15" type="stmt"/>
        <line num="28" count="15" type="stmt"/>
        <line num="29" count="12" type="stmt"/>
        <line num="31" count="3" type="stmt"/>
        <line num="32" count="3" type="cond" truecount="2" falsecount="0"/>
        <line num="37" count="16" type="stmt"/>
        <line num="40" count="27" type="stmt"/>
      </file>
      <file name="Settings.tsx" path="/home/runner/work/lattice/lattice/src/components/Settings.tsx">
        <metrics statements="26" coveredstatements="26" conditionals="36" coveredconditionals="36" methods="8" coveredmethods="7"/>
        <line num="20" count="2" type="stmt"/>
        <line num="21" count="32" type="stmt"/>
        <line num="23" count="32" type="stmt"/>
        <line num="26" count="9" type="stmt"/>
        <line num="27" count="9" type="stmt"/>
        <line num="33" count="9" type="stmt"/>
        <line num="34" count="8" type="stmt"/>
        <line num="35" count="8" type="stmt"/>
        <line num="37" count="1" type="stmt"/>
        <line num="38" count="1" type="stmt"/>
        <line num="42" count="32" type="stmt"/>
        <line num="43" count="5" type="stmt"/>
        <line num="44" count="5" type="stmt"/>
        <line num="47" count="32" type="stmt"/>
        <line num="48" count="2" type="stmt"/>
        <line num="49" count="2" type="stmt"/>
        <line num="50" count="2" type="stmt"/>
        <line num="53" count="32" type="stmt"/>
        <line num="54" count="2" type="stmt"/>
        <line num="55" count="2" type="stmt"/>
        <line num="56" count="2" type="stmt"/>
        <line num="59" count="32" type="stmt"/>
        <line num="75" count="5" type="cond" truecount="2" falsecount="0"/>
        <line num="152" count="3" type="cond" truecount="2" falsecount="0"/>
        <line num="153" count="2" type="stmt"/>
        <line num="155" count="1" type="stmt"/>
      </file>
    </package>
    <package name="src.editor-extensions">
      <metrics statements="68" coveredstatements="67" conditionals="36" coveredconditionals="33" methods="13" coveredmethods="13"/>
      <file name="symbol-picker.ts" path="/home/runner/work/lattice/lattice/src/editor-extensions/symbol-picker.ts">
        <metrics statements="16" coveredstatements="15" conditionals="8" coveredconditionals="7" methods="5" coveredmethods="5"/>
        <line num="26" count="49" type="stmt"/>
        <line num="34" count="7" type="stmt"/>
        <line num="35" count="7" type="stmt"/>
        <line num="37" count="7" type="cond" truecount="2" falsecount="0"/>
        <line num="38" count="1" type="stmt"/>
        <line num="41" count="4" type="cond" truecount="3" falsecount="1"/>
        <line num="42" count="0" type="stmt"/>
        <line num="45" count="4" type="stmt"/>
        <line num="46" count="4" type="stmt"/>
        <line num="48" count="4" type="stmt"/>
        <line num="49" count="196" type="stmt"/>
        <line num="50" count="98" type="cond" truecount="2" falsecount="0"/>
        <line num="54" count="4" type="stmt"/>
        <line num="60" count="2" type="stmt"/>
        <line num="61" count="2" type="stmt"/>
        <line num="65" count="1" type="stmt"/>
      </file>
      <file name="toc-tooltip.ts" path="/home/runner/work/lattice/lattice/src/editor-extensions/toc-tooltip.ts">
        <metrics statements="52" coveredstatements="52" conditionals="28" coveredconditionals="26" methods="8" coveredmethods="8"/>
        <line num="45" count="1" type="stmt"/>
        <line num="57" count="55" type="stmt"/>
        <line num="58" count="55" type="cond" truecount="4" falsecount="0"/>
        <line num="59" count="19" type="stmt"/>
        <line num="60" count="19" type="cond" truecount="1" falsecount="1"/>
        <line num="61" count="55" type="stmt"/>
        <line num="65" count="42" type="stmt"/>
        <line num="66" count="42" type="cond" truecount="4" falsecount="0"/>
        <line num="67" count="7" type="stmt"/>
        <line num="68" count="7" type="stmt"/>
        <line num="85" count="17" type="stmt"/>
        <line num="86" count="17" type="stmt"/>
        <line num="87" count="49" type="stmt"/>
        <line num="88" count="49" type="stmt"/>
        <line num="90" count="49" type="cond" truecount="2" falsecount="0"/>
        <line num="94" count="11" type="cond" truecount="2" falsecount="0"/>
        <line num="95" count="10" type="stmt"/>
        <line num="96" count="10" type="stmt"/>
        <line num="98" count="38" type="cond" truecount="2" falsecount="0"/>
        <line num="99" count="3" type="cond" truecount="2" falsecount="0"/>
        <line num="100" count="2" type="stmt"/>
        <line num="101" count="2" type="stmt"/>
        <line num="103" count="35" type="cond" truecount="2" falsecount="0"/>
        <line num="104" count="14" type="stmt"/>
        <line num="107" count="1" type="stmt"/>
        <line num="123" count="10" type="stmt"/>
        <line num="124" count="10" type="cond" truecount="2" falsecount="0"/>
        <line num="126" count="9" type="stmt"/>
        <line num="127" count="9" type="stmt"/>
        <line num="131" count="9" type="stmt"/>
        <line num="132" count="9" type="stmt"/>
        <line num="133" count="40" type="stmt"/>
        <line num="136" count="9" type="cond" truecount="2" falsecount="0"/>
        <line num="137" count="4" type="stmt"/>
        <line num="140" count="5" type="stmt"/>
        <line num="147" count="1" type="stmt"/>
        <line num="148" count="1" type="stmt"/>
        <line num="149" count="1" type="stmt"/>
        <line num="152" count="1" type="stmt"/>
        <line num="153" count="1" type="stmt"/>
        <line num="154" count="1" type="stmt"/>
        <line num="156" count="1" type="stmt"/>
        <line num="157" count="1" type="stmt"/>
        <line num="158" count="1" type="stmt"/>
        <line num="159" count="1" type="stmt"/>
        <line num="160" count="1" type="stmt"/>
        <line num="161" count="1" type="stmt"/>
        <line num="171" count="1" type="stmt"/>
        <line num="176" count="2" type="cond" truecount="3" falsecount="1"/>
        <line num="177" count="2" type="stmt"/>
        <line num="179" count="4" type="stmt"/>
        <line num="186" count="1" type="stmt"/>
      </file>
    </package>
    <package name="src.lib">
      <metrics statements="54" coveredstatements="53" conditionals="52" coveredconditionals="49" methods="11" coveredmethods="11"/>
      <file name="rehype-heading-ids.ts" path="/home/runner/work/lattice/lattice/src/lib/rehype-heading-ids.ts">
        <metrics statements="22" coveredstatements="21" conditionals="27" coveredconditionals="24" methods="4" coveredmethods="4"/>
        <line num="45" count="2" type="stmt"/>
        <line num="50" count="57" type="cond" truecount="2" falsecount="0"/>
        <line num="51" count="55" type="cond" truecount="3" falsecount="1"/>
        <line num="52" count="27" type="cond" truecount="1" falsecount="1"/>
        <line num="53" count="27" type="stmt"/>
        <line num="55" count="0" type="stmt"/>
        <line num="58" count="100" type="stmt"/>
        <line num="59" count="100" type="stmt"/>
        <line num="60" count="100" type="stmt"/>
        <line num="61" count="208" type="cond" truecount="5" falsecount="0"/>
        <line num="62" count="23" type="cond" truecount="1" falsecount="1"/>
        <line num="63" count="23" type="stmt"/>
        <line num="64" count="23" type="cond" truecount="4" falsecount="0"/>
        <line num="65" count="22" type="stmt"/>
        <line num="66" count="22" type="stmt"/>
        <line num="67" count="22" type="cond" truecount="2" falsecount="0"/>
        <line num="68" count="21" type="stmt"/>
        <line num="72" count="1" type="stmt"/>
        <line num="73" count="1" type="cond" truecount="2" falsecount="0"/>
        <line num="76" count="208" type="cond" truecount="4" falsecount="0"/>
        <line num="77" count="157" type="stmt"/>
        <line num="80" count="100" type="stmt"/>
      </file>
      <file name="remark-strip-html-comments.ts" path="/home/runner/work/lattice/lattice/src/lib/remark-strip-html-comments.ts">
        <metrics statements="9" coveredstatements="9" conditionals="9" coveredconditionals="9" methods="5" coveredmethods="5"/>
        <line num="57" count="2" type="stmt"/>
        <line num="61" count="19" type="cond" truecount="2" falsecount="0"/>
        <line num="64" count="99" type="stmt"/>
        <line num="65" count="99" type="stmt"/>
        <line num="66" count="172" type="cond" truecount="4" falsecount="0"/>
        <line num="67" count="139" type="stmt"/>
        <line num="68" count="79" type="cond" truecount="3" falsecount="0"/>
        <line num="70" count="139" type="stmt"/>
        <line num="73" count="99" type="stmt"/>
      </file>
      <file name="slug.ts" path="/home/runner/work/lattice/lattice/src/lib/slug.ts">
        <metrics statements="22" coveredstatements="22" conditionals="16" coveredconditionals="16" methods="2" coveredmethods="2"/>
        <line num="54" count="35" type="stmt"/>
        <line num="55" count="35" type="stmt"/>
        <line num="57" count="35" type="stmt"/>
        <line num="59" count="238" type="cond" truecount="2" falsecount="0"/>
        <line num="60" count="192" type="stmt"/>
        <line num="61" count="192" type="stmt"/>
        <line num="62" count="192" type="stmt"/>
        <line num="64" count="46" type="cond" truecount="2" falsecount="0"/>
        <line num="65" count="2" type="stmt"/>
        <line num="66" count="2" type="stmt"/>
        <line num="67" count="2" type="stmt"/>
        <line num="70" count="44" type="cond" truecount="6" falsecount="0"/>
        <line num="71" count="15" type="stmt"/>
        <line num="72" count="15" type="stmt"/>
        <line num="73" count="15" type="stmt"/>
        <line num="79" count="35" type="cond" truecount="2" falsecount="0"/>
        <line num="80" count="1" type="stmt"/>
        <line num="82" count="35" type="stmt"/>
        <line num="94" count="29" type="cond" truecount="2" falsecount="0"/>
        <line num="95" count="29" type="cond" truecount="2" falsecount="0"/>
        <line num="96" count="29" type="stmt"/>
        <line num="97" count="29" type="stmt"/>
      </file>
      <file name="special-characters.ts" path="/home/runner/work/lattice/lattice/src/lib/special-characters.ts">
        <metrics statements="1" coveredstatements="1" conditionals="0" coveredconditionals="0" methods="0" coveredmethods="0"/>
        <line num="29" count="1" type="stmt"/>
      </file>
    </package>
    <package name="src.services">
      <metrics statements="15" coveredstatements="15" conditionals="0" coveredconditionals="0" methods="9" coveredmethods="9"/>
      <file name="FileSystem.ts" path="/home/runner/work/lattice/lattice/src/services/FileSystem.ts">
        <metrics statements="9" coveredstatements="9" conditionals="0" coveredconditionals="0" methods="7" coveredmethods="7"/>
        <line num="36" count="2" type="stmt"/>
        <line num="38" count="1" type="stmt"/>
        <line num="39" count="1" type="stmt"/>
        <line num="42" count="2" type="stmt"/>
        <line num="45" count="32" type="stmt"/>
        <line num="48" count="79" type="stmt"/>
        <line num="51" count="2" type="stmt"/>
        <line num="54" count="1" type="stmt"/>
        <line num="57" count="2" type="stmt"/>
      </file>
      <file name="TableFormat.ts" path="/home/runner/work/lattice/lattice/src/services/TableFormat.ts">
        <metrics statements="2" coveredstatements="2" conditionals="0" coveredconditionals="0" methods="1" coveredmethods="1"/>
        <line num="37" count="1" type="stmt"/>
        <line num="44" count="3" type="stmt"/>
      </file>
      <file name="Toc.ts" path="/home/runner/work/lattice/lattice/src/services/Toc.ts">
        <metrics statements="4" coveredstatements="4" conditionals="0" coveredconditionals="0" methods="1" coveredmethods="1"/>
        <line num="37" count="1" type="stmt"/>
        <line num="38" count="1" type="stmt"/>
        <line num="40" count="1" type="stmt"/>
        <line num="47" count="3" type="stmt"/>
      </file>
    </package>
    <package name="src.services.StaticRuntime">
      <metrics statements="28" coveredstatements="28" conditionals="6" coveredconditionals="5" methods="10" coveredmethods="9"/>
      <file name="StaticRuntime.dev.ts" path="/home/runner/work/lattice/lattice/src/services/StaticRuntime/StaticRuntime.dev.ts">
        <metrics statements="28" coveredstatements="28" conditionals="6" coveredconditionals="5" methods="10" coveredmethods="9"/>
        <line num="35" count="13" type="stmt"/>
        <line num="36" count="2705537" type="stmt"/>
        <line num="37" count="2705537" type="cond" truecount="2" falsecount="0"/>
        <line num="38" count="2705537" type="stmt"/>
        <line num="39" count="2705537" type="stmt"/>
        <line num="40" count="2705537" type="stmt"/>
        <line num="42" count="2705537" type="stmt"/>
        <line num="46" count="13" type="stmt"/>
        <line num="53" count="66" type="cond" truecount="2" falsecount="0"/>
        <line num="55" count="6" type="stmt"/>
        <line num="57" count="6" type="stmt"/>
        <line num="58" count="30" type="stmt"/>
        <line num="59" count="30" type="cond" truecount="1" falsecount="1"/>
        <line num="60" count="30" type="stmt"/>
        <line num="61" count="847" type="stmt"/>
        <line num="62" count="847" type="stmt"/>
        <line num="67" count="6" type="stmt"/>
        <line num="69" count="6" type="stmt"/>
        <line num="78" count="2704713" type="stmt"/>
        <line num="86" count="3" type="stmt"/>
        <line num="97" count="64" type="stmt"/>
        <line num="98" count="64" type="stmt"/>
        <line num="99" count="2" type="stmt"/>
        <line num="101" count="2" type="stmt"/>
        <line num="104" count="2" type="stmt"/>
        <line num="108" count="2" type="stmt"/>
        <line num="112" count="1" type="stmt"/>
        <line num="114" count="1" type="stmt"/>
      </file>
    </package>
  </project>
</coverage>
