<?xml version="1.0" encoding="UTF-8"?>
<coverage generated="1781037587321" clover="3.2.0">
  <project timestamp="1781037587321" name="All files">
    <metrics statements="1115" coveredstatements="1057" conditionals="793" coveredconditionals="672" methods="211" coveredmethods="200" elements="2119" coveredelements="1929" complexity="0" loc="1115" ncloc="1115" packages="7" files="21" classes="21"/>
    <package name="src">
      <metrics statements="655" coveredstatements="601" conditionals="420" coveredconditionals="318" methods="118" coveredmethods="109"/>
      <file name="App.css" path="/home/runner/work/lattice/lattice/src/App.css">
        <metrics statements="0" coveredstatements="0" conditionals="0" coveredconditionals="0" methods="0" coveredmethods="0"/>
      </file>
      <file name="App.tsx" path="/home/runner/work/lattice/lattice/src/App.tsx">
        <metrics statements="655" coveredstatements="601" conditionals="420" coveredconditionals="318" methods="118" coveredmethods="109"/>
        <line num="55" count="5" type="cond" truecount="1" falsecount="1"/>
        <line num="62" count="233" type="stmt"/>
        <line num="63" count="233" type="stmt"/>
        <line num="64" count="698" type="cond" truecount="4" falsecount="0"/>
        <line num="65" count="219" type="cond" truecount="1" falsecount="1"/>
        <line num="66" count="219" type="stmt"/>
        <line num="67" count="219" type="cond" truecount="1" falsecount="1"/>
        <line num="68" count="219" type="stmt"/>
        <line num="71" count="698" type="cond" truecount="2" falsecount="0"/>
        <line num="72" count="465" type="stmt"/>
        <line num="75" count="233" type="stmt"/>
        <line num="78" count="5" type="stmt"/>
        <line num="83" count="5" type="stmt"/>
        <line num="84" count="5" type="stmt"/>
        <line num="85" count="5" type="stmt"/>
        <line num="86" count="5" type="stmt"/>
        <line num="87" count="5" type="stmt"/>
        <line num="88" count="5" type="stmt"/>
        <line num="91" count="5" type="stmt"/>
        <line num="92" count="1998" type="stmt"/>
        <line num="93" count="879" type="cond" truecount="2" falsecount="0"/>
        <line num="103" count="415" type="stmt"/>
        <line num="104" count="138" type="stmt"/>
        <line num="105" count="138" type="stmt"/>
        <line num="109" count="415" type="stmt"/>
        <line num="110" count="138" type="stmt"/>
        <line num="117" count="415" type="stmt"/>
        <line num="118" count="138" type="stmt"/>
        <line num="119" count="14" type="cond" truecount="6" falsecount="0"/>
        <line num="120" count="3" type="stmt"/>
        <line num="123" count="138" type="stmt"/>
        <line num="124" count="1" type="stmt"/>
        <line num="126" count="138" type="stmt"/>
        <line num="127" count="138" type="stmt"/>
        <line num="128" count="138" type="stmt"/>
        <line num="129" count="138" type="stmt"/>
        <line num="130" count="138" type="stmt"/>
        <line num="137" count="415" type="stmt"/>
        <line num="138" count="415" type="stmt"/>
        <line num="156" count="415" type="stmt"/>
        <line num="157" count="415" type="stmt"/>
        <line num="158" count="415" type="stmt"/>
        <line num="159" count="415" type="stmt"/>
        <line num="160" count="415" type="stmt"/>
        <line num="161" count="415" type="stmt"/>
        <line num="162" count="415" type="stmt"/>
        <line num="163" count="415" type="stmt"/>
        <line num="164" count="415" type="stmt"/>
        <line num="165" count="415" type="stmt"/>
        <line num="166" count="415" type="stmt"/>
        <line num="167" count="415" type="stmt"/>
        <line num="168" count="415" type="stmt"/>
        <line num="169" count="415" type="stmt"/>
        <line num="188" count="415" type="stmt"/>
        <line num="190" count="415" type="stmt"/>
        <line num="193" count="415" type="stmt"/>
        <line num="194" count="415" type="stmt"/>
        <line num="195" count="415" type="stmt"/>
        <line num="202" count="415" type="stmt"/>
        <line num="203" count="415" type="stmt"/>
        <line num="204" count="415" type="stmt"/>
        <line num="205" count="370" type="stmt"/>
        <line num="206" count="370" type="cond" truecount="2" falsecount="0"/>
        <line num="207" count="370" type="stmt"/>
        <line num="208" count="125" type="stmt"/>
        <line num="209" count="125" type="stmt"/>
        <line num="213" count="415" type="stmt"/>
        <line num="214" count="2" type="stmt"/>
        <line num="217" count="415" type="stmt"/>
        <line num="218" count="415" type="stmt"/>
        <line num="221" count="415" type="stmt"/>
        <line num="226" count="415" type="stmt"/>
        <line num="230" count="415" type="stmt"/>
        <line num="232" count="415" type="stmt"/>
        <line num="233" count="3" type="stmt"/>
        <line num="234" count="3" type="stmt"/>
        <line num="235" count="3" type="stmt"/>
        <line num="236" count="3" type="cond" truecount="1" falsecount="1"/>
        <line num="237" count="3" type="stmt"/>
        <line num="238" count="3" type="stmt"/>
        <line num="239" count="3" type="cond" truecount="2" falsecount="0"/>
        <line num="240" count="3" type="cond" truecount="2" falsecount="0"/>
        <line num="241" count="3" type="stmt"/>
        <line num="242" count="3" type="stmt"/>
        <line num="244" count="3" type="stmt"/>
        <line num="245" count="3" type="cond" truecount="1" falsecount="1"/>
        <line num="246" count="3" type="stmt"/>
        <line num="247" count="3" type="stmt"/>
        <line num="248" count="3" type="cond" truecount="2" falsecount="0"/>
        <line num="252" count="3" type="cond" truecount="2" falsecount="0"/>
        <line num="253" count="3" type="cond" truecount="2" falsecount="0"/>
        <line num="254" count="3" type="stmt"/>
        <line num="255" count="3" type="stmt"/>
        <line num="258" count="3" type="stmt"/>
        <line num="259" count="3" type="cond" truecount="1" falsecount="1"/>
        <line num="260" count="3" type="stmt"/>
        <line num="261" count="3" type="stmt"/>
        <line num="262" count="3" type="stmt"/>
        <line num="263" count="3" type="stmt"/>
        <line num="265" count="3" type="cond" truecount="2" falsecount="0"/>
        <line num="266" count="3" type="stmt"/>
        <line num="267" count="3" type="stmt"/>
        <line num="268" count="3" type="stmt"/>
        <line num="272" count="415" type="stmt"/>
        <line num="274" count="415" type="stmt"/>
        <line num="275" count="415" type="stmt"/>
        <line num="276" count="415" type="stmt"/>
        <line num="277" count="415" type="stmt"/>
        <line num="278" count="415" type="stmt"/>
        <line num="279" count="138" type="stmt"/>
        <line num="280" count="138" type="cond" truecount="2" falsecount="0"/>
        <line num="281" count="138" type="cond" truecount="2" falsecount="0"/>
        <line num="284" count="415" type="stmt"/>
        <line num="285" count="24" type="stmt"/>
        <line num="286" count="24" type="stmt"/>
        <line num="287" count="24" type="stmt"/>
        <line num="288" count="24" type="stmt"/>
        <line num="289" count="24" type="stmt"/>
        <line num="293" count="415" type="stmt"/>
        <line num="294" count="9" type="stmt"/>
        <line num="295" count="9" type="stmt"/>
        <line num="296" count="9" type="stmt"/>
        <line num="297" count="9" type="stmt"/>
        <line num="298" count="9" type="stmt"/>
        <line num="303" count="415" type="stmt"/>
        <line num="304" count="138" type="stmt"/>
        <line num="305" count="138" type="cond" truecount="2" falsecount="0"/>
        <line num="306" count="4" type="stmt"/>
        <line num="307" count="4" type="stmt"/>
        <line num="309" count="1" type="stmt"/>
        <line num="315" count="415" type="stmt"/>
        <line num="316" count="10" type="cond" truecount="1" falsecount="1"/>
        <line num="317" count="10" type="stmt"/>
        <line num="319" count="22" type="stmt"/>
        <line num="321" count="10" type="stmt"/>
        <line num="323" count="10" type="cond" truecount="2" falsecount="0"/>
        <line num="324" count="1" type="stmt"/>
        <line num="327" count="10" type="stmt"/>
        <line num="328" count="10" type="stmt"/>
        <line num="333" count="415" type="stmt"/>
        <line num="336" count="224" type="cond" truecount="2" falsecount="0"/>
        <line num="337" count="136" type="stmt"/>
        <line num="338" count="136" type="stmt"/>
        <line num="339" count="136" type="stmt"/>
        <line num="341" count="88" type="stmt"/>
        <line num="342" count="88" type="cond" truecount="2" falsecount="0"/>
        <line num="343" count="86" type="stmt"/>
        <line num="345" count="2" type="stmt"/>
        <line num="354" count="415" type="stmt"/>
        <line num="355" count="255" type="stmt"/>
        <line num="356" count="255" type="stmt"/>
        <line num="357" count="255" type="stmt"/>
        <line num="358" count="255" type="cond" truecount="2" falsecount="0"/>
        <line num="359" count="139" type="stmt"/>
        <line num="360" count="139" type="stmt"/>
        <line num="363" count="116" type="stmt"/>
        <line num="365" count="116" type="cond" truecount="4" falsecount="0"/>
        <line num="366" count="2" type="stmt"/>
        <line num="368" count="40" type="stmt"/>
        <line num="370" count="42" type="stmt"/>
        <line num="371" count="42" type="stmt"/>
        <line num="372" count="42" type="cond" truecount="2" falsecount="0"/>
        <line num="373" count="255" type="stmt"/>
        <line num="374" count="255" type="stmt"/>
        <line num="375" count="255" type="cond" truecount="2" falsecount="0"/>
        <line num="378" count="74" type="stmt"/>
        <line num="386" count="415" type="stmt"/>
        <line num="387" count="138" type="stmt"/>
        <line num="388" count="138" type="stmt"/>
        <line num="390" count="138" type="stmt"/>
        <line num="392" count="138" type="stmt"/>
        <line num="393" count="138" type="cond" truecount="2" falsecount="0"/>
        <line num="394" count="1" type="stmt"/>
        <line num="395" count="1" type="stmt"/>
        <line num="399" count="138" type="stmt"/>
        <line num="400" count="138" type="stmt"/>
        <line num="403" count="138" type="stmt"/>
        <line num="404" count="138" type="stmt"/>
        <line num="407" count="138" type="stmt"/>
        <line num="409" count="138" type="stmt"/>
        <line num="410" count="1" type="cond" truecount="1" falsecount="1"/>
        <line num="411" count="1" type="stmt"/>
        <line num="414" count="138" type="stmt"/>
        <line num="415" count="1" type="stmt"/>
        <line num="416" count="1" type="stmt"/>
        <line num="419" count="138" type="stmt"/>
        <line num="420" count="0" type="stmt"/>
        <line num="421" count="0" type="stmt"/>
        <line num="424" count="138" type="stmt"/>
        <line num="430" count="415" type="stmt"/>
        <line num="432" count="240" type="cond" truecount="1" falsecount="1"/>
        <line num="433" count="0" type="stmt"/>
        <line num="436" count="240" type="stmt"/>
        <line num="437" count="240" type="stmt"/>
        <line num="438" count="240" type="cond" truecount="2" falsecount="0"/>
        <line num="439" count="102" type="stmt"/>
        <line num="440" count="102" type="stmt"/>
        <line num="443" count="240" type="cond" truecount="1" falsecount="1"/>
        <line num="444" count="240" type="stmt"/>
        <line num="448" count="240" type="cond" truecount="2" falsecount="0"/>
        <line num="449" count="12" type="stmt"/>
        <line num="451" count="240" type="stmt"/>
        <line num="452" count="240" type="stmt"/>
        <line num="453" count="240" type="stmt"/>
        <line num="454" count="238" type="stmt"/>
        <line num="456" count="2" type="stmt"/>
        <line num="464" count="415" type="stmt"/>
        <line num="465" count="235" type="stmt"/>
        <line num="474" count="415" type="stmt"/>
        <line num="475" count="254" type="stmt"/>
        <line num="476" count="254" type="cond" truecount="2" falsecount="0"/>
        <line num="477" count="116" type="stmt"/>
        <line num="492" count="415" type="stmt"/>
        <line num="493" count="138" type="stmt"/>
        <line num="494" count="138" type="stmt"/>
        <line num="498" count="415" type="stmt"/>
        <line num="499" count="197" type="cond" truecount="2" falsecount="0"/>
        <line num="504" count="415" type="stmt"/>
        <line num="505" count="415" type="stmt"/>
        <line num="512" count="415" type="stmt"/>
        <line num="513" count="2" type="stmt"/>
        <line num="514" count="2" type="stmt"/>
        <line num="515" count="2" type="cond" truecount="1" falsecount="1"/>
        <line num="524" count="415" type="stmt"/>
        <line num="525" count="7" type="stmt"/>
        <line num="526" count="7" type="stmt"/>
        <line num="527" count="7" type="stmt"/>
        <line num="530" count="6" type="cond" truecount="1" falsecount="1"/>
        <line num="531" count="6" type="stmt"/>
        <line num="534" count="6" type="stmt"/>
        <line num="536" count="6" type="cond" truecount="2" falsecount="0"/>
        <line num="537" count="1" type="stmt"/>
        <line num="538" count="1" type="stmt"/>
        <line num="539" count="1" type="stmt"/>
        <line num="542" count="1" type="stmt"/>
        <line num="551" count="415" type="stmt"/>
        <line num="552" count="235" type="cond" truecount="4" falsecount="0"/>
        <line num="554" count="12" type="cond" truecount="2" falsecount="0"/>
        <line num="555" count="3" type="stmt"/>
        <line num="558" count="12" type="stmt"/>
        <line num="559" count="0" type="cond" truecount="0" falsecount="2"/>
        <line num="560" count="0" type="stmt"/>
        <line num="564" count="12" type="stmt"/>
        <line num="565" count="12" type="cond" truecount="1" falsecount="1"/>
        <line num="574" count="415" type="stmt"/>
        <line num="575" count="236" type="stmt"/>
        <line num="576" count="1" type="cond" truecount="5" falsecount="1"/>
        <line num="577" count="1" type="stmt"/>
        <line num="580" count="236" type="stmt"/>
        <line num="581" count="236" type="stmt"/>
        <line num="589" count="415" type="stmt"/>
        <line num="590" count="235" type="stmt"/>
        <line num="591" count="2" type="stmt"/>
        <line num="592" count="2" type="stmt"/>
        <line num="593" count="2" type="cond" truecount="1" falsecount="1"/>
        <line num="594" count="2" type="cond" truecount="2" falsecount="0"/>
        <line num="595" count="1" type="stmt"/>
        <line num="597" count="1" type="stmt"/>
        <line num="598" count="1" type="stmt"/>
        <line num="599" count="1" type="stmt"/>
        <line num="600" count="1" type="stmt"/>
        <line num="605" count="1" type="cond" truecount="1" falsecount="1"/>
        <line num="606" count="1" type="stmt"/>
        <line num="609" count="0" type="stmt"/>
        <line num="611" count="1" type="stmt"/>
        <line num="618" count="235" type="stmt"/>
        <line num="619" count="235" type="stmt"/>
        <line num="629" count="415" type="cond" truecount="1" falsecount="0"/>
        <line num="630" count="8" type="stmt"/>
        <line num="633" count="8" type="cond" truecount="1" falsecount="1"/>
        <line num="635" count="8" type="cond" truecount="4" falsecount="0"/>
        <line num="637" count="3" type="stmt"/>
        <line num="643" count="5" type="cond" truecount="5" falsecount="0"/>
        <line num="644" count="1" type="stmt"/>
        <line num="645" count="1" type="stmt"/>
        <line num="648" count="5" type="stmt"/>
        <line num="649" count="5" type="stmt"/>
        <line num="657" count="4" type="cond" truecount="2" falsecount="0"/>
        <line num="658" count="2" type="stmt"/>
        <line num="659" count="2" type="stmt"/>
        <line num="660" count="2" type="stmt"/>
        <line num="663" count="1" type="stmt"/>
        <line num="674" count="415" type="stmt"/>
        <line num="675" count="143" type="stmt"/>
        <line num="677" count="143" type="cond" truecount="2" falsecount="0"/>
        <line num="680" count="21" type="stmt"/>
        <line num="681" count="21" type="stmt"/>
        <line num="684" count="143" type="cond" truecount="2" falsecount="0"/>
        <line num="685" count="122" type="stmt"/>
        <line num="688" count="21" type="stmt"/>
        <line num="689" count="21" type="stmt"/>
        <line num="699" count="415" type="stmt"/>
        <line num="700" count="6" type="stmt"/>
        <line num="701" count="6" type="stmt"/>
        <line num="713" count="6" type="cond" truecount="2" falsecount="0"/>
        <line num="714" count="1" type="stmt"/>
        <line num="717" count="5" type="stmt"/>
        <line num="718" count="5" type="stmt"/>
        <line num="725" count="415" type="stmt"/>
        <line num="726" count="2" type="stmt"/>
        <line num="727" count="2" type="stmt"/>
        <line num="728" count="2" type="stmt"/>
        <line num="729" count="2" type="cond" truecount="1" falsecount="1"/>
        <line num="732" count="2" type="stmt"/>
        <line num="735" count="1" type="stmt"/>
        <line num="736" count="1" type="stmt"/>
        <line num="744" count="415" type="stmt"/>
        <line num="745" count="2" type="cond" truecount="2" falsecount="0"/>
        <line num="746" count="1" type="stmt"/>
        <line num="747" count="1" type="stmt"/>
        <line num="749" count="1" type="stmt"/>
        <line num="750" count="1" type="stmt"/>
        <line num="751" count="1" type="stmt"/>
        <line num="753" count="0" type="stmt"/>
        <line num="764" count="415" type="stmt"/>
        <line num="765" count="4" type="stmt"/>
        <line num="766" count="4" type="stmt"/>
        <line num="767" count="4" type="stmt"/>
        <line num="768" count="4" type="cond" truecount="2" falsecount="0"/>
        <line num="769" count="3" type="stmt"/>
        <line num="771" count="3" type="cond" truecount="1" falsecount="1"/>
        <line num="772" count="3" type="stmt"/>
        <line num="775" count="0" type="stmt"/>
        <line num="783" count="415" type="stmt"/>
        <line num="784" count="5" type="stmt"/>
        <line num="788" count="5" type="stmt"/>
        <line num="790" count="5" type="cond" truecount="1" falsecount="1"/>
        <line num="791" count="5" type="stmt"/>
        <line num="800" count="5" type="stmt"/>
        <line num="801" count="4" type="stmt"/>
        <line num="802" count="4" type="stmt"/>
        <line num="805" count="4" type="stmt"/>
        <line num="806" count="4" type="stmt"/>
        <line num="807" count="4" type="stmt"/>
        <line num="809" count="4" type="cond" truecount="1" falsecount="1"/>
        <line num="810" count="4" type="stmt"/>
        <line num="811" count="4" type="stmt"/>
        <line num="814" count="0" type="stmt"/>
        <line num="818" count="4" type="stmt"/>
        <line num="819" count="4" type="stmt"/>
        <line num="822" count="4" type="stmt"/>
        <line num="827" count="1" type="stmt"/>
        <line num="838" count="415" type="stmt"/>
        <line num="839" count="138" type="stmt"/>
        <line num="840" count="138" type="stmt"/>
        <line num="843" count="138" type="cond" truecount="2" falsecount="0"/>
        <line num="845" count="2" type="stmt"/>
        <line num="847" count="136" type="stmt"/>
        <line num="849" count="136" type="stmt"/>
        <line num="852" count="136" type="stmt"/>
        <line num="854" count="136" type="stmt"/>
        <line num="856" count="136" type="cond" truecount="2" falsecount="0"/>
        <line num="857" count="78" type="stmt"/>
        <line num="858" count="78" type="stmt"/>
        <line num="859" count="78" type="stmt"/>
        <line num="860" count="78" type="stmt"/>
        <line num="862" count="78" type="stmt"/>
        <line num="863" count="78" type="cond" truecount="1" falsecount="1"/>
        <line num="864" count="78" type="stmt"/>
        <line num="866" count="78" type="stmt"/>
        <line num="868" count="78" type="cond" truecount="1" falsecount="1"/>
        <line num="870" count="78" type="stmt"/>
        <line num="871" count="78" type="stmt"/>
        <line num="874" count="0" type="stmt"/>
        <line num="879" count="58" type="stmt"/>
        <line num="880" count="58" type="cond" truecount="2" falsecount="0"/>
        <line num="881" count="2" type="stmt"/>
        <line num="882" count="2" type="stmt"/>
        <line num="883" count="2" type="stmt"/>
        <line num="884" count="2" type="stmt"/>
        <line num="885" count="1" type="stmt"/>
        <line num="886" count="1" type="stmt"/>
        <line num="887" count="1" type="stmt"/>
        <line num="888" count="1" type="stmt"/>
        <line num="889" count="1" type="cond" truecount="1" falsecount="1"/>
        <line num="891" count="1" type="stmt"/>
        <line num="892" count="1" type="stmt"/>
        <line num="893" count="1" type="stmt"/>
        <line num="896" count="56" type="stmt"/>
        <line num="897" count="56" type="stmt"/>
        <line num="901" count="138" type="stmt"/>
        <line num="909" count="415" type="stmt"/>
        <line num="910" count="2" type="stmt"/>
        <line num="911" count="2" type="stmt"/>
        <line num="912" count="2" type="stmt"/>
        <line num="914" count="1" type="stmt"/>
        <line num="915" count="1" type="stmt"/>
        <line num="923" count="415" type="stmt"/>
        <line num="924" count="2" type="cond" truecount="1" falsecount="1"/>
        <line num="930" count="2" type="stmt"/>
        <line num="931" count="2" type="stmt"/>
        <line num="932" count="1" type="stmt"/>
        <line num="933" count="1" type="stmt"/>
        <line num="935" count="1" type="stmt"/>
        <line num="944" count="415" type="stmt"/>
        <line num="945" count="3" type="stmt"/>
        <line num="948" count="3" type="cond" truecount="2" falsecount="0"/>
        <line num="949" count="1" type="cond" truecount="2" falsecount="0"/>
        <line num="950" count="1" type="cond" truecount="1" falsecount="1"/>
        <line num="951" count="1" type="stmt"/>
        <line num="952" count="1" type="stmt"/>
        <line num="956" count="2" type="stmt"/>
        <line num="982" count="415" type="stmt"/>
        <line num="983" count="257" type="stmt"/>
        <line num="985" count="14" type="cond" truecount="6" falsecount="0"/>
        <line num="986" count="5" type="stmt"/>
        <line num="987" count="5" type="stmt"/>
        <line num="988" count="5" type="stmt"/>
        <line num="992" count="14" type="cond" truecount="7" falsecount="0"/>
        <line num="993" count="1" type="cond" truecount="1" falsecount="1"/>
        <line num="994" count="1" type="stmt"/>
        <line num="995" count="1" type="stmt"/>
        <line num="996" count="1" type="stmt"/>
        <line num="1001" count="14" type="cond" truecount="7" falsecount="1"/>
        <line num="1003" count="14" type="cond" truecount="2" falsecount="0"/>
        <line num="1004" count="2" type="cond" truecount="1" falsecount="1"/>
        <line num="1005" count="2" type="stmt"/>
        <line num="1006" count="2" type="stmt"/>
        <line num="1007" count="2" type="stmt"/>
        <line num="1015" count="14" type="cond" truecount="7" falsecount="0"/>
        <line num="1016" count="1" type="stmt"/>
        <line num="1018" count="14" type="cond" truecount="7" falsecount="0"/>
        <line num="1019" count="1" type="stmt"/>
        <line num="1023" count="257" type="stmt"/>
        <line num="1030" count="257" type="stmt"/>
        <line num="1031" count="5" type="cond" truecount="4" falsecount="0"/>
        <line num="1032" count="4" type="stmt"/>
        <line num="1034" count="4" type="cond" truecount="2" falsecount="0"/>
        <line num="1035" count="2" type="stmt"/>
        <line num="1036" count="2" type="cond" truecount="1" falsecount="1"/>
        <line num="1037" count="2" type="stmt"/>
        <line num="1041" count="257" type="stmt"/>
        <line num="1043" count="257" type="stmt"/>
        <line num="1045" count="3" type="cond" truecount="2" falsecount="0"/>
        <line num="1048" count="3" type="stmt"/>
        <line num="1054" count="3" type="stmt"/>
        <line num="1057" count="3" type="stmt"/>
        <line num="1058" count="3" type="stmt"/>
        <line num="1059" count="3" type="stmt"/>
        <line num="1060" count="3" type="stmt"/>
        <line num="1061" count="3" type="stmt"/>
        <line num="1063" count="3" type="stmt"/>
        <line num="1064" count="3" type="stmt"/>
        <line num="1067" count="257" type="stmt"/>
        <line num="1069" count="1" type="stmt"/>
        <line num="1071" count="1" type="stmt"/>
        <line num="1074" count="257" type="stmt"/>
        <line num="1075" count="257" type="stmt"/>
        <line num="1077" count="257" type="stmt"/>
        <line num="1078" count="257" type="stmt"/>
        <line num="1079" count="257" type="stmt"/>
        <line num="1080" count="257" type="stmt"/>
        <line num="1081" count="257" type="stmt"/>
        <line num="1088" count="415" type="stmt"/>
        <line num="1089" count="279" type="cond" truecount="2" falsecount="0"/>
        <line num="1091" count="42" type="stmt"/>
        <line num="1092" count="279" type="stmt"/>
        <line num="1093" count="279" type="cond" truecount="3" falsecount="1"/>
        <line num="1110" count="42" type="stmt"/>
        <line num="1111" count="42" type="stmt"/>
        <line num="1112" count="42" type="stmt"/>
        <line num="1113" count="42" type="cond" truecount="1" falsecount="1"/>
        <line num="1116" count="42" type="stmt"/>
        <line num="1117" count="9" type="stmt"/>
        <line num="1118" count="9" type="stmt"/>
        <line num="1119" count="9" type="stmt"/>
        <line num="1120" count="9" type="stmt"/>
        <line num="1121" count="0" type="cond" truecount="0" falsecount="2"/>
        <line num="1122" count="0" type="cond" truecount="0" falsecount="2"/>
        <line num="1123" count="0" type="stmt"/>
        <line num="1124" count="0" type="stmt"/>
        <line num="1127" count="9" type="cond" truecount="0" falsecount="2"/>
        <line num="1130" count="42" type="stmt"/>
        <line num="1131" count="4" type="cond" truecount="1" falsecount="1"/>
        <line num="1132" count="0" type="cond" truecount="0" falsecount="2"/>
        <line num="1133" count="0" type="cond" truecount="0" falsecount="2"/>
        <line num="1134" count="0" type="stmt"/>
        <line num="1136" count="0" type="stmt"/>
        <line num="1137" count="0" type="cond" truecount="0" falsecount="4"/>
        <line num="1138" count="0" type="stmt"/>
        <line num="1139" count="0" type="stmt"/>
        <line num="1140" count="0" type="cond" truecount="0" falsecount="2"/>
        <line num="1141" count="0" type="stmt"/>
        <line num="1144" count="0" type="stmt"/>
        <line num="1147" count="42" type="stmt"/>
        <line num="1148" count="5" type="cond" truecount="1" falsecount="1"/>
        <line num="1149" count="0" type="cond" truecount="0" falsecount="2"/>
        <line num="1150" count="0" type="cond" truecount="0" falsecount="2"/>
        <line num="1151" count="0" type="stmt"/>
        <line num="1152" count="0" type="cond" truecount="0" falsecount="4"/>
        <line num="1153" count="0" type="stmt"/>
        <line num="1154" count="0" type="stmt"/>
        <line num="1155" count="0" type="cond" truecount="0" falsecount="2"/>
        <line num="1156" count="0" type="stmt"/>
        <line num="1165" count="0" type="stmt"/>
        <line num="1166" count="0" type="stmt"/>
        <line num="1167" count="0" type="stmt"/>
        <line num="1168" count="0" type="stmt"/>
        <line num="1169" count="0" type="cond" truecount="0" falsecount="2"/>
        <line num="1171" count="0" type="stmt"/>
        <line num="1174" count="42" type="stmt"/>
        <line num="1175" count="4" type="cond" truecount="1" falsecount="1"/>
        <line num="1176" count="4" type="cond" truecount="1" falsecount="1"/>
        <line num="1177" count="4" type="stmt"/>
        <line num="1178" count="4" type="cond" truecount="1" falsecount="1"/>
        <line num="1179" count="4" type="stmt"/>
        <line num="1180" count="4" type="cond" truecount="1" falsecount="1"/>
        <line num="1181" count="4" type="stmt"/>
        <line num="1182" count="4" type="stmt"/>
        <line num="1183" count="4" type="stmt"/>
        <line num="1186" count="42" type="stmt"/>
        <line num="1187" count="11" type="cond" truecount="2" falsecount="0"/>
        <line num="1188" count="6" type="cond" truecount="2" falsecount="0"/>
        <line num="1189" count="5" type="stmt"/>
        <line num="1190" count="5" type="cond" truecount="1" falsecount="1"/>
        <line num="1191" count="5" type="stmt"/>
        <line num="1192" count="5" type="stmt"/>
        <line num="1193" count="5" type="stmt"/>
        <line num="1196" count="42" type="stmt"/>
        <line num="1197" count="42" type="stmt"/>
        <line num="1199" count="42" type="stmt"/>
        <line num="1200" count="42" type="stmt"/>
        <line num="1201" count="42" type="stmt"/>
        <line num="1224" count="415" type="stmt"/>
        <line num="1225" count="415" type="stmt"/>
        <line num="1226" count="415" type="stmt"/>
        <line num="1227" count="415" type="stmt"/>
        <line num="1228" count="415" type="stmt"/>
        <line num="1229" count="415" type="stmt"/>
        <line num="1230" count="415" type="stmt"/>
        <line num="1236" count="415" type="stmt"/>
        <line num="1237" count="279" type="cond" truecount="2" falsecount="0"/>
        <line num="1238" count="8" type="stmt"/>
        <line num="1239" count="8" type="stmt"/>
        <line num="1241" count="279" type="cond" truecount="2" falsecount="0"/>
        <line num="1242" count="2" type="stmt"/>
        <line num="1243" count="2" type="stmt"/>
        <line num="1245" count="279" type="stmt"/>
        <line num="1246" count="279" type="cond" truecount="2" falsecount="0"/>
        <line num="1247" count="7" type="stmt"/>
        <line num="1248" count="7" type="stmt"/>
        <line num="1262" count="415" type="stmt"/>
        <line num="1263" count="9" type="stmt"/>
        <line num="1264" count="9" type="stmt"/>
        <line num="1265" count="9" type="cond" truecount="3" falsecount="1"/>
        <line num="1266" count="9" type="stmt"/>
        <line num="1268" count="54" type="stmt"/>
        <line num="1269" count="54" type="stmt"/>
        <line num="1272" count="9" type="stmt"/>
        <line num="1273" count="9" type="cond" truecount="2" falsecount="0"/>
        <line num="1274" count="8" type="stmt"/>
        <line num="1275" count="8" type="stmt"/>
        <line num="1276" count="8" type="stmt"/>
        <line num="1277" count="8" type="stmt"/>
        <line num="1278" count="2" type="stmt"/>
        <line num="1279" count="2" type="stmt"/>
        <line num="1280" count="1" type="stmt"/>
        <line num="1281" count="1" type="cond" truecount="1" falsecount="1"/>
        <line num="1291" count="415" type="stmt"/>
        <line num="1292" count="10" type="stmt"/>
        <line num="1293" count="10" type="cond" truecount="2" falsecount="0"/>
        <line num="1294" count="9" type="stmt"/>
        <line num="1295" count="9" type="stmt"/>
        <line num="1304" count="415" type="stmt"/>
        <line num="1305" count="270" type="cond" truecount="2" falsecount="0"/>
        <line num="1306" count="228" type="stmt"/>
        <line num="1307" count="228" type="stmt"/>
        <line num="1309" count="42" type="stmt"/>
        <line num="1310" count="42" type="cond" truecount="1" falsecount="1"/>
        <line num="1311" count="0" type="stmt"/>
        <line num="1313" count="42" type="stmt"/>
        <line num="1342" count="415" type="stmt"/>
        <line num="1345" count="44" type="stmt"/>
        <line num="1349" count="44" type="cond" truecount="2" falsecount="0"/>
        <line num="1350" count="7" type="stmt"/>
        <line num="1360" count="37" type="stmt"/>
        <line num="1361" count="6" type="cond" truecount="1" falsecount="1"/>
        <line num="1364" count="6" type="cond" truecount="4" falsecount="0"/>
        <line num="1365" count="2" type="stmt"/>
        <line num="1366" count="2" type="stmt"/>
        <line num="1367" count="2" type="stmt"/>
        <line num="1371" count="4" type="cond" truecount="1" falsecount="1"/>
        <line num="1372" count="0" type="stmt"/>
        <line num="1373" count="0" type="stmt"/>
        <line num="1374" count="0" type="stmt"/>
        <line num="1375" count="0" type="stmt"/>
        <line num="1384" count="4" type="cond" truecount="2" falsecount="0"/>
        <line num="1385" count="1" type="stmt"/>
        <line num="1386" count="1" type="stmt"/>
        <line num="1387" count="1" type="stmt"/>
        <line num="1391" count="3" type="stmt"/>
        <line num="1394" count="3" type="stmt"/>
        <line num="1395" count="3" type="cond" truecount="5" falsecount="0"/>
        <line num="1397" count="2" type="stmt"/>
        <line num="1398" count="2" type="cond" truecount="1" falsecount="1"/>
        <line num="1400" count="2" type="stmt"/>
        <line num="1401" count="0" type="stmt"/>
        <line num="1404" count="37" type="stmt"/>
        <line num="1411" count="3" type="stmt"/>
        <line num="1412" count="3" type="cond" truecount="1" falsecount="1"/>
        <line num="1413" count="3" type="cond" truecount="4" falsecount="0"/>
        <line num="1414" count="2" type="stmt"/>
        <line num="1416" count="1" type="stmt"/>
        <line num="1427" count="5" type="stmt"/>
        <line num="1428" count="5" type="cond" truecount="1" falsecount="1"/>
        <line num="1429" count="5" type="stmt"/>
        <line num="1430" count="5" type="stmt"/>
        <line num="1441" count="0" type="cond" truecount="0" falsecount="2"/>
        <line num="1442" count="0" type="cond" truecount="0" falsecount="4"/>
        <line num="1443" count="0" type="stmt"/>
        <line num="1445" count="0" type="stmt"/>
        <line num="1446" count="0" type="cond" truecount="0" falsecount="2"/>
        <line num="1448" count="0" type="cond" truecount="0" falsecount="4"/>
        <line num="1449" count="0" type="stmt"/>
        <line num="1450" count="0" type="cond" truecount="0" falsecount="2"/>
        <line num="1453" count="0" type="stmt"/>
        <line num="1461" count="0" type="stmt"/>
        <line num="1464" count="11" type="stmt"/>
        <line num="1465" count="11" type="cond" truecount="2" falsecount="0"/>
        <line num="1466" count="10" type="cond" truecount="4" falsecount="0"/>
        <line num="1471" count="3" type="cond" truecount="2" falsecount="0"/>
        <line num="1472" count="2" type="stmt"/>
        <line num="1485" count="1" type="stmt"/>
        <line num="1487" count="7" type="cond" truecount="2" falsecount="0"/>
        <line num="1488" count="6" type="cond" truecount="1" falsecount="1"/>
        <line num="1490" count="6" type="stmt"/>
        <line num="1491" count="6" type="cond" truecount="1" falsecount="1"/>
        <line num="1492" count="6" type="stmt"/>
        <line num="1494" count="6" type="cond" truecount="2" falsecount="0"/>
        <line num="1495" count="6" type="cond" truecount="6" falsecount="0"/>
        <line num="1496" count="2" type="stmt"/>
        <line num="1499" count="4" type="stmt"/>
        <line num="1505" count="6" type="stmt"/>
        <line num="1506" count="6" type="stmt"/>
        <line num="1508" count="6" type="stmt"/>
        <line num="1509" count="3" type="cond" truecount="1" falsecount="1"/>
        <line num="1510" count="3" type="stmt"/>
        <line num="1511" count="2" type="stmt"/>
        <line num="1512" count="1" type="stmt"/>
        <line num="1514" count="6" type="cond" truecount="2" falsecount="0"/>
        <line num="1516" count="1" type="stmt"/>
        <line num="1520" count="415" type="stmt"/>
        <line num="1521" count="233" type="stmt"/>
        <line num="1537" count="415" type="cond" truecount="2" falsecount="0"/>
        <line num="1538" count="1" type="stmt"/>
        <line num="1557" count="414" type="stmt"/>
        <line num="1585" count="1" type="stmt"/>
        <line num="1643" count="59" type="stmt"/>
        <line num="1683" count="3" type="stmt"/>
        <line num="1689" count="99" type="stmt"/>
        <line num="1691" count="1" type="stmt"/>
        <line num="1701" count="1" type="stmt"/>
        <line num="1705" count="1" type="stmt"/>
        <line num="1710" count="1" type="stmt"/>
        <line num="1714" count="1" type="stmt"/>
      </file>
    </package>
    <package name="src-tauri">
      <metrics statements="0" coveredstatements="0" conditionals="0" coveredconditionals="0" methods="0" coveredmethods="0"/>
      <file name="tauri.conf.json" path="/home/runner/work/lattice/lattice/src-tauri/tauri.conf.json">
        <metrics statements="0" coveredstatements="0" conditionals="0" coveredconditionals="0" methods="0" coveredmethods="0"/>
      </file>
    </package>
    <package name="src.components">
      <metrics statements="110" coveredstatements="107" conditionals="125" coveredconditionals="117" methods="32" coveredmethods="30"/>
      <file name="Menu.tsx" path="/home/runner/work/lattice/lattice/src/components/Menu.tsx">
        <metrics statements="49" coveredstatements="49" conditionals="55" coveredconditionals="50" methods="17" coveredmethods="17"/>
        <line num="40" count="6" type="stmt"/>
        <line num="41" count="503" type="stmt"/>
        <line num="42" count="503" type="stmt"/>
        <line num="43" count="503" type="stmt"/>
        <line num="45" count="503" type="stmt"/>
        <line num="46" count="55" type="stmt"/>
        <line num="47" count="55" type="cond" truecount="2" falsecount="0"/>
        <line num="50" count="503" type="stmt"/>
        <line num="51" count="12" type="stmt"/>
        <line num="52" count="12" type="stmt"/>
        <line num="58" count="503" type="stmt"/>
        <line num="59" count="4" type="cond" truecount="3" falsecount="1"/>
        <line num="60" count="4" type="stmt"/>
        <line num="64" count="503" type="stmt"/>
        <line num="65" count="165" type="stmt"/>
        <line num="66" count="165" type="stmt"/>
        <line num="67" count="165" type="stmt"/>
        <line num="71" count="503" type="stmt"/>
        <line num="72" count="65" type="stmt"/>
        <line num="73" count="534" type="cond" truecount="1" falsecount="1"/>
        <line num="74" count="534" type="stmt"/>
        <line num="76" count="534" type="cond" truecount="2" falsecount="0"/>
        <line num="77" count="79" type="stmt"/>
        <line num="80" count="455" type="stmt"/>
        <line num="84" count="36" type="cond" truecount="2" falsecount="0"/>
        <line num="85" count="35" type="cond" truecount="2" falsecount="0"/>
        <line num="86" count="12" type="stmt"/>
        <line num="87" count="23" type="cond" truecount="1" falsecount="1"/>
        <line num="88" count="23" type="stmt"/>
        <line num="89" count="23" type="stmt"/>
        <line num="113" count="5" type="cond" truecount="2" falsecount="0"/>
        <line num="114" count="4" type="cond" truecount="2" falsecount="0"/>
        <line num="115" count="4" type="stmt"/>
        <line num="119" count="2" type="cond" truecount="1" falsecount="1"/>
        <line num="120" count="2" type="stmt"/>
        <line num="121" count="2" type="cond" truecount="2" falsecount="0"/>
        <line num="139" count="18" type="stmt"/>
        <line num="142" count="2" type="cond" truecount="1" falsecount="1"/>
        <line num="143" count="2" type="stmt"/>
        <line num="144" count="2" type="stmt"/>
        <line num="154" count="3" type="cond" truecount="2" falsecount="0"/>
        <line num="157" count="1" type="stmt"/>
        <line num="171" count="503" type="stmt"/>
        <line num="172" count="18" type="cond" truecount="2" falsecount="0"/>
        <line num="173" count="1" type="stmt"/>
        <line num="174" count="1" type="stmt"/>
        <line num="175" count="1" type="stmt"/>
        <line num="177" count="17" type="stmt"/>
        <line num="181" count="503" type="stmt"/>
      </file>
      <file name="Mermaid.tsx" path="/home/runner/work/lattice/lattice/src/components/Mermaid.tsx">
        <metrics statements="23" coveredstatements="23" conditionals="12" coveredconditionals="12" methods="4" coveredmethods="4"/>
        <line num="24" count="22" type="stmt"/>
        <line num="25" count="22" type="cond" truecount="2" falsecount="0"/>
        <line num="26" count="3" type="stmt"/>
        <line num="27" count="3" type="stmt"/>
        <line num="29" count="3" type="stmt"/>
        <line num="32" count="3" type="stmt"/>
        <line num="34" count="1" type="stmt"/>
        <line num="43" count="6" type="stmt"/>
        <line num="44" count="40" type="stmt"/>
        <line num="45" count="40" type="stmt"/>
        <line num="47" count="40" type="stmt"/>
        <line num="52" count="22" type="cond" truecount="2" falsecount="0"/>
        <line num="53" count="22" type="stmt"/>
        <line num="60" count="22" type="stmt"/>
        <line num="61" count="22" type="cond" truecount="4" falsecount="0"/>
        <line num="62" count="21" type="stmt"/>
        <line num="63" count="21" type="stmt"/>
        <line num="64" count="21" type="stmt"/>
        <line num="65" count="18" type="stmt"/>
        <line num="67" count="3" type="stmt"/>
        <line num="68" count="3" type="cond" truecount="2" falsecount="0"/>
        <line num="73" count="22" type="stmt"/>
        <line num="76" count="40" type="stmt"/>
      </file>
      <file name="Settings.tsx" path="/home/runner/work/lattice/lattice/src/components/Settings.tsx">
        <metrics statements="38" coveredstatements="35" conditionals="58" coveredconditionals="55" methods="11" coveredmethods="9"/>
        <line num="45" count="6" type="stmt"/>
        <line num="46" count="45" type="stmt"/>
        <line num="48" count="45" type="stmt"/>
        <line num="54" count="14" type="stmt"/>
        <line num="55" count="14" type="stmt"/>
        <line num="64" count="14" type="stmt"/>
        <line num="65" count="13" type="stmt"/>
        <line num="66" count="13" type="stmt"/>
        <line num="68" count="1" type="stmt"/>
        <line num="69" count="1" type="stmt"/>
        <line num="73" count="45" type="stmt"/>
        <line num="74" count="5" type="stmt"/>
        <line num="75" count="5" type="stmt"/>
        <line num="78" count="45" type="stmt"/>
        <line num="79" count="2" type="stmt"/>
        <line num="80" count="2" type="stmt"/>
        <line num="81" count="2" type="stmt"/>
        <line num="84" count="45" type="stmt"/>
        <line num="85" count="2" type="stmt"/>
        <line num="86" count="2" type="stmt"/>
        <line num="87" count="2" type="stmt"/>
        <line num="90" count="45" type="stmt"/>
        <line num="91" count="3" type="stmt"/>
        <line num="92" count="3" type="stmt"/>
        <line num="93" count="3" type="stmt"/>
        <line num="96" count="45" type="stmt"/>
        <line num="97" count="0" type="stmt"/>
        <line num="98" count="0" type="stmt"/>
        <line num="99" count="0" type="stmt"/>
        <line num="102" count="45" type="stmt"/>
        <line num="103" count="2" type="stmt"/>
        <line num="104" count="2" type="stmt"/>
        <line num="105" count="2" type="stmt"/>
        <line num="108" count="45" type="stmt"/>
        <line num="124" count="5" type="cond" truecount="2" falsecount="0"/>
        <line num="293" count="3" type="cond" truecount="2" falsecount="0"/>
        <line num="294" count="2" type="stmt"/>
        <line num="296" count="1" type="stmt"/>
      </file>
    </package>
    <package name="src.editor-extensions">
      <metrics statements="167" coveredstatements="167" conditionals="102" coveredconditionals="98" methods="20" coveredmethods="20"/>
      <file name="gfm-linter.ts" path="/home/runner/work/lattice/lattice/src/editor-extensions/gfm-linter.ts">
        <metrics statements="99" coveredstatements="99" conditionals="66" coveredconditionals="63" methods="7" coveredmethods="7"/>
        <line num="15" count="15" type="stmt"/>
        <line num="16" count="15" type="stmt"/>
        <line num="18" count="15" type="stmt"/>
        <line num="31" count="4" type="stmt"/>
        <line num="32" count="4" type="stmt"/>
        <line num="34" count="4" type="stmt"/>
        <line num="35" count="12" type="cond" truecount="4" falsecount="0"/>
        <line num="36" count="8" type="stmt"/>
        <line num="37" count="8" type="stmt"/>
        <line num="39" count="8" type="cond" truecount="2" falsecount="0"/>
        <line num="40" count="4" type="stmt"/>
        <line num="41" count="4" type="cond" truecount="4" falsecount="0"/>
        <line num="42" count="2" type="stmt"/>
        <line num="52" count="12" type="stmt"/>
        <line num="75" count="30" type="stmt"/>
        <line num="76" count="30" type="stmt"/>
        <line num="77" count="30" type="stmt"/>
        <line num="78" count="30" type="stmt"/>
        <line num="83" count="30" type="stmt"/>
        <line num="84" count="30" type="stmt"/>
        <line num="85" count="188" type="cond" truecount="2" falsecount="0"/>
        <line num="86" count="13" type="stmt"/>
        <line num="87" count="13" type="stmt"/>
        <line num="90" count="30" type="stmt"/>
        <line num="91" count="6" type="cond" truecount="2" falsecount="0"/>
        <line num="95" count="30" type="stmt"/>
        <line num="96" count="30" type="stmt"/>
        <line num="99" count="30" type="stmt"/>
        <line num="100" count="237" type="stmt"/>
        <line num="106" count="237" type="cond" truecount="4" falsecount="0"/>
        <line num="107" count="2" type="cond" truecount="2" falsecount="0"/>
        <line num="108" count="2" type="stmt"/>
        <line num="122" count="237" type="cond" truecount="2" falsecount="0"/>
        <line num="123" count="1" type="stmt"/>
        <line num="135" count="237" type="cond" truecount="2" falsecount="0"/>
        <line num="136" count="1" type="stmt"/>
        <line num="146" count="237" type="cond" truecount="2" falsecount="0"/>
        <line num="147" count="1" type="stmt"/>
        <line num="157" count="237" type="cond" truecount="2" falsecount="0"/>
        <line num="158" count="4" type="stmt"/>
        <line num="165" count="237" type="cond" truecount="4" falsecount="0"/>
        <line num="166" count="4" type="stmt"/>
        <line num="167" count="4" type="cond" truecount="2" falsecount="0"/>
        <line num="168" count="2" type="stmt"/>
        <line num="181" count="237" type="cond" truecount="2" falsecount="0"/>
        <line num="182" count="7" type="stmt"/>
        <line num="183" count="7" type="stmt"/>
        <line num="184" count="7" type="stmt"/>
        <line num="185" count="15" type="cond" truecount="2" falsecount="0"/>
        <line num="186" count="9" type="stmt"/>
        <line num="188" count="7" type="cond" truecount="2" falsecount="0"/>
        <line num="189" count="1" type="stmt"/>
        <line num="190" count="1" type="stmt"/>
        <line num="203" count="237" type="cond" truecount="2" falsecount="0"/>
        <line num="204" count="2" type="stmt"/>
        <line num="206" count="2" type="stmt"/>
        <line num="207" count="2" type="cond" truecount="4" falsecount="0"/>
        <line num="208" count="1" type="stmt"/>
        <line num="221" count="237" type="cond" truecount="2" falsecount="0"/>
        <line num="222" count="13" type="stmt"/>
        <line num="224" count="13" type="stmt"/>
        <line num="230" count="13" type="stmt"/>
        <line num="235" count="30" type="stmt"/>
        <line num="236" count="13" type="cond" truecount="2" falsecount="0"/>
        <line num="237" count="2" type="stmt"/>
        <line num="238" count="2" type="stmt"/>
        <line num="248" count="11" type="stmt"/>
        <line num="259" count="30" type="stmt"/>
        <line num="261" count="30" type="stmt"/>
        <line num="262" count="5" type="cond" truecount="2" falsecount="0"/>
        <line num="263" count="2" type="stmt"/>
        <line num="278" count="30" type="stmt"/>
        <line num="279" count="30" type="stmt"/>
        <line num="280" count="1" type="cond" truecount="1" falsecount="1"/>
        <line num="281" count="1" type="stmt"/>
        <line num="295" count="30" type="stmt"/>
        <line num="296" count="30" type="stmt"/>
        <line num="297" count="30" type="stmt"/>
        <line num="298" count="30" type="stmt"/>
        <line num="299" count="30" type="stmt"/>
        <line num="301" count="30" type="stmt"/>
        <line num="302" count="118" type="stmt"/>
        <line num="303" count="118" type="cond" truecount="2" falsecount="0"/>
        <line num="304" count="13" type="stmt"/>
        <line num="305" count="13" type="stmt"/>
        <line num="307" count="13" type="cond" truecount="2" falsecount="0"/>
        <line num="309" count="7" type="stmt"/>
        <line num="310" count="7" type="stmt"/>
        <line num="311" count="7" type="stmt"/>
        <line num="312" count="6" type="cond" truecount="3" falsecount="1"/>
        <line num="314" count="6" type="stmt"/>
        <line num="315" count="6" type="cond" truecount="1" falsecount="1"/>
        <line num="316" count="6" type="stmt"/>
        <line num="320" count="118" type="stmt"/>
        <line num="323" count="30" type="cond" truecount="2" falsecount="0"/>
        <line num="324" count="1" type="stmt"/>
        <line num="325" count="1" type="stmt"/>
        <line num="336" count="30" type="stmt"/>
        <line num="340" count="1" type="stmt"/>
      </file>
      <file name="symbol-picker.ts" path="/home/runner/work/lattice/lattice/src/editor-extensions/symbol-picker.ts">
        <metrics statements="16" coveredstatements="16" conditionals="8" coveredconditionals="8" methods="5" coveredmethods="5"/>
        <line num="26" count="49" type="stmt"/>
        <line num="34" count="8" type="stmt"/>
        <line num="35" count="8" type="stmt"/>
        <line num="37" count="8" type="cond" truecount="2" falsecount="0"/>
        <line num="38" count="1" type="stmt"/>
        <line num="41" count="5" type="cond" truecount="4" falsecount="0"/>
        <line num="42" count="1" type="stmt"/>
        <line num="45" count="4" type="stmt"/>
        <line num="46" count="4" type="stmt"/>
        <line num="48" count="4" type="stmt"/>
        <line num="49" count="196" type="stmt"/>
        <line num="50" count="98" type="cond" truecount="2" falsecount="0"/>
        <line num="54" count="4" type="stmt"/>
        <line num="60" count="2" type="stmt"/>
        <line num="61" count="2" type="stmt"/>
        <line num="65" count="1" type="stmt"/>
      </file>
      <file name="toc-tooltip.ts" path="/home/runner/work/lattice/lattice/src/editor-extensions/toc-tooltip.ts">
        <metrics statements="52" coveredstatements="52" conditionals="28" coveredconditionals="27" methods="8" coveredmethods="8"/>
        <line num="45" count="1" type="stmt"/>
        <line num="57" count="56" type="stmt"/>
        <line num="58" count="56" type="cond" truecount="4" falsecount="0"/>
        <line num="59" count="19" type="stmt"/>
        <line num="60" count="19" type="cond" truecount="1" falsecount="1"/>
        <line num="61" count="56" type="stmt"/>
        <line num="65" count="43" type="stmt"/>
        <line num="66" count="43" type="cond" truecount="4" falsecount="0"/>
        <line num="67" count="7" type="stmt"/>
        <line num="68" count="7" type="stmt"/>
        <line num="85" count="18" type="stmt"/>
        <line num="86" count="18" type="stmt"/>
        <line num="87" count="50" type="stmt"/>
        <line num="88" count="50" type="stmt"/>
        <line num="90" count="50" type="cond" truecount="2" falsecount="0"/>
        <line num="94" count="11" type="cond" truecount="2" falsecount="0"/>
        <line num="95" count="10" type="stmt"/>
        <line num="96" count="10" type="stmt"/>
        <line num="98" count="39" type="cond" truecount="2" falsecount="0"/>
        <line num="99" count="3" type="cond" truecount="2" falsecount="0"/>
        <line num="100" count="2" type="stmt"/>
        <line num="101" count="2" type="stmt"/>
        <line num="103" count="36" type="cond" truecount="2" falsecount="0"/>
        <line num="104" count="15" type="stmt"/>
        <line num="107" count="1" type="stmt"/>
        <line num="123" count="11" type="stmt"/>
        <line num="124" count="11" type="cond" truecount="2" falsecount="0"/>
        <line num="126" count="10" type="stmt"/>
        <line num="127" count="10" type="stmt"/>
        <line num="131" count="10" type="stmt"/>
        <line num="132" count="10" type="stmt"/>
        <line num="133" count="42" type="stmt"/>
        <line num="136" count="10" type="cond" truecount="2" falsecount="0"/>
        <line num="137" count="5" type="stmt"/>
        <line num="140" count="5" type="stmt"/>
        <line num="147" count="1" type="stmt"/>
        <line num="148" count="1" type="stmt"/>
        <line num="149" count="1" type="stmt"/>
        <line num="152" count="1" type="stmt"/>
        <line num="153" count="1" type="stmt"/>
        <line num="154" count="1" type="stmt"/>
        <line num="156" count="1" type="stmt"/>
        <line num="157" count="1" type="stmt"/>
        <line num="158" count="1" type="stmt"/>
        <line num="159" count="1" type="stmt"/>
        <line num="160" count="1" type="stmt"/>
        <line num="161" count="1" type="stmt"/>
        <line num="171" count="1" type="stmt"/>
        <line num="176" count="3" type="cond" truecount="4" falsecount="0"/>
        <line num="177" count="2" type="stmt"/>
        <line num="179" count="5" type="stmt"/>
        <line num="186" count="1" type="stmt"/>
      </file>
    </package>
    <package name="src.lib">
      <metrics statements="140" coveredstatements="139" conditionals="140" coveredconditionals="133" methods="22" coveredmethods="22"/>
      <file name="cursor-block.ts" path="/home/runner/work/lattice/lattice/src/lib/cursor-block.ts">
        <metrics statements="22" coveredstatements="22" conditionals="29" coveredconditionals="29" methods="4" coveredmethods="4"/>
        <line num="57" count="65" type="cond" truecount="2" falsecount="0"/>
        <line num="58" count="65" type="cond" truecount="4" falsecount="0"/>
        <line num="59" count="59" type="cond" truecount="2" falsecount="0"/>
        <line num="60" count="65" type="cond" truecount="4" falsecount="0"/>
        <line num="61" count="65" type="stmt"/>
        <line num="84" count="25" type="cond" truecount="4" falsecount="0"/>
        <line num="86" count="21" type="stmt"/>
        <line num="87" count="21" type="stmt"/>
        <line num="88" count="21" type="stmt"/>
        <line num="90" count="21" type="stmt"/>
        <line num="91" count="89" type="stmt"/>
        <line num="92" count="89" type="cond" truecount="2" falsecount="0"/>
        <line num="93" count="87" type="cond" truecount="4" falsecount="0"/>
        <line num="94" count="23" type="stmt"/>
        <line num="95" count="23" type="cond" truecount="5" falsecount="0"/>
        <line num="96" count="22" type="stmt"/>
        <line num="97" count="22" type="stmt"/>
        <line num="98" count="22" type="stmt"/>
        <line num="101" count="21" type="stmt"/>
        <line num="117" count="6" type="stmt"/>
        <line num="124" count="77" type="cond" truecount="2" falsecount="0"/>
        <line num="137" count="4" type="stmt"/>
      </file>
      <file name="link-utils.ts" path="/home/runner/work/lattice/lattice/src/lib/link-utils.ts">
        <metrics statements="18" coveredstatements="18" conditionals="16" coveredconditionals="13" methods="2" coveredmethods="2"/>
        <line num="7" count="6" type="stmt"/>
        <line num="15" count="11" type="stmt"/>
        <line num="39" count="15" type="cond" truecount="2" falsecount="0"/>
        <line num="42" count="14" type="stmt"/>
        <line num="43" count="14" type="cond" truecount="2" falsecount="0"/>
        <line num="46" count="12" type="cond" truecount="2" falsecount="0"/>
        <line num="48" count="15" type="stmt"/>
        <line num="49" count="15" type="cond" truecount="2" falsecount="2"/>
        <line num="52" count="12" type="stmt"/>
        <line num="55" count="12" type="stmt"/>
        <line num="56" count="12" type="stmt"/>
        <line num="57" count="12" type="stmt"/>
        <line num="58" count="78" type="cond" truecount="2" falsecount="0"/>
        <line num="59" count="9" type="stmt"/>
        <line num="60" count="69" type="cond" truecount="2" falsecount="0"/>
        <line num="61" count="67" type="stmt"/>
        <line num="65" count="12" type="stmt"/>
        <line num="66" count="12" type="cond" truecount="1" falsecount="1"/>
      </file>
      <file name="path-utils.ts" path="/home/runner/work/lattice/lattice/src/lib/path-utils.ts">
        <metrics statements="16" coveredstatements="16" conditionals="21" coveredconditionals="21" methods="1" coveredmethods="1"/>
        <line num="34" count="181" type="cond" truecount="4" falsecount="0"/>
        <line num="37" count="13" type="cond" truecount="2" falsecount="0"/>
        <line num="39" count="181" type="cond" truecount="2" falsecount="0"/>
        <line num="41" count="7" type="stmt"/>
        <line num="42" count="7" type="cond" truecount="3" falsecount="0"/>
        <line num="43" count="1" type="stmt"/>
        <line num="48" count="7" type="stmt"/>
        <line num="49" count="7" type="stmt"/>
        <line num="51" count="7" type="cond" truecount="4" falsecount="0"/>
        <line num="52" count="5" type="stmt"/>
        <line num="56" count="6" type="stmt"/>
        <line num="57" count="6" type="cond" truecount="2" falsecount="0"/>
        <line num="58" count="1" type="stmt"/>
        <line num="61" count="6" type="cond" truecount="4" falsecount="0"/>
        <line num="62" count="4" type="stmt"/>
        <line num="66" count="4" type="stmt"/>
      </file>
      <file name="rehype-heading-ids.ts" path="/home/runner/work/lattice/lattice/src/lib/rehype-heading-ids.ts">
        <metrics statements="22" coveredstatements="21" conditionals="27" coveredconditionals="25" methods="4" coveredmethods="4"/>
        <line num="45" count="6" type="stmt"/>
        <line num="50" count="153" type="cond" truecount="2" falsecount="0"/>
        <line num="51" count="151" type="cond" truecount="3" falsecount="1"/>
        <line num="52" count="75" type="cond" truecount="1" falsecount="1"/>
        <line num="53" count="75" type="stmt"/>
        <line num="55" count="0" type="stmt"/>
        <line num="58" count="243" type="stmt"/>
        <line num="59" count="243" type="stmt"/>
        <line num="60" count="243" type="stmt"/>
        <line num="61" count="747" type="cond" truecount="5" falsecount="0"/>
        <line num="62" count="73" type="cond" truecount="2" falsecount="0"/>
        <line num="63" count="73" type="stmt"/>
        <line num="64" count="73" type="cond" truecount="4" falsecount="0"/>
        <line num="65" count="70" type="stmt"/>
        <line num="66" count="70" type="stmt"/>
        <line num="67" count="70" type="cond" truecount="2" falsecount="0"/>
        <line num="68" count="69" type="stmt"/>
        <line num="72" count="3" type="stmt"/>
        <line num="73" count="3" type="cond" truecount="2" falsecount="0"/>
        <line num="76" count="747" type="cond" truecount="4" falsecount="0"/>
        <line num="77" count="504" type="stmt"/>
        <line num="80" count="243" type="stmt"/>
      </file>
      <file name="rehype-highlight-mark.ts" path="/home/runner/work/lattice/lattice/src/lib/rehype-highlight-mark.ts">
        <metrics statements="30" coveredstatements="30" conditionals="22" coveredconditionals="20" methods="4" coveredmethods="4"/>
        <line num="45" count="6" type="stmt"/>
        <line num="53" count="19" type="stmt"/>
        <line num="54" count="19" type="stmt"/>
        <line num="55" count="19" type="stmt"/>
        <line num="57" count="19" type="stmt"/>
        <line num="58" count="18" type="cond" truecount="2" falsecount="0"/>
        <line num="59" count="11" type="stmt"/>
        <line num="61" count="18" type="stmt"/>
        <line num="67" count="18" type="stmt"/>
        <line num="69" count="19" type="cond" truecount="2" falsecount="0"/>
        <line num="70" count="12" type="stmt"/>
        <line num="72" count="19" type="stmt"/>
        <line num="84" count="723" type="cond" truecount="1" falsecount="1"/>
        <line num="86" count="723" type="cond" truecount="2" falsecount="0"/>
        <line num="88" count="240" type="cond" truecount="3" falsecount="0"/>
        <line num="90" count="240" type="cond" truecount="1" falsecount="1"/>
        <line num="91" count="240" type="stmt"/>
        <line num="92" count="240" type="stmt"/>
        <line num="93" count="280" type="cond" truecount="2" falsecount="0"/>
        <line num="97" count="1" type="stmt"/>
        <line num="98" count="1" type="stmt"/>
        <line num="100" count="279" type="cond" truecount="5" falsecount="0"/>
        <line num="102" count="13" type="stmt"/>
        <line num="105" count="266" type="stmt"/>
        <line num="106" count="266" type="stmt"/>
        <line num="109" count="240" type="stmt"/>
        <line num="111" count="483" type="cond" truecount="2" falsecount="0"/>
        <line num="113" count="243" type="stmt"/>
        <line num="117" count="244" type="stmt"/>
        <line num="118" count="244" type="stmt"/>
      </file>
      <file name="remark-strip-html-comments.ts" path="/home/runner/work/lattice/lattice/src/lib/remark-strip-html-comments.ts">
        <metrics statements="9" coveredstatements="9" conditionals="9" coveredconditionals="9" methods="5" coveredmethods="5"/>
        <line num="57" count="6" type="stmt"/>
        <line num="61" count="19" type="cond" truecount="2" falsecount="0"/>
        <line num="64" count="240" type="stmt"/>
        <line num="65" count="240" type="stmt"/>
        <line num="66" count="632" type="cond" truecount="4" falsecount="0"/>
        <line num="67" count="472" type="stmt"/>
        <line num="68" count="398" type="cond" truecount="3" falsecount="0"/>
        <line num="70" count="472" type="stmt"/>
        <line num="73" count="240" type="stmt"/>
      </file>
      <file name="slug.ts" path="/home/runner/work/lattice/lattice/src/lib/slug.ts">
        <metrics statements="22" coveredstatements="22" conditionals="16" coveredconditionals="16" methods="2" coveredmethods="2"/>
        <line num="54" count="83" type="stmt"/>
        <line num="55" count="83" type="stmt"/>
        <line num="57" count="83" type="stmt"/>
        <line num="59" count="433" type="cond" truecount="2" falsecount="0"/>
        <line num="60" count="383" type="stmt"/>
        <line num="61" count="383" type="stmt"/>
        <line num="62" count="383" type="stmt"/>
        <line num="64" count="50" type="cond" truecount="2" falsecount="0"/>
        <line num="65" count="2" type="stmt"/>
        <line num="66" count="2" type="stmt"/>
        <line num="67" count="2" type="stmt"/>
        <line num="70" count="48" type="cond" truecount="6" falsecount="0"/>
        <line num="71" count="19" type="stmt"/>
        <line num="72" count="19" type="stmt"/>
        <line num="73" count="19" type="stmt"/>
        <line num="79" count="83" type="cond" truecount="2" falsecount="0"/>
        <line num="80" count="1" type="stmt"/>
        <line num="82" count="83" type="stmt"/>
        <line num="94" count="77" type="cond" truecount="2" falsecount="0"/>
        <line num="95" count="77" type="cond" truecount="2" falsecount="0"/>
        <line num="96" count="77" type="stmt"/>
        <line num="97" count="77" type="stmt"/>
      </file>
      <file name="special-characters.ts" path="/home/runner/work/lattice/lattice/src/lib/special-characters.ts">
        <metrics statements="1" coveredstatements="1" conditionals="0" coveredconditionals="0" methods="0" coveredmethods="0"/>
        <line num="29" count="1" type="stmt"/>
      </file>
    </package>
    <package name="src.services">
      <metrics statements="15" coveredstatements="15" conditionals="0" coveredconditionals="0" methods="9" coveredmethods="9"/>
      <file name="FileSystem.ts" path="/home/runner/work/lattice/lattice/src/services/FileSystem.ts">
        <metrics statements="9" coveredstatements="9" conditionals="0" coveredconditionals="0" methods="7" coveredmethods="7"/>
        <line num="36" count="6" type="stmt"/>
        <line num="38" count="9" type="stmt"/>
        <line num="39" count="9" type="stmt"/>
        <line num="42" count="8" type="stmt"/>
        <line num="45" count="87" type="stmt"/>
        <line num="48" count="166" type="stmt"/>
        <line num="51" count="3" type="stmt"/>
        <line num="54" count="1" type="stmt"/>
        <line num="57" count="2" type="stmt"/>
      </file>
      <file name="TableFormat.ts" path="/home/runner/work/lattice/lattice/src/services/TableFormat.ts">
        <metrics statements="2" coveredstatements="2" conditionals="0" coveredconditionals="0" methods="1" coveredmethods="1"/>
        <line num="37" count="1" type="stmt"/>
        <line num="44" count="3" type="stmt"/>
      </file>
      <file name="Toc.ts" path="/home/runner/work/lattice/lattice/src/services/Toc.ts">
        <metrics statements="4" coveredstatements="4" conditionals="0" coveredconditionals="0" methods="1" coveredmethods="1"/>
        <line num="37" count="1" type="stmt"/>
        <line num="38" count="1" type="stmt"/>
        <line num="40" count="1" type="stmt"/>
        <line num="47" count="3" type="stmt"/>
      </file>
    </package>
    <package name="src.services.StaticRuntime">
      <metrics statements="28" coveredstatements="28" conditionals="6" coveredconditionals="6" methods="10" coveredmethods="10"/>
      <file name="StaticRuntime.dev.ts" path="/home/runner/work/lattice/lattice/src/services/StaticRuntime/StaticRuntime.dev.ts">
        <metrics statements="28" coveredstatements="28" conditionals="6" coveredconditionals="6" methods="10" coveredmethods="10"/>
        <line num="35" count="22" type="stmt"/>
        <line num="36" count="5453380" type="stmt"/>
        <line num="37" count="5453380" type="cond" truecount="2" falsecount="0"/>
        <line num="38" count="5453380" type="stmt"/>
        <line num="39" count="5453380" type="stmt"/>
        <line num="40" count="5453380" type="stmt"/>
        <line num="42" count="5453380" type="stmt"/>
        <line num="46" count="22" type="stmt"/>
        <line num="53" count="145" type="cond" truecount="2" falsecount="0"/>
        <line num="55" count="11" type="stmt"/>
        <line num="57" count="11" type="stmt"/>
        <line num="58" count="55" type="stmt"/>
        <line num="59" count="55" type="cond" truecount="2" falsecount="0"/>
        <line num="60" count="54" type="stmt"/>
        <line num="61" count="1972" type="stmt"/>
        <line num="62" count="1972" type="stmt"/>
        <line num="67" count="11" type="stmt"/>
        <line num="69" count="11" type="stmt"/>
        <line num="78" count="5451826" type="stmt"/>
        <line num="86" count="3" type="stmt"/>
        <line num="97" count="142" type="stmt"/>
        <line num="98" count="142" type="stmt"/>
        <line num="99" count="2" type="stmt"/>
        <line num="101" count="2" type="stmt"/>
        <line num="104" count="2" type="stmt"/>
        <line num="108" count="2" type="stmt"/>
        <line num="112" count="1" type="stmt"/>
        <line num="114" count="1" type="stmt"/>
      </file>
    </package>
  </project>
</coverage>
