{"/home/runner/work/lattice/lattice/src/App.css": {"path":"/home/runner/work/lattice/lattice/src/App.css","statementMap":{},"fnMap":{},"branchMap":{},"s":{},"f":{},"b":{},"meta":{"lastBranch":0,"lastFunction":0,"lastStatement":0,"seen":{}}}
,"/home/runner/work/lattice/lattice/src/App.tsx": {"path":"/home/runner/work/lattice/lattice/src/App.tsx","statementMap":{"0":{"start":{"line":51,"column":17},"end":{"line":51,"column":null}},"1":{"start":{"line":55,"column":29},"end":{"line":66,"column":null}},"2":{"start":{"line":55,"column":35},"end":{"line":66,"column":null}},"3":{"start":{"line":56,"column":15},"end":{"line":64,"column":null}},"4":{"start":{"line":57,"column":4},"end":{"line":60,"column":null}},"5":{"start":{"line":58,"column":6},"end":{"line":58,"column":null}},"6":{"start":{"line":59,"column":6},"end":{"line":59,"column":null}},"7":{"start":{"line":61,"column":4},"end":{"line":63,"column":null}},"8":{"start":{"line":62,"column":6},"end":{"line":62,"column":null}},"9":{"start":{"line":62,"column":41},"end":{"line":62,"column":null}},"10":{"start":{"line":65,"column":2},"end":{"line":65,"column":null}},"11":{"start":{"line":68,"column":29},"end":{"line":71,"column":null}},"12":{"start":{"line":73,"column":25},"end":{"line":73,"column":null}},"13":{"start":{"line":74,"column":25},"end":{"line":74,"column":null}},"14":{"start":{"line":75,"column":25},"end":{"line":75,"column":null}},"15":{"start":{"line":76,"column":25},"end":{"line":76,"column":null}},"16":{"start":{"line":77,"column":25},"end":{"line":77,"column":null}},"17":{"start":{"line":78,"column":25},"end":{"line":78,"column":null}},"18":{"start":{"line":81,"column":19},"end":{"line":81,"column":null}},"19":{"start":{"line":82,"column":21},"end":{"line":82,"column":null}},"20":{"start":{"line":82,"column":39},"end":{"line":82,"column":null}},"21":{"start":{"line":83,"column":21},"end":{"line":83,"column":null}},"22":{"start":{"line":83,"column":38},"end":{"line":83,"column":null}},"23":{"start":{"line":93,"column":2},"end":{"line":96,"column":null}},"24":{"start":{"line":94,"column":4},"end":{"line":94,"column":null}},"25":{"start":{"line":95,"column":4},"end":{"line":95,"column":null}},"26":{"start":{"line":102,"column":2},"end":{"line":117,"column":null}},"27":{"start":{"line":103,"column":22},"end":{"line":107,"column":null}},"28":{"start":{"line":104,"column":6},"end":{"line":106,"column":null}},"29":{"start":{"line":105,"column":8},"end":{"line":105,"column":null}},"30":{"start":{"line":108,"column":26},"end":{"line":110,"column":null}},"31":{"start":{"line":109,"column":6},"end":{"line":109,"column":null}},"32":{"start":{"line":111,"column":4},"end":{"line":111,"column":null}},"33":{"start":{"line":112,"column":4},"end":{"line":112,"column":null}},"34":{"start":{"line":113,"column":4},"end":{"line":116,"column":null}},"35":{"start":{"line":114,"column":6},"end":{"line":114,"column":null}},"36":{"start":{"line":115,"column":6},"end":{"line":115,"column":null}},"37":{"start":{"line":122,"column":26},"end":{"line":122,"column":null}},"38":{"start":{"line":123,"column":47},"end":{"line":140,"column":null}},"39":{"start":{"line":141,"column":40},"end":{"line":141,"column":null}},"40":{"start":{"line":142,"column":32},"end":{"line":142,"column":null}},"41":{"start":{"line":143,"column":42},"end":{"line":143,"column":null}},"42":{"start":{"line":144,"column":44},"end":{"line":144,"column":null}},"43":{"start":{"line":145,"column":30},"end":{"line":145,"column":null}},"44":{"start":{"line":146,"column":30},"end":{"line":146,"column":null}},"45":{"start":{"line":147,"column":42},"end":{"line":147,"column":null}},"46":{"start":{"line":148,"column":48},"end":{"line":148,"column":null}},"47":{"start":{"line":149,"column":42},"end":{"line":149,"column":null}},"48":{"start":{"line":150,"column":48},"end":{"line":150,"column":null}},"49":{"start":{"line":151,"column":50},"end":{"line":151,"column":null}},"50":{"start":{"line":152,"column":42},"end":{"line":152,"column":null}},"51":{"start":{"line":171,"column":46},"end":{"line":171,"column":null}},"52":{"start":{"line":173,"column":34},"end":{"line":173,"column":null}},"53":{"start":{"line":176,"column":30},"end":{"line":176,"column":null}},"54":{"start":{"line":177,"column":8},"end":{"line":177,"column":null}},"55":{"start":{"line":178,"column":8},"end":{"line":178,"column":null}},"56":{"start":{"line":180,"column":8},"end":{"line":182,"column":null}},"57":{"start":{"line":181,"column":4},"end":{"line":181,"column":null}},"58":{"start":{"line":184,"column":8},"end":{"line":184,"column":null}},"59":{"start":{"line":185,"column":8},"end":{"line":185,"column":null}},"60":{"start":{"line":188,"column":8},"end":{"line":188,"column":null}},"61":{"start":{"line":190,"column":33},"end":{"line":221,"column":null}},"62":{"start":{"line":191,"column":4},"end":{"line":191,"column":null}},"63":{"start":{"line":192,"column":22},"end":{"line":192,"column":null}},"64":{"start":{"line":193,"column":4},"end":{"line":193,"column":null}},"65":{"start":{"line":193,"column":20},"end":{"line":193,"column":null}},"66":{"start":{"line":194,"column":17},"end":{"line":194,"column":null}},"67":{"start":{"line":195,"column":21},"end":{"line":195,"column":null}},"68":{"start":{"line":196,"column":21},"end":{"line":196,"column":null}},"69":{"start":{"line":197,"column":26},"end":{"line":197,"column":null}},"70":{"start":{"line":198,"column":21},"end":{"line":198,"column":null}},"71":{"start":{"line":199,"column":31},"end":{"line":199,"column":null}},"72":{"start":{"line":201,"column":24},"end":{"line":209,"column":null}},"73":{"start":{"line":202,"column":6},"end":{"line":202,"column":null}},"74":{"start":{"line":202,"column":26},"end":{"line":202,"column":null}},"75":{"start":{"line":203,"column":6},"end":{"line":208,"column":null}},"76":{"start":{"line":204,"column":14},"end":{"line":204,"column":null}},"77":{"start":{"line":205,"column":23},"end":{"line":205,"column":null}},"78":{"start":{"line":206,"column":8},"end":{"line":206,"column":null}},"79":{"start":{"line":207,"column":8},"end":{"line":207,"column":null}},"80":{"start":{"line":210,"column":22},"end":{"line":216,"column":null}},"81":{"start":{"line":211,"column":6},"end":{"line":211,"column":null}},"82":{"start":{"line":211,"column":28},"end":{"line":211,"column":57}},"83":{"start":{"line":211,"column":57},"end":{"line":211,"column":71}},"84":{"start":{"line":212,"column":6},"end":{"line":212,"column":null}},"85":{"start":{"line":213,"column":6},"end":{"line":213,"column":null}},"86":{"start":{"line":214,"column":6},"end":{"line":214,"column":null}},"87":{"start":{"line":215,"column":6},"end":{"line":215,"column":null}},"88":{"start":{"line":217,"column":4},"end":{"line":217,"column":null}},"89":{"start":{"line":218,"column":4},"end":{"line":218,"column":null}},"90":{"start":{"line":219,"column":4},"end":{"line":219,"column":null}},"91":{"start":{"line":220,"column":4},"end":{"line":220,"column":null}},"92":{"start":{"line":224,"column":28},"end":{"line":224,"column":null}},"93":{"start":{"line":226,"column":24},"end":{"line":226,"column":null}},"94":{"start":{"line":227,"column":24},"end":{"line":227,"column":null}},"95":{"start":{"line":228,"column":24},"end":{"line":228,"column":null}},"96":{"start":{"line":229,"column":25},"end":{"line":229,"column":null}},"97":{"start":{"line":230,"column":32},"end":{"line":234,"column":null}},"98":{"start":{"line":231,"column":18},"end":{"line":231,"column":null}},"99":{"start":{"line":232,"column":19},"end":{"line":232,"column":null}},"100":{"start":{"line":233,"column":4},"end":{"line":233,"column":null}},"101":{"start":{"line":236,"column":8},"end":{"line":242,"column":null}},"102":{"start":{"line":237,"column":4},"end":{"line":241,"column":null}},"103":{"start":{"line":238,"column":19},"end":{"line":238,"column":null}},"104":{"start":{"line":239,"column":6},"end":{"line":239,"column":null}},"105":{"start":{"line":240,"column":6},"end":{"line":240,"column":null}},"106":{"start":{"line":244,"column":8},"end":{"line":250,"column":null}},"107":{"start":{"line":245,"column":4},"end":{"line":249,"column":null}},"108":{"start":{"line":246,"column":19},"end":{"line":246,"column":null}},"109":{"start":{"line":247,"column":6},"end":{"line":247,"column":null}},"110":{"start":{"line":248,"column":6},"end":{"line":248,"column":null}},"111":{"start":{"line":253,"column":2},"end":{"line":262,"column":null}},"112":{"start":{"line":254,"column":18},"end":{"line":254,"column":null}},"113":{"start":{"line":255,"column":4},"end":{"line":261,"column":null}},"114":{"start":{"line":256,"column":6},"end":{"line":260,"column":null}},"115":{"start":{"line":257,"column":8},"end":{"line":257,"column":null}},"116":{"start":{"line":259,"column":8},"end":{"line":259,"column":null}},"117":{"start":{"line":265,"column":19},"end":{"line":280,"column":null}},"118":{"start":{"line":266,"column":4},"end":{"line":266,"column":null}},"119":{"start":{"line":266,"column":15},"end":{"line":266,"column":null}},"120":{"start":{"line":267,"column":4},"end":{"line":279,"column":null}},"121":{"start":{"line":269,"column":22},"end":{"line":269,"column":null}},"122":{"start":{"line":269,"column":39},"end":{"line":269,"column":49}},"123":{"start":{"line":271,"column":6},"end":{"line":271,"column":null}},"124":{"start":{"line":273,"column":6},"end":{"line":275,"column":null}},"125":{"start":{"line":274,"column":8},"end":{"line":274,"column":null}},"126":{"start":{"line":277,"column":6},"end":{"line":277,"column":null}},"127":{"start":{"line":278,"column":6},"end":{"line":278,"column":null}},"128":{"start":{"line":283,"column":2},"end":{"line":297,"column":null}},"129":{"start":{"line":286,"column":4},"end":{"line":290,"column":null}},"130":{"start":{"line":287,"column":6},"end":{"line":287,"column":null}},"131":{"start":{"line":288,"column":6},"end":{"line":288,"column":null}},"132":{"start":{"line":289,"column":6},"end":{"line":289,"column":null}},"133":{"start":{"line":291,"column":4},"end":{"line":291,"column":null}},"134":{"start":{"line":292,"column":4},"end":{"line":296,"column":null}},"135":{"start":{"line":293,"column":6},"end":{"line":293,"column":null}},"136":{"start":{"line":295,"column":6},"end":{"line":295,"column":null}},"137":{"start":{"line":304,"column":23},"end":{"line":328,"column":null}},"138":{"start":{"line":305,"column":4},"end":{"line":327,"column":null}},"139":{"start":{"line":306,"column":23},"end":{"line":306,"column":null}},"140":{"start":{"line":307,"column":6},"end":{"line":307,"column":null}},"141":{"start":{"line":308,"column":6},"end":{"line":311,"column":null}},"142":{"start":{"line":309,"column":8},"end":{"line":309,"column":null}},"143":{"start":{"line":310,"column":8},"end":{"line":310,"column":null}},"144":{"start":{"line":313,"column":23},"end":{"line":313,"column":null}},"145":{"start":{"line":315,"column":6},"end":{"line":319,"column":null}},"146":{"start":{"line":316,"column":8},"end":{"line":316,"column":null}},"147":{"start":{"line":318,"column":8},"end":{"line":318,"column":null}},"148":{"start":{"line":320,"column":6},"end":{"line":320,"column":null}},"149":{"start":{"line":321,"column":6},"end":{"line":321,"column":null}},"150":{"start":{"line":322,"column":6},"end":{"line":322,"column":null}},"151":{"start":{"line":323,"column":6},"end":{"line":323,"column":null}},"152":{"start":{"line":326,"column":6},"end":{"line":326,"column":null}},"153":{"start":{"line":334,"column":2},"end":{"line":373,"column":null}},"154":{"start":{"line":335,"column":24},"end":{"line":345,"column":null}},"155":{"start":{"line":336,"column":6},"end":{"line":336,"column":null}},"156":{"start":{"line":338,"column":6},"end":{"line":338,"column":null}},"157":{"start":{"line":340,"column":12},"end":{"line":340,"column":null}},"158":{"start":{"line":341,"column":6},"end":{"line":344,"column":null}},"159":{"start":{"line":342,"column":8},"end":{"line":342,"column":null}},"160":{"start":{"line":343,"column":8},"end":{"line":343,"column":null}},"161":{"start":{"line":347,"column":4},"end":{"line":347,"column":null}},"162":{"start":{"line":348,"column":4},"end":{"line":348,"column":null}},"163":{"start":{"line":351,"column":27},"end":{"line":371,"column":null}},"164":{"start":{"line":352,"column":6},"end":{"line":352,"column":null}},"165":{"start":{"line":355,"column":6},"end":{"line":355,"column":null}},"166":{"start":{"line":357,"column":29},"end":{"line":361,"column":null}},"167":{"start":{"line":358,"column":8},"end":{"line":360,"column":null}},"168":{"start":{"line":359,"column":10},"end":{"line":359,"column":null}},"169":{"start":{"line":362,"column":29},"end":{"line":365,"column":null}},"170":{"start":{"line":363,"column":8},"end":{"line":363,"column":null}},"171":{"start":{"line":364,"column":8},"end":{"line":364,"column":null}},"172":{"start":{"line":367,"column":6},"end":{"line":370,"column":null}},"173":{"start":{"line":368,"column":8},"end":{"line":368,"column":null}},"174":{"start":{"line":369,"column":8},"end":{"line":369,"column":null}},"175":{"start":{"line":372,"column":4},"end":{"line":372,"column":null}},"176":{"start":{"line":378,"column":25},"end":{"line":406,"column":null}},"177":{"start":{"line":380,"column":4},"end":{"line":382,"column":null}},"178":{"start":{"line":381,"column":6},"end":{"line":381,"column":null}},"179":{"start":{"line":384,"column":10},"end":{"line":384,"column":null}},"180":{"start":{"line":385,"column":16},"end":{"line":385,"column":null}},"181":{"start":{"line":386,"column":4},"end":{"line":389,"column":null}},"182":{"start":{"line":387,"column":23},"end":{"line":387,"column":null}},"183":{"start":{"line":388,"column":6},"end":{"line":388,"column":null}},"184":{"start":{"line":391,"column":4},"end":{"line":393,"column":null}},"185":{"start":{"line":392,"column":6},"end":{"line":392,"column":null}},"186":{"start":{"line":396,"column":4},"end":{"line":398,"column":null}},"187":{"start":{"line":397,"column":6},"end":{"line":397,"column":null}},"188":{"start":{"line":399,"column":4},"end":{"line":399,"column":null}},"189":{"start":{"line":400,"column":4},"end":{"line":405,"column":null}},"190":{"start":{"line":401,"column":6},"end":{"line":401,"column":null}},"191":{"start":{"line":402,"column":6},"end":{"line":402,"column":null}},"192":{"start":{"line":404,"column":6},"end":{"line":404,"column":null}},"193":{"start":{"line":412,"column":2},"end":{"line":414,"column":null}},"194":{"start":{"line":413,"column":4},"end":{"line":413,"column":null}},"195":{"start":{"line":422,"column":2},"end":{"line":427,"column":null}},"196":{"start":{"line":423,"column":4},"end":{"line":423,"column":null}},"197":{"start":{"line":424,"column":4},"end":{"line":426,"column":null}},"198":{"start":{"line":425,"column":6},"end":{"line":425,"column":null}},"199":{"start":{"line":434,"column":22},"end":{"line":437,"column":null}},"200":{"start":{"line":435,"column":4},"end":{"line":435,"column":null}},"201":{"start":{"line":436,"column":4},"end":{"line":436,"column":null}},"202":{"start":{"line":436,"column":21},"end":{"line":436,"column":55}},"203":{"start":{"line":445,"column":19},"end":{"line":466,"column":null}},"204":{"start":{"line":446,"column":4},"end":{"line":446,"column":null}},"205":{"start":{"line":447,"column":4},"end":{"line":465,"column":null}},"206":{"start":{"line":448,"column":23},"end":{"line":448,"column":null}},"207":{"start":{"line":451,"column":6},"end":{"line":453,"column":null}},"208":{"start":{"line":452,"column":8},"end":{"line":452,"column":null}},"209":{"start":{"line":455,"column":6},"end":{"line":455,"column":null}},"210":{"start":{"line":457,"column":6},"end":{"line":461,"column":null}},"211":{"start":{"line":458,"column":8},"end":{"line":458,"column":null}},"212":{"start":{"line":459,"column":8},"end":{"line":459,"column":null}},"213":{"start":{"line":460,"column":8},"end":{"line":460,"column":null}},"214":{"start":{"line":463,"column":6},"end":{"line":463,"column":null}},"215":{"start":{"line":472,"column":2},"end":{"line":488,"column":null}},"216":{"start":{"line":473,"column":4},"end":{"line":473,"column":null}},"217":{"start":{"line":473,"column":42},"end":{"line":473,"column":null}},"218":{"start":{"line":475,"column":4},"end":{"line":477,"column":null}},"219":{"start":{"line":476,"column":6},"end":{"line":476,"column":null}},"220":{"start":{"line":479,"column":4},"end":{"line":483,"column":null}},"221":{"start":{"line":480,"column":6},"end":{"line":482,"column":null}},"222":{"start":{"line":481,"column":8},"end":{"line":481,"column":null}},"223":{"start":{"line":485,"column":4},"end":{"line":487,"column":null}},"224":{"start":{"line":486,"column":6},"end":{"line":486,"column":null}},"225":{"start":{"line":486,"column":33},"end":{"line":486,"column":null}},"226":{"start":{"line":495,"column":2},"end":{"line":503,"column":null}},"227":{"start":{"line":496,"column":23},"end":{"line":500,"column":null}},"228":{"start":{"line":497,"column":6},"end":{"line":499,"column":null}},"229":{"start":{"line":498,"column":8},"end":{"line":498,"column":null}},"230":{"start":{"line":501,"column":4},"end":{"line":501,"column":null}},"231":{"start":{"line":502,"column":4},"end":{"line":502,"column":null}},"232":{"start":{"line":502,"column":17},"end":{"line":502,"column":null}},"233":{"start":{"line":510,"column":2},"end":{"line":542,"column":null}},"234":{"start":{"line":511,"column":10},"end":{"line":537,"column":null}},"235":{"start":{"line":512,"column":26},"end":{"line":512,"column":null}},"236":{"start":{"line":513,"column":6},"end":{"line":513,"column":null}},"237":{"start":{"line":514,"column":6},"end":{"line":536,"column":null}},"238":{"start":{"line":515,"column":8},"end":{"line":534,"column":null}},"239":{"start":{"line":516,"column":10},"end":{"line":516,"column":null}},"240":{"start":{"line":518,"column":10},"end":{"line":530,"column":null}},"241":{"start":{"line":519,"column":29},"end":{"line":519,"column":null}},"242":{"start":{"line":520,"column":12},"end":{"line":520,"column":null}},"243":{"start":{"line":521,"column":12},"end":{"line":521,"column":null}},"244":{"start":{"line":526,"column":12},"end":{"line":528,"column":null}},"245":{"start":{"line":527,"column":14},"end":{"line":527,"column":null}},"246":{"start":{"line":530,"column":24},"end":{"line":530,"column":59}},"247":{"start":{"line":532,"column":10},"end":{"line":532,"column":null}},"248":{"start":{"line":539,"column":4},"end":{"line":541,"column":null}},"249":{"start":{"line":540,"column":6},"end":{"line":540,"column":null}},"250":{"start":{"line":540,"column":25},"end":{"line":540,"column":28}},"251":{"start":{"line":550,"column":21},"end":{"line":587,"column":null}},"252":{"start":{"line":551,"column":4},"end":{"line":551,"column":null}},"253":{"start":{"line":554,"column":4},"end":{"line":554,"column":null}},"254":{"start":{"line":554,"column":28},"end":{"line":554,"column":null}},"255":{"start":{"line":556,"column":4},"end":{"line":586,"column":null}},"256":{"start":{"line":558,"column":6},"end":{"line":558,"column":null}},"257":{"start":{"line":564,"column":6},"end":{"line":567,"column":null}},"258":{"start":{"line":565,"column":8},"end":{"line":565,"column":null}},"259":{"start":{"line":566,"column":8},"end":{"line":566,"column":null}},"260":{"start":{"line":569,"column":6},"end":{"line":585,"column":null}},"261":{"start":{"line":570,"column":21},"end":{"line":576,"column":null}},"262":{"start":{"line":578,"column":8},"end":{"line":582,"column":null}},"263":{"start":{"line":579,"column":10},"end":{"line":579,"column":null}},"264":{"start":{"line":580,"column":10},"end":{"line":580,"column":null}},"265":{"start":{"line":581,"column":10},"end":{"line":581,"column":null}},"266":{"start":{"line":584,"column":8},"end":{"line":584,"column":null}},"267":{"start":{"line":595,"column":27},"end":{"line":615,"column":null}},"268":{"start":{"line":596,"column":31},"end":{"line":596,"column":null}},"269":{"start":{"line":598,"column":4},"end":{"line":603,"column":null}},"270":{"start":{"line":601,"column":6},"end":{"line":601,"column":null}},"271":{"start":{"line":602,"column":6},"end":{"line":602,"column":null}},"272":{"start":{"line":605,"column":4},"end":{"line":614,"column":null}},"273":{"start":{"line":606,"column":6},"end":{"line":606,"column":null}},"274":{"start":{"line":609,"column":6},"end":{"line":609,"column":null}},"275":{"start":{"line":610,"column":6},"end":{"line":610,"column":null}},"276":{"start":{"line":620,"column":24},"end":{"line":640,"column":null}},"277":{"start":{"line":621,"column":4},"end":{"line":621,"column":null}},"278":{"start":{"line":622,"column":21},"end":{"line":632,"column":null}},"279":{"start":{"line":634,"column":4},"end":{"line":636,"column":null}},"280":{"start":{"line":635,"column":6},"end":{"line":635,"column":null}},"281":{"start":{"line":638,"column":17},"end":{"line":638,"column":null}},"282":{"start":{"line":639,"column":4},"end":{"line":639,"column":null}},"283":{"start":{"line":646,"column":32},"end":{"line":659,"column":null}},"284":{"start":{"line":647,"column":4},"end":{"line":647,"column":null}},"285":{"start":{"line":648,"column":4},"end":{"line":658,"column":null}},"286":{"start":{"line":649,"column":21},"end":{"line":649,"column":null}},"287":{"start":{"line":650,"column":6},"end":{"line":654,"column":null}},"288":{"start":{"line":653,"column":8},"end":{"line":653,"column":null}},"289":{"start":{"line":656,"column":6},"end":{"line":656,"column":null}},"290":{"start":{"line":657,"column":6},"end":{"line":657,"column":null}},"291":{"start":{"line":665,"column":30},"end":{"line":676,"column":null}},"292":{"start":{"line":666,"column":4},"end":{"line":669,"column":null}},"293":{"start":{"line":667,"column":6},"end":{"line":667,"column":null}},"294":{"start":{"line":668,"column":6},"end":{"line":668,"column":null}},"295":{"start":{"line":670,"column":4},"end":{"line":675,"column":null}},"296":{"start":{"line":671,"column":25},"end":{"line":671,"column":null}},"297":{"start":{"line":672,"column":6},"end":{"line":672,"column":null}},"298":{"start":{"line":674,"column":6},"end":{"line":674,"column":null}},"299":{"start":{"line":685,"column":21},"end":{"line":698,"column":null}},"300":{"start":{"line":686,"column":4},"end":{"line":697,"column":null}},"301":{"start":{"line":687,"column":6},"end":{"line":687,"column":null}},"302":{"start":{"line":688,"column":21},"end":{"line":688,"column":null}},"303":{"start":{"line":689,"column":6},"end":{"line":689,"column":null}},"304":{"start":{"line":689,"column":19},"end":{"line":689,"column":null}},"305":{"start":{"line":690,"column":23},"end":{"line":690,"column":null}},"306":{"start":{"line":692,"column":6},"end":{"line":694,"column":null}},"307":{"start":{"line":693,"column":8},"end":{"line":693,"column":null}},"308":{"start":{"line":696,"column":6},"end":{"line":696,"column":null}},"309":{"start":{"line":704,"column":23},"end":{"line":751,"column":null}},"310":{"start":{"line":705,"column":4},"end":{"line":705,"column":null}},"311":{"start":{"line":709,"column":4},"end":{"line":709,"column":null}},"312":{"start":{"line":711,"column":4},"end":{"line":750,"column":5}},"313":{"start":{"line":712,"column":6},"end":{"line":749,"column":null}},"314":{"start":{"line":721,"column":25},"end":{"line":721,"column":null}},"315":{"start":{"line":722,"column":8},"end":{"line":722,"column":null}},"316":{"start":{"line":723,"column":8},"end":{"line":723,"column":null}},"317":{"start":{"line":726,"column":8},"end":{"line":726,"column":null}},"318":{"start":{"line":727,"column":8},"end":{"line":727,"column":null}},"319":{"start":{"line":728,"column":8},"end":{"line":728,"column":null}},"320":{"start":{"line":730,"column":8},"end":{"line":736,"column":null}},"321":{"start":{"line":731,"column":10},"end":{"line":731,"column":null}},"322":{"start":{"line":732,"column":10},"end":{"line":732,"column":null}},"323":{"start":{"line":735,"column":10},"end":{"line":735,"column":null}},"324":{"start":{"line":739,"column":8},"end":{"line":739,"column":null}},"325":{"start":{"line":740,"column":8},"end":{"line":740,"column":null}},"326":{"start":{"line":743,"column":8},"end":{"line":743,"column":null}},"327":{"start":{"line":748,"column":8},"end":{"line":748,"column":null}},"328":{"start":{"line":759,"column":2},"end":{"line":816,"column":null}},"329":{"start":{"line":760,"column":24},"end":{"line":814,"column":null}},"330":{"start":{"line":761,"column":6},"end":{"line":761,"column":null}},"331":{"start":{"line":763,"column":6},"end":{"line":763,"column":null}},"332":{"start":{"line":766,"column":24},"end":{"line":766,"column":null}},"333":{"start":{"line":768,"column":6},"end":{"line":768,"column":null}},"334":{"start":{"line":770,"column":6},"end":{"line":813,"column":null}},"335":{"start":{"line":771,"column":8},"end":{"line":771,"column":null}},"336":{"start":{"line":772,"column":8},"end":{"line":789,"column":null}},"337":{"start":{"line":773,"column":10},"end":{"line":773,"column":null}},"338":{"start":{"line":774,"column":10},"end":{"line":774,"column":null}},"339":{"start":{"line":776,"column":10},"end":{"line":776,"column":null}},"340":{"start":{"line":777,"column":10},"end":{"line":779,"column":null}},"341":{"start":{"line":778,"column":12},"end":{"line":778,"column":null}},"342":{"start":{"line":780,"column":10},"end":{"line":780,"column":null}},"343":{"start":{"line":782,"column":10},"end":{"line":786,"column":null}},"344":{"start":{"line":784,"column":12},"end":{"line":784,"column":null}},"345":{"start":{"line":785,"column":12},"end":{"line":785,"column":null}},"346":{"start":{"line":788,"column":10},"end":{"line":788,"column":null}},"347":{"start":{"line":793,"column":25},"end":{"line":793,"column":null}},"348":{"start":{"line":794,"column":8},"end":{"line":812,"column":null}},"349":{"start":{"line":795,"column":10},"end":{"line":795,"column":null}},"350":{"start":{"line":796,"column":10},"end":{"line":808,"column":null}},"351":{"start":{"line":797,"column":12},"end":{"line":797,"column":null}},"352":{"start":{"line":798,"column":29},"end":{"line":798,"column":null}},"353":{"start":{"line":799,"column":12},"end":{"line":799,"column":null}},"354":{"start":{"line":800,"column":12},"end":{"line":800,"column":null}},"355":{"start":{"line":801,"column":12},"end":{"line":801,"column":null}},"356":{"start":{"line":802,"column":12},"end":{"line":802,"column":null}},"357":{"start":{"line":803,"column":12},"end":{"line":803,"column":null}},"358":{"start":{"line":803,"column":35},"end":{"line":803,"column":null}},"359":{"start":{"line":805,"column":12},"end":{"line":805,"column":null}},"360":{"start":{"line":806,"column":12},"end":{"line":806,"column":null}},"361":{"start":{"line":807,"column":12},"end":{"line":807,"column":null}},"362":{"start":{"line":810,"column":10},"end":{"line":810,"column":null}},"363":{"start":{"line":811,"column":10},"end":{"line":811,"column":null}},"364":{"start":{"line":815,"column":4},"end":{"line":815,"column":null}},"365":{"start":{"line":823,"column":26},"end":{"line":831,"column":null}},"366":{"start":{"line":824,"column":4},"end":{"line":824,"column":null}},"367":{"start":{"line":825,"column":4},"end":{"line":830,"column":null}},"368":{"start":{"line":826,"column":6},"end":{"line":826,"column":null}},"369":{"start":{"line":828,"column":6},"end":{"line":828,"column":null}},"370":{"start":{"line":829,"column":6},"end":{"line":829,"column":null}},"371":{"start":{"line":837,"column":32},"end":{"line":851,"column":null}},"372":{"start":{"line":838,"column":4},"end":{"line":838,"column":null}},"373":{"start":{"line":838,"column":28},"end":{"line":838,"column":null}},"374":{"start":{"line":844,"column":4},"end":{"line":850,"column":null}},"375":{"start":{"line":845,"column":30},"end":{"line":845,"column":null}},"376":{"start":{"line":846,"column":6},"end":{"line":846,"column":null}},"377":{"start":{"line":847,"column":6},"end":{"line":847,"column":null}},"378":{"start":{"line":849,"column":6},"end":{"line":849,"column":null}},"379":{"start":{"line":858,"column":29},"end":{"line":886,"column":null}},"380":{"start":{"line":859,"column":4},"end":{"line":859,"column":null}},"381":{"start":{"line":862,"column":4},"end":{"line":868,"column":null}},"382":{"start":{"line":863,"column":6},"end":{"line":863,"column":null}},"383":{"start":{"line":864,"column":6},"end":{"line":867,"column":null}},"384":{"start":{"line":865,"column":8},"end":{"line":865,"column":null}},"385":{"start":{"line":866,"column":8},"end":{"line":866,"column":null}},"386":{"start":{"line":870,"column":4},"end":{"line":870,"column":null}},"387":{"start":{"line":896,"column":2},"end":{"line":985,"column":null}},"388":{"start":{"line":897,"column":26},"end":{"line":924,"column":null}},"389":{"start":{"line":899,"column":6},"end":{"line":903,"column":null}},"390":{"start":{"line":900,"column":8},"end":{"line":900,"column":null}},"391":{"start":{"line":901,"column":8},"end":{"line":901,"column":null}},"392":{"start":{"line":902,"column":8},"end":{"line":902,"column":null}},"393":{"start":{"line":906,"column":6},"end":{"line":912,"column":null}},"394":{"start":{"line":907,"column":8},"end":{"line":911,"column":null}},"395":{"start":{"line":908,"column":10},"end":{"line":908,"column":null}},"396":{"start":{"line":909,"column":10},"end":{"line":909,"column":null}},"397":{"start":{"line":910,"column":10},"end":{"line":910,"column":null}},"398":{"start":{"line":915,"column":12},"end":{"line":916,"column":null}},"399":{"start":{"line":917,"column":6},"end":{"line":923,"column":null}},"400":{"start":{"line":918,"column":8},"end":{"line":922,"column":null}},"401":{"start":{"line":919,"column":10},"end":{"line":919,"column":null}},"402":{"start":{"line":920,"column":10},"end":{"line":920,"column":null}},"403":{"start":{"line":921,"column":10},"end":{"line":921,"column":null}},"404":{"start":{"line":926,"column":4},"end":{"line":926,"column":null}},"405":{"start":{"line":933,"column":24},"end":{"line":942,"column":null}},"406":{"start":{"line":934,"column":6},"end":{"line":941,"column":null}},"407":{"start":{"line":935,"column":8},"end":{"line":935,"column":null}},"408":{"start":{"line":936,"column":8},"end":{"line":940,"column":null}},"409":{"start":{"line":937,"column":10},"end":{"line":937,"column":null}},"410":{"start":{"line":938,"column":8},"end":{"line":940,"column":null}},"411":{"start":{"line":939,"column":10},"end":{"line":939,"column":null}},"412":{"start":{"line":943,"column":4},"end":{"line":943,"column":null}},"413":{"start":{"line":945,"column":30},"end":{"line":967,"column":null}},"414":{"start":{"line":947,"column":23},"end":{"line":949,"column":null}},"415":{"start":{"line":950,"column":6},"end":{"line":950,"column":null}},"416":{"start":{"line":956,"column":18},"end":{"line":956,"column":null}},"417":{"start":{"line":959,"column":12},"end":{"line":959,"column":null}},"418":{"start":{"line":960,"column":20},"end":{"line":960,"column":null}},"419":{"start":{"line":961,"column":6},"end":{"line":961,"column":null}},"420":{"start":{"line":962,"column":22},"end":{"line":962,"column":null}},"421":{"start":{"line":963,"column":22},"end":{"line":964,"column":null}},"422":{"start":{"line":965,"column":6},"end":{"line":965,"column":null}},"423":{"start":{"line":966,"column":6},"end":{"line":966,"column":null}},"424":{"start":{"line":969,"column":29},"end":{"line":974,"column":null}},"425":{"start":{"line":971,"column":6},"end":{"line":971,"column":null}},"426":{"start":{"line":973,"column":6},"end":{"line":973,"column":null}},"427":{"start":{"line":976,"column":4},"end":{"line":976,"column":null}},"428":{"start":{"line":977,"column":4},"end":{"line":977,"column":null}},"429":{"start":{"line":979,"column":4},"end":{"line":984,"column":null}},"430":{"start":{"line":980,"column":6},"end":{"line":980,"column":null}},"431":{"start":{"line":981,"column":6},"end":{"line":981,"column":null}},"432":{"start":{"line":982,"column":6},"end":{"line":982,"column":null}},"433":{"start":{"line":983,"column":6},"end":{"line":983,"column":null}},"434":{"start":{"line":990,"column":2},"end":{"line":1075,"column":null}},"435":{"start":{"line":991,"column":4},"end":{"line":991,"column":null}},"436":{"start":{"line":991,"column":27},"end":{"line":991,"column":null}},"437":{"start":{"line":993,"column":25},"end":{"line":993,"column":null}},"438":{"start":{"line":994,"column":20},"end":{"line":994,"column":null}},"439":{"start":{"line":995,"column":4},"end":{"line":995,"column":null}},"440":{"start":{"line":995,"column":35},"end":{"line":995,"column":null}},"441":{"start":{"line":997,"column":20},"end":{"line":997,"column":null}},"442":{"start":{"line":1000,"column":25},"end":{"line":1012,"column":null}},"443":{"start":{"line":1001,"column":23},"end":{"line":1001,"column":null}},"444":{"start":{"line":1002,"column":25},"end":{"line":1002,"column":null}},"445":{"start":{"line":1003,"column":43},"end":{"line":1003,"column":null}},"446":{"start":{"line":1004,"column":6},"end":{"line":1010,"column":null}},"447":{"start":{"line":1005,"column":21},"end":{"line":1005,"column":null}},"448":{"start":{"line":1006,"column":8},"end":{"line":1009,"column":null}},"449":{"start":{"line":1007,"column":22},"end":{"line":1007,"column":null}},"450":{"start":{"line":1008,"column":10},"end":{"line":1008,"column":null}},"451":{"start":{"line":1011,"column":6},"end":{"line":1011,"column":null}},"452":{"start":{"line":1011,"column":32},"end":{"line":1011,"column":58}},"453":{"start":{"line":1014,"column":26},"end":{"line":1029,"column":null}},"454":{"start":{"line":1015,"column":6},"end":{"line":1015,"column":null}},"455":{"start":{"line":1015,"column":28},"end":{"line":1015,"column":null}},"456":{"start":{"line":1016,"column":6},"end":{"line":1016,"column":null}},"457":{"start":{"line":1016,"column":29},"end":{"line":1016,"column":null}},"458":{"start":{"line":1017,"column":6},"end":{"line":1019,"column":null}},"459":{"start":{"line":1018,"column":8},"end":{"line":1018,"column":null}},"460":{"start":{"line":1020,"column":6},"end":{"line":1027,"column":null}},"461":{"start":{"line":1020,"column":19},"end":{"line":1020,"column":22}},"462":{"start":{"line":1021,"column":8},"end":{"line":1026,"column":null}},"463":{"start":{"line":1022,"column":27},"end":{"line":1022,"column":null}},"464":{"start":{"line":1023,"column":27},"end":{"line":1023,"column":null}},"465":{"start":{"line":1024,"column":20},"end":{"line":1024,"column":null}},"466":{"start":{"line":1025,"column":10},"end":{"line":1025,"column":null}},"467":{"start":{"line":1028,"column":6},"end":{"line":1028,"column":null}},"468":{"start":{"line":1031,"column":26},"end":{"line":1044,"column":null}},"469":{"start":{"line":1032,"column":6},"end":{"line":1032,"column":null}},"470":{"start":{"line":1032,"column":28},"end":{"line":1032,"column":null}},"471":{"start":{"line":1033,"column":6},"end":{"line":1033,"column":null}},"472":{"start":{"line":1033,"column":28},"end":{"line":1033,"column":null}},"473":{"start":{"line":1034,"column":6},"end":{"line":1034,"column":null}},"474":{"start":{"line":1034,"column":41},"end":{"line":1034,"column":null}},"475":{"start":{"line":1035,"column":6},"end":{"line":1042,"column":null}},"476":{"start":{"line":1035,"column":19},"end":{"line":1035,"column":22}},"477":{"start":{"line":1036,"column":8},"end":{"line":1041,"column":null}},"478":{"start":{"line":1037,"column":27},"end":{"line":1037,"column":null}},"479":{"start":{"line":1038,"column":27},"end":{"line":1038,"column":null}},"480":{"start":{"line":1039,"column":20},"end":{"line":1039,"column":null}},"481":{"start":{"line":1040,"column":10},"end":{"line":1040,"column":null}},"482":{"start":{"line":1043,"column":6},"end":{"line":1043,"column":null}},"483":{"start":{"line":1046,"column":27},"end":{"line":1056,"column":null}},"484":{"start":{"line":1047,"column":6},"end":{"line":1047,"column":null}},"485":{"start":{"line":1047,"column":21},"end":{"line":1047,"column":null}},"486":{"start":{"line":1048,"column":21},"end":{"line":1048,"column":null}},"487":{"start":{"line":1049,"column":6},"end":{"line":1049,"column":null}},"488":{"start":{"line":1049,"column":19},"end":{"line":1049,"column":null}},"489":{"start":{"line":1050,"column":19},"end":{"line":1050,"column":null}},"490":{"start":{"line":1051,"column":6},"end":{"line":1051,"column":null}},"491":{"start":{"line":1051,"column":24},"end":{"line":1051,"column":null}},"492":{"start":{"line":1052,"column":21},"end":{"line":1052,"column":null}},"493":{"start":{"line":1053,"column":6},"end":{"line":1053,"column":null}},"494":{"start":{"line":1054,"column":6},"end":{"line":1054,"column":null}},"495":{"start":{"line":1055,"column":6},"end":{"line":1055,"column":null}},"496":{"start":{"line":1055,"column":36},"end":{"line":1055,"column":55}},"497":{"start":{"line":1058,"column":28},"end":{"line":1066,"column":null}},"498":{"start":{"line":1059,"column":6},"end":{"line":1059,"column":null}},"499":{"start":{"line":1059,"column":21},"end":{"line":1059,"column":null}},"500":{"start":{"line":1060,"column":21},"end":{"line":1060,"column":null}},"501":{"start":{"line":1061,"column":6},"end":{"line":1061,"column":null}},"502":{"start":{"line":1061,"column":19},"end":{"line":1061,"column":null}},"503":{"start":{"line":1062,"column":19},"end":{"line":1062,"column":null}},"504":{"start":{"line":1063,"column":6},"end":{"line":1063,"column":null}},"505":{"start":{"line":1064,"column":6},"end":{"line":1064,"column":null}},"506":{"start":{"line":1065,"column":6},"end":{"line":1065,"column":null}},"507":{"start":{"line":1065,"column":36},"end":{"line":1065,"column":55}},"508":{"start":{"line":1068,"column":4},"end":{"line":1068,"column":null}},"509":{"start":{"line":1069,"column":4},"end":{"line":1069,"column":null}},"510":{"start":{"line":1071,"column":4},"end":{"line":1074,"column":null}},"511":{"start":{"line":1072,"column":6},"end":{"line":1072,"column":null}},"512":{"start":{"line":1073,"column":6},"end":{"line":1073,"column":null}},"513":{"start":{"line":1102,"column":8},"end":{"line":1210,"column":null}},"514":{"start":{"line":1102,"column":55},"end":{"line":1210,"column":6}},"515":{"start":{"line":1104,"column":33},"end":{"line":1104,"column":null}},"516":{"start":{"line":1105,"column":6},"end":{"line":1117,"column":null}},"517":{"start":{"line":1109,"column":12},"end":{"line":1112,"column":null}},"518":{"start":{"line":1110,"column":14},"end":{"line":1110,"column":null}},"519":{"start":{"line":1111,"column":14},"end":{"line":1111,"column":null}},"520":{"start":{"line":1111,"column":41},"end":{"line":1111,"column":93}},"521":{"start":{"line":1121,"column":53},"end":{"line":1121,"column":null}},"522":{"start":{"line":1122,"column":20},"end":{"line":1122,"column":null}},"523":{"start":{"line":1123,"column":6},"end":{"line":1125,"column":null}},"524":{"start":{"line":1124,"column":8},"end":{"line":1124,"column":null}},"525":{"start":{"line":1126,"column":6},"end":{"line":1129,"column":null}},"526":{"start":{"line":1137,"column":23},"end":{"line":1137,"column":null}},"527":{"start":{"line":1138,"column":6},"end":{"line":1169,"column":null}},"528":{"start":{"line":1139,"column":27},"end":{"line":1139,"column":null}},"529":{"start":{"line":1140,"column":8},"end":{"line":1167,"column":null}},"530":{"start":{"line":1151,"column":40},"end":{"line":1151,"column":null}},"531":{"start":{"line":1152,"column":14},"end":{"line":1157,"column":null}},"532":{"start":{"line":1153,"column":30},"end":{"line":1154,"column":null}},"533":{"start":{"line":1155,"column":28},"end":{"line":1155,"column":null}},"534":{"start":{"line":1156,"column":16},"end":{"line":1156,"column":null}},"535":{"start":{"line":1156,"column":25},"end":{"line":1156,"column":null}},"536":{"start":{"line":1158,"column":14},"end":{"line":1165,"column":null}},"537":{"start":{"line":1159,"column":32},"end":{"line":1159,"column":null}},"538":{"start":{"line":1160,"column":16},"end":{"line":1164,"column":null}},"539":{"start":{"line":1163,"column":18},"end":{"line":1163,"column":null}},"540":{"start":{"line":1171,"column":6},"end":{"line":1171,"column":null}},"541":{"start":{"line":1174,"column":27},"end":{"line":1174,"column":null}},"542":{"start":{"line":1175,"column":6},"end":{"line":1175,"column":null}},"543":{"start":{"line":1175,"column":16},"end":{"line":1175,"column":null}},"544":{"start":{"line":1176,"column":6},"end":{"line":1178,"column":null}},"545":{"start":{"line":1177,"column":8},"end":{"line":1177,"column":null}},"546":{"start":{"line":1179,"column":6},"end":{"line":1207,"column":null}},"547":{"start":{"line":1180,"column":30},"end":{"line":1180,"column":null}},"548":{"start":{"line":1182,"column":29},"end":{"line":1182,"column":null}},"549":{"start":{"line":1183,"column":26},"end":{"line":1183,"column":null}},"550":{"start":{"line":1184,"column":27},"end":{"line":1184,"column":null}},"551":{"start":{"line":1186,"column":25},"end":{"line":1186,"column":null}},"552":{"start":{"line":1187,"column":8},"end":{"line":1192,"column":null}},"553":{"start":{"line":1188,"column":10},"end":{"line":1188,"column":null}},"554":{"start":{"line":1191,"column":10},"end":{"line":1191,"column":null}},"555":{"start":{"line":1197,"column":34},"end":{"line":1197,"column":null}},"556":{"start":{"line":1198,"column":29},"end":{"line":1198,"column":null}},"557":{"start":{"line":1200,"column":8},"end":{"line":1205,"column":null}},"558":{"start":{"line":1201,"column":10},"end":{"line":1201,"column":null}},"559":{"start":{"line":1201,"column":29},"end":{"line":1201,"column":null}},"560":{"start":{"line":1202,"column":10},"end":{"line":1204,"column":null}},"561":{"start":{"line":1203,"column":32},"end":{"line":1203,"column":57}},"562":{"start":{"line":1204,"column":33},"end":{"line":1204,"column":67}},"563":{"start":{"line":1206,"column":8},"end":{"line":1206,"column":null}},"564":{"start":{"line":1208,"column":6},"end":{"line":1208,"column":null}},"565":{"start":{"line":1212,"column":8},"end":{"line":1225,"column":null}},"566":{"start":{"line":1213,"column":4},"end":{"line":1224,"column":null}},"567":{"start":{"line":1229,"column":2},"end":{"line":1243,"column":null}},"568":{"start":{"line":1230,"column":4},"end":{"line":1241,"column":null}},"569":{"start":{"line":1245,"column":2},"end":{"line":1472,"column":null}},"570":{"start":{"line":1269,"column":27},"end":{"line":1269,"column":null}},"571":{"start":{"line":1325,"column":27},"end":{"line":1325,"column":null}},"572":{"start":{"line":1365,"column":53},"end":{"line":1365,"column":72}},"573":{"start":{"line":1371,"column":46},"end":{"line":1374,"column":18}},"574":{"start":{"line":1373,"column":33},"end":{"line":1373,"column":null}},"575":{"start":{"line":1383,"column":33},"end":{"line":1383,"column":75}},"576":{"start":{"line":1387,"column":33},"end":{"line":1387,"column":70}},"577":{"start":{"line":1395,"column":33},"end":{"line":1395,"column":70}},"578":{"start":{"line":1399,"column":40},"end":{"line":1399,"column":65}}},"fnMap":{"0":{"name":"(anonymous_0)","decl":{"start":{"line":55,"column":29},"end":{"line":55,"column":35}},"loc":{"start":{"line":55,"column":35},"end":{"line":66,"column":null}},"line":55},"1":{"name":"(anonymous_1)","decl":{"start":{"line":55,"column":35},"end":{"line":55,"column":36}},"loc":{"start":{"line":55,"column":50},"end":{"line":66,"column":null}},"line":55},"2":{"name":"(anonymous_2)","decl":{"start":{"line":56,"column":15},"end":{"line":56,"column":16}},"loc":{"start":{"line":56,"column":30},"end":{"line":64,"column":null}},"line":56},"3":{"name":"(anonymous_3)","decl":{"start":{"line":82,"column":21},"end":{"line":82,"column":22}},"loc":{"start":{"line":82,"column":39},"end":{"line":82,"column":null}},"line":82},"4":{"name":"(anonymous_4)","decl":{"start":{"line":83,"column":21},"end":{"line":83,"column":22}},"loc":{"start":{"line":83,"column":38},"end":{"line":83,"column":null}},"line":83},"5":{"name":"App","decl":{"start":{"line":88,"column":9},"end":{"line":88,"column":15}},"loc":{"start":{"line":88,"column":15},"end":{"line":1474,"column":null}},"line":88},"6":{"name":"(anonymous_6)","decl":{"start":{"line":93,"column":12},"end":{"line":93,"column":18}},"loc":{"start":{"line":93,"column":18},"end":{"line":96,"column":5}},"line":93},"7":{"name":"(anonymous_7)","decl":{"start":{"line":102,"column":12},"end":{"line":102,"column":18}},"loc":{"start":{"line":102,"column":18},"end":{"line":117,"column":5}},"line":102},"8":{"name":"(anonymous_8)","decl":{"start":{"line":103,"column":22},"end":{"line":103,"column":23}},"loc":{"start":{"line":103,"column":44},"end":{"line":107,"column":null}},"line":103},"9":{"name":"(anonymous_9)","decl":{"start":{"line":108,"column":26},"end":{"line":108,"column":27}},"loc":{"start":{"line":108,"column":45},"end":{"line":110,"column":null}},"line":108},"10":{"name":"(anonymous_10)","decl":{"start":{"line":113,"column":11},"end":{"line":113,"column":17}},"loc":{"start":{"line":113,"column":17},"end":{"line":116,"column":null}},"line":113},"11":{"name":"(anonymous_11)","decl":{"start":{"line":180,"column":41},"end":{"line":180,"column":42}},"loc":{"start":{"line":180,"column":62},"end":{"line":182,"column":5}},"line":180},"12":{"name":"(anonymous_12)","decl":{"start":{"line":190,"column":33},"end":{"line":190,"column":34}},"loc":{"start":{"line":190,"column":58},"end":{"line":221,"column":null}},"line":190},"13":{"name":"(anonymous_13)","decl":{"start":{"line":201,"column":24},"end":{"line":201,"column":25}},"loc":{"start":{"line":201,"column":44},"end":{"line":209,"column":null}},"line":201},"14":{"name":"(anonymous_14)","decl":{"start":{"line":203,"column":36},"end":{"line":203,"column":42}},"loc":{"start":{"line":203,"column":42},"end":{"line":208,"column":7}},"line":203},"15":{"name":"(anonymous_15)","decl":{"start":{"line":210,"column":22},"end":{"line":210,"column":28}},"loc":{"start":{"line":210,"column":28},"end":{"line":216,"column":null}},"line":210},"16":{"name":"(anonymous_16)","decl":{"start":{"line":230,"column":53},"end":{"line":230,"column":59}},"loc":{"start":{"line":230,"column":59},"end":{"line":234,"column":3}},"line":230},"17":{"name":"(anonymous_17)","decl":{"start":{"line":236,"column":45},"end":{"line":236,"column":51}},"loc":{"start":{"line":236,"column":51},"end":{"line":242,"column":5}},"line":236},"18":{"name":"(anonymous_18)","decl":{"start":{"line":237,"column":16},"end":{"line":237,"column":24}},"loc":{"start":{"line":237,"column":24},"end":{"line":241,"column":5}},"line":237},"19":{"name":"(anonymous_19)","decl":{"start":{"line":244,"column":45},"end":{"line":244,"column":51}},"loc":{"start":{"line":244,"column":51},"end":{"line":250,"column":5}},"line":244},"20":{"name":"(anonymous_20)","decl":{"start":{"line":245,"column":16},"end":{"line":245,"column":24}},"loc":{"start":{"line":245,"column":24},"end":{"line":249,"column":5}},"line":245},"21":{"name":"(anonymous_21)","decl":{"start":{"line":253,"column":12},"end":{"line":253,"column":18}},"loc":{"start":{"line":253,"column":18},"end":{"line":262,"column":5}},"line":253},"22":{"name":"(anonymous_22)","decl":{"start":{"line":265,"column":19},"end":{"line":265,"column":20}},"loc":{"start":{"line":265,"column":37},"end":{"line":280,"column":null}},"line":265},"23":{"name":"(anonymous_23)","decl":{"start":{"line":267,"column":15},"end":{"line":267,"column":23}},"loc":{"start":{"line":267,"column":23},"end":{"line":279,"column":5}},"line":267},"24":{"name":"(anonymous_24)","decl":{"start":{"line":269,"column":34},"end":{"line":269,"column":39}},"loc":{"start":{"line":269,"column":39},"end":{"line":269,"column":49}},"line":269},"25":{"name":"(anonymous_25)","decl":{"start":{"line":283,"column":12},"end":{"line":283,"column":18}},"loc":{"start":{"line":283,"column":18},"end":{"line":297,"column":5}},"line":283},"26":{"name":"(anonymous_26)","decl":{"start":{"line":304,"column":23},"end":{"line":304,"column":35}},"loc":{"start":{"line":304,"column":35},"end":{"line":328,"column":null}},"line":304},"27":{"name":"(anonymous_27)","decl":{"start":{"line":334,"column":12},"end":{"line":334,"column":18}},"loc":{"start":{"line":334,"column":18},"end":{"line":373,"column":5}},"line":334},"28":{"name":"(anonymous_28)","decl":{"start":{"line":335,"column":24},"end":{"line":335,"column":36}},"loc":{"start":{"line":335,"column":36},"end":{"line":345,"column":null}},"line":335},"29":{"name":"(anonymous_29)","decl":{"start":{"line":351,"column":27},"end":{"line":351,"column":39}},"loc":{"start":{"line":351,"column":39},"end":{"line":371,"column":null}},"line":351},"30":{"name":"(anonymous_30)","decl":{"start":{"line":357,"column":65},"end":{"line":357,"column":71}},"loc":{"start":{"line":357,"column":71},"end":{"line":361,"column":7}},"line":357},"31":{"name":"(anonymous_31)","decl":{"start":{"line":362,"column":65},"end":{"line":362,"column":71}},"loc":{"start":{"line":362,"column":71},"end":{"line":365,"column":7}},"line":362},"32":{"name":"(anonymous_32)","decl":{"start":{"line":367,"column":13},"end":{"line":367,"column":19}},"loc":{"start":{"line":367,"column":19},"end":{"line":370,"column":null}},"line":367},"33":{"name":"(anonymous_33)","decl":{"start":{"line":378,"column":25},"end":{"line":378,"column":32}},"loc":{"start":{"line":378,"column":72},"end":{"line":406,"column":null}},"line":378},"34":{"name":"(anonymous_34)","decl":{"start":{"line":412,"column":12},"end":{"line":412,"column":18}},"loc":{"start":{"line":412,"column":18},"end":{"line":414,"column":5}},"line":412},"35":{"name":"(anonymous_35)","decl":{"start":{"line":422,"column":12},"end":{"line":422,"column":18}},"loc":{"start":{"line":422,"column":18},"end":{"line":427,"column":5}},"line":422},"36":{"name":"(anonymous_36)","decl":{"start":{"line":434,"column":22},"end":{"line":434,"column":28}},"loc":{"start":{"line":434,"column":28},"end":{"line":437,"column":null}},"line":434},"37":{"name":"(anonymous_37)","decl":{"start":{"line":436,"column":13},"end":{"line":436,"column":21}},"loc":{"start":{"line":436,"column":21},"end":{"line":436,"column":55}},"line":436},"38":{"name":"(anonymous_38)","decl":{"start":{"line":445,"column":19},"end":{"line":445,"column":26}},"loc":{"start":{"line":445,"column":57},"end":{"line":466,"column":null}},"line":445},"39":{"name":"(anonymous_39)","decl":{"start":{"line":472,"column":12},"end":{"line":472,"column":18}},"loc":{"start":{"line":472,"column":18},"end":{"line":488,"column":5}},"line":472},"40":{"name":"(anonymous_40)","decl":{"start":{"line":479,"column":46},"end":{"line":479,"column":52}},"loc":{"start":{"line":479,"column":52},"end":{"line":483,"column":7}},"line":479},"41":{"name":"(anonymous_41)","decl":{"start":{"line":485,"column":11},"end":{"line":485,"column":17}},"loc":{"start":{"line":485,"column":17},"end":{"line":487,"column":null}},"line":485},"42":{"name":"(anonymous_42)","decl":{"start":{"line":495,"column":12},"end":{"line":495,"column":18}},"loc":{"start":{"line":495,"column":18},"end":{"line":503,"column":5}},"line":495},"43":{"name":"(anonymous_43)","decl":{"start":{"line":496,"column":23},"end":{"line":496,"column":29}},"loc":{"start":{"line":496,"column":29},"end":{"line":500,"column":null}},"line":496},"44":{"name":"(anonymous_44)","decl":{"start":{"line":502,"column":11},"end":{"line":502,"column":17}},"loc":{"start":{"line":502,"column":17},"end":{"line":502,"column":null}},"line":502},"45":{"name":"(anonymous_45)","decl":{"start":{"line":510,"column":12},"end":{"line":510,"column":18}},"loc":{"start":{"line":510,"column":18},"end":{"line":542,"column":5}},"line":510},"46":{"name":"(anonymous_46)","decl":{"start":{"line":511,"column":44},"end":{"line":511,"column":51}},"loc":{"start":{"line":511,"column":61},"end":{"line":537,"column":5}},"line":511},"47":{"name":"(anonymous_47)","decl":{"start":{"line":539,"column":11},"end":{"line":539,"column":17}},"loc":{"start":{"line":539,"column":17},"end":{"line":541,"column":null}},"line":539},"48":{"name":"(anonymous_48)","decl":{"start":{"line":540,"column":20},"end":{"line":540,"column":25}},"loc":{"start":{"line":540,"column":25},"end":{"line":540,"column":28}},"line":540},"49":{"name":"(anonymous_49)","decl":{"start":{"line":550,"column":21},"end":{"line":550,"column":28}},"loc":{"start":{"line":550,"column":58},"end":{"line":587,"column":null}},"line":550},"50":{"name":"(anonymous_50)","decl":{"start":{"line":595,"column":27},"end":{"line":595,"column":34}},"loc":{"start":{"line":595,"column":57},"end":{"line":615,"column":null}},"line":595},"51":{"name":"(anonymous_51)","decl":{"start":{"line":620,"column":24},"end":{"line":620,"column":70}},"loc":{"start":{"line":620,"column":70},"end":{"line":640,"column":null}},"line":620},"52":{"name":"(anonymous_52)","decl":{"start":{"line":646,"column":32},"end":{"line":646,"column":44}},"loc":{"start":{"line":646,"column":44},"end":{"line":659,"column":null}},"line":646},"53":{"name":"(anonymous_53)","decl":{"start":{"line":665,"column":30},"end":{"line":665,"column":42}},"loc":{"start":{"line":665,"column":42},"end":{"line":676,"column":null}},"line":665},"54":{"name":"(anonymous_54)","decl":{"start":{"line":685,"column":21},"end":{"line":685,"column":33}},"loc":{"start":{"line":685,"column":33},"end":{"line":698,"column":null}},"line":685},"55":{"name":"(anonymous_55)","decl":{"start":{"line":704,"column":23},"end":{"line":704,"column":30}},"loc":{"start":{"line":704,"column":47},"end":{"line":751,"column":null}},"line":704},"56":{"name":"(anonymous_56)","decl":{"start":{"line":759,"column":12},"end":{"line":759,"column":18}},"loc":{"start":{"line":759,"column":18},"end":{"line":816,"column":5}},"line":759},"57":{"name":"(anonymous_57)","decl":{"start":{"line":760,"column":24},"end":{"line":760,"column":36}},"loc":{"start":{"line":760,"column":36},"end":{"line":814,"column":null}},"line":760},"58":{"name":"(anonymous_58)","decl":{"start":{"line":823,"column":26},"end":{"line":823,"column":38}},"loc":{"start":{"line":823,"column":38},"end":{"line":831,"column":null}},"line":823},"59":{"name":"(anonymous_59)","decl":{"start":{"line":837,"column":32},"end":{"line":837,"column":44}},"loc":{"start":{"line":837,"column":44},"end":{"line":851,"column":null}},"line":837},"60":{"name":"(anonymous_60)","decl":{"start":{"line":858,"column":29},"end":{"line":858,"column":41}},"loc":{"start":{"line":858,"column":41},"end":{"line":886,"column":null}},"line":858},"61":{"name":"(anonymous_61)","decl":{"start":{"line":896,"column":12},"end":{"line":896,"column":18}},"loc":{"start":{"line":896,"column":18},"end":{"line":985,"column":5}},"line":896},"62":{"name":"(anonymous_62)","decl":{"start":{"line":897,"column":26},"end":{"line":897,"column":27}},"loc":{"start":{"line":897,"column":48},"end":{"line":924,"column":null}},"line":897},"63":{"name":"(anonymous_63)","decl":{"start":{"line":933,"column":24},"end":{"line":933,"column":25}},"loc":{"start":{"line":933,"column":43},"end":{"line":942,"column":null}},"line":933},"64":{"name":"(anonymous_64)","decl":{"start":{"line":945,"column":30},"end":{"line":945,"column":36}},"loc":{"start":{"line":945,"column":36},"end":{"line":967,"column":null}},"line":945},"65":{"name":"(anonymous_65)","decl":{"start":{"line":969,"column":29},"end":{"line":969,"column":35}},"loc":{"start":{"line":969,"column":35},"end":{"line":974,"column":null}},"line":969},"66":{"name":"(anonymous_66)","decl":{"start":{"line":979,"column":11},"end":{"line":979,"column":17}},"loc":{"start":{"line":979,"column":17},"end":{"line":984,"column":null}},"line":979},"67":{"name":"(anonymous_67)","decl":{"start":{"line":990,"column":12},"end":{"line":990,"column":18}},"loc":{"start":{"line":990,"column":18},"end":{"line":1075,"column":5}},"line":990},"68":{"name":"(anonymous_68)","decl":{"start":{"line":1000,"column":25},"end":{"line":1000,"column":56}},"loc":{"start":{"line":1000,"column":56},"end":{"line":1012,"column":null}},"line":1000},"69":{"name":"(anonymous_69)","decl":{"start":{"line":1004,"column":23},"end":{"line":1004,"column":29}},"loc":{"start":{"line":1004,"column":29},"end":{"line":1010,"column":7}},"line":1004},"70":{"name":"(anonymous_70)","decl":{"start":{"line":1011,"column":22},"end":{"line":1011,"column":23}},"loc":{"start":{"line":1011,"column":32},"end":{"line":1011,"column":58}},"line":1011},"71":{"name":"(anonymous_71)","decl":{"start":{"line":1014,"column":26},"end":{"line":1014,"column":27}},"loc":{"start":{"line":1014,"column":82},"end":{"line":1029,"column":null}},"line":1014},"72":{"name":"(anonymous_72)","decl":{"start":{"line":1031,"column":26},"end":{"line":1031,"column":27}},"loc":{"start":{"line":1031,"column":81},"end":{"line":1044,"column":null}},"line":1031},"73":{"name":"(anonymous_73)","decl":{"start":{"line":1046,"column":27},"end":{"line":1046,"column":33}},"loc":{"start":{"line":1046,"column":33},"end":{"line":1056,"column":null}},"line":1046},"74":{"name":"(anonymous_74)","decl":{"start":{"line":1055,"column":28},"end":{"line":1055,"column":34}},"loc":{"start":{"line":1055,"column":34},"end":{"line":1055,"column":56}},"line":1055},"75":{"name":"(anonymous_75)","decl":{"start":{"line":1058,"column":28},"end":{"line":1058,"column":34}},"loc":{"start":{"line":1058,"column":34},"end":{"line":1066,"column":null}},"line":1058},"76":{"name":"(anonymous_76)","decl":{"start":{"line":1065,"column":28},"end":{"line":1065,"column":34}},"loc":{"start":{"line":1065,"column":34},"end":{"line":1065,"column":56}},"line":1065},"77":{"name":"(anonymous_77)","decl":{"start":{"line":1071,"column":11},"end":{"line":1071,"column":17}},"loc":{"start":{"line":1071,"column":17},"end":{"line":1074,"column":null}},"line":1071},"78":{"name":"(anonymous_78)","decl":{"start":{"line":1102,"column":48},"end":{"line":1102,"column":55}},"loc":{"start":{"line":1102,"column":55},"end":{"line":1210,"column":6}},"line":1102},"79":{"name":"(anonymous_79)","decl":{"start":{"line":1103,"column":4},"end":{"line":1103,"column":6}},"loc":{"start":{"line":1103,"column":13},"end":{"line":1119,"column":null}},"line":1103},"80":{"name":"(anonymous_80)","decl":{"start":{"line":1108,"column":19},"end":{"line":1108,"column":20}},"loc":{"start":{"line":1108,"column":26},"end":{"line":1113,"column":null}},"line":1108},"81":{"name":"(anonymous_81)","decl":{"start":{"line":1111,"column":34},"end":{"line":1111,"column":41}},"loc":{"start":{"line":1111,"column":41},"end":{"line":1111,"column":93}},"line":1111},"82":{"name":"(anonymous_82)","decl":{"start":{"line":1120,"column":4},"end":{"line":1120,"column":9}},"loc":{"start":{"line":1120,"column":16},"end":{"line":1131,"column":null}},"line":1120},"83":{"name":"(anonymous_83)","decl":{"start":{"line":1136,"column":4},"end":{"line":1136,"column":10}},"loc":{"start":{"line":1136,"column":17},"end":{"line":1172,"column":null}},"line":1136},"84":{"name":"(anonymous_84)","decl":{"start":{"line":1150,"column":22},"end":{"line":1150,"column":23}},"loc":{"start":{"line":1150,"column":29},"end":{"line":1166,"column":null}},"line":1150},"85":{"name":"(anonymous_85)","decl":{"start":{"line":1173,"column":4},"end":{"line":1173,"column":8}},"loc":{"start":{"line":1173,"column":15},"end":{"line":1209,"column":null}},"line":1173},"86":{"name":"(anonymous_86)","decl":{"start":{"line":1200,"column":18},"end":{"line":1200,"column":24}},"loc":{"start":{"line":1200,"column":24},"end":{"line":1205,"column":11}},"line":1200},"87":{"name":"(anonymous_87)","decl":{"start":{"line":1203,"column":18},"end":{"line":1203,"column":19}},"loc":{"start":{"line":1203,"column":32},"end":{"line":1203,"column":57}},"line":1203},"88":{"name":"(anonymous_88)","decl":{"start":{"line":1204,"column":19},"end":{"line":1204,"column":20}},"loc":{"start":{"line":1204,"column":33},"end":{"line":1204,"column":67}},"line":1204},"89":{"name":"(anonymous_89)","decl":{"start":{"line":1212,"column":34},"end":{"line":1212,"column":null}},"loc":{"start":{"line":1213,"column":4},"end":{"line":1224,"column":null}},"line":1213},"90":{"name":"(anonymous_90)","decl":{"start":{"line":1269,"column":21},"end":{"line":1269,"column":27}},"loc":{"start":{"line":1269,"column":27},"end":{"line":1269,"column":null}},"line":1269},"91":{"name":"(anonymous_91)","decl":{"start":{"line":1325,"column":22},"end":{"line":1325,"column":27}},"loc":{"start":{"line":1325,"column":27},"end":{"line":1325,"column":null}},"line":1325},"92":{"name":"(anonymous_92)","decl":{"start":{"line":1365,"column":47},"end":{"line":1365,"column":53}},"loc":{"start":{"line":1365,"column":53},"end":{"line":1365,"column":72}},"line":1365},"93":{"name":"(anonymous_93)","decl":{"start":{"line":1371,"column":37},"end":{"line":1371,"column":46}},"loc":{"start":{"line":1371,"column":46},"end":{"line":1374,"column":18}},"line":1371},"94":{"name":"(anonymous_94)","decl":{"start":{"line":1373,"column":27},"end":{"line":1373,"column":33}},"loc":{"start":{"line":1373,"column":33},"end":{"line":1373,"column":null}},"line":1373},"95":{"name":"(anonymous_95)","decl":{"start":{"line":1383,"column":25},"end":{"line":1383,"column":31}},"loc":{"start":{"line":1383,"column":31},"end":{"line":1383,"column":null}},"line":1383},"96":{"name":"(anonymous_96)","decl":{"start":{"line":1387,"column":25},"end":{"line":1387,"column":31}},"loc":{"start":{"line":1387,"column":31},"end":{"line":1387,"column":null}},"line":1387},"97":{"name":"(anonymous_97)","decl":{"start":{"line":1395,"column":25},"end":{"line":1395,"column":31}},"loc":{"start":{"line":1395,"column":31},"end":{"line":1395,"column":null}},"line":1395},"98":{"name":"(anonymous_98)","decl":{"start":{"line":1399,"column":40},"end":{"line":1399,"column":46}},"loc":{"start":{"line":1399,"column":40},"end":{"line":1399,"column":65}},"line":1399}},"branchMap":{"0":{"loc":{"start":{"line":51,"column":17},"end":{"line":51,"column":null}},"type":"binary-expr","locations":[{"start":{"line":51,"column":17},"end":{"line":51,"column":44}},{"start":{"line":51,"column":44},"end":{"line":51,"column":null}}],"line":51},"1":{"loc":{"start":{"line":57,"column":4},"end":{"line":60,"column":null}},"type":"if","locations":[{"start":{"line":57,"column":4},"end":{"line":60,"column":null}},{"start":{},"end":{}}],"line":57},"2":{"loc":{"start":{"line":57,"column":8},"end":{"line":57,"column":71}},"type":"binary-expr","locations":[{"start":{"line":57,"column":8},"end":{"line":57,"column":35}},{"start":{"line":57,"column":35},"end":{"line":57,"column":71}}],"line":57},"3":{"loc":{"start":{"line":58,"column":24},"end":{"line":58,"column":null}},"type":"binary-expr","locations":[{"start":{"line":58,"column":24},"end":{"line":58,"column":43}},{"start":{"line":58,"column":43},"end":{"line":58,"column":null}}],"line":58},"4":{"loc":{"start":{"line":61,"column":4},"end":{"line":63,"column":null}},"type":"if","locations":[{"start":{"line":61,"column":4},"end":{"line":63,"column":null}},{"start":{},"end":{}}],"line":61},"5":{"loc":{"start":{"line":83,"column":38},"end":{"line":83,"column":null}},"type":"binary-expr","locations":[{"start":{"line":83,"column":38},"end":{"line":83,"column":61}},{"start":{"line":83,"column":61},"end":{"line":83,"column":null}}],"line":83},"6":{"loc":{"start":{"line":104,"column":6},"end":{"line":106,"column":null}},"type":"if","locations":[{"start":{"line":104,"column":6},"end":{"line":106,"column":null}},{"start":{},"end":{}}],"line":104},"7":{"loc":{"start":{"line":104,"column":10},"end":{"line":104,"column":73}},"type":"binary-expr","locations":[{"start":{"line":104,"column":10},"end":{"line":104,"column":30}},{"start":{"line":104,"column":30},"end":{"line":104,"column":43}},{"start":{"line":104,"column":43},"end":{"line":104,"column":57}},{"start":{"line":104,"column":57},"end":{"line":104,"column":73}}],"line":104},"8":{"loc":{"start":{"line":133,"column":21},"end":{"line":133,"column":null}},"type":"cond-expr","locations":[{"start":{"line":133,"column":42},"end":{"line":133,"column":66}},{"start":{"line":133,"column":66},"end":{"line":133,"column":null}}],"line":133},"9":{"loc":{"start":{"line":136,"column":11},"end":{"line":136,"column":null}},"type":"cond-expr","locations":[{"start":{"line":136,"column":32},"end":{"line":136,"column":44}},{"start":{"line":136,"column":44},"end":{"line":136,"column":null}}],"line":136},"10":{"loc":{"start":{"line":193,"column":4},"end":{"line":193,"column":null}},"type":"if","locations":[{"start":{"line":193,"column":4},"end":{"line":193,"column":null}},{"start":{},"end":{}}],"line":193},"11":{"loc":{"start":{"line":196,"column":21},"end":{"line":196,"column":null}},"type":"cond-expr","locations":[{"start":{"line":196,"column":32},"end":{"line":196,"column":44}},{"start":{"line":196,"column":44},"end":{"line":196,"column":null}}],"line":196},"12":{"loc":{"start":{"line":197,"column":26},"end":{"line":197,"column":null}},"type":"cond-expr","locations":[{"start":{"line":197,"column":37},"end":{"line":197,"column":51}},{"start":{"line":197,"column":51},"end":{"line":197,"column":null}}],"line":197},"13":{"loc":{"start":{"line":202,"column":6},"end":{"line":202,"column":null}},"type":"if","locations":[{"start":{"line":202,"column":6},"end":{"line":202,"column":null}},{"start":{},"end":{}}],"line":202},"14":{"loc":{"start":{"line":204,"column":23},"end":{"line":204,"column":61}},"type":"cond-expr","locations":[{"start":{"line":204,"column":34},"end":{"line":204,"column":47}},{"start":{"line":204,"column":47},"end":{"line":204,"column":61}}],"line":204},"15":{"loc":{"start":{"line":211,"column":6},"end":{"line":211,"column":null}},"type":"if","locations":[{"start":{"line":211,"column":6},"end":{"line":211,"column":null}},{"start":{},"end":{}}],"line":211},"16":{"loc":{"start":{"line":217,"column":33},"end":{"line":217,"column":null}},"type":"cond-expr","locations":[{"start":{"line":217,"column":44},"end":{"line":217,"column":59}},{"start":{"line":217,"column":59},"end":{"line":217,"column":null}}],"line":217},"17":{"loc":{"start":{"line":232,"column":19},"end":{"line":232,"column":null}},"type":"cond-expr","locations":[{"start":{"line":232,"column":27},"end":{"line":232,"column":49}},{"start":{"line":232,"column":49},"end":{"line":232,"column":null}}],"line":232},"18":{"loc":{"start":{"line":233,"column":11},"end":{"line":233,"column":null}},"type":"cond-expr","locations":[{"start":{"line":233,"column":27},"end":{"line":233,"column":33}},{"start":{"line":233,"column":33},"end":{"line":233,"column":null}}],"line":233},"19":{"loc":{"start":{"line":255,"column":4},"end":{"line":261,"column":null}},"type":"if","locations":[{"start":{"line":255,"column":4},"end":{"line":261,"column":null}},{"start":{},"end":{}}],"line":255},"20":{"loc":{"start":{"line":266,"column":4},"end":{"line":266,"column":null}},"type":"if","locations":[{"start":{"line":266,"column":4},"end":{"line":266,"column":null}},{"start":{},"end":{}}],"line":266},"21":{"loc":{"start":{"line":273,"column":6},"end":{"line":275,"column":null}},"type":"if","locations":[{"start":{"line":273,"column":6},"end":{"line":275,"column":null}},{"start":{},"end":{}}],"line":273},"22":{"loc":{"start":{"line":286,"column":4},"end":{"line":290,"column":null}},"type":"if","locations":[{"start":{"line":286,"column":4},"end":{"line":290,"column":null}},{"start":{},"end":{}}],"line":286},"23":{"loc":{"start":{"line":292,"column":4},"end":{"line":296,"column":null}},"type":"if","locations":[{"start":{"line":292,"column":4},"end":{"line":296,"column":null}},{"start":{"line":294,"column":11},"end":{"line":296,"column":null}}],"line":292},"24":{"loc":{"start":{"line":308,"column":6},"end":{"line":311,"column":null}},"type":"if","locations":[{"start":{"line":308,"column":6},"end":{"line":311,"column":null}},{"start":{},"end":{}}],"line":308},"25":{"loc":{"start":{"line":315,"column":6},"end":{"line":319,"column":null}},"type":"if","locations":[{"start":{"line":315,"column":6},"end":{"line":319,"column":null}},{"start":{"line":317,"column":13},"end":{"line":319,"column":null}}],"line":315},"26":{"loc":{"start":{"line":315,"column":10},"end":{"line":315,"column":89}},"type":"binary-expr","locations":[{"start":{"line":315,"column":10},"end":{"line":315,"column":50}},{"start":{"line":315,"column":50},"end":{"line":315,"column":89}}],"line":315},"27":{"loc":{"start":{"line":322,"column":24},"end":{"line":322,"column":53}},"type":"binary-expr","locations":[{"start":{"line":322,"column":24},"end":{"line":322,"column":51}},{"start":{"line":322,"column":51},"end":{"line":322,"column":53}}],"line":322},"28":{"loc":{"start":{"line":341,"column":6},"end":{"line":344,"column":null}},"type":"if","locations":[{"start":{"line":341,"column":6},"end":{"line":344,"column":null}},{"start":{},"end":{}}],"line":341},"29":{"loc":{"start":{"line":358,"column":8},"end":{"line":360,"column":null}},"type":"if","locations":[{"start":{"line":358,"column":8},"end":{"line":360,"column":null}},{"start":{},"end":{}}],"line":358},"30":{"loc":{"start":{"line":380,"column":4},"end":{"line":382,"column":null}},"type":"if","locations":[{"start":{"line":380,"column":4},"end":{"line":382,"column":null}},{"start":{},"end":{}}],"line":380},"31":{"loc":{"start":{"line":386,"column":4},"end":{"line":389,"column":null}},"type":"if","locations":[{"start":{"line":386,"column":4},"end":{"line":389,"column":null}},{"start":{},"end":{}}],"line":386},"32":{"loc":{"start":{"line":391,"column":4},"end":{"line":393,"column":null}},"type":"if","locations":[{"start":{"line":391,"column":4},"end":{"line":393,"column":null}},{"start":{},"end":{}}],"line":391},"33":{"loc":{"start":{"line":396,"column":4},"end":{"line":398,"column":null}},"type":"if","locations":[{"start":{"line":396,"column":4},"end":{"line":398,"column":null}},{"start":{},"end":{}}],"line":396},"34":{"loc":{"start":{"line":424,"column":4},"end":{"line":426,"column":null}},"type":"if","locations":[{"start":{"line":424,"column":4},"end":{"line":426,"column":null}},{"start":{},"end":{}}],"line":424},"35":{"loc":{"start":{"line":436,"column":21},"end":{"line":436,"column":55}},"type":"cond-expr","locations":[{"start":{"line":436,"column":39},"end":{"line":436,"column":49}},{"start":{"line":436,"column":49},"end":{"line":436,"column":55}}],"line":436},"36":{"loc":{"start":{"line":451,"column":6},"end":{"line":453,"column":null}},"type":"if","locations":[{"start":{"line":451,"column":6},"end":{"line":453,"column":null}},{"start":{},"end":{}}],"line":451},"37":{"loc":{"start":{"line":457,"column":6},"end":{"line":461,"column":null}},"type":"if","locations":[{"start":{"line":457,"column":6},"end":{"line":461,"column":null}},{"start":{},"end":{}}],"line":457},"38":{"loc":{"start":{"line":473,"column":4},"end":{"line":473,"column":null}},"type":"if","locations":[{"start":{"line":473,"column":4},"end":{"line":473,"column":null}},{"start":{},"end":{}}],"line":473},"39":{"loc":{"start":{"line":473,"column":8},"end":{"line":473,"column":42}},"type":"binary-expr","locations":[{"start":{"line":473,"column":8},"end":{"line":473,"column":30}},{"start":{"line":473,"column":30},"end":{"line":473,"column":42}}],"line":473},"40":{"loc":{"start":{"line":475,"column":4},"end":{"line":477,"column":null}},"type":"if","locations":[{"start":{"line":475,"column":4},"end":{"line":477,"column":null}},{"start":{},"end":{}}],"line":475},"41":{"loc":{"start":{"line":480,"column":6},"end":{"line":482,"column":null}},"type":"if","locations":[{"start":{"line":480,"column":6},"end":{"line":482,"column":null}},{"start":{},"end":{}}],"line":480},"42":{"loc":{"start":{"line":486,"column":6},"end":{"line":486,"column":null}},"type":"if","locations":[{"start":{"line":486,"column":6},"end":{"line":486,"column":null}},{"start":{},"end":{}}],"line":486},"43":{"loc":{"start":{"line":497,"column":6},"end":{"line":499,"column":null}},"type":"if","locations":[{"start":{"line":497,"column":6},"end":{"line":499,"column":null}},{"start":{},"end":{}}],"line":497},"44":{"loc":{"start":{"line":497,"column":10},"end":{"line":497,"column":77}},"type":"binary-expr","locations":[{"start":{"line":497,"column":10},"end":{"line":497,"column":24}},{"start":{"line":497,"column":24},"end":{"line":497,"column":45}},{"start":{"line":497,"column":45},"end":{"line":497,"column":58}},{"start":{"line":497,"column":58},"end":{"line":497,"column":77}}],"line":497},"45":{"loc":{"start":{"line":514,"column":6},"end":{"line":536,"column":null}},"type":"if","locations":[{"start":{"line":514,"column":6},"end":{"line":536,"column":null}},{"start":{},"end":{}}],"line":514},"46":{"loc":{"start":{"line":515,"column":8},"end":{"line":534,"column":null}},"type":"if","locations":[{"start":{"line":515,"column":8},"end":{"line":534,"column":null}},{"start":{"line":531,"column":15},"end":{"line":534,"column":null}}],"line":515},"47":{"loc":{"start":{"line":526,"column":12},"end":{"line":528,"column":null}},"type":"if","locations":[{"start":{"line":526,"column":12},"end":{"line":528,"column":null}},{"start":{},"end":{}}],"line":526},"48":{"loc":{"start":{"line":550,"column":28},"end":{"line":550,"column":58}},"type":"default-arg","locations":[{"start":{"line":550,"column":49},"end":{"line":550,"column":58}}],"line":550},"49":{"loc":{"start":{"line":554,"column":4},"end":{"line":554,"column":null}},"type":"if","locations":[{"start":{"line":554,"column":4},"end":{"line":554,"column":null}},{"start":{},"end":{}}],"line":554},"50":{"loc":{"start":{"line":556,"column":4},"end":{"line":586,"column":null}},"type":"if","locations":[{"start":{"line":556,"column":4},"end":{"line":586,"column":null}},{"start":{"line":559,"column":11},"end":{"line":586,"column":null}}],"line":556},"51":{"loc":{"start":{"line":556,"column":8},"end":{"line":556,"column":40}},"type":"binary-expr","locations":[{"start":{"line":556,"column":8},"end":{"line":556,"column":21}},{"start":{"line":556,"column":21},"end":{"line":556,"column":40}}],"line":556},"52":{"loc":{"start":{"line":564,"column":6},"end":{"line":567,"column":null}},"type":"if","locations":[{"start":{"line":564,"column":6},"end":{"line":567,"column":null}},{"start":{},"end":{}}],"line":564},"53":{"loc":{"start":{"line":564,"column":10},"end":{"line":564,"column":56}},"type":"binary-expr","locations":[{"start":{"line":564,"column":10},"end":{"line":564,"column":24}},{"start":{"line":564,"column":24},"end":{"line":564,"column":45}},{"start":{"line":564,"column":45},"end":{"line":564,"column":56}}],"line":564},"54":{"loc":{"start":{"line":571,"column":23},"end":{"line":571,"column":null}},"type":"binary-expr","locations":[{"start":{"line":571,"column":23},"end":{"line":571,"column":44}},{"start":{"line":571,"column":44},"end":{"line":571,"column":null}}],"line":571},"55":{"loc":{"start":{"line":578,"column":8},"end":{"line":582,"column":null}},"type":"if","locations":[{"start":{"line":578,"column":8},"end":{"line":582,"column":null}},{"start":{},"end":{}}],"line":578},"56":{"loc":{"start":{"line":598,"column":4},"end":{"line":603,"column":null}},"type":"if","locations":[{"start":{"line":598,"column":4},"end":{"line":603,"column":null}},{"start":{},"end":{}}],"line":598},"57":{"loc":{"start":{"line":605,"column":4},"end":{"line":614,"column":null}},"type":"if","locations":[{"start":{"line":605,"column":4},"end":{"line":614,"column":null}},{"start":{"line":607,"column":11},"end":{"line":614,"column":null}}],"line":605},"58":{"loc":{"start":{"line":634,"column":4},"end":{"line":636,"column":null}},"type":"if","locations":[{"start":{"line":634,"column":4},"end":{"line":636,"column":null}},{"start":{},"end":{}}],"line":634},"59":{"loc":{"start":{"line":650,"column":6},"end":{"line":654,"column":null}},"type":"if","locations":[{"start":{"line":650,"column":6},"end":{"line":654,"column":null}},{"start":{},"end":{}}],"line":650},"60":{"loc":{"start":{"line":666,"column":4},"end":{"line":669,"column":null}},"type":"if","locations":[{"start":{"line":666,"column":4},"end":{"line":669,"column":null}},{"start":{},"end":{}}],"line":666},"61":{"loc":{"start":{"line":689,"column":6},"end":{"line":689,"column":null}},"type":"if","locations":[{"start":{"line":689,"column":6},"end":{"line":689,"column":null}},{"start":{},"end":{}}],"line":689},"62":{"loc":{"start":{"line":692,"column":6},"end":{"line":694,"column":null}},"type":"if","locations":[{"start":{"line":692,"column":6},"end":{"line":694,"column":null}},{"start":{},"end":{}}],"line":692},"63":{"loc":{"start":{"line":711,"column":4},"end":{"line":750,"column":5}},"type":"if","locations":[{"start":{"line":711,"column":4},"end":{"line":750,"column":5}},{"start":{},"end":{}}],"line":711},"64":{"loc":{"start":{"line":730,"column":8},"end":{"line":736,"column":null}},"type":"if","locations":[{"start":{"line":730,"column":8},"end":{"line":736,"column":null}},{"start":{"line":734,"column":13},"end":{"line":736,"column":null}}],"line":730},"65":{"loc":{"start":{"line":770,"column":6},"end":{"line":813,"column":null}},"type":"if","locations":[{"start":{"line":770,"column":6},"end":{"line":813,"column":null}},{"start":{"line":791,"column":11},"end":{"line":813,"column":null}}],"line":770},"66":{"loc":{"start":{"line":777,"column":10},"end":{"line":779,"column":null}},"type":"if","locations":[{"start":{"line":777,"column":10},"end":{"line":779,"column":null}},{"start":{},"end":{}}],"line":777},"67":{"loc":{"start":{"line":782,"column":10},"end":{"line":786,"column":null}},"type":"if","locations":[{"start":{"line":782,"column":10},"end":{"line":786,"column":null}},{"start":{},"end":{}}],"line":782},"68":{"loc":{"start":{"line":794,"column":8},"end":{"line":812,"column":null}},"type":"if","locations":[{"start":{"line":794,"column":8},"end":{"line":812,"column":null}},{"start":{"line":809,"column":15},"end":{"line":812,"column":null}}],"line":794},"69":{"loc":{"start":{"line":803,"column":12},"end":{"line":803,"column":null}},"type":"if","locations":[{"start":{"line":803,"column":12},"end":{"line":803,"column":null}},{"start":{},"end":{}}],"line":803},"70":{"loc":{"start":{"line":838,"column":4},"end":{"line":838,"column":null}},"type":"if","locations":[{"start":{"line":838,"column":4},"end":{"line":838,"column":null}},{"start":{},"end":{}}],"line":838},"71":{"loc":{"start":{"line":862,"column":4},"end":{"line":868,"column":null}},"type":"if","locations":[{"start":{"line":862,"column":4},"end":{"line":868,"column":null}},{"start":{},"end":{}}],"line":862},"72":{"loc":{"start":{"line":863,"column":29},"end":{"line":863,"column":52}},"type":"binary-expr","locations":[{"start":{"line":863,"column":29},"end":{"line":863,"column":50}},{"start":{"line":863,"column":50},"end":{"line":863,"column":52}}],"line":863},"73":{"loc":{"start":{"line":864,"column":6},"end":{"line":867,"column":null}},"type":"if","locations":[{"start":{"line":864,"column":6},"end":{"line":867,"column":null}},{"start":{},"end":{}}],"line":864},"74":{"loc":{"start":{"line":899,"column":6},"end":{"line":903,"column":null}},"type":"if","locations":[{"start":{"line":899,"column":6},"end":{"line":903,"column":null}},{"start":{},"end":{}}],"line":899},"75":{"loc":{"start":{"line":899,"column":6},"end":{"line":899,"column":72}},"type":"binary-expr","locations":[{"start":{"line":899,"column":11},"end":{"line":899,"column":24}},{"start":{"line":899,"column":24},"end":{"line":899,"column":39}},{"start":{"line":899,"column":39},"end":{"line":899,"column":56}},{"start":{"line":899,"column":56},"end":{"line":899,"column":72}}],"line":899},"76":{"loc":{"start":{"line":906,"column":6},"end":{"line":912,"column":null}},"type":"if","locations":[{"start":{"line":906,"column":6},"end":{"line":912,"column":null}},{"start":{},"end":{}}],"line":906},"77":{"loc":{"start":{"line":906,"column":6},"end":{"line":906,"column":87}},"type":"binary-expr","locations":[{"start":{"line":906,"column":11},"end":{"line":906,"column":24}},{"start":{"line":906,"column":24},"end":{"line":906,"column":38}},{"start":{"line":906,"column":38},"end":{"line":906,"column":54}},{"start":{"line":906,"column":54},"end":{"line":906,"column":71}},{"start":{"line":906,"column":71},"end":{"line":906,"column":87}}],"line":906},"78":{"loc":{"start":{"line":907,"column":8},"e
[...]
,"/home/runner/work/lattice/lattice/src/lib/remark-strip-html-comments.ts": {"path":"/home/runner/work/lattice/lattice/src/lib/remark-strip-html-comments.ts","statementMap":{"0":{"start":{"line":57,"column":24},"end":{"line":57,"column":null}},"1":{"start":{"line":61,"column":4},"end":{"line":61,"column":null}},"2":{"start":{"line":64,"column":39},"end":{"line":74,"column":null}},"3":{"start":{"line":64,"column":45},"end":{"line":74,"column":null}},"4":{"start":{"line":65,"column":17},"end":{"line":72,"column":null}},"5":{"start":{"line":66,"column":8},"end":{"line":71,"column":null}},"6":{"start":{"line":67,"column":12},"end":{"line":69,"column":null}},"7":{"start":{"line":68,"column":16},"end":{"line":68,"column":null}},"8":{"start":{"line":70,"column":12},"end":{"line":70,"column":null}},"9":{"start":{"line":70,"column":47},"end":{"line":70,"column":null}},"10":{"start":{"line":73,"column":4},"end":{"line":73,"column":null}}},"fnMap":{"0":{"name":"isHtmlCommentOnly","decl":{"start":{"line":60,"column":16},"end":{"line":60,"column":34}},"loc":{"start":{"line":60,"column":59},"end":{"line":62,"column":null}},"line":60},"1":{"name":"(anonymous_1)","decl":{"start":{"line":64,"column":39},"end":{"line":64,"column":45}},"loc":{"start":{"line":64,"column":45},"end":{"line":74,"column":null}},"line":64},"2":{"name":"(anonymous_2)","decl":{"start":{"line":64,"column":45},"end":{"line":64,"column":46}},"loc":{"start":{"line":64,"column":60},"end":{"line":74,"column":null}},"line":64},"3":{"name":"(anonymous_3)","decl":{"start":{"line":65,"column":17},"end":{"line":65,"column":18}},"loc":{"start":{"line":65,"column":32},"end":{"line":72,"column":null}},"line":65},"4":{"name":"(anonymous_4)","decl":{"start":{"line":67,"column":49},"end":{"line":67,"column":50}},"loc":{"start":{"line":67,"column":65},"end":{"line":69,"column":13}},"line":67}},"branchMap":{"0":{"loc":{"start":{"line":61,"column":11},"end":{"line":61,"column":null}},"type":"binary-expr","locations":[{"start":{"line":61,"column":11},"end":{"line":61,"column":40}},{"start":{"line":61,"column":40},"end":{"line":61,"column":null}}],"line":61},"1":{"loc":{"start":{"line":66,"column":8},"end":{"line":71,"column":null}},"type":"if","locations":[{"start":{"line":66,"column":8},"end":{"line":71,"column":null}},{"start":{},"end":{}}],"line":66},"2":{"loc":{"start":{"line":66,"column":12},"end":{"line":66,"column":50}},"type":"binary-expr","locations":[{"start":{"line":66,"column":12},"end":{"line":66,"column":20}},{"start":{"line":66,"column":20},"end":{"line":66,"column":50}}],"line":66},"3":{"loc":{"start":{"line":68,"column":25},"end":{"line":68,"column":null}},"type":"binary-expr","locations":[{"start":{"line":68,"column":25},"end":{"line":68,"column":34}},{"start":{"line":68,"column":34},"end":{"line":68,"column":59}},{"start":{"line":68,"column":59},"end":{"line":68,"column":null}}],"line":68}},"s":{"0":3,"1":19,"2":3,"3":178,"4":178,"5":325,"6":255,"7":153,"8":255,"9":147,"10":178},"f":{"0":19,"1":178,"2":178,"3":325,"4":153},"b":{"0":[19,16],"1":[255,70],"2":[325,325],"3":[153,153,7]},"meta":{"lastBranch":4,"lastFunction":5,"lastStatement":11,"seen":{"s:57:24:57:Infinity":0,"f:60:16:60:34":0,"s:61:4:61:Infinity":1,"b:61:11:61:40:61:40:61:Infinity":0,"s:64:39:74:Infinity":2,"f:64:39:64:45":1,"s:64:45:74:Infinity":3,"f:64:45:64:46":2,"s:65:17:72:Infinity":4,"f:65:17:65:18":3,"b:66:8:71:Infinity:undefined:undefined:undefined:undefined":1,"s:66:8:71:Infinity":5,"b:66:12:66:20:66:20:66:50":2,"s:67:12:69:Infinity":6,"f:67:49:67:50":4,"s:68:16:68:Infinity":7,"b:68:25:68:34:68:34:68:59:68:59:68:Infinity":3,"s:70:12:70:Infinity":8,"s:70:47:70:Infinity":9,"s:73:4:73:Infinity":10}}}
,"/home/runner/work/lattice/lattice/src/lib/slug.ts": {"path":"/home/runner/work/lattice/lattice/src/lib/slug.ts","statementMap":{"0":{"start":{"line":54,"column":14},"end":{"line":54,"column":null}},"1":{"start":{"line":55,"column":21},"end":{"line":55,"column":null}},"2":{"start":{"line":57,"column":4},"end":{"line":76,"column":null}},"3":{"start":{"line":59,"column":8},"end":{"line":63,"column":null}},"4":{"start":{"line":60,"column":12},"end":{"line":60,"column":null}},"5":{"start":{"line":61,"column":12},"end":{"line":61,"column":null}},"6":{"start":{"line":62,"column":12},"end":{"line":62,"column":null}},"7":{"start":{"line":64,"column":8},"end":{"line":68,"column":null}},"8":{"start":{"line":65,"column":12},"end":{"line":65,"column":null}},"9":{"start":{"line":66,"column":12},"end":{"line":66,"column":null}},"10":{"start":{"line":67,"column":12},"end":{"line":67,"column":null}},"11":{"start":{"line":70,"column":8},"end":{"line":74,"column":null}},"12":{"start":{"line":71,"column":12},"end":{"line":71,"column":null}},"13":{"start":{"line":72,"column":12},"end":{"line":72,"column":null}},"14":{"start":{"line":73,"column":12},"end":{"line":73,"column":null}},"15":{"start":{"line":79,"column":4},"end":{"line":81,"column":null}},"16":{"start":{"line":80,"column":8},"end":{"line":80,"column":null}},"17":{"start":{"line":82,"column":4},"end":{"line":82,"column":null}},"18":{"start":{"line":94,"column":18},"end":{"line":94,"column":null}},"19":{"start":{"line":95,"column":17},"end":{"line":95,"column":null}},"20":{"start":{"line":96,"column":4},"end":{"line":96,"column":null}},"21":{"start":{"line":97,"column":4},"end":{"line":97,"column":null}}},"fnMap":{"0":{"name":"slugify","decl":{"start":{"line":53,"column":16},"end":{"line":53,"column":24}},"loc":{"start":{"line":53,"column":46},"end":{"line":83,"column":null}},"line":53},"1":{"name":"disambiguateSlug","decl":{"start":{"line":93,"column":16},"end":{"line":93,"column":33}},"loc":{"start":{"line":93,"column":82},"end":{"line":98,"column":null}},"line":93}},"branchMap":{"0":{"loc":{"start":{"line":59,"column":8},"end":{"line":63,"column":null}},"type":"if","locations":[{"start":{"line":59,"column":8},"end":{"line":63,"column":null}},{"start":{},"end":{}}],"line":59},"1":{"loc":{"start":{"line":64,"column":8},"end":{"line":68,"column":null}},"type":"if","locations":[{"start":{"line":64,"column":8},"end":{"line":68,"column":null}},{"start":{},"end":{}}],"line":64},"2":{"loc":{"start":{"line":70,"column":8},"end":{"line":74,"column":null}},"type":"if","locations":[{"start":{"line":70,"column":8},"end":{"line":74,"column":null}},{"start":{},"end":{}}],"line":70},"3":{"loc":{"start":{"line":70,"column":8},"end":{"line":70,"column":76}},"type":"binary-expr","locations":[{"start":{"line":70,"column":13},"end":{"line":70,"column":27}},{"start":{"line":70,"column":27},"end":{"line":70,"column":45}},{"start":{"line":70,"column":45},"end":{"line":70,"column":60}},{"start":{"line":70,"column":60},"end":{"line":70,"column":76}}],"line":70},"4":{"loc":{"start":{"line":79,"column":4},"end":{"line":81,"column":null}},"type":"if","locations":[{"start":{"line":79,"column":4},"end":{"line":81,"column":null}},{"start":{},"end":{}}],"line":79},"5":{"loc":{"start":{"line":94,"column":18},"end":{"line":94,"column":null}},"type":"binary-expr","locations":[{"start":{"line":94,"column":18},"end":{"line":94,"column":36}},{"start":{"line":94,"column":36},"end":{"line":94,"column":null}}],"line":94},"6":{"loc":{"start":{"line":95,"column":17},"end":{"line":95,"column":null}},"type":"cond-expr","locations":[{"start":{"line":95,"column":31},"end":{"line":95,"column":38}},{"start":{"line":95,"column":38},"end":{"line":95,"column":null}}],"line":95}},"s":{"0":71,"1":71,"2":71,"3":355,"4":307,"5":307,"6":307,"7":48,"8":2,"9":2,"10":2,"11":46,"12":17,"13":17,"14":17,"15":71,"16":1,"17":71,"18":65,"19":65,"20":65,"21":65},"f":{"0":71,"1":65},"b":{"0":[307,48],"1":[2,46],"2":[17,29],"3":[46,39,32,25],"4":[1,70],"5":[65,57],"6":[57,8]},"meta":{"lastBranch":7,"lastFunction":2,"lastStatement":22,"seen":{"f:53:16:53:24":0,"s:54:14:54:Infinity":0,"s:55:21:55:Infinity":1,"s:57:4:76:Infinity":2,"b:59:8:63:Infinity:undefined:undefined:undefined:undefined":0,"s:59:8:63:Infinity":3,"s:60:12:60:Infinity":4,"s:61:12:61:Infinity":5,"s:62:12:62:Infinity":6,"b:64:8:68:Infinity:undefined:undefined:undefined:undefined":1,"s:64:8:68:Infinity":7,"s:65:12:65:Infinity":8,"s:66:12:66:Infinity":9,"s:67:12:67:Infinity":10,"b:70:8:74:Infinity:undefined:undefined:undefined:undefined":2,"s:70:8:74:Infinity":11,"b:70:13:70:27:70:27:70:45:70:45:70:60:70:60:70:76":3,"s:71:12:71:Infinity":12,"s:72:12:72:Infinity":13,"s:73:12:73:Infinity":14,"b:79:4:81:Infinity:undefined:undefined:undefined:undefined":4,"s:79:4:81:Infinity":15,"s:80:8:80:Infinity":16,"s:82:4:82:Infinity":17,"f:93:16:93:33":1,"s:94:18:94:Infinity":18,"b:94:18:94:36:94:36:94:Infinity":5,"s:95:17:95:Infinity":19,"b:95:31:95:38:95:38:95:Infinity":6,"s:96:4:96:Infinity":20,"s:97:4:97:Infinity":21}}}
,"/home/runner/work/lattice/lattice/src/lib/special-characters.ts": {"path":"/home/runner/work/lattice/lattice/src/lib/special-characters.ts","statementMap":{"0":{"start":{"line":29,"column":37},"end":{"line":92,"column":null}}},"fnMap":{},"branchMap":{},"s":{"0":1},"f":{},"b":{},"meta":{"lastBranch":0,"lastFunction":0,"lastStatement":1,"seen":{"s:29:37:92:Infinity":0}}}
,"/home/runner/work/lattice/lattice/src/services/FileSystem.ts": {"path":"/home/runner/work/lattice/lattice/src/services/FileSystem.ts","statementMap":{"0":{"start":{"line":36,"column":26},"end":{"line":59,"column":null}},"1":{"start":{"line":38,"column":10},"end":{"line":38,"column":null}},"2":{"start":{"line":39,"column":4},"end":{"line":39,"column":null}},"3":{"start":{"line":42,"column":4},"end":{"line":42,"column":null}},"4":{"start":{"line":45,"column":4},"end":{"line":45,"column":null}},"5":{"start":{"line":48,"column":4},"end":{"line":48,"column":null}},"6":{"start":{"line":51,"column":4},"end":{"line":51,"column":null}},"7":{"start":{"line":54,"column":4},"end":{"line":54,"column":null}},"8":{"start":{"line":57,"column":4},"end":{"line":57,"column":null}}},"fnMap":{"0":{"name":"(anonymous_0)","decl":{"start":{"line":37,"column":16},"end":{"line":37,"column":23}},"loc":{"start":{"line":37,"column":63},"end":{"line":40,"column":null}},"line":37},"1":{"name":"(anonymous_1)","decl":{"start":{"line":41,"column":17},"end":{"line":41,"column":24}},"loc":{"start":{"line":41,"column":82},"end":{"line":43,"column":null}},"line":41},"2":{"name":"(anonymous_2)","decl":{"start":{"line":44,"column":13},"end":{"line":44,"column":20}},"loc":{"start":{"line":44,"column":52},"end":{"line":46,"column":null}},"line":44},"3":{"name":"(anonymous_3)","decl":{"start":{"line":47,"column":25},"end":{"line":47,"column":32}},"loc":{"start":{"line":47,"column":77},"end":{"line":49,"column":null}},"line":47},"4":{"name":"(anonymous_4)","decl":{"start":{"line":50,"column":25},"end":{"line":50,"column":32}},"loc":{"start":{"line":50,"column":70},"end":{"line":52,"column":null}},"line":50},"5":{"name":"(anonymous_5)","decl":{"start":{"line":53,"column":13},"end":{"line":53,"column":20}},"loc":{"start":{"line":53,"column":77},"end":{"line":55,"column":null}},"line":53},"6":{"name":"(anonymous_6)","decl":{"start":{"line":56,"column":9},"end":{"line":56,"column":16}},"loc":{"start":{"line":56,"column":51},"end":{"line":58,"column":null}},"line":56}},"branchMap":{},"s":{"0":3,"1":9,"2":9,"3":8,"4":65,"5":130,"6":3,"7":1,"8":2},"f":{"0":9,"1":8,"2":65,"3":130,"4":3,"5":1,"6":2},"b":{},"meta":{"lastBranch":0,"lastFunction":7,"lastStatement":9,"seen":{"s:36:26:59:Infinity":0,"f:37:16:37:23":0,"s:38:10:38:Infinity":1,"s:39:4:39:Infinity":2,"f:41:17:41:24":1,"s:42:4:42:Infinity":3,"f:44:13:44:20":2,"s:45:4:45:Infinity":4,"f:47:25:47:32":3,"s:48:4:48:Infinity":5,"f:50:25:50:32":4,"s:51:4:51:Infinity":6,"f:53:13:53:20":5,"s:54:4:54:Infinity":7,"f:56:9:56:16":6,"s:57:4:57:Infinity":8}}}
,"/home/runner/work/lattice/lattice/src/services/TableFormat.ts": {"path":"/home/runner/work/lattice/lattice/src/services/TableFormat.ts","statementMap":{"0":{"start":{"line":37,"column":27},"end":{"line":46,"column":null}},"1":{"start":{"line":44,"column":8},"end":{"line":44,"column":null}}},"fnMap":{"0":{"name":"(anonymous_0)","decl":{"start":{"line":43,"column":9},"end":{"line":43,"column":16}},"loc":{"start":{"line":43,"column":53},"end":{"line":45,"column":null}},"line":43}},"branchMap":{},"s":{"0":1,"1":3},"f":{"0":3},"b":{},"meta":{"lastBranch":0,"lastFunction":1,"lastStatement":2,"seen":{"s:37:27:46:Infinity":0,"f:43:9:43:16":0,"s:44:8:44:Infinity":1}}}
,"/home/runner/work/lattice/lattice/src/services/Toc.ts": {"path":"/home/runner/work/lattice/lattice/src/services/Toc.ts","statementMap":{"0":{"start":{"line":37,"column":31},"end":{"line":37,"column":null}},"1":{"start":{"line":38,"column":32},"end":{"line":38,"column":null}},"2":{"start":{"line":40,"column":19},"end":{"line":49,"column":null}},"3":{"start":{"line":47,"column":8},"end":{"line":47,"column":null}}},"fnMap":{"0":{"name":"(anonymous_0)","decl":{"start":{"line":46,"column":12},"end":{"line":46,"column":19}},"loc":{"start":{"line":46,"column":56},"end":{"line":48,"column":null}},"line":46}},"branchMap":{},"s":{"0":1,"1":1,"2":1,"3":3},"f":{"0":3},"b":{},"meta":{"lastBranch":0,"lastFunction":1,"lastStatement":4,"seen":{"s:37:31:37:Infinity":0,"s:38:32:38:Infinity":1,"s:40:19:49:Infinity":2,"f:46:12:46:19":0,"s:47:8:47:Infinity":3}}}
,"/home/runner/work/lattice/lattice/src/services/StaticRuntime/StaticRuntime.dev.ts": {"path":"/home/runner/work/lattice/lattice/src/services/StaticRuntime/StaticRuntime.dev.ts","statementMap":{"0":{"start":{"line":35,"column":18},"end":{"line":44,"column":null}},"1":{"start":{"line":36,"column":4},"end":{"line":43,"column":null}},"2":{"start":{"line":37,"column":23},"end":{"line":37,"column":null}},"3":{"start":{"line":37,"column":37},"end":{"line":37,"column":90}},"4":{"start":{"line":38,"column":20},"end":{"line":38,"column":null}},"5":{"start":{"line":39,"column":21},"end":{"line":39,"column":null}},"6":{"start":{"line":40,"column":24},"end":{"line":40,"column":null}},"7":{"start":{"line":42,"column":8},"end":{"line":42,"column":null}},"8":{"start":{"line":46,"column":45},"end":{"line":121,"column":null}},"9":{"start":{"line":53,"column":8},"end":{"line":53,"column":null}},"10":{"start":{"line":53,"column":42},"end":{"line":53,"column":null}},"11":{"start":{"line":55,"column":24},"end":{"line":55,"column":null}},"12":{"start":{"line":57,"column":8},"end":{"line":65,"column":null}},"13":{"start":{"line":58,"column":29},"end":{"line":58,"column":null}},"14":{"start":{"line":59,"column":12},"end":{"line":64,"column":null}},"15":{"start":{"line":60,"column":17},"end":{"line":63,"column":null}},"16":{"start":{"line":61,"column":20},"end":{"line":61,"column":null}},"17":{"start":{"line":62,"column":20},"end":{"line":62,"column":null}},"18":{"start":{"line":67,"column":9},"end":{"line":67,"column":null}},"19":{"start":{"line":69,"column":8},"end":{"line":69,"column":null}},"20":{"start":{"line":78,"column":8},"end":{"line":78,"column":null}},"21":{"start":{"line":86,"column":8},"end":{"line":86,"column":null}},"22":{"start":{"line":97,"column":8},"end":{"line":97,"column":null}},"23":{"start":{"line":98,"column":8},"end":{"line":117,"column":null}},"24":{"start":{"line":99,"column":12},"end":{"line":99,"column":null}},"25":{"start":{"line":101,"column":12},"end":{"line":101,"column":null}},"26":{"start":{"line":104,"column":12},"end":{"line":115,"column":null}},"27":{"start":{"line":108,"column":16},"end":{"line":111,"column":null}},"28":{"start":{"line":112,"column":16},"end":{"line":112,"column":null}},"29":{"start":{"line":114,"column":16},"end":{"line":114,"column":null}}},"fnMap":{"0":{"name":"(anonymous_0)","decl":{"start":{"line":35,"column":18},"end":{"line":35,"column":19}},"loc":{"start":{"line":35,"column":66},"end":{"line":44,"column":null}},"line":35},"1":{"name":"(anonymous_1)","decl":{"start":{"line":37,"column":32},"end":{"line":37,"column":37}},"loc":{"start":{"line":37,"column":37},"end":{"line":37,"column":90}},"line":37},"2":{"name":"(anonymous_2)","decl":{"start":{"line":42,"column":52},"end":{"line":42,"column":58}},"loc":{"start":{"line":42,"column":58},"end":{"line":42,"column":61}},"line":42},"3":{"name":"(anonymous_3)","decl":{"start":{"line":50,"column":10},"end":{"line":50,"column":16}},"loc":{"start":{"line":50,"column":16},"end":{"line":70,"column":null}},"line":50},"4":{"name":"(anonymous_4)","decl":{"start":{"line":57,"column":24},"end":{"line":57,"column":34}},"loc":{"start":{"line":57,"column":34},"end":{"line":65,"column":9}},"line":57},"5":{"name":"(anonymous_5)","decl":{"start":{"line":60,"column":43},"end":{"line":60,"column":44}},"loc":{"start":{"line":60,"column":73},"end":{"line":63,"column":null}},"line":60},"6":{"name":"(anonymous_6)","decl":{"start":{"line":76,"column":9},"end":{"line":76,"column":10}},"loc":{"start":{"line":76,"column":42},"end":{"line":79,"column":null}},"line":76},"7":{"name":"(anonymous_7)","decl":{"start":{"line":85,"column":11},"end":{"line":85,"column":12}},"loc":{"start":{"line":85,"column":44},"end":{"line":87,"column":null}},"line":85},"8":{"name":"(anonymous_8)","decl":{"start":{"line":96,"column":28},"end":{"line":96,"column":40}},"loc":{"start":{"line":96,"column":40},"end":{"line":118,"column":null}},"line":96},"9":{"name":"(anonymous_9)","decl":{"start":{"line":98,"column":37},"end":{"line":98,"column":44}},"loc":{"start":{"line":98,"column":54},"end":{"line":117,"column":9}},"line":98}},"branchMap":{"0":{"loc":{"start":{"line":37,"column":37},"end":{"line":37,"column":90}},"type":"cond-expr","locations":[{"start":{"line":37,"column":61},"end":{"line":37,"column":81}},{"start":{"line":37,"column":81},"end":{"line":37,"column":90}}],"line":37},"1":{"loc":{"start":{"line":53,"column":8},"end":{"line":53,"column":null}},"type":"if","locations":[{"start":{"line":53,"column":8},"end":{"line":53,"column":null}},{"start":{},"end":{}}],"line":53},"2":{"loc":{"start":{"line":59,"column":12},"end":{"line":64,"column":null}},"type":"if","locations":[{"start":{"line":59,"column":12},"end":{"line":64,"column":null}},{"start":{},"end":{}}],"line":59}},"s":{"0":15,"1":4273989,"2":4273989,"3":469,"4":4273989,"5":4273989,"6":4273989,"7":4273989,"8":15,"9":109,"10":101,"11":8,"12":8,"13":40,"14":40,"15":39,"16":1467,"17":1467,"18":8,"19":8,"20":4272925,"21":3,"22":106,"23":106,"24":2,"25":2,"26":2,"27":2,"28":1,"29":1},"f":{"0":4273989,"1":469,"2":1,"3":109,"4":40,"5":1467,"6":4272925,"7":3,"8":106,"9":2},"b":{"0":[47,422],"1":[101,8],"2":[39,1]},"meta":{"lastBranch":3,"lastFunction":10,"lastStatement":30,"seen":{"s:35:18:44:Infinity":0,"f:35:18:35:19":0,"s:36:4:43:Infinity":1,"s:37:23:37:Infinity":2,"f:37:32:37:37":1,"s:37:37:37:90":3,"b:37:61:37:81:37:81:37:90":0,"s:38:20:38:Infinity":4,"s:39:21:39:Infinity":5,"s:40:24:40:Infinity":6,"s:42:8:42:Infinity":7,"f:42:52:42:58":2,"s:46:45:121:Infinity":8,"f:50:10:50:16":3,"b:53:8:53:Infinity:undefined:undefined:undefined:undefined":1,"s:53:8:53:Infinity":9,"s:53:42:53:Infinity":10,"s:55:24:55:Infinity":11,"s:57:8:65:Infinity":12,"f:57:24:57:34":4,"s:58:29:58:Infinity":13,"b:59:12:64:Infinity:undefined:undefined:undefined:undefined":2,"s:59:12:64:Infinity":14,"s:60:17:63:Infinity":15,"f:60:43:60:44":5,"s:61:20:61:Infinity":16,"s:62:20:62:Infinity":17,"s:67:9:67:Infinity":18,"s:69:8:69:Infinity":19,"f:76:9:76:10":6,"s:78:8:78:Infinity":20,"f:85:11:85:12":7,"s:86:8:86:Infinity":21,"f:96:28:96:40":8,"s:97:8:97:Infinity":22,"s:98:8:117:Infinity":23,"f:98:37:98:44":9,"s:99:12:99:Infinity":24,"s:101:12:101:Infinity":25,"s:104:12:115:Infinity":26,"s:108:16:111:Infinity":27,"s:112:16:112:Infinity":28,"s:114:16:114:Infinity":29}}}
}
