{"/home/runner/work/lattice/lattice/src/App.css": {"path":"/home/runner/work/lattice/lattice/src/App.css","statementMap":{},"fnMap":{},"branchMap":{},"s":{},"f":{},"b":{},"meta":{"lastBranch":0,"lastFunction":0,"lastStatement":0,"seen":{},"fnNames":{}}}
,"/home/runner/work/lattice/lattice/src/App.tsx": {"path":"/home/runner/work/lattice/lattice/src/App.tsx","statementMap":{"0":{"start":{"line":61,"column":17},"end":{"line":61,"column":null}},"1":{"start":{"line":68,"column":6},"end":{"line":82,"column":null}},"2":{"start":{"line":69,"column":8},"end":{"line":80,"column":null}},"3":{"start":{"line":70,"column":4},"end":{"line":76,"column":null}},"4":{"start":{"line":71,"column":6},"end":{"line":71,"column":null}},"5":{"start":{"line":72,"column":6},"end":{"line":72,"column":null}},"6":{"start":{"line":73,"column":6},"end":{"line":75,"column":null}},"7":{"start":{"line":74,"column":8},"end":{"line":74,"column":null}},"8":{"start":{"line":77,"column":4},"end":{"line":79,"column":null}},"9":{"start":{"line":78,"column":6},"end":{"line":78,"column":null}},"10":{"start":{"line":78,"column":41},"end":{"line":78,"column":null}},"11":{"start":{"line":81,"column":2},"end":{"line":81,"column":null}},"12":{"start":{"line":100,"column":6},"end":{"line":137,"column":null}},"13":{"start":{"line":101,"column":8},"end":{"line":102,"column":null}},"14":{"start":{"line":102,"column":4},"end":{"line":102,"column":null}},"15":{"start":{"line":104,"column":8},"end":{"line":112,"column":null}},"16":{"start":{"line":105,"column":4},"end":{"line":105,"column":null}},"17":{"start":{"line":105,"column":34},"end":{"line":105,"column":null}},"18":{"start":{"line":107,"column":4},"end":{"line":107,"column":null}},"19":{"start":{"line":107,"column":67},"end":{"line":107,"column":null}},"20":{"start":{"line":109,"column":4},"end":{"line":111,"column":null}},"21":{"start":{"line":110,"column":37},"end":{"line":111,"column":69}},"22":{"start":{"line":114,"column":8},"end":{"line":135,"column":null}},"23":{"start":{"line":115,"column":4},"end":{"line":115,"column":null}},"24":{"start":{"line":115,"column":40},"end":{"line":115,"column":null}},"25":{"start":{"line":116,"column":4},"end":{"line":134,"column":null}},"26":{"start":{"line":116,"column":17},"end":{"line":116,"column":20}},"27":{"start":{"line":117,"column":20},"end":{"line":117,"column":null}},"28":{"start":{"line":118,"column":6},"end":{"line":133,"column":null}},"29":{"start":{"line":120,"column":8},"end":{"line":130,"column":null}},"30":{"start":{"line":132,"column":8},"end":{"line":132,"column":null}},"31":{"start":{"line":136,"column":2},"end":{"line":136,"column":null}},"32":{"start":{"line":153,"column":20},"end":{"line":156,"column":null}},"33":{"start":{"line":158,"column":18},"end":{"line":158,"column":null}},"34":{"start":{"line":159,"column":21},"end":{"line":159,"column":null}},"35":{"start":{"line":160,"column":18},"end":{"line":160,"column":null}},"36":{"start":{"line":161,"column":23},"end":{"line":161,"column":null}},"37":{"start":{"line":162,"column":22},"end":{"line":162,"column":null}},"38":{"start":{"line":163,"column":25},"end":{"line":163,"column":null}},"39":{"start":{"line":166,"column":19},"end":{"line":166,"column":null}},"40":{"start":{"line":167,"column":6},"end":{"line":167,"column":null}},"41":{"start":{"line":167,"column":33},"end":{"line":167,"column":null}},"42":{"start":{"line":168,"column":6},"end":{"line":168,"column":null}},"43":{"start":{"line":168,"column":36},"end":{"line":168,"column":null}},"44":{"start":{"line":178,"column":2},"end":{"line":181,"column":null}},"45":{"start":{"line":179,"column":4},"end":{"line":179,"column":null}},"46":{"start":{"line":180,"column":4},"end":{"line":180,"column":null}},"47":{"start":{"line":184,"column":2},"end":{"line":186,"column":null}},"48":{"start":{"line":185,"column":4},"end":{"line":185,"column":null}},"49":{"start":{"line":185,"column":26},"end":{"line":185,"column":41}},"50":{"start":{"line":192,"column":2},"end":{"line":207,"column":null}},"51":{"start":{"line":193,"column":10},"end":{"line":197,"column":null}},"52":{"start":{"line":194,"column":6},"end":{"line":196,"column":null}},"53":{"start":{"line":195,"column":8},"end":{"line":195,"column":null}},"54":{"start":{"line":198,"column":10},"end":{"line":200,"column":null}},"55":{"start":{"line":199,"column":6},"end":{"line":199,"column":null}},"56":{"start":{"line":201,"column":4},"end":{"line":201,"column":null}},"57":{"start":{"line":202,"column":4},"end":{"line":202,"column":null}},"58":{"start":{"line":203,"column":4},"end":{"line":206,"column":null}},"59":{"start":{"line":204,"column":6},"end":{"line":204,"column":null}},"60":{"start":{"line":205,"column":6},"end":{"line":205,"column":null}},"61":{"start":{"line":212,"column":30},"end":{"line":212,"column":null}},"62":{"start":{"line":213,"column":47},"end":{"line":230,"column":null}},"63":{"start":{"line":231,"column":44},"end":{"line":231,"column":null}},"64":{"start":{"line":232,"column":36},"end":{"line":232,"column":null}},"65":{"start":{"line":233,"column":46},"end":{"line":233,"column":null}},"66":{"start":{"line":234,"column":48},"end":{"line":234,"column":null}},"67":{"start":{"line":235,"column":34},"end":{"line":235,"column":null}},"68":{"start":{"line":236,"column":58},"end":{"line":236,"column":null}},"69":{"start":{"line":237,"column":56},"end":{"line":237,"column":null}},"70":{"start":{"line":239,"column":54},"end":{"line":239,"column":null}},"71":{"start":{"line":240,"column":48},"end":{"line":240,"column":null}},"72":{"start":{"line":241,"column":34},"end":{"line":241,"column":null}},"73":{"start":{"line":242,"column":34},"end":{"line":242,"column":null}},"74":{"start":{"line":243,"column":46},"end":{"line":243,"column":null}},"75":{"start":{"line":247,"column":36},"end":{"line":247,"column":null}},"76":{"start":{"line":248,"column":52},"end":{"line":248,"column":null}},"77":{"start":{"line":249,"column":46},"end":{"line":249,"column":null}},"78":{"start":{"line":250,"column":52},"end":{"line":250,"column":null}},"79":{"start":{"line":251,"column":54},"end":{"line":251,"column":null}},"80":{"start":{"line":256,"column":31},"end":{"line":256,"column":null}},"81":{"start":{"line":260,"column":26},"end":{"line":260,"column":null}},"82":{"start":{"line":261,"column":46},"end":{"line":261,"column":null}},"83":{"start":{"line":280,"column":50},"end":{"line":280,"column":null}},"84":{"start":{"line":282,"column":38},"end":{"line":282,"column":null}},"85":{"start":{"line":285,"column":34},"end":{"line":285,"column":null}},"86":{"start":{"line":286,"column":20},"end":{"line":286,"column":null}},"87":{"start":{"line":287,"column":25},"end":{"line":287,"column":null}},"88":{"start":{"line":293,"column":24},"end":{"line":293,"column":null}},"89":{"start":{"line":294,"column":25},"end":{"line":294,"column":null}},"90":{"start":{"line":301,"column":27},"end":{"line":301,"column":null}},"91":{"start":{"line":302,"column":31},"end":{"line":302,"column":null}},"92":{"start":{"line":303,"column":26},"end":{"line":310,"column":null}},"93":{"start":{"line":304,"column":4},"end":{"line":304,"column":null}},"94":{"start":{"line":305,"column":4},"end":{"line":305,"column":null}},"95":{"start":{"line":305,"column":47},"end":{"line":305,"column":null}},"96":{"start":{"line":306,"column":4},"end":{"line":309,"column":null}},"97":{"start":{"line":307,"column":6},"end":{"line":307,"column":null}},"98":{"start":{"line":308,"column":6},"end":{"line":308,"column":null}},"99":{"start":{"line":312,"column":29},"end":{"line":314,"column":null}},"100":{"start":{"line":313,"column":4},"end":{"line":313,"column":null}},"101":{"start":{"line":328,"column":21},"end":{"line":328,"column":null}},"102":{"start":{"line":329,"column":29},"end":{"line":329,"column":null}},"103":{"start":{"line":330,"column":22},"end":{"line":330,"column":null}},"104":{"start":{"line":344,"column":30},"end":{"line":348,"column":null}},"105":{"start":{"line":345,"column":4},"end":{"line":345,"column":null}},"106":{"start":{"line":346,"column":4},"end":{"line":346,"column":null}},"107":{"start":{"line":347,"column":4},"end":{"line":347,"column":null}},"108":{"start":{"line":347,"column":24},"end":{"line":347,"column":32}},"109":{"start":{"line":351,"column":24},"end":{"line":351,"column":null}},"110":{"start":{"line":352,"column":25},"end":{"line":352,"column":null}},"111":{"start":{"line":355,"column":25},"end":{"line":355,"column":null}},"112":{"start":{"line":360,"column":21},"end":{"line":360,"column":null}},"113":{"start":{"line":364,"column":34},"end":{"line":364,"column":null}},"114":{"start":{"line":366,"column":8},"end":{"line":403,"column":null}},"115":{"start":{"line":367,"column":4},"end":{"line":367,"column":null}},"116":{"start":{"line":368,"column":4},"end":{"line":368,"column":null}},"117":{"start":{"line":369,"column":22},"end":{"line":369,"column":null}},"118":{"start":{"line":370,"column":4},"end":{"line":370,"column":null}},"119":{"start":{"line":370,"column":20},"end":{"line":370,"column":null}},"120":{"start":{"line":371,"column":17},"end":{"line":371,"column":null}},"121":{"start":{"line":372,"column":21},"end":{"line":372,"column":null}},"122":{"start":{"line":373,"column":21},"end":{"line":373,"column":null}},"123":{"start":{"line":374,"column":26},"end":{"line":374,"column":null}},"124":{"start":{"line":375,"column":21},"end":{"line":375,"column":null}},"125":{"start":{"line":376,"column":31},"end":{"line":376,"column":null}},"126":{"start":{"line":378,"column":10},"end":{"line":391,"column":null}},"127":{"start":{"line":379,"column":6},"end":{"line":379,"column":null}},"128":{"start":{"line":379,"column":26},"end":{"line":379,"column":null}},"129":{"start":{"line":380,"column":6},"end":{"line":390,"column":null}},"130":{"start":{"line":381,"column":8},"end":{"line":381,"column":null}},"131":{"start":{"line":382,"column":14},"end":{"line":382,"column":null}},"132":{"start":{"line":386,"column":27},"end":{"line":386,"column":null}},"133":{"start":{"line":387,"column":23},"end":{"line":387,"column":null}},"134":{"start":{"line":388,"column":8},"end":{"line":388,"column":null}},"135":{"start":{"line":389,"column":8},"end":{"line":389,"column":null}},"136":{"start":{"line":392,"column":10},"end":{"line":398,"column":null}},"137":{"start":{"line":393,"column":6},"end":{"line":393,"column":null}},"138":{"start":{"line":393,"column":28},"end":{"line":393,"column":57}},"139":{"start":{"line":393,"column":57},"end":{"line":393,"column":71}},"140":{"start":{"line":394,"column":6},"end":{"line":394,"column":null}},"141":{"start":{"line":395,"column":6},"end":{"line":395,"column":null}},"142":{"start":{"line":396,"column":6},"end":{"line":396,"column":null}},"143":{"start":{"line":397,"column":6},"end":{"line":397,"column":null}},"144":{"start":{"line":399,"column":4},"end":{"line":399,"column":null}},"145":{"start":{"line":400,"column":4},"end":{"line":400,"column":null}},"146":{"start":{"line":401,"column":4},"end":{"line":401,"column":null}},"147":{"start":{"line":402,"column":4},"end":{"line":402,"column":null}},"148":{"start":{"line":406,"column":32},"end":{"line":406,"column":null}},"149":{"start":{"line":408,"column":24},"end":{"line":408,"column":null}},"150":{"start":{"line":409,"column":24},"end":{"line":409,"column":null}},"151":{"start":{"line":410,"column":24},"end":{"line":410,"column":null}},"152":{"start":{"line":411,"column":25},"end":{"line":411,"column":null}},"153":{"start":{"line":412,"column":36},"end":{"line":416,"column":null}},"154":{"start":{"line":413,"column":18},"end":{"line":413,"column":null}},"155":{"start":{"line":414,"column":19},"end":{"line":414,"column":null}},"156":{"start":{"line":415,"column":4},"end":{"line":415,"column":null}},"157":{"start":{"line":418,"column":33},"end":{"line":425,"column":null}},"158":{"start":{"line":419,"column":4},"end":{"line":419,"column":null}},"159":{"start":{"line":420,"column":4},"end":{"line":424,"column":null}},"160":{"start":{"line":421,"column":19},"end":{"line":421,"column":null}},"161":{"start":{"line":422,"column":6},"end":{"line":422,"column":null}},"162":{"start":{"line":423,"column":6},"end":{"line":423,"column":null}},"163":{"start":{"line":427,"column":33},"end":{"line":434,"column":null}},"164":{"start":{"line":428,"column":4},"end":{"line":428,"column":null}},"165":{"start":{"line":429,"column":4},"end":{"line":433,"column":null}},"166":{"start":{"line":430,"column":19},"end":{"line":430,"column":null}},"167":{"start":{"line":431,"column":6},"end":{"line":431,"column":null}},"168":{"start":{"line":432,"column":6},"end":{"line":432,"column":null}},"169":{"start":{"line":437,"column":2},"end":{"line":446,"column":null}},"170":{"start":{"line":438,"column":18},"end":{"line":438,"column":null}},"171":{"start":{"line":439,"column":4},"end":{"line":445,"column":null}},"172":{"start":{"line":440,"column":6},"end":{"line":444,"column":null}},"173":{"start":{"line":441,"column":8},"end":{"line":441,"column":null}},"174":{"start":{"line":443,"column":8},"end":{"line":443,"column":null}},"175":{"start":{"line":449,"column":8},"end":{"line":464,"column":null}},"176":{"start":{"line":450,"column":4},"end":{"line":450,"column":null}},"177":{"start":{"line":450,"column":15},"end":{"line":450,"column":null}},"178":{"start":{"line":451,"column":4},"end":{"line":463,"column":null}},"179":{"start":{"line":453,"column":22},"end":{"line":453,"column":null}},"180":{"start":{"line":453,"column":39},"end":{"line":453,"column":49}},"181":{"start":{"line":455,"column":6},"end":{"line":455,"column":null}},"182":{"start":{"line":457,"column":6},"end":{"line":459,"column":null}},"183":{"start":{"line":458,"column":8},"end":{"line":458,"column":null}},"184":{"start":{"line":461,"column":6},"end":{"line":461,"column":null}},"185":{"start":{"line":462,"column":6},"end":{"line":462,"column":null}},"186":{"start":{"line":467,"column":2},"end":{"line":481,"column":null}},"187":{"start":{"line":470,"column":4},"end":{"line":474,"column":null}},"188":{"start":{"line":471,"column":6},"end":{"line":471,"column":null}},"189":{"start":{"line":472,"column":6},"end":{"line":472,"column":null}},"190":{"start":{"line":473,"column":6},"end":{"line":473,"column":null}},"191":{"start":{"line":475,"column":4},"end":{"line":475,"column":null}},"192":{"start":{"line":476,"column":4},"end":{"line":480,"column":null}},"193":{"start":{"line":477,"column":6},"end":{"line":477,"column":null}},"194":{"start":{"line":479,"column":6},"end":{"line":479,"column":null}},"195":{"start":{"line":488,"column":23},"end":{"line":521,"column":null}},"196":{"start":{"line":489,"column":4},"end":{"line":520,"column":null}},"197":{"start":{"line":490,"column":23},"end":{"line":490,"column":null}},"198":{"start":{"line":491,"column":6},"end":{"line":491,"column":null}},"199":{"start":{"line":492,"column":6},"end":{"line":495,"column":null}},"200":{"start":{"line":493,"column":8},"end":{"line":493,"column":null}},"201":{"start":{"line":494,"column":8},"end":{"line":494,"column":null}},"202":{"start":{"line":497,"column":23},"end":{"line":497,"column":null}},"203":{"start":{"line":499,"column":6},"end":{"line":503,"column":null}},"204":{"start":{"line":500,"column":8},"end":{"line":500,"column":null}},"205":{"start":{"line":502,"column":8},"end":{"line":502,"column":null}},"206":{"start":{"line":504,"column":6},"end":{"line":504,"column":null}},"207":{"start":{"line":505,"column":6},"end":{"line":505,"column":null}},"208":{"start":{"line":506,"column":6},"end":{"line":506,"column":null}},"209":{"start":{"line":507,"column":6},"end":{"line":507,"column":null}},"210":{"start":{"line":508,"column":6},"end":{"line":508,"column":null}},"211":{"start":{"line":511,"column":6},"end":{"line":511,"column":null}},"212":{"start":{"line":512,"column":6},"end":{"line":512,"column":null}},"213":{"start":{"line":513,"column":6},"end":{"line":513,"column":null}},"214":{"start":{"line":516,"column":6},"end":{"line":516,"column":null}},"215":{"start":{"line":519,"column":6},"end":{"line":519,"column":null}},"216":{"start":{"line":527,"column":2},"end":{"line":566,"column":null}},"217":{"start":{"line":528,"column":24},"end":{"line":538,"column":null}},"218":{"start":{"line":529,"column":6},"end":{"line":529,"column":null}},"219":{"start":{"line":531,"column":6},"end":{"line":531,"column":null}},"220":{"start":{"line":533,"column":20},"end":{"line":533,"column":null}},"221":{"start":{"line":534,"column":6},"end":{"line":537,"column":null}},"222":{"start":{"line":535,"column":8},"end":{"line":535,"column":null}},"223":{"start":{"line":536,"column":8},"end":{"line":536,"column":null}},"224":{"start":{"line":540,"column":4},"end":{"line":540,"column":null}},"225":{"start":{"line":541,"column":4},"end":{"line":541,"column":null}},"226":{"start":{"line":544,"column":27},"end":{"line":564,"column":null}},"227":{"start":{"line":545,"column":6},"end":{"line":545,"column":null}},"228":{"start":{"line":548,"column":6},"end":{"line":548,"column":null}},"229":{"start":{"line":550,"column":29},"end":{"line":554,"column":null}},"230":{"start":{"line":551,"column":8},"end":{"line":553,"column":null}},"231":{"start":{"line":552,"column":10},"end":{"line":552,"column":null}},"232":{"start":{"line":555,"column":29},"end":{"line":558,"column":null}},"233":{"start":{"line":556,"column":8},"end":{"line":556,"column":null}},"234":{"start":{"line":557,"column":8},"end":{"line":557,"column":null}},"235":{"start":{"line":560,"column":6},"end":{"line":563,"column":null}},"236":{"start":{"line":561,"column":8},"end":{"line":561,"column":null}},"237":{"start":{"line":562,"column":8},"end":{"line":562,"column":null}},"238":{"start":{"line":565,"column":4},"end":{"line":565,"column":null}},"239":{"start":{"line":571,"column":25},"end":{"line":599,"column":null}},"240":{"start":{"line":573,"column":4},"end":{"line":575,"column":null}},"241":{"start":{"line":574,"column":6},"end":{"line":574,"column":null}},"242":{"start":{"line":577,"column":19},"end":{"line":577,"column":43}},"243":{"start":{"line":578,"column":16},"end":{"line":578,"column":null}},"244":{"start":{"line":579,"column":4},"end":{"line":582,"column":null}},"245":{"start":{"line":580,"column":23},"end":{"line":580,"column":null}},"246":{"start":{"line":581,"column":6},"end":{"line":581,"column":null}},"247":{"start":{"line":584,"column":4},"end":{"line":586,"column":null}},"248":{"start":{"line":585,"column":6},"end":{"line":585,"column":null}},"249":{"start":{"line":589,"column":4},"end":{"line":591,"column":null}},"250":{"start":{"line":590,"column":6},"end":{"line":590,"column":null}},"251":{"start":{"line":592,"column":4},"end":{"line":592,"column":null}},"252":{"start":{"line":593,"column":4},"end":{"line":598,"column":null}},"253":{"start":{"line":594,"column":6},"end":{"line":594,"column":null}},"254":{"start":{"line":595,"column":6},"end":{"line":595,"column":null}},"255":{"start":{"line":597,"column":6},"end":{"line":597,"column":null}},"256":{"start":{"line":605,"column":2},"end":{"line":607,"column":null}},"257":{"start":{"line":606,"column":4},"end":{"line":606,"column":null}},"258":{"start":{"line":615,"column":2},"end":{"line":620,"column":null}},"259":{"start":{"line":616,"column":4},"end":{"line":616,"column":null}},"260":{"start":{"line":617,"column":4},"end":{"line":619,"column":null}},"261":{"start":{"line":618,"column":6},"end":{"line":618,"column":null}},"262":{"start":{"line":633,"column":2},"end":{"line":636,"column":null}},"263":{"start":{"line":634,"column":4},"end":{"line":634,"column":null}},"264":{"start":{"line":635,"column":4},"end":{"line":635,"column":null}},"265":{"start":{"line":635,"column":17},"end":{"line":635,"column":null}},"266":{"start":{"line":639,"column":2},"end":{"line":641,"column":null}},"267":{"start":{"line":640,"column":4},"end":{"line":640,"column":null}},"268":{"start":{"line":640,"column":26},"end":{"line":640,"column":null}},"269":{"start":{"line":645,"column":2},"end":{"line":645,"column":null}},"270":{"start":{"line":645,"column":20},"end":{"line":645,"column":39}},"271":{"start":{"line":646,"column":2},"end":{"line":646,"column":null}},"272":{"start":{"line":646,"column":20},"end":{"line":646,"column":39}},"273":{"start":{"line":653,"column":8},"end":{"line":657,"column":null}},"274":{"start":{"line":654,"column":4},"end":{"line":654,"column":null}},"275":{"start":{"line":655,"column":4},"end":{"line":655,"column":null}},"276":{"start":{"line":656,"column":4},"end":{"line":656,"column":null}},"277":{"start":{"line":656,"column":21},"end":{"line":656,"column":55}},"278":{"start":{"line":665,"column":19},"end":{"line":686,"column":null}},"279":{"start":{"line":666,"column":4},"end":{"line":666,"column":null}},"280":{"start":{"line":667,"column":4},"end":{"line":685,"column":null}},"281":{"start":{"line":668,"column":23},"end":{"line":668,"column":null}},"282":{"start":{"line":671,"column":6},"end":{"line":673,"column":null}},"283":{"start":{"line":672,"column":8},"end":{"line":672,"column":null}},"284":{"start":{"line":675,"column":6},"end":{"line":675,"column":null}},"285":{"start":{"line":677,"column":6},"end":{"line":681,"column":null}},"286":{"start":{"line":678,"column":8},"end":{"line":678,"column":null}},"287":{"start":{"line":679,"column":8},"end":{"line":679,"column":null}},"288":{"start":{"line":680,"column":8},"end":{"line":680,"column":null}},"289":{"start":{"line":683,"column":6},"end":{"line":683,"column":null}},"290":{"start":{"line":692,"column":2},"end":{"line":708,"column":null}},"291":{"start":{"line":693,"column":4},"end":{"line":693,"column":null}},"292":{"start":{"line":693,"column":42},"end":{"line":693,"column":null}},"293":{"start":{"line":695,"column":4},"end":{"line":697,"column":null}},"294":{"start":{"line":696,"column":6},"end":{"line":696,"column":null}},"295":{"start":{"line":699,"column":4},"end":{"line":703,"column":null}},"296":{"start":{"line":700,"column":6},"end":{"line":702,"column":null}},"297":{"start":{"line":701,"column":8},"end":{"line":701,"column":null}},"298":{"start":{"line":705,"column":4},"end":{"line":707,"column":null}},"299":{"start":{"line":706,"column":6},"end":{"line":706,"column":null}},"300":{"start":{"line":706,"column":33},"end":{"line":706,"column":null}},"301":{"start":{"line":715,"column":2},"end":{"line":723,"column":null}},"302":{"start":{"line":716,"column":10},"end":{"line":720,"column":null}},"303":{"start":{"line":717,"column":6},"end":{"line":719,"column":null}},"304":{"start":{"line":718,"column":8},"end":{"line":718,"column":null}},"305":{"start":{"line":721,"column":4},"end":{"line":721,"column":null}},"306":{"start":{"line":722,"column":4},"end":{"line":722,"column":null}},"307":{"start":{"line":722,"column":17},"end":{"line":722,"column":null}},"308":{"start":{"line":732,"column":2},"end":{"line":740,"column":null}},"309":{"start":{"line":733,"column":4},"end":{"line":733,"column":null}},"310":{"start":{"line":734,"column":4},"end":{"line":734,"column":null}},"311":{"start":{"line":739,"column":4},"end":{"line":739,"column":null}},"312":{"start":{"line":749,"column":2},"end":{"line":795,"column":null}},"313":{"start":{"line":750,"column":21},"end":{"line":790,"column":null}},"314":{"start":{"line":751,"column":26},"end":{"line":751,"column":null}},"315":{"start":{"line":752,"column":6},"end":{"line":752,"column":null}},"316":{"start":{"line":753,"column":6},"end":{"line":753,"column":null}},"317":{"start":{"line":753,"column":54},"end":{"line":753,"column":null}},"318":{"start":{"line":755,"column":6},"end":{"line":759,"column":null}},"319":{"start":{"line":756,"column":8},"end":{"line":756,"column":null}},"320":{"start":{"line":758,"column":8},"end":{"line":758,"column":null}},"321":{"start":{"line":761,"column":6},"end":{"line":789,"column":null}},"322":{"start":{"line":762,"column":25},"end":{"line":762,"column":null}},"323":{"start":{"line":767,"column":8},"end":{"line":770,"column":null}},"324":{"start":{"line":768,"column":10},"end":{"line":768,"column":null}},"325":{"start":{"line":769,"column":10},"end":{"line":769,"column":null}},"326":{"start":{"line":776,"column":25},"end":{"line":776,"column":null}},"327":{"start":{"line":777,"column":8},"end":{"line":780,"column":null}},"328":{"start":{"line":778,"column":10},"end":{"line":778,"column":null}},"329":{"start":{"line":779,"column":10},"end":{"line":779,"column":null}},"330":{"start":{"line":782,"column":8},"end":{"line":782,"column":null}},"331":{"start":{"line":783,"column":8},"end":{"line":783,"column":null}},"332":{"start":{"line":786,"column":8},"end":{"line":788,"column":null}},"333":{"start":{"line":787,"column":10},"end":{"line":787,"column":null}},"334":{"start":{"line":789,"column":20},"end":{"line":789,"column":55}},"335":{"start":{"line":792,"column":4},"end":{"line":794,"column":null}},"336":{"start":{"line":793,"column":6},"end":{"line":793,"column":null}},"337":{"start":{"line":793,"column":25},"end":{"line":793,"column":28}},"338":{"start":{"line":803,"column":21},"end":{"line":840,"column":null}},"339":{"start":{"line":804,"column":4},"end":{"line":804,"column":null}},"340":{"start":{"line":807,"column":4},"end":{"line":807,"column":null}},"341":{"start":{"line":807,"column":28},"end":{"line":807,"column":null}},"342":{"start":{"line":809,"column":4},"end":{"line":839,"column":null}},"343":{"start":{"line":811,"column":6},"end":{"line":811,"column":null}},"344":{"start":{"line":817,"column":6},"end":{"line":820,"column":null}},"345":{"start":{"line":818,"column":8},"end":{"line":818,"column":null}},"346":{"start":{"line":819,"column":8},"end":{"line":819,"column":null}},"347":{"start":{"line":822,"column":6},"end":{"line":838,"column":null}},"348":{"start":{"line":823,"column":21},"end":{"line":829,"column":null}},"349":{"start":{"line":831,"column":8},"end":{"line":835,"column":null}},"350":{"start":{"line":832,"column":10},"end":{"line":832,"column":null}},"351":{"start":{"line":833,"column":10},"end":{"line":833,"column":null}},"352":{"start":{"line":834,"column":10},"end":{"line":834,"column":null}},"353":{"start":{"line":837,"column":8},"end":{"line":837,"column":null}},"354":{"start":{"line":851,"column":27},"end":{"line":902,"column":null}},"355":{"start":{"line":858,"column":19},"end":{"line":865,"column":null}},"356":{"start":{"line":859,"column":6},"end":{"line":864,"column":null}},"357":{"start":{"line":860,"column":8},"end":{"line":860,"column":null}},"358":{"start":{"line":862,"column":8},"end":{"line":862,"column":null}},"359":{"start":{"line":863,"column":8},"end":{"line":863,"column":null}},"360":{"start":{"line":867,"column":20},"end":{"line":890,"column":null}},"361":{"start":{"line":868,"column":33},"end":{"line":868,"column":null}},"362":{"start":{"line":870,"column":6},"end":{"line":875,"column":null}},"363":{"start":{"line":873,"column":8},"end":{"line":873,"column":null}},"364":{"start":{"line":874,"column":8},"end":{"line":874,"column":null}},"365":{"start":{"line":877,"column":6},"end":{"line":881,"column":null}},"366":{"start":{"line":878,"column":8},"end":{"line":878,"column":null}},"367":{"start":{"line":879,"column":8},"end":{"line":879,"column":null}},"368":{"start":{"line":880,"column":8},"end":{"line":880,"column":null}},"369":{"start":{"line":884,"column":6},"end":{"line":884,"column":null}},"370":{"start":{"line":885,"column":6},"end":{"line":885,"column":null}},"371":{"start":{"line":889,"column":6},"end":{"line":889,"column":null}},"372":{"start":{"line":895,"column":20},"end":{"line":895,"column":null}},"373":{"start":{"line":896,"column":4},"end":{"line":896,"column":null}},"374":{"start":{"line":897,"column":4},"end":{"line":901,"column":null}},"375":{"start":{"line":898,"column":6},"end":{"line":898,"column":null}},"376":{"start":{"line":900,"column":6},"end":{"line":900,"column":null}},"377":{"start":{"line":900,"column":47},"end":{"line":900,"column":null}},"378":{"start":{"line":907,"column":24},"end":{"line":927,"column":null}},"379":{"start":{"line":908,"column":4},"end":{"line":908,"column":null}},"380":{"start":{"line":909,"column":21},"end":{"line":919,"column":null}},"381":{"start":{"line":921,"column":4},"end":{"line":923,"column":null}},"382":{"start":{"line":922,"column":6},"end":{"line":922,"column":null}},"383":{"start":{"line":925,"column":17},"end":{"line":925,"column":null}},"384":{"start":{"line":926,"column":4},"end":{"line":926,"column":null}},"385":{"start":{"line":933,"column":32},"end":{"line":946,"column":null}},"386":{"start":{"line":934,"column":4},"end":{"line":934,"column":null}},"387":{"start":{"line":935,"column":4},"end":{"line":945,"column":null}},"388":{"start":{"line":936,"column":21},"end":{"line":936,"column":null}},"389":{"start":{"line":937,"column":6},"end":{"line":941,"column":null}},"390":{"start":{"line":940,"column":8},"end":{"line":940,"column":null}},"391":{"start":{"line":943,"column":6},"end":{"line":943,"column":null}},"392":{"start":{"line":944,"column":6},"end":{"line":944,"column":null}},"393":{"start":{"line":952,"column":30},"end":{"line":963,"column":null}},"394":{"start":{"line":953,"column":4},"end":{"line":956,"column":null}},"395":{"start":{"line":954,"column":6},"end":{"line":954,"column":null}},"396":{"start":{"line":955,"column":6},"end":{"line":955,"column":null}},"397":{"start":{"line":957,"column":4},"end":{"line":962,"column":null}},"398":{"start":{"line":958,"column":25},"end":{"line":958,"column":null}},"399":{"start":{"line":959,"column":6},"end":{"line":959,"column":null}},"400":{"start":{"line":961,"column":6},"end":{"line":961,"column":null}},"401":{"start":{"line":972,"column":21},"end":{"line":985,"column":null}},"402":{"start":{"line":973,"column":4},"end":{"line":984,"column":null}},"403":{"start":{"line":974,"column":6},"end":{"line":974,"column":null}},"404":{"start":{"line":975,"column":21},"end":{"line":975,"column":null}},"405":{"start":{"line":976,"column":6},"end":{"line":976,"column":null}},"406":{"start":{"line":976,"column":19},"end":{"line":976,"column":null}},"407":{"start":{"line":977,"column":23},"end":{"line":977,"column":null}},"408":{"start":{"line":979,"column":6},"end":{"line":981,"column":null}},"409":{"start":{"line":980,"column":8},"end":{"line":980,"column":null}},"410":{"start":{"line":983,"column":6},"end":{"line":983,"column":null}},"411":{"start":{"line":991,"column":23},"end":{"line":1037,"column":null}},"412":{"start":{"line":992,"column":4},"end":{"line":992,"column":null}},"413":{"start":{"line":996,"column":4},"end":{"line":996,"column":null}},"414":{"start":{"line":998,"column":4},"end":{"line":1036,"column":5}},"415":{"start":{"line":999,"column":6},"end":{"line":1035,"column":null}},"416":{"start":{"line":1008,"column":25},"end":{"line":1008,"column":null}},"417":{"start":{"line":1009,"column":8},"end":{"line":1009,"column":null}},"418":{"start":{"line":1012,"column":8},"end":{"line":1012,"column":null}},"419":{"start":{"line":1013,"column":8},"end":{"line":1013,"column":null}},"420":{"start":{"line":1014,"column":8},"end":{"line":1014,"column":null}},"421":{"start":{"line":1016,"column":8},"end":{"line":1022,"column":null}},"422":{"start":{"line":1017,"column":10},"end":{"line":1017,"column":null}},"423":{"start":{"line":1018,"column":10},"end":{"line":1018,"column":null}},"424":{"start":{"line":1021,"column":10},"end":{"line":1021,"column":null}},"425":{"start":{"line":1025,"column":8},"end":{"line":1025,"column":null}},"426":{"start":{"line":1026,"column":8},"end":{"line":1026,"column":null}},"427":{"start":{"line":1029,"column":8},"end":{"line":1029,"column":null}},"428":{"start":{"line":1034,"column":8},"end":{"line":1034,"column":null}},"429":{"start":{"line":1045,"column":2},"end":{"line":1107,"column":null}},"430":{"start":{"line":1046,"column":24},"end":{"line":1105,"column":null}},"431":{"start":{"line":1047,"column":6},"end":{"line":1047,"column":null}},"432":{"start":{"line":1050,"column":6},"end":{"line":1053,"column":null}},"433":{"start":{"line":1052,"column":8},"end":{"line":1052,"column":null}},"434":{"start":{"line":1054,"column":6},"end":{"line":1054,"column":null}},"435":{"start":{"line":1056,"column":6},"end":{"line":1056,"column":null}},"436":{"start":{"line":1059,"column":24},"end":{"line":1059,"column":null}},"437":{"start":{"line":1061,"column":6},"end":{"line":1061,"column":null}},"438":{"start":{"line":1063,"column":6},"end":{"line":1104,"column":null}},"439":{"start":{"line":1064,"column":8},"end":{"line":1064,"column":null}},"440":{"start":{"line":1065,"column":8},"end":{"line":1081,"column":null}},"441":{"start":{"line":1066,"column":10},"end":{"line":1066,"column":null}},"442":{"start":{"line":1068,"column":10},"end":{"line":1068,"column":null}},"443":{"start":{"line":1069,"column":10},"end":{"line":1071,"column":null}},"444":{"start":{"line":1070,"column":12},"end":{"line":1070,"column":null}},"445":{"start":{"line":1072,"column":10},"end":{"line":1072,"column":null}},"446":{"start":{"line":1074,"column":10},"end":{"line":1078,"column":null}},"447":{"start":{"line":1076,"column":12},"end":{"line":1076,"column":null}},"448":{"start":{"line":1077,"column":12},"end":{"line":1077,"column":null}},"449":{"start":{"line":1080,"column":10},"end":{"line":1080,"column":null}},"450":{"start":{"line":1085,"column":25},"end":{"line":1085,"column":null}},"451":{"start":{"line":1086,"column":8},"end":{"line":1103,"column":null}},"452":{"start":{"line":1087,"column":10},"end":{"line":1087,"column":null}},"453":{"start":{"line":1088,"column":10},"end":{"line":1099,"column":null}},"454":{"start":{"line":1089,"column":12},"end":{"line":1089,"column":null}},"455":{"start":{"line":1090,"column":29},"end":{"line":1090,"column":null}},"456":{"start":{"line":1091,"column":12},"end":{"line":1091,"column":null}},"457":{"start":{"line":1092,"column":12},"end":{"line":1092,"column":null}},"458":{"start":{"line":1093,"column":12},"end":{"line":1093,"column":null}},"459":{"start":{"line":1094,"column":12},"end":{"line":1094,"column":null}},"460":{"start":{"line":1094,"column":35},"end":{"line":1094,"column":null}},"461":{"start":{"line":1096,"column":12},"end":{"line":1096,"column":null}},"462":{"start":{"line":1097,"column":12},"end":{"line":1097,"column":null}},"463":{"start":{"line":1098,"column":12},"end":{"line":1098,"column":null}},"464":{"start":{"line":1101,"column":10},"end":{"line":1101,"column":null}},"465":{"start":{"line":1102,"column":10},"end":{"line":1102,"column":null}},"466":{"start":{"line":1106,"column":4},"end":{"line":1106,"column":null}},"467":{"start":{"line":1114,"column":26},"end":{"line":1122,"column":null}},"468":{"start":{"line":1115,"column":4},"end":{"line":1115,"column":null}},"469":{"start":{"line":1116,"column":4},"end":{"line":1121,"column":null}},"470":{"start":{"line":1117,"column":6},"end":{"line":1117,"column":null}},"471":{"start":{"line":1119,"column":6},"end":{"line":1119,"column":null}},"472":{"start":{"line":1120,"column":6},"end":{"line":1120,"column":null}},"473":{"start":{"line":1128,"column":32},"end":{"line":1143,"column":null}},"474":{"start":{"line":1129,"column":4},"end":{"line":1129,"column":null}},"475":{"start":{"line":1129,"column":28},"end":{"line":1129,"column":null}},"476":{"start":{"line":1135,"column":4},"end":{"line":1142,"column":null}},"477":{"start":{"line":1136,"column":30},"end":{"line":1136,"column":null}},"478":{"start":{"line":1137,"column":6},"end":{"line":1137,"column":null}},"479":{"start":{"line":1138,"column":6},"end":{"line":1138,"column":null}},"480":{"start":{"line":1139,"column":6},"end":{"line":1139,"column":null}},"481":{"start":{"line":1141,"column":6},"end":{"line":1141,"column":null}},"482":{"start":{"line":1150,"column":29},"end":{"line":1192,"column":null}},"483":{"start":{"line":1151,"column":4},"end":{"line":1151,"column":null}},"484":{"start":{"line":1159,"column":20},"end":{"line":1159,"column":null}},"485":{"start":{"line":1161,"column":4},"end":{"line":1165,"column":null}},"486":{"start":{"line":1164,"column":6},"end":{"line":1164,"column":null}},"487":{"start":{"line":1167,"column":4},"end":{"line":1169,"column":null}},"488":{"start":{"line":1168,"column":6},"end":{"line":1168,"column":null}},"489":{"start":{"line":1171,"column":4},"end":{"line":1174,"column":null}},"490":{"start":{"line":1172,"column":6},"end":{"line":1172,"column":null}},"491":{"start":{"line":1173,"column":6},"end":{"line":1173,"column":null}},"492":{"start":{"line":1176,"column":4},"end":{"line":1176,"column":null}},"493":{"start":{"line":1202,"column":2},"end":{"line":1348,"column":null}},"494":{"start":{"line":1203,"column":10},"end":{"line":1286,"column":null}},"495":{"start":{"line":1205,"column":6},"end":{"line":1209,"column":null}},"496":{"start":{"line":1206,"column":8},"end":{"line":1206,"column":null}},"497":{"start":{"line":1207,"column":8},"end":{"line":1207,"column":null}},"498":{"start":{"line":1208,"column":8},"end":{"line":1208,"column":null}},"499":{"start":{"line":1212,"column":6},"end":{"line":1218,"column":null}},"500":{"start":{"line":1213,"column":8},"end":{"line":1217,"column":null}},"501":{"start":{"line":1214,"column":10},"end":{"line":1214,"column":null}},"502":{"start":{"line":1215,"column":10},"end":{"line":1215,"column":null}},"503":{"start":{"line":1216,"column":10},"end":{"line":1216,"column":null}},"504":{"start":{"line":1221,"column":12},"end":{"line":1222,"column":null}},"505":{"start":{"line":1223,"column":6},"end":{"line":1229,"column":null}},"506":{"start":{"line":1224,"column":8},"end":{"line":1228,"column":null}},"507":{"start":{"line":1225,"column":10},"end":{"line":1225,"column":null}},"508":{"start":{"line":1226,"column":10},"end":{"line":1226,"column":null}},"509":{"start":{"line":1227,"column":10},"end":{"line":1227,"column":null}},"510":{"start":{"line":1235,"column":6},"end":{"line":1237,"column":null}},"511":{"start":{"line":1236,"column":8},"end":{"line":1236,"column":null}},"512":{"start":{"line":1238,"column":6},"end":{"line":1240,"column":null}},"513":{"start":{"line":1239,"column":8},"end":{"line":1239,"column":null}},"514":{"start":{"line":1249,"column":6},"end":{"line":1285,"column":null}},"515":{"start":{"line":1254,"column":8},"end":{"line":1254,"column":null}},"516":{"start":{"line":1254,"column":32},"end":{"line":1254,"column":null}},"517":{"start":{"line":1260,"column":26},"end":{"line":1260,"column":null}},"518":{"start":{"line":1261,"column":39},"end":{"line":1263,"column":null}},"519":{"start":{"line":1265,"column":21},"end":{"line":1265,"column":null}},"520":{"start":{"line":1266,"column":22},"end":{"line":1272,"column":null}},"521":{"start":{"line":1276,"column":8},"end":{"line":1276,"column":null}},"522":{"start":{"line":1276,"column":52},"end":{"line":1276,"column":null}},"523":{"start":{"line":1278,"column":8},"end":{"line":1278,"column":null}},"524":{"start":{"line":1279,"column":8},"end":{"line":1283,"column":null}},"525":{"start":{"line":1280,"column":10},"end":{"line":1280,"column":null}},"526":{"start":{"line":1282,"column":10},"end":{"line":1282,"column":null}},"527":{"start":{"line":1284,"column":8},"end":{"line":1284,"column":null}},"528":{"start":{"line":1288,"column":4},"end":{"line":1288,"column":null}},"529":{"start":{"line":1295,"column":10},"end":{"line":1305,"column":null}},"530":{"start":{"line":1296,"column":6},"end":{"line":1304,"column":null}},"531":{"start":{"line":1297,"column":8},"end":{"line":1297,"column":null}},"532":{"start":{"line":1299,"column":8},"end":{"line":1303,"column":null}},"533":{"start":{"line":1300,"column":10},"end":{"line":1300,"column":null}},"534":{"start":{"line":1301,"column":15},"end":{"line":1303,"column":null}},"535":{"start":{"line":1302,"column":10},"end":{"line":1302,"column":null}},"536":{"start":{"line":1306,"column":4},"end":{"line":1306,"column":null}},"537":{"start":{"line":1308,"column":10},"end":{"line":1330,"column":null}},"538":{"start":{"line":1310,"column":23},"end":{"line":1312,"column":null}},"539":{"start":{"line":1313,"column":6},"end":{"line":1313,"column":null}},"540":{"start":{"line":1319,"column":18},"end":{"line":1319,"column":null}},"541":{"start":{"line":1322,"column":12},"end":{"line":1322,"column":null}},"542":{"start":{"line":1323,"column":20},"end":{"line":1323,"column":null}},"543":{"start":{"line":1324,"column":6},"end":{"line":1324,"column":null}},"544":{"start":{"line":1325,"column":22},"end":{"line":1325,"column":null}},"545":{"start":{"line":1326,"column":22},"end":{"line":1327,"column":null}},"546":{"start":{"line":1328,"column":6},"end":{"line":1328,"column":null}},"547":{"start":{"line":1329,"column":6},"end":{"line":1329,"column":null}},"548":{"start":{"line":1332,"column":10},"end":{"line":1337,"column":null}},"549":{"start":{"line":1334,"column":6},"end":{"line":1334,"column":null}},"550":{"start":{"line":1336,"column":6},"end":{"line":1336,"column":null}},"551":{"start":{"line":1339,"column":4},"end":{"line":1339,"column":null}},"552":{"start":{"line":1340,"column":4},"end":{"line":1340,"column":null}},"553":{"start":{"line":1342,"column":4},"end":{"line":1347,"column":null}},"554":{"start":{"line":1343,"column":6},"end":{"line":1343,"column":null}},"555":{"start":{"line":1344,"column":6},"end":{"line":1344,"column":null}},"556":{"start":{"line":1345,"column":6},"end":{"line":1345,"column":null}},"557":{"start":{"line":1346,"column":6},"end":{"line":1346,"column":null}},"558":{"start":{"line":1353,"column":2},"end":{"line":1476,"column":null}},"559":{"start":{"line":1354,"column":4},"end":{"line":1354,"column":null}},"560":{"start":{"line":1354,"column":27},"end":{"line":1354,"column":null}},"561":{"start":{"line":1356,"column":25},"end":{"line":1356,"column":null}},"562":{"start":{"line":1357,"column":20},"end":{"line":1357,"column":null}},"563":{"start":{"line":1358,"column":4},"end":{"line":1358,"column":null}},"564":{"start":{"line":1358,"column":35},"end":{"line":1358,"column":null}},"565":{"start":{"line":1375,"column":26},"end":{"line":1375,"column":null}},"566":{"start":{"line":1376,"column":26},"end":{"line":1376,"column":null}},"567":{"start":{"line":1377,"column":27},"end":{"line":1377,"column":null}},"568":{"start":{"line":1378,"column":10},"end":{"line":1378,"column":null}},"569":{"start":{"line":1378,"column":23},"end":{"line":1378,"column":null}},"570":{"start":{"line":1381,"column":10},"end":{"line":1393,"column":null}},"571":{"start":{"line":1382,"column":23},"end":{"line":1382,"column":null}},"572":{"start":{"line":1383,"column":25},"end":{"line":1383,"column":null}},"573":{"start":{"line":1384,"column":43},"end":{"line":1384,"column":null}},"574":{"start":{"line":1385,"column":6},"end":{"line":1391,"column":null}},"575":{"start":{"line":1386,"column":21},"end":{"line":1386,"column":null}},"576":{"start":{"line":1387,"column":8},"end":{"line":1390,"column":null}},"577":{"start":{"line":1388,"column":22},"end":{"line":1388,"column":null}},"578":{"start":{"line":1389,"column":10},"end":{"line":1389,"column":null}},"579":{"start":{"line":1392,"column":6},"end":{"line":1392,"column":null}},"580":{"start":{"line":1392,"column":32},"end":{"line":1392,"column":58}},"581":{"start":{"line":1395,"column":10},"end":{"line":1410,"column":null}},"582":{"start":{"line":1396,"column":6},"end":{"line":1396,"column":null}},"583":{"start":{"line":1396,"column":28},"end":{"line":1396,"column":null}},"584":{"start":{"line":1397,"column":6},"end":{"line":1397,"column":null}},"585":{"start":{"line":1397,"column":29},"end":{"line":1397,"column":null}},"586":{"start":{"line":1398,"column":6},"end":{"line":1400,"column":null}},"587":{"start":{"line":1399,"column":8},"end":{"line":1399,"column":null}},"588":{"start":{"line":1401,"column":6},"end":{"line":1408,"column":null}},"589":{"start":{"line":1401,"column":19},"end":{"line":1401,"column":22}},"590":{"start":{"line":1402,"column":8},"end":{"line":1407,"column":null}},"591":{"start":{"line":1403,"column":27},"end":{"line":1403,"column":null}},"592":{"start":{"line":1404,"column":27},"end":{"line":1404,"column":null}},"593":{"start":{"line":1405,"column":20},"end":{"line":1405,"column":null}},"594":{"start":{"line":1406,"column":10},"end":{"line":1406,"column":null}},"595":{"start":{"line":1409,"column":6},"end":{"line":1409,"column":null}},"596":{"start":{"line":1412,"column":10},"end":{"line":1437,"column":null}},"597":{"start":{"line":1413,"column":6},"end":{"line":1413,"column":null}},"598":{"start":{"line":1413,"column":28},"end":{"line":1413,"column":null}},"599":{"start":{"line":1414,"column":6},"end":{"line":1414,"column":null}},"600":{"start":{"line":1414,"column":28},"end":{"line":1414,"column":null}},"601":{"start":{"line":1415,"column":6},"end":{"line":1415,"column":null}},"602":{"start":{"line":1415,"column":41},"end":{"line":1415,"column":null}},"603":{"start":{"line":1416,"column":6},"end":{"line":1423,"column":null}},"604":{"start":{"line":1416,"column":19},"end":{"line":1416,"column":22}},"605":{"start":{"line":1417,"column":8},"end":{"line":1422,"column":null}},"606":{"start":{"line":1418,"column":27},"end":{"line":1418,"column":null}},"607":{"start":{"line":1419,"column":27},"end":{"line":1419,"column":null}},"608":{"start":{"line":1420,"column":20},"end":{"line":1420,"column":null}},"609":{"start":{"line":1421,"column":10},"end":{"line":1421,"column":null}},"610":{"start":{"line":1430,"column":20},"end":{"line":1430,"column":null}},"611":{"start":{"line":1431,"column":20},"end":{"line":1431,"column":null}},"612":{"start":{"line":1432,"column":6},"end":{"line":1435,"column":null}},"613":{"start":{"line":1432,"column":19},"end":{"line":1432,"column":22}},"614":{"start":{"line":1433,"column":21},"end":{"line":1433,"column":null}},"615":{"start":{"line":1434,"column":8},"end":{"line":1434,"column":null}},"616":{"start":{"line":1434,"column":30},"end":{"line":1434,"column":46}},"617":{"start":{"line":1434,"column":46},"end":{"line":1434,"column":64}},"618":{"start":{"line":1436,"column":6},"end":{"line":1436,"column":null}},"619":{"start":{"line":1439,"column":10},"end":{"line":1449,"column":null}},"620":{"start":{"line":1440,"column":6},"end":{"line":1440,"column":null}},"621":{"start":{"line":1440,"column":36},"end":{"line":1440,"column":null}},"622":{"start":{"line":1441,"column":6},"end":{"line":1441,"column":null}},"623":{"start":{"line":1441,"column":35},"end":{"line":1441,"column":null}},"624":{"start":{"line":1442,"column":21},"end":{"line":1442,"column":null}},"625":{"start":{"line":1443,"column":6},"end":{"line":1443,"column":null}},"626":{"start":{"line":1443,"column":19},"end":{"line":1443,"column":null}},"627":{"start":{"line":1444,"column":19},"end":{"line":1444,"column":null}},"628":{"start":{"line":1445,"column":6},"end":{"line":1445,"column":null}},"629":{"start":{"line":1445,"column":24},"end":{"line":1445,"column":null}},"630":{"start":{"line":1446,"column":21},"end":{"line":1446,"column":null}},"631":{"start":{"line":1447,"column":6},"end":{"line":1447,"column":null}},"632":{"start":{"line":1448,"column":6},"end":{"line":1448,"column":null}},"633":{"start":{"line":1451,"column":10},"end":{"line":1459,"column":null}},"634":{"start":{"line":1452,"column":6},"end":{"line":1452,"column":null}},"635":{"start":{"line":1452,"column":36},"end":{"line":1452,"column":null}},"636":{"start":{"line":1453,"column":6},"end":{"line":1453,"column":null}},"637":{"start":{"line":1453,"column":36},"end":{"line":1453,"column":null}},"638":{"start":{"line":1454,"column":21},"end":{"line":1454,"column":null}},"639":{"start":{"line":1455,"column":6},"end":{"line":1455,"column":null}},"640":{"start":{"line":1455,"column":19},"end":{"line":1455,"column":null}},"641":{"start":{"line":1456,"column":19},"end":{"line":1456,"column":null}},"642":{"start":{"line":1457,"column":6},"end":{"line":1457,"column":null}},"643":{"start":{"line":1458,"column":6},"end":{"line":1458,"column":null}},"644":{"start":{"line":1461,"column":4},"end":{"line":1461,"column":null}},"645":{"start":{"line":1462,"column":4},"end":{"line":1462,"column":null}},"646":{"start":{"line":1464,"column":4},"end":{"line":1467,"column":null}},"647":{"start":{"line":1465,"column":6},"end":{"line":1465,"column":null}},"648":{"start":{"line":1466,"column":6},"end":{"line":1466,"column":null}},"649":{"start":{"line":1489,"column":24},"end":{"line":1489,"column":null}},"650":{"start":{"line":1490,"column":24},"end":{"line":1490,"column":null}},"651":{"start":{"line":1491,"column":23},"end":{"line":1491,"column":null}},"652":{"start":{"line":1492,"column":24},"end":{"line":1492,"column":null}},"653":{"start":{"line":1493,"column":21},"end":{"line":1493,"column":null}},"654":{"start":{"line":1494,"column":25},"end":{"line":1494,"column":null}},"655":{"start":{"line":1495,"column":25},"end":{"line":1495,"column":null}},"656":{"start":{"line":1501,"column":27},"end":{"line":1515,"column":null}},"657":{"start":{"line":1502,"column":4},"end":{"line":1505,"column":null}},"658":{"start":{"line":1503,"column":6},"end":{"line":1503,"column":null}},"659":{"start":{"line":1504,"column":6},"end":{"line":1504,"column":null}},"660":{"start":{"line":1506,"column":4},"end":{"line":1509,"column":null}},"661":{"start":{"line":1507,"column":6},"end":{"line":1507,"column":null}},"662":{"start":{"line":1508,"column":6},"end":{"line":1508,"column":null}},"663":{"start":{"line":1510,"column":15},"end":{"line":1510,"column":null}},"664":{"start":{"line":1511,"column":4},"end":{"line":1514,"column":null}},"665":{"start":{"line":1512,"column":6},"end":{"line":1512,"column":null}},"666":{"start":{"line":1513,"column":6},"end":{"line":1513,"column":null}},"667":{"start":{"line":1527,"column":29},"end":{"line":1549,"column":null}},"668":{"start":{"line":1528,"column":4},"end":{"line":1528,"column":null}},"669":{"start":{"line":1529,"column":20},"end":{"line":1529,"column":null}},"670":{"start":{"line":1530,"column":4},"end":{"line":1530,"column":null}},"671":{"start":{"line":1530,"column":33},"end":{"line":1530,"column":null}},"672":{"start":{"line":1531,"column":21},"end":{"line":1533,"column":null}},"673":{"start":{"line":1533,"column":19},"end":{"line":1533,"column":41}},"674":{"start":{"line":1534,"column":19},"end":{"line":1536,"column":null}},"675":{"start":{"line":1535,"column":6},"end":{"line":1535,"column":null}},"676":{"start":{"line":1537,"column":16},"end":{"line":1537,"column":null}},"677":{"start":{"line":1538,"column":4},"end":{"line":1538,"column":null}},"678":{"start":{"line":1538,"column":17},"end":{"line":1538,"column":null}},"679":{"start":{"line":1539,"column":15},"end":{"line":1539,"column":null}},"680":{"start":{"line":1540,"column":4},"end":{"line":1540,"column":null}},"681":{"start":{"line":1541,"column":4},"end":{"line":1541,"column":null}},"682":{"start":{"line":1542,"column":4},"end":{"line":1548,"column":null}},"683":{"start":{"line":1543,"column":6},"end":{"line":1543,"column":null}},"684":{"start":{"line":1544,"column":6},"end":{"line":1547,"column":null}},"685":{"start":{"line":1545,"column":8},"end":{"line":1545,"column":null}},"686":{"start":{"line":1546,"column":8},"end":{"line":1546,"column":null}},"687":{"start":{"line":1546,"column":39},"end":{"line":1546,"column":null}},"688":{"start":{"line":1556,"column":33},"end":{"line":1561,"column":null}},"689":{"start":{"line":1557,"column":4},"end":{"line":1557,"column":null}},"690":{"start":{"line":1558,"column":4},"end":{"line":1558,"column":null}},"691":{"start":{"line":1558,"column":27},"end":{"line":1558,"column":null}},"692":{"start":{"line":1559,"column":4},"end":{"line":1559,"column":null}},"693":{"start":{"line":1560,"column":4},"end":{"line":1560,"column":null}},"694":{"start":{"line":1578,"column":2},"end":{"line":1601,"column":null}},"695":{"start":{"line":1579,"column":20},"end":{"line":1579,"column":null}},"696":{"start":{"line":1580,"column":4},"end":{"line":1580,"column":null}},"697":{"start":{"line":1580,"column":18},"end":{"line":1580,"column":null}},"698":{"start":{"line":1582,"column":10},"end":{"line":1597,"column":null}},"699":{"start":{"line":1583,"column":24},"end":{"line":1583,"column":null}},"700":{"start":{"line":1584,"column":6},"end":{"line":1584,"column":null}},"701":{"start":{"line":1584,"column":77},"end":{"line":1584,"column":null}},"702":{"start":{"line":1586,"column":20},"end":{"line":1586,"column":null}},"703":{"start":{"line":1587,"column":6},"end":{"line":1587,"column":null}},"704":{"start":{"line":1587,"column":60},"end":{"line":1587,"column":null}},"705":{"start":{"line":1589,"column":19},"end":{"line":1589,"column":null}},"706":{"start":{"line":1590,"column":6},"end":{"line":1590,"column":null}},"707":{"start":{"line":1590,"column":25},"end":{"line":1590,"column":null}},"708":{"start":{"line":1594,"column":6},"end":{"line":1594,"column":null}},"709":{"start":{"line":1595,"column":6},"end":{"line":1595,"column":null}},"710":{"start":{"line":1596,"column":6},"end":{"line":1596,"column":null}},"711":{"start":{"line":1599,"column":4},"end":{"line":1599,"column":null}},"712":{"start":{"line":1600,"column":4},"end":{"line":1600,"column":null}},"713":{"start":{"line":1600,"column":17},"end":{"line":1600,"column":null}},"714":{"start":{"line":1610,"column":2},"end":{"line":1620,"column":null}},"715":{"start":{"line":1611,"column":4},"end":{"line":1614,"column":null}},"716":{"start":{"line":1612,"column":6},"end":{"line":1612,"column":null}},"717":{"start":{"line":1613,"column":6},"end":{"line":1613,"column":null}},"718":{"start":{"line":1615,"column":22},"end":{"line":1615,"column":null}},"719":{"start":{"line":1616,"column":4},"end":{"line":1618,"column":null}},"720":{"start":{"line":1617,"column":6},"end":{"line":1617,"column":null}},"721":{"start":{"line":1619,"column":4},"end":{"line":1619,"column":null}},"722":{"start":{"line":1648,"column":28},"end":{"line":1836,"column":null}},"723":{"start":{"line":1648,"column":55},"end":{"line":1836,"column":6}},"724":{"start":{"line":1651,"column":33},"end":{"line":1651,"column":null}},"725":{"start":{"line":1655,"column":6},"end":{"line":1664,"column":null}},"726":{"start":{"line":1656,"column":8},"end":{"line":1662,"column":null}},"727":{"start":{"line":1666,"column":12},"end":{"line":1708,"column":null}},"728":{"start":{"line":1667,"column":8},"end":{"line":1667,"column":null}},"729":{"start":{"line":1667,"column":19},"end":{"line":1667,"column":null}},"730":{"start":{"line":1670,"column":8},"end":{"line":1674,"column":null}},"731":{"start":{"line":1671,"column":10},"end":{"line":1671,"column":null}},"732":{"start":{"line":1672,"column":10},"end":{"line":1672,"column":null}},"733":{"start":{"line":1672,"column":37},"end":{"line":1672,"column":89}},"734":{"start":{"line":1673,"column":10},"end":{"line":1673,"column":null}},"735":{"start":{"line":1677,"column":8},"end":{"line":1682,"column":null}},"736":{"start":{"line":1678,"column":10},"end":{"line":1678,"column":null}},"737":{"start":{"line":1679,"column":21},"end":{"line":1679,"column":null}},"738":{"start":{"line":1680,"column":10},"end":{"line":1680,"column":null}},"739":{"start":{"line":1681,"column":10},"end":{"line":1681,"column":null}},"740":{"start":{"line":1690,"column":8},"end":{"line":1694,"column":null}},"741":{"start":{"line":1691,"column":10},"end":{"line":1691,"column":null}},"742":{"start":{"line":1692,"column":10},"end":{"line":1692,"column":null}},"743":{"start":{"line":1692,"column":50},"end":{"line":1692,"column":102}},"744":{"start":{"line":1693,"column":10},"end":{"line":1693,"column":null}},"745":{"start":{"line":1697,"column":8},"end":{"line":1697,"column":null}},"746":{"start":{"line":1700,"column":27},"end":{"line":1700,"column":null}},"747":{"start":{"line":1701,"column":8},"end":{"line":1701,"column":null}},"748":{"start":{"line":1701,"column":74},"end":{"line":1701,"column":null}},"749":{"start":{"line":1703,"column":29},"end":{"line":1703,"column":null}},"750":{"start":{"line":1704,"column":8},"end":{"line":1704,"column":null}},"751":{"start":{"line":1704,"column":27},"end":{"line":1704,"column":null}},"752":{"start":{"line":1706,"column":8},"end":{"line":1707,"column":null}},"753":{"start":{"line":1707,"column":24},"end":{"line":1707,"column":86}},"754":{"start":{"line":1710,"column":6},"end":{"line":1713,"column":null}},"755":{"start":{"line":1717,"column":53},"end":{"line":1717,"column":null}},"756":{"start":{"line":1718,"column":20},"end":{"line":1718,"column":null}},"757":{"start":{"line":1719,"column":6},"end":{"line":1721,"column":null}},"758":{"start":{"line":1720,"column":8},"end":{"line":1720,"column":null}},"759":{"start":{"line":1725,"column":6},"end":{"line":1733,"column":null}},"760":{"start":{"line":1726,"column":8},"end":{"line":1731,"column":null}},"761":{"start":{"line":1734,"column":6},"end":{"line":1737,"column":null}},"762":{"start":{"line":1745,"column":23},"end":{"line":1745,"column":null}},"763":{"start":{"line":1746,"column":6},"end":{"line":1777,"column":null}},"764":{"start":{"line":1747,"column":27},"end":{"line":1747,"column":null}},"765":{"start":{"line":1748,"column":8},"end":{"line":1775,"column":null}},"766":{"start":{"line":1759,"column":40},"end":{"line":1759,"column":null}},"767":{"start":{"line":1760,"column":14},"end":{"line":1765,"column":null}},"768":{"start":{"line":1761,"column":30},"end":{"line":1762,"column":null}},"769":{"start":{"line":1763,"column":28},"end":{"line":1763,"column":null}},"770":{"start":{"line":1764,"column":16},"end":{"line":1764,"column":null}},"771":{"start":{"line":1764,"column":25},"end":{"line":1764,"column":null}},"772":{"start":{"line":1766,"column":14},"end":{"line":1773,"column":null}},"773":{"start":{"line":1767,"column":32},"end":{"line":1767,"column":null}},"774":{"start":{"line":1768,"column":16},"end":{"line":1772,"column":null}},"775":{"start":{"line":1771,"column":18},"end":{"line":1771,"column":null}},"776":{"start":{"line":1779,"column":6},"end":{"line":1779,"column":null}},"777":{"start":{"line":1782,"column":27},"end":{"line":1782,"column":null}},"778":{"start":{"line":1783,"column":6},"end":{"line":1783,"column":null}},"779":{"start":{"line":1783,"column":16},"end":{"line":1783,"column":null}},"780":{"start":{"line":1784,"column":6},"end":{"line":1804,"column":null}},"781":{"start":{"line":1789,"column":8},"end":{"line":1802,"column":null}},"782":{"start":{"line":1790,"column":10},"end":{"line":1800,"column":null}},"783":{"start":{"line":1803,"column":8},"end":{"line":1803,"column":null}},"784":{"start":{"line":1805,"column":6},"end":{"line":1833,"column":null}},"785":{"start":{"line":1806,"column":30},"end":{"line":1806,"column":null}},"786":{"start":{"line":1808,"column":29},"end":{"line":1808,"column":null}},"787":{"start":{"line":1809,"column":26},"end":{"line":1809,"column":null}},"788":{"start":{"line":1810,"column":27},"end":{"line":1810,"column":null}},"789":{"start":{"line":1812,"column":25},"end":{"line":1812,"column":null}},"790":{"start":{"line":1813,"column":8},"end":{"line":1818,"column":null}},"791":{"start":{"line":1814,"column":10},"end":{"line":1814,"column":null}},"792":{"start":{"line":1817,"column":10},"end":{"line":1817,"column":null}},"793":{"start":{"line":1823,"column":38},"end":{"line":1823,"column":null}},"794":{"start":{"line":1824,"column":33},"end":{"line":1824,"column":null}},"795":{"start":{"line":1826,"column":8},"end":{"line":1831,"column":null}},"796":{"start":{"line":1827,"column":10},"end":{"line":1827,"column":null}},"797":{"start":{"line":1827,"column":29},"end":{"line":1827,"column":null}},"798":{"start":{"line":1828,"column":10},"end":{"line":1830,"column":null}},"799":{"start":{"line":1829,"column":32},"end":{"line":1829,"column":57}},"800":{"start":{"line":1830,"column":33},"end":{"line":1830,"column":67}},"801":{"start":{"line":1832,"column":8},"end":{"line":1832,"column":null}},"802":{"start":{"line":1834,"column":6},"end":{"line":1834,"column":null}},"803":{"start":{"line":1838,"column":26},"end":{"line":1859,"column":null}},"804":{"start":{"line":1839,"column":4},"end":{"line":1859,"column":6}},"805":{"start":{"line":1863,"column":2},"end":{"line":1887,"column":null}},"806":{"start":{"line":1864,"column":4},"end":{"line":1885,"column":null}},"807":{"start":{"line":1889,"column":2},"end":{"line":2142,"column":null}},"808":{"start":{"line":1923,"column":27},"end":{"line":1923,"column":null}},"809":{"start":{"line":1981,"column":27},"end":{"line":1981,"column":null}},"810":{"start":{"line":2021,"column":53},"end":{"line":2021,"column":72}},"811":{"start":{"line":2027,"column":46},"end":{"line":2030,"column":18}},"812":{"start":{"line":2029,"column":33},"end":{"line":2029,"column":null}},"813":{"start":{"line":2039,"column":33},"end":{"line":2039,"column":52}},"814":{"start":{"line":2039,"column":52},"end":{"line":2039,"column":94}},"815":{"start":{"line":2043,"column":33},"end":{"line":2043,"column":52}},"816":{"start":{"line":2043,"column":52},"end":{"line":2043,"column":89}},"817":{"start":{"line":2048,"column":33},"end":{"line":2048,"column":52}},"818":{"start":{"line":2048,"column":52},"end":{"line":2048,"column":89}},"819":{"start":{"line":2053,"column":33},"end":{"line":2053,"column":52}},"820":{"start":{"line":2053,"column":52},"end":{"line":2053,"column":97}},"821":{"start":{"line":2058,"column":33},"end":{"line":2058,"column":52}},"822":{"start":{"line":2058,"column":52},"end":{"line":2058,"column":99}},"823":{"start":{"line":2062,"column":46},"end":{"line":2062,"column":65}}},"fnMap":{"0":{"name":"(anonymous_0)","decl":{"start":{"line":68,"column":6},"end":{"line":68,"column":36}},"loc":{"start":{"line":68,"column":6},"end":{"line":82,"column":null}},"line":68},"1":{"name":"(anonymous_1)","decl":{"start":{"line":69,"column":8},"end":{"line":69,"column":16}},"loc":{"start":{"line":69,"column":30},"end":{"line":80,"column":null}},"line":69},"2":{"name":"(anonymous_2)","decl":{"start":{"line":100,"column":6},"end":{"line":100,"column":36}},"loc":{"start":{"line":100,"column":6},"end":{"line":137,"column":null}},"line":100},"3":{"name":"(anonymous_3)","decl":{"start":{"line":101,"column":8},"end":{"line":101,"column":20}},"loc":{"start":{"line":102,"column":4},"end":{"line":102,"column":null}},"line":102},"4":{"name":"(anonymous_4)","decl":{"start":{"line":104,"column":8},"end":{"line":104,"column":29}},"loc":{"start":{"line":104,"column":52},"end":{"line":112,"column":null}},"line":104},"5":{"name":"(anonymous_5)","decl":{"start":{"line":110,"column":20},"end":{"line":110,"column":26}},"loc":{"start":{"line":110,"column":37},"end":{"line":111,"column":69}},"line":110},"6":{"name":"(anonymous_6)","decl":{"start":{"line":114,"column":8},"end":{"line":114,"column":16}},"loc":{"start":{"line":114,"column":30},"end":{"line":135,"column":null}},"line":114},"7":{"name":"(anonymous_7)","decl":{"start":{"line":167,"column":6},"end":{"line":167,"column":16}},"loc":{"start":{"line":167,"column":33},"end":{"line":167,"column":null}},"line":167},"8":{"name":"(anonymous_8)","decl":{"start":{"line":168,"column":6},"end":{"line":168,"column":20}},"loc":{"start":{"line":168,"column":36},"end":{"line":168,"column":null}},"line":168},"9":{"name":"App","decl":{"start":{"line":173,"column":9},"end":{"line":173,"column":15}},"loc":{"start":{"line":173,"column":15},"end":{"line":2144,"column":null}},"line":173},"10":{"name":"(anonymous_10)","decl":{"start":{"line":178,"column":2},"end":{"line":178,"column":18}},"loc":{"start":{"line":178,"column":18},"end":{"line":181,"column":5}},"line":178},"11":{"name":"(anonymous_11)","decl":{"start":{"line":184,"column":2},"end":{"line":184,"column":18}},"loc":{"start":{"line":184,"column":18},"end":{"line":186,"column":5}},"line":184},"12":{"name":"(anonymous_12)","decl":{"start":{"line":185,"column":14},"end":{"line":185,"column":19}},"loc":{"start":{"line":185,"column":26},"end":{"line":185,"column":41}},"line":185},"13":{"name":"(anonymous_13)","decl":{"start":{"line":185,"column":43},"end":{"line":185,"column":55}},"loc":{"start":{"line":185,"column":55},"end":{"line":185,"column":57}},"line":185},"14":{"name":"(anonymous_14)","decl":{"start":{"line":192,"column":2},"end":{"line":192,"column":18}},"loc":{"start":{"line":192,"column":18},"end":{"line":207,"column":5}},"line":192},"15":{"name":"(anonymous_15)","decl":{"start":{"line":193,"column":10},"end":{"line":193,"column":23}},"loc":{"start":{"line":193,"column":44},"end":{"line":197,"column":null}},"line":193},"16":{"name":"(anonymous_16)","decl":{"start":{"line":198,"column":10},"end":{"line":198,"column":27}},"loc":{"start":{"line":198,"column":45},"end":{"line":200,"column":null}},"line":198},"17":{"name":"(anonymous_17)","decl":{"start":{"line":203,"column":4},"end":{"line":203,"column":17}},"loc":{"start":{"line":203,"column":17},"end":{"line":206,"column":null}},"line":203},"18":{"name":"(anonymous_18)","decl":{"start":{"line":303,"column":26},"end":{"line":303,"column":44}},"loc":{"start":{"line":303,"column":44},"end":{"line":310,"column":5}},"line":303},"19":{"name":"(anonymous_19)","decl":{"start":{"line":306,"column":42},"end":{"line":306,"column":59}},"loc":{"start":{"line":306,"column":59},"end":{"line":309,"column":7}},"line":306},"20":{"name":"(anonymous_20)","decl":{"start":{"line":312,"column":29},"end":{"line":312,"column":42}},"loc":{"start":{"line":312,"column":62},"end":{"line":314,"column":5}},"line":312},"21":{"name":"(anonymous_21)","decl":{"start":{"line":344,"column":30},"end":{"line":344,"column":43}},"loc":{"start":{"line":344,"column":60},"end":{"line":348,"column":5}},"line":344},"22":{"name":"(anonymous_22)","decl":{"start":{"line":347,"column":4},"end":{"line":347,"column":16}},"loc":{"start":{"line":347,"column":24},"end":{"line":347,"column":32}},"line":347},"23":{"name":"(anonymous_23)","decl":{"start":{"line":366,"column":8},"end":{"line":366,"column":34}},"loc":{"start":{"line":366,"column":58},"end":{"line":403,"column":null}},"line":366},"24":{"name":"(anonymous_24)","decl":{"start":{"line":378,"column":10},"end":{"line":378,"column":25}},"loc":{"start":{"line":378,"column":44},"end":{"line":391,"column":null}},"line":378},"25":{"name":"(anonymous_25)","decl":{"start":{"line":380,"column":14},"end":{"line":380,"column":42}},"loc":{"start":{"line":380,"column":42},"end":{"line":390,"column":7}},"line":380},"26":{"name":"(anonymous_26)","decl":{"start":{"line":392,"column":10},"end":{"line":392,"column":28}},"loc":{"start":{"line":392,"column":28},"end":{"line":398,"column":null}},"line":392},"27":{"name":"(anonymous_27)","decl":{"start":{"line":412,"column":36},"end":{"line":412,"column":59}},"loc":{"start":{"line":412,"column":59},"end":{"line":416,"column":3}},"line":412},"28":{"name":"(anonymous_28)","decl":{"start":{"line":418,"column":33},"end":{"line":418,"column":51}},"loc":{"start":{"line":418,"column":51},"end":{"line":425,"column":5}},"line":418},"29":{"name":"(anonymous_29)","decl":{"start":{"line":420,"column":4},"end":{"line":420,"column":16}},"loc":{"start":{"line":420,"column":24},"end":{"line":424,"column":5}},"line":420},"30":{"name":"(anonymous_30)","decl":{"start":{"line":427,"column":33},"end":{"line":427,"column":51}},"loc":{"start":{"line":427,"column":51},"end":{"line":434,"column":5}},"line":427},"31":{"name":"(anonymous_31)","decl":{"start":{"line":429,"column":4},"end":{"line":429,"column":16}},"loc":{"start":{"line":429,"column":24},"end":{"line":433,"column":5}},"line":429},"32":{"name":"(anonymous_32)","decl":{"start":{"line":437,"column":2},"end":{"line":437,"column":18}},"loc":{"start":{"line":437,"column":18},"end":{"line":446,"column":5}},"line":437},"33":{"name":"(anonymous_33)","decl":{"start":{"line":449,"column":8},"end":{"line":449,"column":20}},"loc":{"start":{"line":449,"column":37},"end":{"line":464,"column":null}},"line":449},"34":{"name":"(anonymous_34)","decl":{"start":{"line":451,"column":4},"end":{"line":451,"column":15}},"loc":{"start":{"line":451,"column":23},"end":{"line":463,"column":5}},"line":451},"35":{"name":"(anonymous_35)","decl":{"start":{"line":453,"column":27},"end":{"line":453,"column":34}},"loc":{"start":{"line":453,"column":39},"end":{"line":453,"column":49}},"line":453},"36":{"name":"(anonymous_36)","decl":{"start":{"line":467,"column":2},"end":{"line":467,"column":18}},"loc":{"start":{"line":467,"column":18},"end":{"line":481,"column":5}},"line":467},"37":{"name":"(anonymous_37)","decl":{"start":{"line":488,"column":23},"end":{"line":488,"column":35}},"loc":{"start":{"line":488,"column":35},"end":{"line":521,"column":null}},"line":488},"38":{"name":"(anonymous_38)","decl":{"start":{"line":527,"column":2},"end":{"line":527,"column":18}},"loc":{"start":{"line":527,"column":18},"end":{"line":566,"column":5}},"line":527},"39":{"name":"(anonymous_39)","decl":{"start":{"line":528,"column":24},"end":{"line":528,"column":36}},"loc":{"start":{"line":528,"column":36},"end":{"line":538,"column":null}},"line":528},"40":{"name":"(anonymous_40)","decl":{"start":{"line":544,"column":27},"end":{"line":544,"column":39}},"loc":{"start":{"line":544,"column":39},"end":{"line":564,"column":null}},"line":544},"41":{"name":"(anonymous_41)","decl":{"start":{"line":550,"column":42},"end":{"line":550,"column":71}},"loc":{"start":{"line":550,"column":71},"end":{"line":554,"column":7}},"line":550},"42":{"name":"(anonymous_42)","decl":{"start":{"line":555,"column":42},"end":{"line":555,"column":71}},"loc":{"start":{"line":555,"column":71},"end":{"line":558,"column":7}},"line":555},"43":{"name":"(anonymous_43)","decl":{"start":{"line":560,"column":6},"end":{"line":560,"column":19}},"loc":{"start":{"line":560,"column":19},"end":{"line":563,"column":null}},"line":560},"44":{"name":"(anonymous_44)","decl":{"start":{"line":571,"column":25},"end":{"line":571,"column":32}},"loc":{"start":{"line":571,"column":72},"end":{"line":599,"column":null}},"line":571},"45":{"name":"(anonymous_45)","decl":{"start":{"line":605,"column":2},"end":{"line":605,"column":18}},"loc":{"start":{"line":605,"column":18},"end":{"line":607,"column":5}},"line":605},"46":{"name":"(anonymous_46)","decl":{"start":{"line":615,"column":2},"end":{"line":615,"column":18}},"loc":{"start":{"line":615,"column":18},"end":{"line":620,"column":5}},"line":615},"47":{"name":"(anonymous_47)","decl":{"start":{"line":633,"column":2},"end":{"line":633,"column":18}},"loc":{"start":{"line":633,"column":18},"end":{"line":636,"column":5}},"line":633},"48":{"name":"(anonymous_48)","decl":{"start":{"line":635,"column":4},"end":{"line":635,"column":17}},"loc":{"start":{"line":635,"column":17},"end":{"line":635,"column":null}},"line":635},"49":{"name":"(anonymous_49)","decl":{"start":{"line":639,"column":2},"end":{"line":639,"column":18}},"loc":{"start":{"line":639,"column":18},"end":{"line":641,"column":5}},"line":639},"50":{"name":"(anonymous_50)","decl":{"start":{"line":645,"column":2},"end":{"line":645,"column":18}},"loc":{"start":{"line":645,"column":18},"end":{"line":645,"column":42}},"line":645},"51":{"name":"(anonymous_51)","decl":{"start":{"line":646,"column":2},"end":{"line":646,"column":18}},"loc":{"start":{"line":646,"column":18},"end":{"line":646,"column":42}},"line":646},"52":{"name":"(anonymous_52)","decl":{"start":{"line":653,"column":8},"end":{"line":653,"column":28}},"loc":{"start":{"line":653,"column":28},"end":{"line":657,"column":null}},"line":653},"53":{"name":"(anonymous_53)","decl":{"start":{"line":656,"column":4},"end":{"line":656,"column":13}},"loc":{"start":{"line":656,"column":21},"end":{"line":656,"column":55}},"line":656},"54":{"name":"(anonymous_54)","decl":{"start":{"line":665,"column":19},"end":{"line":665,"column":26}},"loc":{"start":{"line":665,"column":57},"end":{"line":686,"column":null}},"line":665},"55":{"name":"(anonymous_55)","decl":{"start":{"line":692,"column":2},"end":{"line":692,"column":18}},"loc":{"start":{"line":692,"column":18},"end":{"line":708,"column":5}},"line":692},"56":{"name":"(anonymous_56)","decl":{"start":{"line":699,"column":35},"end":{"line":699,"column":52}},"loc":{"start":{"line":699,"column":52},"end":{"line":703,"column":7}},"line":699},"57":{"name":"(anonymous_57)","decl":{"start":{"line":705,"column":4},"end":{"line":705,"column":17}},"loc":{"start":{"line":705,"column":17},"end":{"line":707,"column":null}},"line":705},"58":{"name":"(anonymous_58)","decl":{"start":{"line":715,"column":2},"end":{"line":715,"column":18}},"loc":{"start":{"line":715,"column":18},"end":{"line":723,"column":5}},"line":715},"59":{"name":"(anonymous_59)","decl":{"start":{"line":716,"column":10},"end":{"line":716,"column":29}},"loc":{"start":{"line":716,"column":29},"end":{"line":720,"column":null}},"line":716},"60":{"name":"(anonymous_60)","decl":{"start":{"line":722,"column":4},"end":{"line":722,"column":17}},"loc":{"start":{"line":722,"column":17},"end":{"line":722,"column":null}},"line":722},"61":{"name":"(anonymous_61)","decl":{"start":{"line":732,"column":2},"end":{"line":732,"column":18}},"loc":{"start":{"line":732,"column":18},"end":{"line":740,"column":5}},"line":732},"62":{"name":"(anonymous_62)","decl":{"start":{"line":749,"column":2},"end":{"line":749,"column":18}},"loc":{"start":{"line":749,"column":18},"end":{"line":795,"column":5}},"line":749},"63":{"name":"(anonymous_63)","decl":{"start":{"line":750,"column":44},"end":{"line":750,"column":51}},"loc":{"start":{"line":750,"column":61},"end":{"line":790,"column":5}},"line":750},"64":{"name":"(anonymous_64)","decl":{"start":{"line":792,"column":4},"end":{"line":792,"column":17}},"loc":{"start":{"line":792,"column":17},"end":{"line":794,"column":null}},"line":792},"65":{"name":"(anonymous_65)","decl":{"start":{"line":793,"column":15},"end":{"line":793,"column":20}},"loc":{"start":{"line":793,"column":25},"end":{"line":793,"column":28}},"line":793},"66":{"name":"(anonymous_66)","decl":{"start":{"line":803,"column":21},"end":{"line":803,"column":28}},"loc":{"start":{"line":803,"column":58},"end":{"line":840,"column":null}},"line":803},"67":{"name":"(anonymous_67)","decl":{"start":{"line":851,"column":27},"end":{"line":851,"column":34}},"loc":{"start":{"line":851,"column":74},"end":{"line":902,"column":null}},"line":851},"68":{"name":"(anonymous_68)","decl":{"start":{"line":858,"column":19},"end":{"line":858,"column":26}},"loc":{"start":{"line":858,"column":64},"end":{"line":865,"column":null}},"line":858},"69":{"name":"(anonymous_69)","decl":{"start":{"line":867,"column":20},"end":{"line":867,"column":49}},"loc":{"start":{"line":867,"column":49},"end":{"line":890,"column":null}},"line":867},"70":{"name":"(anonymous_70)","decl":{"start":{"line":907,"column":24},"end":{"line":907,"column":70}},"loc":{"start":{"line":907,"column":70},"end":{"line":927,"column":null}},"line":907},"71":{"name":"(anonymous_71)","decl":{"start":{"line":933,"column":32},"end":{"line":933,"column":44}},"loc":{"start":{"line":933,"column":44},"end":{"line":946,"column":null}},"line":933},"72":{"name":"(anonymous_72)","decl":{"start":{"line":952,"column":30},"end":{"line":952,"column":42}},"loc":{"start":{"line":952,"column":42},"end":{"line":963,"column":null}},"line":952},"73":{"name":"(anonymous_73)","decl":{"start":{"line":972,"column":21},"end":{"line":972,"column":33}},"loc":{"start":{"line":972,"column":33},"end":{"line":985,"column":null}},"line":972},"74":{"name":"(anonymous_74)","decl":{"start":{"line":991,"column":23},"end":{"line":991,"column":30}},"loc":{"start":{"line":991,"column":47},"end":{"line":1037,"column":null}},"line":991},"75":{"name":"(anonymous_75)","decl":{"start":{"line":1045,"column":2},"end":{"line":1045,"column":18}},"loc":{"start":{"line":1045,"column":18},"end":{"line":1107,"column":5}},"line":1045},"76":{"name":"(anonymous_76)","decl":{"start":{"line":1046,"column":24},"end":{"line":1046,"column":36}},"loc":{"start":{"line":1046,"column":36},"end":{"line":1105,"column":null}},"line":1046},"77":{"name":"(anonymous_77)","decl":{"start":{"line":1114,"column":26},"end":{"line":1114,"column":38}},"loc":{"start":{"line":1114,"column":38},"end":{"line":1122,"column":null}},"line":1114},"78":{"name":"(anonymous_78)","decl":{"start":{"line":1128,"column":32},"end":{"line":1128,"column":44}},"loc":{"start":{"line":1128,"column":44},"end":{"line":1143,"column":null}},"line":1128},"79":{"name":"(anonymous_79)","decl":{"start":{"line":1150,"column":29},"end":{"line":1150,"column":41}},"loc":{"start":{"line":1150,"column":41},"end":{"line":1192,"column":null}},"line":1150},"80":{"name":"(anonymous_80)","decl":{"start":{"line":1202,"column":2},"end":{"line":1202,"column":18}},"loc":{"start":{"line":1202,"column":18},"end":{"line":1348,"column":5}},"line":1202},"81":{"name":"(anonymous_81)","decl":{"start":{"line":1203,"column":10},"end":{"line":1203,"column":27}},"loc":{"start":{"line":1203,"column":48},"end":{"line":1286,"column":null}},"line":1203},"82":{"name":"(anonymous_82)","decl":{"start":{"line":1295,"column":10},"end":{"line":1295,"column":25}},"loc":{"start":{"line":1295,"column":43},"end":{"line":1305,"column":null}},"line":1295},"83":{"name":"(anonymous_83)","decl":{"start":{"line":1308,"column":10},"end":{"line":1308,"column":36}},"loc":{"start":{"line":1308,"column":36},"end":{"line":1330,"column":null}},"line":1308},"84":{"name":"(anonymous_84)","decl":{"start":{"line":1332,"column":10},"end":{"line":1332,"column":35}},"loc":{"start":{"line":1332,"column":35},"end":{"line":1337,"column":null}},"line":1332},"85":{"name":"(anonymous_85)","decl":{"start":{"line":1342,"column":4},"end":{"line":1342,"column":17}},"loc":{"start":{"line":1342,"column":17},"end":{"line":1347,"column":null}},"line":1342},"86":{"name":"(anonymous_86)","decl":{"start":{"line":1353,"column":2},"end":{"line":1353,"column":18}},"loc":{"start":{"line":1353,"column":18},"end":{"line":1476,"column":5}},"line":1353},"87":{"name":"(anonymous_87)","decl":{"start":{"line":1378,"column":10},"end":{"line":1378,"column":23}},"loc":{"start":{"line":1378,"column":23},"end":{"line":1378,"column":null}},"line":1378},"88":{"name":"(anonymous_88)","decl":{"start":{"line":1381,"column":10},"end":{"line":1381,"column":56}},"loc":{"start":{"line":1381,"column":56},"end":{"line":1393,"column":null}},"line":1381},"89":{"name":"(anonymous_89)","decl":{"start":{"line":1385,"column":15},"end":{"line":1385,"column":23}},"loc":{"start":{"line":1385,"column":29},"end":{"line":1391,"column":7}},"line":1385},"90":{"name":"(anonymous_90)","decl":{"start":{"line":1392,"column":17},"end":{"line":1392,"column":23}},"loc":{"start":{"line":1392,"column":32},"end":{"line":1392,"column":58}},"line":1392},"91":{"name":"(anonymous_91)","decl":{"start":{"line":1395,"column":10},"end":{"line":1395,"column":27}},"loc":{"start":{"line":1395,"column":82},"end":{"line":1410,"column":null}},"line":1395},"92":{"name":"(anonymous_92)","decl":{"start":{"line":1412,"column":10},"end":{"line":1412,"column":27}},"loc":{"start":{"line":1412,"column":81},"end":{"line":1437,"column":null}},"line":1412},"93":{"name":"(anonymous_93)","decl":{"start":{"line":1439,"column":10},"end":{"line":1439,"column":33}},"loc":{"start":{"line":1439,"column":33},"end":{"line":1449,"column":null}},"line":1439},"94":{"name":"(anonymous_94)","decl":{"start":{"line":1451,"column":10},"end":{"line":1451,"column":34}},"loc":{"start":{"line":1451,"column":34},"end":{"line":1459,"column":null}},"line":1451},"95":{"name":"(anonymous_95)","decl":{"start":{"line":1464,"column":4},"end":{"line":1464,"column":17}},"loc":{"start":{"line":1464,"column":17},"end":{"line":1467,"column":null}},"line":1464},"96":{"name":"(anonymous_96)","decl":{"start":{"line":1501,"column":27},"end":{"line":1501,"column":45}},"loc":{"start":{"line":1501,"column":45},"end":{"line":1515,"column":5}},"line":1501},"97":{"name":"(anonymous_97)","decl":{"start":{"line":1527,"column":29},"end":{"line":1527,"column":42}},"loc":{"start":{"line":1527,"column":75},"end":{"line":1549,"column":5}},"line":1527},"98":{"name":"(anonymous_98)","decl":{"start":{"line":153
[...]
ecl":{"start":{"line":126,"column":16},"end":{"line":126,"column":31}},"loc":{"start":{"line":126,"column":31},"end":{"line":126,"column":null}},"line":126},"4":{"name":"(anonymous_4)","decl":{"start":{"line":127,"column":16},"end":{"line":127,"column":32}},"loc":{"start":{"line":127,"column":32},"end":{"line":127,"column":null}},"line":127}},"branchMap":{"0":{"loc":{"start":{"line":62,"column":4},"end":{"line":64,"column":null}},"type":"if","locations":[{"start":{"line":62,"column":4},"end":{"line":64,"column":null}},{"start":{},"end":{}}],"line":62},"1":{"loc":{"start":{"line":62,"column":8},"end":{"line":62,"column":51}},"type":"binary-expr","locations":[{"start":{"line":62,"column":8},"end":{"line":62,"column":16}},{"start":{"line":62,"column":16},"end":{"line":62,"column":34}},{"start":{"line":62,"column":34},"end":{"line":62,"column":51}}],"line":62},"2":{"loc":{"start":{"line":67,"column":4},"end":{"line":72,"column":null}},"type":"if","locations":[{"start":{"line":67,"column":4},"end":{"line":72,"column":null}},{"start":{},"end":{}}],"line":67},"3":{"loc":{"start":{"line":69,"column":8},"end":{"line":71,"column":null}},"type":"if","locations":[{"start":{"line":69,"column":8},"end":{"line":71,"column":null}},{"start":{},"end":{}}],"line":69},"4":{"loc":{"start":{"line":69,"column":12},"end":{"line":69,"column":64}},"type":"binary-expr","locations":[{"start":{"line":69,"column":12},"end":{"line":69,"column":34}},{"start":{"line":69,"column":34},"end":{"line":69,"column":50}},{"start":{"line":69,"column":50},"end":{"line":69,"column":64}}],"line":69},"5":{"loc":{"start":{"line":106,"column":34},"end":{"line":106,"column":null}},"type":"binary-expr","locations":[{"start":{"line":106,"column":34},"end":{"line":106,"column":42}},{"start":{"line":106,"column":42},"end":{"line":106,"column":null}}],"line":106},"6":{"loc":{"start":{"line":107,"column":8},"end":{"line":107,"column":null}},"type":"if","locations":[{"start":{"line":107,"column":8},"end":{"line":107,"column":null}},{"start":{},"end":{}}],"line":107},"7":{"loc":{"start":{"line":107,"column":12},"end":{"line":107,"column":39}},"type":"binary-expr","locations":[{"start":{"line":107,"column":12},"end":{"line":107,"column":26}},{"start":{"line":107,"column":26},"end":{"line":107,"column":39}}],"line":107},"8":{"loc":{"start":{"line":135,"column":8},"end":{"line":135,"column":null}},"type":"if","locations":[{"start":{"line":135,"column":8},"end":{"line":135,"column":null}},{"start":{},"end":{}}],"line":135}},"s":{"0":9,"1":9,"2":18,"3":18,"4":0,"5":18,"6":18,"7":0,"8":0,"9":0,"10":18,"11":9,"12":9,"13":9,"14":9,"15":0,"16":0,"17":0,"18":0,"19":0,"20":0,"21":0,"22":0,"23":0,"24":0,"25":0,"26":0,"27":0,"28":0,"29":0,"30":0,"31":0,"32":0,"33":0,"34":0,"35":0,"36":0,"37":0,"38":0,"39":0,"40":0},"f":{"0":18,"1":9,"2":0,"3":0,"4":0},"b":{"0":[0,18],"1":[18,18,0],"2":[0,18],"3":[0,0],"4":[0,0,0],"5":[9,9],"6":[9,0],"7":[9,0],"8":[0,0]},"meta":{"lastBranch":9,"lastFunction":5,"lastStatement":41,"seen":{"s:43:21:43:Infinity":0,"s:47:22:47:Infinity":1,"f:60:16:60:33":0,"s:61:17:61:Infinity":2,"b:62:4:64:Infinity:undefined:undefined:undefined:undefined":0,"s:62:4:64:Infinity":3,"b:62:8:62:16:62:16:62:34:62:34:62:51":1,"s:63:8:63:Infinity":4,"s:66:20:66:Infinity":5,"b:67:4:72:Infinity:undefined:undefined:undefined:undefined":2,"s:67:4:72:Infinity":6,"s:68:22:68:Infinity":7,"b:69:8:71:Infinity:undefined:undefined:undefined:undefined":3,"s:69:8:71:Infinity":8,"b:69:12:69:34:69:34:69:50:69:50:69:64":4,"s:70:12:70:Infinity":9,"s:74:4:74:Infinity":10,"f:98:22:98:Infinity":1,"s:103:4:145:Infinity":11,"s:106:34:106:Infinity":12,"b:106:34:106:42:106:42:106:Infinity":5,"b:107:8:107:Infinity:undefined:undefined:undefined:undefined":6,"s:107:8:107:Infinity":13,"b:107:12:107:26:107:26:107:39":7,"s:107:39:107:Infinity":14,"s:109:22:113:Infinity":15,"s:117:22:117:Infinity":16,"s:118:8:118:Infinity":17,"s:119:8:119:Infinity":18,"s:120:8:120:Infinity":19,"s:121:23:121:Infinity":20,"s:122:23:122:Infinity":21,"s:124:22:129:Infinity":22,"f:124:32:124:59":2,"s:125:24:125:Infinity":23,"s:126:12:126:Infinity":24,"f:126:16:126:31":3,"s:126:31:126:Infinity":25,"s:127:12:127:Infinity":26,"f:127:16:127:32":4,"s:127:32:127:Infinity":27,"s:128:12:128:Infinity":28,"s:131:23:131:Infinity":29,"s:132:8:132:Infinity":30,"s:133:8:133:Infinity":31,"s:134:20:134:Infinity":32,"b:135:8:135:Infinity:undefined:undefined:undefined:undefined":8,"s:135:8:135:Infinity":33,"s:135:18:135:Infinity":34,"s:137:8:137:Infinity":35,"s:138:8:138:Infinity":36,"s:139:8:139:Infinity":37,"s:141:8:141:Infinity":38,"s:143:8:143:Infinity":39,"s:144:8:144:Infinity":40},"fnNames":{}}}
,"/home/runner/work/lattice/lattice/src/lib/tab-size.ts": {"path":"/home/runner/work/lattice/lattice/src/lib/tab-size.ts","statementMap":{"0":{"start":{"line":30,"column":28},"end":{"line":30,"column":null}},"1":{"start":{"line":32,"column":28},"end":{"line":32,"column":null}},"2":{"start":{"line":34,"column":32},"end":{"line":34,"column":null}},"3":{"start":{"line":45,"column":13},"end":{"line":48,"column":null}},"4":{"start":{"line":46,"column":4},"end":{"line":48,"column":null}}},"fnMap":{"0":{"name":"(anonymous_0)","decl":{"start":{"line":45,"column":13},"end":{"line":45,"column":29}},"loc":{"start":{"line":46,"column":4},"end":{"line":48,"column":null}},"line":46}},"branchMap":{"0":{"loc":{"start":{"line":46,"column":4},"end":{"line":48,"column":null}},"type":"cond-expr","locations":[{"start":{"line":47,"column":10},"end":{"line":47,"column":null}},{"start":{"line":48,"column":10},"end":{"line":48,"column":null}}],"line":46},"1":{"loc":{"start":{"line":46,"column":4},"end":{"line":46,"column":null}},"type":"binary-expr","locations":[{"start":{"line":46,"column":4},"end":{"line":46,"column":33}},{"start":{"line":46,"column":33},"end":{"line":46,"column":null}}],"line":46}},"s":{"0":10,"1":10,"2":10,"3":10,"4":83},"f":{"0":83},"b":{"0":[14,69],"1":[83,16]},"meta":{"lastBranch":2,"lastFunction":1,"lastStatement":5,"seen":{"s:30:28:30:Infinity":0,"s:32:28:32:Infinity":1,"s:34:32:34:Infinity":2,"s:45:13:48:Infinity":3,"f:45:13:45:29":0,"s:46:4:48:Infinity":4,"b:47:10:47:Infinity:48:10:48:Infinity":0,"b:46:4:46:33:46:33:46:Infinity":1},"fnNames":{}}}
,"/home/runner/work/lattice/lattice/src/services/FileSystem.ts": {"path":"/home/runner/work/lattice/lattice/src/services/FileSystem.ts","statementMap":{"0":{"start":{"line":36,"column":26},"end":{"line":59,"column":null}},"1":{"start":{"line":38,"column":18},"end":{"line":38,"column":null}},"2":{"start":{"line":39,"column":4},"end":{"line":39,"column":null}},"3":{"start":{"line":42,"column":4},"end":{"line":42,"column":null}},"4":{"start":{"line":45,"column":4},"end":{"line":45,"column":null}},"5":{"start":{"line":48,"column":4},"end":{"line":48,"column":null}},"6":{"start":{"line":51,"column":4},"end":{"line":51,"column":null}},"7":{"start":{"line":54,"column":4},"end":{"line":54,"column":null}},"8":{"start":{"line":57,"column":4},"end":{"line":57,"column":null}}},"fnMap":{"0":{"name":"(anonymous_0)","decl":{"start":{"line":37,"column":16},"end":{"line":37,"column":23}},"loc":{"start":{"line":37,"column":63},"end":{"line":40,"column":null}},"line":37},"1":{"name":"(anonymous_1)","decl":{"start":{"line":41,"column":17},"end":{"line":41,"column":24}},"loc":{"start":{"line":41,"column":82},"end":{"line":43,"column":null}},"line":41},"2":{"name":"(anonymous_2)","decl":{"start":{"line":44,"column":13},"end":{"line":44,"column":20}},"loc":{"start":{"line":44,"column":52},"end":{"line":46,"column":null}},"line":44},"3":{"name":"(anonymous_3)","decl":{"start":{"line":47,"column":25},"end":{"line":47,"column":32}},"loc":{"start":{"line":47,"column":77},"end":{"line":49,"column":null}},"line":47},"4":{"name":"(anonymous_4)","decl":{"start":{"line":50,"column":25},"end":{"line":50,"column":32}},"loc":{"start":{"line":50,"column":70},"end":{"line":52,"column":null}},"line":50},"5":{"name":"(anonymous_5)","decl":{"start":{"line":53,"column":13},"end":{"line":53,"column":20}},"loc":{"start":{"line":53,"column":77},"end":{"line":55,"column":null}},"line":53},"6":{"name":"(anonymous_6)","decl":{"start":{"line":56,"column":9},"end":{"line":56,"column":16}},"loc":{"start":{"line":56,"column":51},"end":{"line":58,"column":null}},"line":56}},"branchMap":{},"s":{"0":13,"1":12,"2":12,"3":8,"4":96,"5":193,"6":3,"7":1,"8":2},"f":{"0":12,"1":8,"2":96,"3":193,"4":3,"5":1,"6":2},"b":{},"meta":{"lastBranch":0,"lastFunction":7,"lastStatement":9,"seen":{"s:36:26:59:Infinity":0,"f:37:16:37:23":0,"s:38:18:38:Infinity":1,"s:39:4:39:Infinity":2,"f:41:17:41:24":1,"s:42:4:42:Infinity":3,"f:44:13:44:20":2,"s:45:4:45:Infinity":4,"f:47:25:47:32":3,"s:48:4:48:Infinity":5,"f:50:25:50:32":4,"s:51:4:51:Infinity":6,"f:53:13:53:20":5,"s:54:4:54:Infinity":7,"f:56:9:56:16":6,"s:57:4:57:Infinity":8},"fnNames":{}}}
,"/home/runner/work/lattice/lattice/src/services/Tabify.ts": {"path":"/home/runner/work/lattice/lattice/src/services/Tabify.ts","statementMap":{"0":{"start":{"line":35,"column":22},"end":{"line":44,"column":null}},"1":{"start":{"line":38,"column":8},"end":{"line":38,"column":null}},"2":{"start":{"line":42,"column":8},"end":{"line":42,"column":null}}},"fnMap":{"0":{"name":"(anonymous_0)","decl":{"start":{"line":37,"column":12},"end":{"line":37,"column":19}},"loc":{"start":{"line":37,"column":101},"end":{"line":39,"column":null}},"line":37},"1":{"name":"(anonymous_1)","decl":{"start":{"line":41,"column":14},"end":{"line":41,"column":21}},"loc":{"start":{"line":41,"column":103},"end":{"line":43,"column":null}},"line":41}},"branchMap":{"0":{"loc":{"start":{"line":37,"column":53},"end":{"line":37,"column":68}},"type":"default-arg","locations":[{"start":{"line":37,"column":65},"end":{"line":37,"column":68}}],"line":37},"1":{"loc":{"start":{"line":37,"column":68},"end":{"line":37,"column":101}},"type":"default-arg","locations":[{"start":{"line":37,"column":78},"end":{"line":37,"column":101}}],"line":37},"2":{"loc":{"start":{"line":41,"column":55},"end":{"line":41,"column":70}},"type":"default-arg","locations":[{"start":{"line":41,"column":67},"end":{"line":41,"column":70}}],"line":41},"3":{"loc":{"start":{"line":41,"column":70},"end":{"line":41,"column":103}},"type":"default-arg","locations":[{"start":{"line":41,"column":80},"end":{"line":41,"column":103}}],"line":41}},"s":{"0":4,"1":4,"2":2},"f":{"0":4,"1":2},"b":{"0":[4],"1":[4],"2":[2],"3":[2]},"meta":{"lastBranch":4,"lastFunction":2,"lastStatement":3,"seen":{"s:35:22:44:Infinity":0,"f:37:12:37:19":0,"b:37:65:37:68":0,"b:37:78:37:101":1,"s:38:8:38:Infinity":1,"f:41:14:41:21":1,"b:41:67:41:70":2,"b:41:80:41:103":3,"s:42:8:42:Infinity":2},"fnNames":{}}}
,"/home/runner/work/lattice/lattice/src/services/TableFormat.ts": {"path":"/home/runner/work/lattice/lattice/src/services/TableFormat.ts","statementMap":{"0":{"start":{"line":37,"column":27},"end":{"line":46,"column":null}},"1":{"start":{"line":44,"column":8},"end":{"line":44,"column":null}}},"fnMap":{"0":{"name":"(anonymous_0)","decl":{"start":{"line":43,"column":9},"end":{"line":43,"column":16}},"loc":{"start":{"line":43,"column":53},"end":{"line":45,"column":null}},"line":43}},"branchMap":{},"s":{"0":5,"1":3},"f":{"0":3},"b":{},"meta":{"lastBranch":0,"lastFunction":1,"lastStatement":2,"seen":{"s:37:27:46:Infinity":0,"f:43:9:43:16":0,"s:44:8:44:Infinity":1},"fnNames":{}}}
,"/home/runner/work/lattice/lattice/src/services/Toc.ts": {"path":"/home/runner/work/lattice/lattice/src/services/Toc.ts","statementMap":{"0":{"start":{"line":37,"column":31},"end":{"line":37,"column":null}},"1":{"start":{"line":38,"column":32},"end":{"line":38,"column":null}},"2":{"start":{"line":40,"column":19},"end":{"line":49,"column":null}},"3":{"start":{"line":47,"column":8},"end":{"line":47,"column":null}}},"fnMap":{"0":{"name":"(anonymous_0)","decl":{"start":{"line":46,"column":12},"end":{"line":46,"column":19}},"loc":{"start":{"line":46,"column":56},"end":{"line":48,"column":null}},"line":46}},"branchMap":{},"s":{"0":5,"1":5,"2":5,"3":3},"f":{"0":3},"b":{},"meta":{"lastBranch":0,"lastFunction":1,"lastStatement":4,"seen":{"s:37:31:37:Infinity":0,"s:38:32:38:Infinity":1,"s:40:19:49:Infinity":2,"f:46:12:46:19":0,"s:47:8:47:Infinity":3},"fnNames":{}}}
,"/home/runner/work/lattice/lattice/src/services/TsvTable.ts": {"path":"/home/runner/work/lattice/lattice/src/services/TsvTable.ts","statementMap":{"0":{"start":{"line":55,"column":13},"end":{"line":55,"column":null}},"1":{"start":{"line":55,"column":55},"end":{"line":55,"column":null}},"2":{"start":{"line":65,"column":24},"end":{"line":73,"column":null}},"3":{"start":{"line":71,"column":8},"end":{"line":71,"column":null}}},"fnMap":{"0":{"name":"(anonymous_0)","decl":{"start":{"line":55,"column":13},"end":{"line":55,"column":29}},"loc":{"start":{"line":55,"column":55},"end":{"line":55,"column":null}},"line":55},"1":{"name":"(anonymous_1)","decl":{"start":{"line":70,"column":13},"end":{"line":70,"column":20}},"loc":{"start":{"line":70,"column":60},"end":{"line":72,"column":null}},"line":70}},"branchMap":{},"s":{"0":4,"1":10,"2":4,"3":9},"f":{"0":10,"1":9},"b":{},"meta":{"lastBranch":0,"lastFunction":2,"lastStatement":4,"seen":{"s:55:13:55:Infinity":0,"f:55:13:55:29":0,"s:55:55:55:Infinity":1,"s:65:24:73:Infinity":2,"f:70:13:70:20":1,"s:71:8:71:Infinity":3},"fnNames":{}}}
,"/home/runner/work/lattice/lattice/src/services/StaticRuntime/StaticRuntime.dev.ts": {"path":"/home/runner/work/lattice/lattice/src/services/StaticRuntime/StaticRuntime.dev.ts","statementMap":{"0":{"start":{"line":35,"column":6},"end":{"line":44,"column":null}},"1":{"start":{"line":36,"column":4},"end":{"line":43,"column":null}},"2":{"start":{"line":37,"column":23},"end":{"line":37,"column":null}},"3":{"start":{"line":37,"column":37},"end":{"line":37,"column":90}},"4":{"start":{"line":38,"column":20},"end":{"line":38,"column":null}},"5":{"start":{"line":39,"column":21},"end":{"line":39,"column":null}},"6":{"start":{"line":40,"column":24},"end":{"line":40,"column":null}},"7":{"start":{"line":42,"column":8},"end":{"line":42,"column":null}},"8":{"start":{"line":46,"column":45},"end":{"line":129,"column":null}},"9":{"start":{"line":56,"column":8},"end":{"line":57,"column":null}},"10":{"start":{"line":61,"column":8},"end":{"line":61,"column":null}},"11":{"start":{"line":61,"column":42},"end":{"line":61,"column":null}},"12":{"start":{"line":63,"column":24},"end":{"line":63,"column":null}},"13":{"start":{"line":65,"column":8},"end":{"line":73,"column":null}},"14":{"start":{"line":66,"column":29},"end":{"line":66,"column":null}},"15":{"start":{"line":67,"column":12},"end":{"line":72,"column":null}},"16":{"start":{"line":68,"column":16},"end":{"line":71,"column":null}},"17":{"start":{"line":69,"column":20},"end":{"line":69,"column":null}},"18":{"start":{"line":70,"column":20},"end":{"line":70,"column":null}},"19":{"start":{"line":75,"column":8},"end":{"line":75,"column":null}},"20":{"start":{"line":77,"column":8},"end":{"line":77,"column":null}},"21":{"start":{"line":86,"column":8},"end":{"line":86,"column":null}},"22":{"start":{"line":94,"column":8},"end":{"line":94,"column":null}},"23":{"start":{"line":105,"column":8},"end":{"line":105,"column":null}},"24":{"start":{"line":106,"column":8},"end":{"line":125,"column":null}},"25":{"start":{"line":107,"column":12},"end":{"line":107,"column":null}},"26":{"start":{"line":109,"column":12},"end":{"line":109,"column":null}},"27":{"start":{"line":112,"column":12},"end":{"line":123,"column":null}},"28":{"start":{"line":116,"column":16},"end":{"line":119,"column":null}},"29":{"start":{"line":120,"column":16},"end":{"line":120,"column":null}},"30":{"start":{"line":122,"column":16},"end":{"line":122,"column":null}}},"fnMap":{"0":{"name":"(anonymous_0)","decl":{"start":{"line":35,"column":6},"end":{"line":35,"column":19}},"loc":{"start":{"line":35,"column":66},"end":{"line":44,"column":null}},"line":35},"1":{"name":"(anonymous_1)","decl":{"start":{"line":37,"column":28},"end":{"line":37,"column":32}},"loc":{"start":{"line":37,"column":37},"end":{"line":37,"column":90}},"line":37},"2":{"name":"(anonymous_2)","decl":{"start":{"line":42,"column":46},"end":{"line":42,"column":58}},"loc":{"start":{"line":42,"column":58},"end":{"line":42,"column":61}},"line":42},"3":{"name":"(anonymous_3)","decl":{"start":{"line":50,"column":4},"end":{"line":50,"column":16}},"loc":{"start":{"line":50,"column":16},"end":{"line":78,"column":null}},"line":50},"4":{"name":"(anonymous_4)","decl":{"start":{"line":57,"column":13},"end":{"line":57,"column":25}},"loc":{"start":{"line":57,"column":25},"end":{"line":57,"column":68}},"line":57},"5":{"name":"(anonymous_5)","decl":{"start":{"line":65,"column":16},"end":{"line":65,"column":24}},"loc":{"start":{"line":65,"column":34},"end":{"line":73,"column":9}},"line":65},"6":{"name":"(anonymous_6)","decl":{"start":{"line":68,"column":33},"end":{"line":68,"column":44}},"loc":{"start":{"line":68,"column":73},"end":{"line":71,"column":null}},"line":68},"7":{"name":"(anonymous_7)","decl":{"start":{"line":84,"column":4},"end":{"line":84,"column":10}},"loc":{"start":{"line":84,"column":42},"end":{"line":87,"column":null}},"line":84},"8":{"name":"(anonymous_8)","decl":{"start":{"line":93,"column":4},"end":{"line":93,"column":12}},"loc":{"start":{"line":93,"column":44},"end":{"line":95,"column":null}},"line":93},"9":{"name":"(anonymous_9)","decl":{"start":{"line":104,"column":28},"end":{"line":104,"column":40}},"loc":{"start":{"line":104,"column":40},"end":{"line":126,"column":null}},"line":104},"10":{"name":"(anonymous_10)","decl":{"start":{"line":106,"column":37},"end":{"line":106,"column":44}},"loc":{"start":{"line":106,"column":54},"end":{"line":125,"column":9}},"line":106}},"branchMap":{"0":{"loc":{"start":{"line":37,"column":37},"end":{"line":37,"column":90}},"type":"cond-expr","locations":[{"start":{"line":37,"column":61},"end":{"line":37,"column":81}},{"start":{"line":37,"column":81},"end":{"line":37,"column":90}}],"line":37},"1":{"loc":{"start":{"line":61,"column":8},"end":{"line":61,"column":null}},"type":"if","locations":[{"start":{"line":61,"column":8},"end":{"line":61,"column":null}},{"start":{},"end":{}}],"line":61},"2":{"loc":{"start":{"line":67,"column":12},"end":{"line":72,"column":null}},"type":"if","locations":[{"start":{"line":67,"column":12},"end":{"line":72,"column":null}},{"start":{},"end":{}}],"line":67}},"s":{"0":40,"1":5605010,"2":5605010,"3":748,"4":5605010,"5":5605010,"6":5605010,"7":5605010,"8":40,"9":169,"10":169,"11":155,"12":14,"13":14,"14":70,"15":70,"16":69,"17":2305,"18":2305,"19":14,"20":14,"21":5603099,"22":3,"23":166,"24":166,"25":2,"26":2,"27":2,"28":2,"29":1,"30":1},"f":{"0":5605010,"1":748,"2":1,"3":169,"4":1,"5":70,"6":2305,"7":5603099,"8":3,"9":166,"10":2},"b":{"0":[84,664],"1":[155,14],"2":[69,1]},"meta":{"lastBranch":3,"lastFunction":11,"lastStatement":31,"seen":{"s:35:6:44:Infinity":0,"f:35:6:35:19":0,"s:36:4:43:Infinity":1,"s:37:23:37:Infinity":2,"f:37:28:37:32":1,"s:37:37:37:90":3,"b:37:61:37:81:37:81:37:90":0,"s:38:20:38:Infinity":4,"s:39:21:39:Infinity":5,"s:40:24:40:Infinity":6,"s:42:8:42:Infinity":7,"f:42:46:42:58":2,"s:46:45:129:Infinity":8,"f:50:4:50:16":3,"s:56:8:57:Infinity":9,"f:57:13:57:25":4,"b:61:8:61:Infinity:undefined:undefined:undefined:undefined":1,"s:61:8:61:Infinity":10,"s:61:42:61:Infinity":11,"s:63:24:63:Infinity":12,"s:65:8:73:Infinity":13,"f:65:16:65:24":5,"s:66:29:66:Infinity":14,"b:67:12:72:Infinity:undefined:undefined:undefined:undefined":2,"s:67:12:72:Infinity":15,"s:68:16:71:Infinity":16,"f:68:33:68:44":6,"s:69:20:69:Infinity":17,"s:70:20:70:Infinity":18,"s:75:8:75:Infinity":19,"s:77:8:77:Infinity":20,"f:84:4:84:10":7,"s:86:8:86:Infinity":21,"f:93:4:93:12":8,"s:94:8:94:Infinity":22,"f:104:28:104:40":9,"s:105:8:105:Infinity":23,"s:106:8:125:Infinity":24,"f:106:37:106:44":10,"s:107:12:107:Infinity":25,"s:109:12:109:Infinity":26,"s:112:12:123:Infinity":27,"s:116:16:119:Infinity":28,"s:120:16:120:Infinity":29,"s:122:16:122:Infinity":30},"fnNames":{}}}
}
