<?xml version="1.0" encoding="UTF-8"?>
<coverage generated="1779747215043" clover="3.2.0">
  <project timestamp="1779747215043" name="All files">
    <metrics statements="839" coveredstatements="769" conditionals="584" coveredconditionals="466" methods="176" coveredmethods="161" elements="1599" coveredelements="1396" complexity="0" loc="839" ncloc="839" packages="7" files="17" classes="17"/>
    <package name="src">
      <metrics statements="546" coveredstatements="480" conditionals="353" coveredconditionals="248" methods="99" coveredmethods="86"/>
      <file name="App.css" path="/home/runner/work/lattice/lattice/src/App.css">
        <metrics statements="0" coveredstatements="0" conditionals="0" coveredconditionals="0" methods="0" coveredmethods="0"/>
      </file>
      <file name="App.tsx" path="/home/runner/work/lattice/lattice/src/App.tsx">
        <metrics statements="546" coveredstatements="480" conditionals="353" coveredconditionals="248" methods="99" coveredmethods="86"/>
        <line num="51" count="2" type="cond" truecount="1" falsecount="1"/>
        <line num="55" count="182" type="stmt"/>
        <line num="56" count="182" type="stmt"/>
        <line num="57" count="345" type="cond" truecount="4" falsecount="0"/>
        <line num="58" count="84" type="cond" truecount="1" falsecount="1"/>
        <line num="59" count="84" type="stmt"/>
        <line num="61" count="345" type="cond" truecount="2" falsecount="0"/>
        <line num="62" count="271" type="stmt"/>
        <line num="65" count="182" type="stmt"/>
        <line num="68" count="2" type="stmt"/>
        <line num="73" count="2" type="stmt"/>
        <line num="74" count="2" type="stmt"/>
        <line num="75" count="2" type="stmt"/>
        <line num="76" count="2" type="stmt"/>
        <line num="77" count="2" type="stmt"/>
        <line num="78" count="2" type="stmt"/>
        <line num="81" count="2" type="stmt"/>
        <line num="82" count="1178" type="stmt"/>
        <line num="83" count="681" type="cond" truecount="2" falsecount="0"/>
        <line num="93" count="328" type="stmt"/>
        <line num="94" count="107" type="stmt"/>
        <line num="95" count="107" type="stmt"/>
        <line num="102" count="328" type="stmt"/>
        <line num="103" count="107" type="stmt"/>
        <line num="104" count="12" type="cond" truecount="6" falsecount="0"/>
        <line num="105" count="3" type="stmt"/>
        <line num="108" count="107" type="stmt"/>
        <line num="109" count="1" type="stmt"/>
        <line num="111" count="107" type="stmt"/>
        <line num="112" count="107" type="stmt"/>
        <line num="113" count="107" type="stmt"/>
        <line num="114" count="107" type="stmt"/>
        <line num="115" count="107" type="stmt"/>
        <line num="122" count="328" type="stmt"/>
        <line num="123" count="328" type="stmt"/>
        <line num="141" count="328" type="stmt"/>
        <line num="142" count="328" type="stmt"/>
        <line num="143" count="328" type="stmt"/>
        <line num="144" count="328" type="stmt"/>
        <line num="145" count="328" type="stmt"/>
        <line num="146" count="328" type="stmt"/>
        <line num="147" count="328" type="stmt"/>
        <line num="148" count="328" type="stmt"/>
        <line num="149" count="328" type="stmt"/>
        <line num="150" count="328" type="stmt"/>
        <line num="151" count="328" type="stmt"/>
        <line num="152" count="328" type="stmt"/>
        <line num="153" count="328" type="stmt"/>
        <line num="172" count="328" type="stmt"/>
        <line num="174" count="328" type="stmt"/>
        <line num="177" count="328" type="stmt"/>
        <line num="178" count="328" type="stmt"/>
        <line num="179" count="328" type="stmt"/>
        <line num="181" count="328" type="stmt"/>
        <line num="182" count="2" type="stmt"/>
        <line num="185" count="328" type="stmt"/>
        <line num="186" count="328" type="stmt"/>
        <line num="189" count="328" type="stmt"/>
        <line num="194" count="328" type="stmt"/>
        <line num="196" count="328" type="stmt"/>
        <line num="197" count="1" type="stmt"/>
        <line num="198" count="1" type="stmt"/>
        <line num="199" count="1" type="cond" truecount="1" falsecount="1"/>
        <line num="200" count="1" type="stmt"/>
        <line num="201" count="1" type="stmt"/>
        <line num="202" count="1" type="cond" truecount="1" falsecount="1"/>
        <line num="203" count="1" type="cond" truecount="1" falsecount="1"/>
        <line num="204" count="1" type="stmt"/>
        <line num="205" count="1" type="stmt"/>
        <line num="207" count="1" type="stmt"/>
        <line num="208" count="1" type="cond" truecount="1" falsecount="1"/>
        <line num="209" count="1" type="stmt"/>
        <line num="210" count="1" type="cond" truecount="1" falsecount="1"/>
        <line num="211" count="1" type="stmt"/>
        <line num="212" count="1" type="stmt"/>
        <line num="213" count="1" type="stmt"/>
        <line num="216" count="1" type="stmt"/>
        <line num="217" count="1" type="cond" truecount="1" falsecount="1"/>
        <line num="218" count="1" type="stmt"/>
        <line num="219" count="1" type="stmt"/>
        <line num="220" count="1" type="stmt"/>
        <line num="221" count="1" type="stmt"/>
        <line num="223" count="1" type="cond" truecount="1" falsecount="1"/>
        <line num="224" count="1" type="stmt"/>
        <line num="225" count="1" type="stmt"/>
        <line num="226" count="1" type="stmt"/>
        <line num="230" count="328" type="stmt"/>
        <line num="232" count="328" type="stmt"/>
        <line num="233" count="328" type="stmt"/>
        <line num="234" count="328" type="stmt"/>
        <line num="235" count="328" type="stmt"/>
        <line num="236" count="328" type="stmt"/>
        <line num="237" count="107" type="stmt"/>
        <line num="238" count="107" type="cond" truecount="2" falsecount="0"/>
        <line num="239" count="107" type="cond" truecount="2" falsecount="0"/>
        <line num="242" count="328" type="stmt"/>
        <line num="243" count="24" type="stmt"/>
        <line num="244" count="24" type="stmt"/>
        <line num="245" count="24" type="stmt"/>
        <line num="246" count="24" type="stmt"/>
        <line num="250" count="328" type="stmt"/>
        <line num="251" count="9" type="stmt"/>
        <line num="252" count="9" type="stmt"/>
        <line num="253" count="9" type="stmt"/>
        <line num="254" count="9" type="stmt"/>
        <line num="259" count="328" type="stmt"/>
        <line num="260" count="107" type="stmt"/>
        <line num="261" count="107" type="cond" truecount="2" falsecount="0"/>
        <line num="262" count="4" type="stmt"/>
        <line num="263" count="4" type="stmt"/>
        <line num="265" count="1" type="stmt"/>
        <line num="271" count="328" type="stmt"/>
        <line num="272" count="10" type="cond" truecount="1" falsecount="1"/>
        <line num="273" count="10" type="stmt"/>
        <line num="275" count="22" type="stmt"/>
        <line num="277" count="10" type="stmt"/>
        <line num="279" count="10" type="cond" truecount="2" falsecount="0"/>
        <line num="280" count="1" type="stmt"/>
        <line num="283" count="10" type="stmt"/>
        <line num="284" count="10" type="stmt"/>
        <line num="289" count="328" type="stmt"/>
        <line num="292" count="174" type="cond" truecount="2" falsecount="0"/>
        <line num="293" count="105" type="stmt"/>
        <line num="294" count="105" type="stmt"/>
        <line num="295" count="105" type="stmt"/>
        <line num="297" count="69" type="stmt"/>
        <line num="298" count="69" type="cond" truecount="2" falsecount="0"/>
        <line num="299" count="67" type="stmt"/>
        <line num="301" count="2" type="stmt"/>
        <line num="310" count="328" type="stmt"/>
        <line num="311" count="195" type="stmt"/>
        <line num="312" count="195" type="stmt"/>
        <line num="313" count="195" type="stmt"/>
        <line num="314" count="195" type="cond" truecount="2" falsecount="0"/>
        <line num="315" count="108" type="stmt"/>
        <line num="316" count="108" type="stmt"/>
        <line num="319" count="87" type="stmt"/>
        <line num="321" count="87" type="cond" truecount="4" falsecount="0"/>
        <line num="322" count="2" type="stmt"/>
        <line num="324" count="40" type="stmt"/>
        <line num="326" count="42" type="stmt"/>
        <line num="327" count="42" type="stmt"/>
        <line num="328" count="42" type="cond" truecount="2" falsecount="0"/>
        <line num="329" count="195" type="stmt"/>
        <line num="330" count="195" type="stmt"/>
        <line num="333" count="45" type="stmt"/>
        <line num="341" count="328" type="stmt"/>
        <line num="342" count="107" type="stmt"/>
        <line num="343" count="107" type="stmt"/>
        <line num="345" count="107" type="stmt"/>
        <line num="347" count="107" type="stmt"/>
        <line num="348" count="107" type="cond" truecount="2" falsecount="0"/>
        <line num="349" count="1" type="stmt"/>
        <line num="350" count="1" type="stmt"/>
        <line num="354" count="107" type="stmt"/>
        <line num="355" count="107" type="stmt"/>
        <line num="358" count="107" type="stmt"/>
        <line num="359" count="107" type="stmt"/>
        <line num="362" count="107" type="stmt"/>
        <line num="364" count="107" type="stmt"/>
        <line num="365" count="1" type="cond" truecount="1" falsecount="1"/>
        <line num="366" count="1" type="stmt"/>
        <line num="369" count="107" type="stmt"/>
        <line num="370" count="1" type="stmt"/>
        <line num="371" count="1" type="stmt"/>
        <line num="374" count="107" type="stmt"/>
        <line num="375" count="0" type="stmt"/>
        <line num="376" count="0" type="stmt"/>
        <line num="379" count="107" type="stmt"/>
        <line num="385" count="328" type="stmt"/>
        <line num="387" count="190" type="cond" truecount="1" falsecount="1"/>
        <line num="388" count="0" type="stmt"/>
        <line num="391" count="190" type="stmt"/>
        <line num="392" count="190" type="stmt"/>
        <line num="393" count="190" type="cond" truecount="2" falsecount="0"/>
        <line num="394" count="83" type="stmt"/>
        <line num="395" count="83" type="stmt"/>
        <line num="398" count="190" type="cond" truecount="1" falsecount="1"/>
        <line num="399" count="190" type="stmt"/>
        <line num="403" count="190" type="cond" truecount="2" falsecount="0"/>
        <line num="404" count="12" type="stmt"/>
        <line num="406" count="190" type="stmt"/>
        <line num="407" count="190" type="stmt"/>
        <line num="408" count="190" type="stmt"/>
        <line num="409" count="188" type="stmt"/>
        <line num="411" count="2" type="stmt"/>
        <line num="419" count="328" type="stmt"/>
        <line num="420" count="185" type="stmt"/>
        <line num="429" count="328" type="stmt"/>
        <line num="430" count="194" type="stmt"/>
        <line num="431" count="194" type="cond" truecount="2" falsecount="0"/>
        <line num="432" count="87" type="stmt"/>
        <line num="441" count="328" type="stmt"/>
        <line num="442" count="1" type="stmt"/>
        <line num="443" count="1" type="cond" truecount="1" falsecount="1"/>
        <line num="452" count="328" type="stmt"/>
        <line num="453" count="7" type="stmt"/>
        <line num="454" count="7" type="stmt"/>
        <line num="455" count="7" type="stmt"/>
        <line num="458" count="6" type="cond" truecount="1" falsecount="1"/>
        <line num="459" count="6" type="stmt"/>
        <line num="462" count="6" type="stmt"/>
        <line num="464" count="6" type="cond" truecount="2" falsecount="0"/>
        <line num="465" count="1" type="stmt"/>
        <line num="466" count="1" type="stmt"/>
        <line num="467" count="1" type="stmt"/>
        <line num="470" count="1" type="stmt"/>
        <line num="479" count="328" type="stmt"/>
        <line num="480" count="185" type="cond" truecount="4" falsecount="0"/>
        <line num="482" count="12" type="cond" truecount="2" falsecount="0"/>
        <line num="483" count="3" type="stmt"/>
        <line num="486" count="12" type="stmt"/>
        <line num="487" count="0" type="cond" truecount="0" falsecount="2"/>
        <line num="488" count="0" type="stmt"/>
        <line num="492" count="12" type="stmt"/>
        <line num="493" count="12" type="cond" truecount="1" falsecount="1"/>
        <line num="502" count="328" type="stmt"/>
        <line num="503" count="186" type="stmt"/>
        <line num="504" count="1" type="cond" truecount="5" falsecount="1"/>
        <line num="505" count="1" type="stmt"/>
        <line num="508" count="186" type="stmt"/>
        <line num="509" count="186" type="stmt"/>
        <line num="517" count="328" type="stmt"/>
        <line num="518" count="185" type="stmt"/>
        <line num="519" count="2" type="stmt"/>
        <line num="520" count="2" type="stmt"/>
        <line num="521" count="2" type="cond" truecount="1" falsecount="1"/>
        <line num="522" count="2" type="cond" truecount="2" falsecount="0"/>
        <line num="523" count="1" type="stmt"/>
        <line num="525" count="1" type="stmt"/>
        <line num="526" count="1" type="stmt"/>
        <line num="527" count="1" type="stmt"/>
        <line num="528" count="1" type="stmt"/>
        <line num="533" count="1" type="cond" truecount="1" falsecount="1"/>
        <line num="534" count="1" type="stmt"/>
        <line num="537" count="0" type="stmt"/>
        <line num="539" count="1" type="stmt"/>
        <line num="546" count="185" type="stmt"/>
        <line num="547" count="185" type="stmt"/>
        <line num="557" count="328" type="cond" truecount="1" falsecount="0"/>
        <line num="558" count="8" type="stmt"/>
        <line num="561" count="8" type="cond" truecount="1" falsecount="1"/>
        <line num="563" count="8" type="cond" truecount="4" falsecount="0"/>
        <line num="565" count="3" type="stmt"/>
        <line num="571" count="5" type="cond" truecount="5" falsecount="0"/>
        <line num="572" count="1" type="stmt"/>
        <line num="573" count="1" type="stmt"/>
        <line num="576" count="5" type="stmt"/>
        <line num="577" count="5" type="stmt"/>
        <line num="585" count="4" type="cond" truecount="2" falsecount="0"/>
        <line num="586" count="2" type="stmt"/>
        <line num="587" count="2" type="stmt"/>
        <line num="588" count="2" type="stmt"/>
        <line num="591" count="1" type="stmt"/>
        <line num="602" count="328" type="stmt"/>
        <line num="603" count="112" type="stmt"/>
        <line num="605" count="112" type="cond" truecount="2" falsecount="0"/>
        <line num="608" count="19" type="stmt"/>
        <line num="609" count="19" type="stmt"/>
        <line num="612" count="112" type="cond" truecount="2" falsecount="0"/>
        <line num="613" count="93" type="stmt"/>
        <line num="616" count="19" type="stmt"/>
        <line num="617" count="19" type="stmt"/>
        <line num="627" count="328" type="stmt"/>
        <line num="628" count="6" type="stmt"/>
        <line num="629" count="6" type="stmt"/>
        <line num="641" count="6" type="cond" truecount="2" falsecount="0"/>
        <line num="642" count="1" type="stmt"/>
        <line num="645" count="5" type="stmt"/>
        <line num="646" count="5" type="stmt"/>
        <line num="653" count="328" type="stmt"/>
        <line num="654" count="2" type="stmt"/>
        <line num="655" count="2" type="stmt"/>
        <line num="656" count="2" type="stmt"/>
        <line num="657" count="2" type="cond" truecount="1" falsecount="1"/>
        <line num="660" count="2" type="stmt"/>
        <line num="663" count="1" type="stmt"/>
        <line num="664" count="1" type="stmt"/>
        <line num="672" count="328" type="stmt"/>
        <line num="673" count="2" type="cond" truecount="2" falsecount="0"/>
        <line num="674" count="1" type="stmt"/>
        <line num="675" count="1" type="stmt"/>
        <line num="677" count="1" type="stmt"/>
        <line num="678" count="1" type="stmt"/>
        <line num="679" count="1" type="stmt"/>
        <line num="681" count="0" type="stmt"/>
        <line num="692" count="328" type="stmt"/>
        <line num="693" count="4" type="stmt"/>
        <line num="694" count="4" type="stmt"/>
        <line num="695" count="4" type="stmt"/>
        <line num="696" count="4" type="cond" truecount="2" falsecount="0"/>
        <line num="697" count="3" type="stmt"/>
        <line num="699" count="3" type="cond" truecount="1" falsecount="1"/>
        <line num="700" count="3" type="stmt"/>
        <line num="703" count="0" type="stmt"/>
        <line num="711" count="328" type="stmt"/>
        <line num="712" count="5" type="stmt"/>
        <line num="716" count="5" type="stmt"/>
        <line num="718" count="5" type="cond" truecount="1" falsecount="1"/>
        <line num="719" count="5" type="stmt"/>
        <line num="728" count="5" type="stmt"/>
        <line num="729" count="4" type="stmt"/>
        <line num="730" count="4" type="stmt"/>
        <line num="733" count="4" type="stmt"/>
        <line num="734" count="4" type="stmt"/>
        <line num="735" count="4" type="stmt"/>
        <line num="737" count="4" type="cond" truecount="1" falsecount="1"/>
        <line num="738" count="4" type="stmt"/>
        <line num="739" count="4" type="stmt"/>
        <line num="742" count="0" type="stmt"/>
        <line num="746" count="4" type="stmt"/>
        <line num="747" count="4" type="stmt"/>
        <line num="750" count="4" type="stmt"/>
        <line num="755" count="1" type="stmt"/>
        <line num="766" count="328" type="stmt"/>
        <line num="767" count="107" type="stmt"/>
        <line num="768" count="107" type="stmt"/>
        <line num="771" count="107" type="cond" truecount="2" falsecount="0"/>
        <line num="773" count="2" type="stmt"/>
        <line num="775" count="105" type="stmt"/>
        <line num="777" count="105" type="stmt"/>
        <line num="780" count="105" type="stmt"/>
        <line num="782" count="105" type="stmt"/>
        <line num="784" count="105" type="cond" truecount="2" falsecount="0"/>
        <line num="785" count="59" type="stmt"/>
        <line num="786" count="59" type="stmt"/>
        <line num="787" count="59" type="stmt"/>
        <line num="788" count="59" type="stmt"/>
        <line num="790" count="59" type="stmt"/>
        <line num="791" count="59" type="cond" truecount="1" falsecount="1"/>
        <line num="792" count="59" type="stmt"/>
        <line num="794" count="59" type="stmt"/>
        <line num="796" count="59" type="cond" truecount="1" falsecount="1"/>
        <line num="798" count="59" type="stmt"/>
        <line num="799" count="59" type="stmt"/>
        <line num="802" count="0" type="stmt"/>
        <line num="807" count="46" type="stmt"/>
        <line num="808" count="46" type="cond" truecount="2" falsecount="0"/>
        <line num="809" count="2" type="stmt"/>
        <line num="810" count="2" type="stmt"/>
        <line num="811" count="2" type="stmt"/>
        <line num="812" count="2" type="stmt"/>
        <line num="813" count="1" type="stmt"/>
        <line num="814" count="1" type="stmt"/>
        <line num="815" count="1" type="stmt"/>
        <line num="816" count="1" type="stmt"/>
        <line num="817" count="1" type="cond" truecount="1" falsecount="1"/>
        <line num="819" count="1" type="stmt"/>
        <line num="820" count="1" type="stmt"/>
        <line num="821" count="1" type="stmt"/>
        <line num="824" count="44" type="stmt"/>
        <line num="825" count="44" type="stmt"/>
        <line num="829" count="107" type="stmt"/>
        <line num="837" count="328" type="stmt"/>
        <line num="838" count="2" type="stmt"/>
        <line num="839" count="2" type="stmt"/>
        <line num="840" count="2" type="stmt"/>
        <line num="842" count="1" type="stmt"/>
        <line num="843" count="1" type="stmt"/>
        <line num="851" count="328" type="stmt"/>
        <line num="852" count="2" type="cond" truecount="1" falsecount="1"/>
        <line num="858" count="2" type="stmt"/>
        <line num="859" count="2" type="stmt"/>
        <line num="860" count="1" type="stmt"/>
        <line num="861" count="1" type="stmt"/>
        <line num="863" count="1" type="stmt"/>
        <line num="872" count="328" type="stmt"/>
        <line num="873" count="3" type="stmt"/>
        <line num="876" count="3" type="cond" truecount="2" falsecount="0"/>
        <line num="877" count="1" type="cond" truecount="2" falsecount="0"/>
        <line num="878" count="1" type="cond" truecount="1" falsecount="1"/>
        <line num="879" count="1" type="stmt"/>
        <line num="880" count="1" type="stmt"/>
        <line num="884" count="2" type="stmt"/>
        <line num="910" count="328" type="stmt"/>
        <line num="911" count="207" type="stmt"/>
        <line num="913" count="12" type="cond" truecount="6" falsecount="0"/>
        <line num="914" count="5" type="stmt"/>
        <line num="915" count="5" type="stmt"/>
        <line num="916" count="5" type="stmt"/>
        <line num="920" count="12" type="cond" truecount="7" falsecount="0"/>
        <line num="921" count="1" type="cond" truecount="1" falsecount="1"/>
        <line num="922" count="1" type="stmt"/>
        <line num="923" count="1" type="stmt"/>
        <line num="924" count="1" type="stmt"/>
        <line num="929" count="12" type="cond" truecount="7" falsecount="1"/>
        <line num="931" count="12" type="cond" truecount="2" falsecount="0"/>
        <line num="932" count="2" type="cond" truecount="1" falsecount="1"/>
        <line num="933" count="2" type="stmt"/>
        <line num="934" count="2" type="stmt"/>
        <line num="935" count="2" type="stmt"/>
        <line num="940" count="207" type="stmt"/>
        <line num="947" count="207" type="stmt"/>
        <line num="948" count="5" type="cond" truecount="4" falsecount="0"/>
        <line num="949" count="4" type="stmt"/>
        <line num="950" count="4" type="cond" truecount="2" falsecount="0"/>
        <line num="951" count="2" type="stmt"/>
        <line num="952" count="2" type="cond" truecount="1" falsecount="1"/>
        <line num="953" count="2" type="stmt"/>
        <line num="957" count="207" type="stmt"/>
        <line num="959" count="207" type="stmt"/>
        <line num="961" count="3" type="cond" truecount="2" falsecount="0"/>
        <line num="964" count="3" type="stmt"/>
        <line num="970" count="3" type="stmt"/>
        <line num="973" count="3" type="stmt"/>
        <line num="974" count="3" type="stmt"/>
        <line num="975" count="3" type="stmt"/>
        <line num="976" count="3" type="stmt"/>
        <line num="977" count="3" type="stmt"/>
        <line num="979" count="3" type="stmt"/>
        <line num="980" count="3" type="stmt"/>
        <line num="983" count="207" type="stmt"/>
        <line num="985" count="1" type="stmt"/>
        <line num="987" count="1" type="stmt"/>
        <line num="990" count="207" type="stmt"/>
        <line num="991" count="207" type="stmt"/>
        <line num="993" count="207" type="stmt"/>
        <line num="994" count="207" type="stmt"/>
        <line num="995" count="207" type="stmt"/>
        <line num="996" count="207" type="stmt"/>
        <line num="997" count="207" type="stmt"/>
        <line num="1004" count="328" type="stmt"/>
        <line num="1005" count="197" type="cond" truecount="2" falsecount="0"/>
        <line num="1007" count="23" type="stmt"/>
        <line num="1008" count="197" type="stmt"/>
        <line num="1009" count="197" type="cond" truecount="3" falsecount="1"/>
        <line num="1011" count="23" type="stmt"/>
        <line num="1014" count="23" type="stmt"/>
        <line num="1015" count="0" type="stmt"/>
        <line num="1016" count="0" type="stmt"/>
        <line num="1017" count="0" type="stmt"/>
        <line num="1018" count="0" type="stmt"/>
        <line num="1019" count="0" type="cond" truecount="0" falsecount="2"/>
        <line num="1020" count="0" type="cond" truecount="0" falsecount="2"/>
        <line num="1021" count="0" type="stmt"/>
        <line num="1022" count="0" type="stmt"/>
        <line num="1025" count="0" type="cond" truecount="0" falsecount="2"/>
        <line num="1028" count="23" type="stmt"/>
        <line num="1029" count="0" type="cond" truecount="0" falsecount="2"/>
        <line num="1030" count="0" type="cond" truecount="0" falsecount="2"/>
        <line num="1031" count="0" type="cond" truecount="0" falsecount="2"/>
        <line num="1032" count="0" type="stmt"/>
        <line num="1034" count="0" type="stmt"/>
        <line num="1035" count="0" type="cond" truecount="0" falsecount="4"/>
        <line num="1036" count="0" type="stmt"/>
        <line num="1037" count="0" type="stmt"/>
        <line num="1038" count="0" type="cond" truecount="0" falsecount="2"/>
        <line num="1039" count="0" type="stmt"/>
        <line num="1042" count="0" type="stmt"/>
        <line num="1045" count="23" type="stmt"/>
        <line num="1046" count="0" type="cond" truecount="0" falsecount="2"/>
        <line num="1047" count="0" type="cond" truecount="0" falsecount="2"/>
        <line num="1048" count="0" type="cond" truecount="0" falsecount="2"/>
        <line num="1049" count="0" type="stmt"/>
        <line num="1050" count="0" type="cond" truecount="0" falsecount="4"/>
        <line num="1051" count="0" type="stmt"/>
        <line num="1052" count="0" type="stmt"/>
        <line num="1053" count="0" type="cond" truecount="0" falsecount="2"/>
        <line num="1054" count="0" type="stmt"/>
        <line num="1057" count="0" type="stmt"/>
        <line num="1060" count="23" type="stmt"/>
        <line num="1061" count="0" type="cond" truecount="0" falsecount="2"/>
        <line num="1062" count="0" type="stmt"/>
        <line num="1063" count="0" type="cond" truecount="0" falsecount="2"/>
        <line num="1064" count="0" type="stmt"/>
        <line num="1065" count="0" type="cond" truecount="0" falsecount="2"/>
        <line num="1066" count="0" type="stmt"/>
        <line num="1067" count="0" type="stmt"/>
        <line num="1068" count="0" type="stmt"/>
        <line num="1069" count="0" type="stmt"/>
        <line num="1072" count="23" type="stmt"/>
        <line num="1073" count="0" type="cond" truecount="0" falsecount="2"/>
        <line num="1074" count="0" type="stmt"/>
        <line num="1075" count="0" type="cond" truecount="0" falsecount="2"/>
        <line num="1076" count="0" type="stmt"/>
        <line num="1077" count="0" type="stmt"/>
        <line num="1078" count="0" type="stmt"/>
        <line num="1079" count="0" type="stmt"/>
        <line num="1082" count="23" type="stmt"/>
        <line num="1083" count="23" type="stmt"/>
        <line num="1085" count="23" type="stmt"/>
        <line num="1086" count="23" type="stmt"/>
        <line num="1087" count="23" type="stmt"/>
        <line num="1116" count="328" type="stmt"/>
        <line num="1118" count="2" type="stmt"/>
        <line num="1119" count="2" type="stmt"/>
        <line num="1123" count="1" type="cond" truecount="4" falsecount="2"/>
        <line num="1124" count="1" type="stmt"/>
        <line num="1125" count="1" type="stmt"/>
        <line num="1135" count="2" type="stmt"/>
        <line num="1136" count="2" type="cond" truecount="1" falsecount="1"/>
        <line num="1137" count="2" type="cond" truecount="4" falsecount="0"/>
        <line num="1138" count="1" type="stmt"/>
        <line num="1140" count="1" type="stmt"/>
        <line num="1151" count="5" type="stmt"/>
        <line num="1152" count="5" type="cond" truecount="1" falsecount="1"/>
        <line num="1153" count="5" type="stmt"/>
        <line num="1154" count="5" type="stmt"/>
        <line num="1165" count="0" type="cond" truecount="0" falsecount="2"/>
        <line num="1166" count="0" type="cond" truecount="0" falsecount="4"/>
        <line num="1167" count="0" type="stmt"/>
        <line num="1169" count="0" type="stmt"/>
        <line num="1170" count="0" type="cond" truecount="0" falsecount="2"/>
        <line num="1172" count="0" type="cond" truecount="0" falsecount="4"/>
        <line num="1173" count="0" type="stmt"/>
        <line num="1174" count="0" type="cond" truecount="0" falsecount="2"/>
        <line num="1177" count="0" type="stmt"/>
        <line num="1185" count="0" type="stmt"/>
        <line num="1188" count="11" type="stmt"/>
        <line num="1189" count="11" type="cond" truecount="2" falsecount="0"/>
        <line num="1190" count="10" type="cond" truecount="4" falsecount="0"/>
        <line num="1195" count="3" type="cond" truecount="2" falsecount="0"/>
        <line num="1196" count="2" type="stmt"/>
        <line num="1209" count="1" type="stmt"/>
        <line num="1211" count="7" type="cond" truecount="2" falsecount="0"/>
        <line num="1212" count="6" type="cond" truecount="1" falsecount="1"/>
        <line num="1214" count="6" type="stmt"/>
        <line num="1215" count="6" type="cond" truecount="1" falsecount="1"/>
        <line num="1216" count="6" type="stmt"/>
        <line num="1218" count="6" type="cond" truecount="2" falsecount="0"/>
        <line num="1219" count="6" type="cond" truecount="6" falsecount="0"/>
        <line num="1220" count="2" type="stmt"/>
        <line num="1223" count="4" type="stmt"/>
        <line num="1229" count="6" type="stmt"/>
        <line num="1230" count="6" type="stmt"/>
        <line num="1232" count="6" type="stmt"/>
        <line num="1233" count="3" type="cond" truecount="1" falsecount="1"/>
        <line num="1234" count="3" type="stmt"/>
        <line num="1235" count="2" type="stmt"/>
        <line num="1236" count="1" type="stmt"/>
        <line num="1238" count="6" type="cond" truecount="2" falsecount="0"/>
        <line num="1240" count="1" type="stmt"/>
        <line num="1244" count="328" type="stmt"/>
        <line num="1245" count="182" type="stmt"/>
        <line num="1261" count="328" type="cond" truecount="2" falsecount="0"/>
        <line num="1262" count="1" type="stmt"/>
        <line num="1279" count="327" type="stmt"/>
        <line num="1305" count="1" type="stmt"/>
        <line num="1361" count="31" type="stmt"/>
        <line num="1401" count="3" type="stmt"/>
        <line num="1407" count="99" type="stmt"/>
        <line num="1409" count="1" type="stmt"/>
        <line num="1419" count="1" type="stmt"/>
        <line num="1423" count="1" type="stmt"/>
        <line num="1431" count="1" type="stmt"/>
        <line num="1435" count="1" type="stmt"/>
      </file>
    </package>
    <package name="src-tauri">
      <metrics statements="0" coveredstatements="0" conditionals="0" coveredconditionals="0" methods="0" coveredmethods="0"/>
      <file name="tauri.conf.json" path="/home/runner/work/lattice/lattice/src-tauri/tauri.conf.json">
        <metrics statements="0" coveredstatements="0" conditionals="0" coveredconditionals="0" methods="0" coveredmethods="0"/>
      </file>
    </package>
    <package name="src.components">
      <metrics statements="98" coveredstatements="95" conditionals="115" coveredconditionals="107" methods="30" coveredmethods="28"/>
      <file name="Menu.tsx" path="/home/runner/work/lattice/lattice/src/components/Menu.tsx">
        <metrics statements="49" coveredstatements="49" conditionals="55" coveredconditionals="50" methods="17" coveredmethods="17"/>
        <line num="40" count="3" type="stmt"/>
        <line num="41" count="415" type="stmt"/>
        <line num="42" count="415" type="stmt"/>
        <line num="43" count="415" type="stmt"/>
        <line num="45" count="415" type="stmt"/>
        <line num="46" count="55" type="stmt"/>
        <line num="47" count="55" type="cond" truecount="2" falsecount="0"/>
        <line num="50" count="415" type="stmt"/>
        <line num="51" count="12" type="stmt"/>
        <line num="52" count="12" type="stmt"/>
        <line num="58" count="415" type="stmt"/>
        <line num="59" count="2" type="cond" truecount="3" falsecount="1"/>
        <line num="60" count="2" type="stmt"/>
        <line num="64" count="415" type="stmt"/>
        <line num="65" count="134" type="stmt"/>
        <line num="66" count="134" type="stmt"/>
        <line num="67" count="134" type="stmt"/>
        <line num="71" count="415" type="stmt"/>
        <line num="72" count="65" type="stmt"/>
        <line num="73" count="534" type="cond" truecount="1" falsecount="1"/>
        <line num="74" count="534" type="stmt"/>
        <line num="76" count="534" type="cond" truecount="2" falsecount="0"/>
        <line num="77" count="79" type="stmt"/>
        <line num="80" count="455" type="stmt"/>
        <line num="84" count="36" type="cond" truecount="2" falsecount="0"/>
        <line num="85" count="35" type="cond" truecount="2" falsecount="0"/>
        <line num="86" count="12" type="stmt"/>
        <line num="87" count="23" type="cond" truecount="1" falsecount="1"/>
        <line num="88" count="23" type="stmt"/>
        <line num="89" count="23" type="stmt"/>
        <line num="113" count="5" type="cond" truecount="2" falsecount="0"/>
        <line num="114" count="4" type="cond" truecount="2" falsecount="0"/>
        <line num="115" count="4" type="stmt"/>
        <line num="119" count="2" type="cond" truecount="1" falsecount="1"/>
        <line num="120" count="2" type="stmt"/>
        <line num="121" count="2" type="cond" truecount="2" falsecount="0"/>
        <line num="139" count="18" type="stmt"/>
        <line num="142" count="2" type="cond" truecount="1" falsecount="1"/>
        <line num="143" count="2" type="stmt"/>
        <line num="144" count="2" type="stmt"/>
        <line num="154" count="3" type="cond" truecount="2" falsecount="0"/>
        <line num="157" count="1" type="stmt"/>
        <line num="171" count="415" type="stmt"/>
        <line num="172" count="18" type="cond" truecount="2" falsecount="0"/>
        <line num="173" count="1" type="stmt"/>
        <line num="174" count="1" type="stmt"/>
        <line num="175" count="1" type="stmt"/>
        <line num="177" count="17" type="stmt"/>
        <line num="181" count="415" type="stmt"/>
      </file>
      <file name="Mermaid.tsx" path="/home/runner/work/lattice/lattice/src/components/Mermaid.tsx">
        <metrics statements="15" coveredstatements="15" conditionals="8" coveredconditionals="8" methods="3" coveredmethods="3"/>
        <line num="15" count="3" type="stmt"/>
        <line num="16" count="29" type="stmt"/>
        <line num="17" count="29" type="stmt"/>
        <line num="19" count="29" type="stmt"/>
        <line num="21" count="16" type="stmt"/>
        <line num="27" count="16" type="stmt"/>
        <line num="28" count="16" type="cond" truecount="4" falsecount="0"/>
        <line num="29" count="15" type="stmt"/>
        <line num="30" count="15" type="stmt"/>
        <line num="31" count="15" type="stmt"/>
        <line num="32" count="12" type="stmt"/>
        <line num="34" count="3" type="stmt"/>
        <line num="35" count="3" type="cond" truecount="2" falsecount="0"/>
        <line num="40" count="16" type="stmt"/>
        <line num="43" count="29" type="stmt"/>
      </file>
      <file name="Settings.tsx" path="/home/runner/work/lattice/lattice/src/components/Settings.tsx">
        <metrics statements="34" coveredstatements="31" conditionals="52" coveredconditionals="49" methods="10" coveredmethods="8"/>
        <line num="38" count="3" type="stmt"/>
        <line num="39" count="40" type="stmt"/>
        <line num="41" count="40" type="stmt"/>
        <line num="46" count="12" type="stmt"/>
        <line num="47" count="12" type="stmt"/>
        <line num="55" count="12" type="stmt"/>
        <line num="56" count="11" type="stmt"/>
        <line num="57" count="11" type="stmt"/>
        <line num="59" count="1" type="stmt"/>
        <line num="60" count="1" type="stmt"/>
        <line num="64" count="40" type="stmt"/>
        <line num="65" count="5" type="stmt"/>
        <line num="66" count="5" type="stmt"/>
        <line num="69" count="40" type="stmt"/>
        <line num="70" count="2" type="stmt"/>
        <line num="71" count="2" type="stmt"/>
        <line num="72" count="2" type="stmt"/>
        <line num="75" count="40" type="stmt"/>
        <line num="76" count="2" type="stmt"/>
        <line num="77" count="2" type="stmt"/>
        <line num="78" count="2" type="stmt"/>
        <line num="81" count="40" type="stmt"/>
        <line num="82" count="3" type="stmt"/>
        <line num="83" count="3" type="stmt"/>
        <line num="84" count="3" type="stmt"/>
        <line num="87" count="40" type="stmt"/>
        <line num="88" count="0" type="stmt"/>
        <line num="89" count="0" type="stmt"/>
        <line num="90" count="0" type="stmt"/>
        <line num="93" count="40" type="stmt"/>
        <line num="109" count="5" type="cond" truecount="2" falsecount="0"/>
        <line num="252" count="3" type="cond" truecount="2" falsecount="0"/>
        <line num="253" count="2" type="stmt"/>
        <line num="255" count="1" type="stmt"/>
      </file>
    </package>
    <package name="src.editor-extensions">
      <metrics statements="68" coveredstatements="68" conditionals="36" coveredconditionals="35" methods="13" coveredmethods="13"/>
      <file name="symbol-picker.ts" path="/home/runner/work/lattice/lattice/src/editor-extensions/symbol-picker.ts">
        <metrics statements="16" coveredstatements="16" conditionals="8" coveredconditionals="8" methods="5" coveredmethods="5"/>
        <line num="26" count="49" type="stmt"/>
        <line num="34" count="8" type="stmt"/>
        <line num="35" count="8" type="stmt"/>
        <line num="37" count="8" type="cond" truecount="2" falsecount="0"/>
        <line num="38" count="1" type="stmt"/>
        <line num="41" count="5" type="cond" truecount="4" falsecount="0"/>
        <line num="42" count="1" type="stmt"/>
        <line num="45" count="4" type="stmt"/>
        <line num="46" count="4" type="stmt"/>
        <line num="48" count="4" type="stmt"/>
        <line num="49" count="196" type="stmt"/>
        <line num="50" count="98" type="cond" truecount="2" falsecount="0"/>
        <line num="54" count="4" type="stmt"/>
        <line num="60" count="2" type="stmt"/>
        <line num="61" count="2" type="stmt"/>
        <line num="65" count="1" type="stmt"/>
      </file>
      <file name="toc-tooltip.ts" path="/home/runner/work/lattice/lattice/src/editor-extensions/toc-tooltip.ts">
        <metrics statements="52" coveredstatements="52" conditionals="28" coveredconditionals="27" methods="8" coveredmethods="8"/>
        <line num="45" count="1" type="stmt"/>
        <line num="57" count="56" type="stmt"/>
        <line num="58" count="56" type="cond" truecount="4" falsecount="0"/>
        <line num="59" count="19" type="stmt"/>
        <line num="60" count="19" type="cond" truecount="1" falsecount="1"/>
        <line num="61" count="56" type="stmt"/>
        <line num="65" count="43" type="stmt"/>
        <line num="66" count="43" type="cond" truecount="4" falsecount="0"/>
        <line num="67" count="7" type="stmt"/>
        <line num="68" count="7" type="stmt"/>
        <line num="85" count="18" type="stmt"/>
        <line num="86" count="18" type="stmt"/>
        <line num="87" count="50" type="stmt"/>
        <line num="88" count="50" type="stmt"/>
        <line num="90" count="50" type="cond" truecount="2" falsecount="0"/>
        <line num="94" count="11" type="cond" truecount="2" falsecount="0"/>
        <line num="95" count="10" type="stmt"/>
        <line num="96" count="10" type="stmt"/>
        <line num="98" count="39" type="cond" truecount="2" falsecount="0"/>
        <line num="99" count="3" type="cond" truecount="2" falsecount="0"/>
        <line num="100" count="2" type="stmt"/>
        <line num="101" count="2" type="stmt"/>
        <line num="103" count="36" type="cond" truecount="2" falsecount="0"/>
        <line num="104" count="15" type="stmt"/>
        <line num="107" count="1" type="stmt"/>
        <line num="123" count="11" type="stmt"/>
        <line num="124" count="11" type="cond" truecount="2" falsecount="0"/>
        <line num="126" count="10" type="stmt"/>
        <line num="127" count="10" type="stmt"/>
        <line num="131" count="10" type="stmt"/>
        <line num="132" count="10" type="stmt"/>
        <line num="133" count="42" type="stmt"/>
        <line num="136" count="10" type="cond" truecount="2" falsecount="0"/>
        <line num="137" count="5" type="stmt"/>
        <line num="140" count="5" type="stmt"/>
        <line num="147" count="1" type="stmt"/>
        <line num="148" count="1" type="stmt"/>
        <line num="149" count="1" type="stmt"/>
        <line num="152" count="1" type="stmt"/>
        <line num="153" count="1" type="stmt"/>
        <line num="154" count="1" type="stmt"/>
        <line num="156" count="1" type="stmt"/>
        <line num="157" count="1" type="stmt"/>
        <line num="158" count="1" type="stmt"/>
        <line num="159" count="1" type="stmt"/>
        <line num="160" count="1" type="stmt"/>
        <line num="161" count="1" type="stmt"/>
        <line num="171" count="1" type="stmt"/>
        <line num="176" count="3" type="cond" truecount="4" falsecount="0"/>
        <line num="177" count="2" type="stmt"/>
        <line num="179" count="5" type="stmt"/>
        <line num="186" count="1" type="stmt"/>
      </file>
    </package>
    <package name="src.lib">
      <metrics statements="84" coveredstatements="83" conditionals="74" coveredconditionals="70" methods="15" coveredmethods="15"/>
      <file name="rehype-heading-ids.ts" path="/home/runner/work/lattice/lattice/src/lib/rehype-heading-ids.ts">
        <metrics statements="22" coveredstatements="21" conditionals="27" coveredconditionals="25" methods="4" coveredmethods="4"/>
        <line num="45" count="3" type="stmt"/>
        <line num="50" count="137" type="cond" truecount="2" falsecount="0"/>
        <line num="51" count="135" type="cond" truecount="3" falsecount="1"/>
        <line num="52" count="67" type="cond" truecount="1" falsecount="1"/>
        <line num="53" count="67" type="stmt"/>
        <line num="55" count="0" type="stmt"/>
        <line num="58" count="192" type="stmt"/>
        <line num="59" count="192" type="stmt"/>
        <line num="60" count="192" type="stmt"/>
        <line num="61" count="394" type="cond" truecount="5" falsecount="0"/>
        <line num="62" count="65" type="cond" truecount="2" falsecount="0"/>
        <line num="63" count="65" type="stmt"/>
        <line num="64" count="65" type="cond" truecount="4" falsecount="0"/>
        <line num="65" count="62" type="stmt"/>
        <line num="66" count="62" type="stmt"/>
        <line num="67" count="62" type="cond" truecount="2" falsecount="0"/>
        <line num="68" count="61" type="stmt"/>
        <line num="72" count="3" type="stmt"/>
        <line num="73" count="3" type="cond" truecount="2" falsecount="0"/>
        <line num="76" count="394" type="cond" truecount="4" falsecount="0"/>
        <line num="77" count="301" type="stmt"/>
        <line num="80" count="192" type="stmt"/>
      </file>
      <file name="rehype-highlight-mark.ts" path="/home/runner/work/lattice/lattice/src/lib/rehype-highlight-mark.ts">
        <metrics statements="30" coveredstatements="30" conditionals="22" coveredconditionals="20" methods="4" coveredmethods="4"/>
        <line num="45" count="3" type="stmt"/>
        <line num="53" count="11" type="stmt"/>
        <line num="54" count="11" type="stmt"/>
        <line num="55" count="11" type="stmt"/>
        <line num="57" count="11" type="stmt"/>
        <line num="58" count="10" type="cond" truecount="2" falsecount="0"/>
        <line num="59" count="3" type="stmt"/>
        <line num="61" count="10" type="stmt"/>
        <line num="67" count="10" type="stmt"/>
        <line num="69" count="11" type="cond" truecount="2" falsecount="0"/>
        <line num="70" count="4" type="stmt"/>
        <line num="72" count="11" type="stmt"/>
        <line num="84" count="378" type="cond" truecount="1" falsecount="1"/>
        <line num="86" count="378" type="cond" truecount="2" falsecount="0"/>
        <line num="88" count="105" type="cond" truecount="3" falsecount="0"/>
        <line num="90" count="105" type="cond" truecount="1" falsecount="1"/>
        <line num="91" count="105" type="stmt"/>
        <line num="92" count="105" type="stmt"/>
        <line num="93" count="113" type="cond" truecount="2" falsecount="0"/>
        <line num="97" count="1" type="stmt"/>
        <line num="98" count="1" type="stmt"/>
        <line num="100" count="112" type="cond" truecount="5" falsecount="0"/>
        <line num="102" count="5" type="stmt"/>
        <line num="105" count="107" type="stmt"/>
        <line num="106" count="107" type="stmt"/>
        <line num="109" count="105" type="stmt"/>
        <line num="111" count="273" type="cond" truecount="2" falsecount="0"/>
        <line num="113" count="192" type="stmt"/>
        <line num="117" count="193" type="stmt"/>
        <line num="118" count="193" type="stmt"/>
      </file>
      <file name="remark-strip-html-comments.ts" path="/home/runner/work/lattice/lattice/src/lib/remark-strip-html-comments.ts">
        <metrics statements="9" coveredstatements="9" conditionals="9" coveredconditionals="9" methods="5" coveredmethods="5"/>
        <line num="57" count="3" type="stmt"/>
        <line num="61" count="19" type="cond" truecount="2" falsecount="0"/>
        <line num="64" count="189" type="stmt"/>
        <line num="65" count="189" type="stmt"/>
        <line num="66" count="348" type="cond" truecount="4" falsecount="0"/>
        <line num="67" count="272" type="stmt"/>
        <line num="68" count="165" type="cond" truecount="3" falsecount="0"/>
        <line num="70" count="272" type="stmt"/>
        <line num="73" count="189" type="stmt"/>
      </file>
      <file name="slug.ts" path="/home/runner/work/lattice/lattice/src/lib/slug.ts">
        <metrics statements="22" coveredstatements="22" conditionals="16" coveredconditionals="16" methods="2" coveredmethods="2"/>
        <line num="54" count="75" type="stmt"/>
        <line num="55" count="75" type="stmt"/>
        <line num="57" count="75" type="stmt"/>
        <line num="59" count="393" type="cond" truecount="2" falsecount="0"/>
        <line num="60" count="343" type="stmt"/>
        <line num="61" count="343" type="stmt"/>
        <line num="62" count="343" type="stmt"/>
        <line num="64" count="50" type="cond" truecount="2" falsecount="0"/>
        <line num="65" count="2" type="stmt"/>
        <line num="66" count="2" type="stmt"/>
        <line num="67" count="2" type="stmt"/>
        <line num="70" count="48" type="cond" truecount="6" falsecount="0"/>
        <line num="71" count="19" type="stmt"/>
        <line num="72" count="19" type="stmt"/>
        <line num="73" count="19" type="stmt"/>
        <line num="79" count="75" type="cond" truecount="2" falsecount="0"/>
        <line num="80" count="1" type="stmt"/>
        <line num="82" count="75" type="stmt"/>
        <line num="94" count="69" type="cond" truecount="2" falsecount="0"/>
        <line num="95" count="69" type="cond" truecount="2" falsecount="0"/>
        <line num="96" count="69" type="stmt"/>
        <line num="97" count="69" type="stmt"/>
      </file>
      <file name="special-characters.ts" path="/home/runner/work/lattice/lattice/src/lib/special-characters.ts">
        <metrics statements="1" coveredstatements="1" conditionals="0" coveredconditionals="0" methods="0" coveredmethods="0"/>
        <line num="29" count="1" type="stmt"/>
      </file>
    </package>
    <package name="src.services">
      <metrics statements="15" coveredstatements="15" conditionals="0" coveredconditionals="0" methods="9" coveredmethods="9"/>
      <file name="FileSystem.ts" path="/home/runner/work/lattice/lattice/src/services/FileSystem.ts">
        <metrics statements="9" coveredstatements="9" conditionals="0" coveredconditionals="0" methods="7" coveredmethods="7"/>
        <line num="36" count="3" type="stmt"/>
        <line num="38" count="9" type="stmt"/>
        <line num="39" count="9" type="stmt"/>
        <line num="42" count="8" type="stmt"/>
        <line num="45" count="68" type="stmt"/>
        <line num="48" count="133" type="stmt"/>
        <line num="51" count="3" type="stmt"/>
        <line num="54" count="1" type="stmt"/>
        <line num="57" count="2" type="stmt"/>
      </file>
      <file name="TableFormat.ts" path="/home/runner/work/lattice/lattice/src/services/TableFormat.ts">
        <metrics statements="2" coveredstatements="2" conditionals="0" coveredconditionals="0" methods="1" coveredmethods="1"/>
        <line num="37" count="1" type="stmt"/>
        <line num="44" count="3" type="stmt"/>
      </file>
      <file name="Toc.ts" path="/home/runner/work/lattice/lattice/src/services/Toc.ts">
        <metrics statements="4" coveredstatements="4" conditionals="0" coveredconditionals="0" methods="1" coveredmethods="1"/>
        <line num="37" count="1" type="stmt"/>
        <line num="38" count="1" type="stmt"/>
        <line num="40" count="1" type="stmt"/>
        <line num="47" count="3" type="stmt"/>
      </file>
    </package>
    <package name="src.services.StaticRuntime">
      <metrics statements="28" coveredstatements="28" conditionals="6" coveredconditionals="6" methods="10" coveredmethods="10"/>
      <file name="StaticRuntime.dev.ts" path="/home/runner/work/lattice/lattice/src/services/StaticRuntime/StaticRuntime.dev.ts">
        <metrics statements="28" coveredstatements="28" conditionals="6" coveredconditionals="6" methods="10" coveredmethods="10"/>
        <line num="35" count="15" type="stmt"/>
        <line num="36" count="4477015" type="stmt"/>
        <line num="37" count="4477015" type="cond" truecount="2" falsecount="0"/>
        <line num="38" count="4477015" type="stmt"/>
        <line num="39" count="4477015" type="stmt"/>
        <line num="40" count="4477015" type="stmt"/>
        <line num="42" count="4477015" type="stmt"/>
        <line num="46" count="15" type="stmt"/>
        <line num="53" count="114" type="cond" truecount="2" falsecount="0"/>
        <line num="55" count="8" type="stmt"/>
        <line num="57" count="8" type="stmt"/>
        <line num="58" count="40" type="stmt"/>
        <line num="59" count="40" type="cond" truecount="2" falsecount="0"/>
        <line num="60" count="39" type="stmt"/>
        <line num="61" count="1529" type="stmt"/>
        <line num="62" count="1529" type="stmt"/>
        <line num="67" count="8" type="stmt"/>
        <line num="69" count="8" type="stmt"/>
        <line num="78" count="4475881" type="stmt"/>
        <line num="86" count="3" type="stmt"/>
        <line num="97" count="111" type="stmt"/>
        <line num="98" count="111" type="stmt"/>
        <line num="99" count="2" type="stmt"/>
        <line num="101" count="2" type="stmt"/>
        <line num="104" count="2" type="stmt"/>
        <line num="108" count="2" type="stmt"/>
        <line num="112" count="1" type="stmt"/>
        <line num="114" count="1" type="stmt"/>
      </file>
    </package>
  </project>
</coverage>
