{"/home/runner/work/lattice/lattice/src/App.css": {"path":"/home/runner/work/lattice/lattice/src/App.css","statementMap":{},"fnMap":{},"branchMap":{},"s":{},"f":{},"b":{},"meta":{"lastBranch":0,"lastFunction":0,"lastStatement":0,"seen":{}}}
,"/home/runner/work/lattice/lattice/src/App.tsx": {"path":"/home/runner/work/lattice/lattice/src/App.tsx","statementMap":{"0":{"start":{"line":53,"column":17},"end":{"line":53,"column":null}},"1":{"start":{"line":57,"column":29},"end":{"line":68,"column":null}},"2":{"start":{"line":57,"column":35},"end":{"line":68,"column":null}},"3":{"start":{"line":58,"column":15},"end":{"line":66,"column":null}},"4":{"start":{"line":59,"column":4},"end":{"line":62,"column":null}},"5":{"start":{"line":60,"column":6},"end":{"line":60,"column":null}},"6":{"start":{"line":61,"column":6},"end":{"line":61,"column":null}},"7":{"start":{"line":63,"column":4},"end":{"line":65,"column":null}},"8":{"start":{"line":64,"column":6},"end":{"line":64,"column":null}},"9":{"start":{"line":64,"column":41},"end":{"line":64,"column":null}},"10":{"start":{"line":67,"column":2},"end":{"line":67,"column":null}},"11":{"start":{"line":70,"column":29},"end":{"line":73,"column":null}},"12":{"start":{"line":75,"column":18},"end":{"line":75,"column":null}},"13":{"start":{"line":76,"column":21},"end":{"line":76,"column":null}},"14":{"start":{"line":77,"column":18},"end":{"line":77,"column":null}},"15":{"start":{"line":78,"column":23},"end":{"line":78,"column":null}},"16":{"start":{"line":79,"column":22},"end":{"line":79,"column":null}},"17":{"start":{"line":80,"column":25},"end":{"line":80,"column":null}},"18":{"start":{"line":83,"column":19},"end":{"line":83,"column":null}},"19":{"start":{"line":84,"column":15},"end":{"line":84,"column":null}},"20":{"start":{"line":84,"column":33},"end":{"line":84,"column":null}},"21":{"start":{"line":85,"column":19},"end":{"line":85,"column":null}},"22":{"start":{"line":85,"column":36},"end":{"line":85,"column":null}},"23":{"start":{"line":95,"column":2},"end":{"line":98,"column":null}},"24":{"start":{"line":96,"column":4},"end":{"line":96,"column":null}},"25":{"start":{"line":97,"column":4},"end":{"line":97,"column":null}},"26":{"start":{"line":101,"column":2},"end":{"line":103,"column":null}},"27":{"start":{"line":102,"column":4},"end":{"line":102,"column":null}},"28":{"start":{"line":102,"column":26},"end":{"line":102,"column":41}},"29":{"start":{"line":109,"column":2},"end":{"line":124,"column":null}},"30":{"start":{"line":110,"column":22},"end":{"line":114,"column":null}},"31":{"start":{"line":111,"column":6},"end":{"line":113,"column":null}},"32":{"start":{"line":112,"column":8},"end":{"line":112,"column":null}},"33":{"start":{"line":115,"column":26},"end":{"line":117,"column":null}},"34":{"start":{"line":116,"column":6},"end":{"line":116,"column":null}},"35":{"start":{"line":118,"column":4},"end":{"line":118,"column":null}},"36":{"start":{"line":119,"column":4},"end":{"line":119,"column":null}},"37":{"start":{"line":120,"column":4},"end":{"line":123,"column":null}},"38":{"start":{"line":121,"column":6},"end":{"line":121,"column":null}},"39":{"start":{"line":122,"column":6},"end":{"line":122,"column":null}},"40":{"start":{"line":129,"column":26},"end":{"line":129,"column":null}},"41":{"start":{"line":130,"column":47},"end":{"line":147,"column":null}},"42":{"start":{"line":148,"column":40},"end":{"line":148,"column":null}},"43":{"start":{"line":149,"column":32},"end":{"line":149,"column":null}},"44":{"start":{"line":150,"column":42},"end":{"line":150,"column":null}},"45":{"start":{"line":151,"column":54},"end":{"line":151,"column":null}},"46":{"start":{"line":152,"column":44},"end":{"line":152,"column":null}},"47":{"start":{"line":153,"column":30},"end":{"line":153,"column":null}},"48":{"start":{"line":154,"column":30},"end":{"line":154,"column":null}},"49":{"start":{"line":155,"column":42},"end":{"line":155,"column":null}},"50":{"start":{"line":156,"column":48},"end":{"line":156,"column":null}},"51":{"start":{"line":157,"column":42},"end":{"line":157,"column":null}},"52":{"start":{"line":158,"column":48},"end":{"line":158,"column":null}},"53":{"start":{"line":159,"column":50},"end":{"line":159,"column":null}},"54":{"start":{"line":160,"column":42},"end":{"line":160,"column":null}},"55":{"start":{"line":179,"column":46},"end":{"line":179,"column":null}},"56":{"start":{"line":181,"column":34},"end":{"line":181,"column":null}},"57":{"start":{"line":184,"column":30},"end":{"line":184,"column":null}},"58":{"start":{"line":185,"column":8},"end":{"line":185,"column":null}},"59":{"start":{"line":186,"column":8},"end":{"line":186,"column":null}},"60":{"start":{"line":188,"column":8},"end":{"line":190,"column":null}},"61":{"start":{"line":189,"column":4},"end":{"line":189,"column":null}},"62":{"start":{"line":192,"column":8},"end":{"line":192,"column":null}},"63":{"start":{"line":193,"column":8},"end":{"line":193,"column":null}},"64":{"start":{"line":196,"column":8},"end":{"line":196,"column":null}},"65":{"start":{"line":201,"column":8},"end":{"line":201,"column":null}},"66":{"start":{"line":205,"column":30},"end":{"line":205,"column":null}},"67":{"start":{"line":207,"column":33},"end":{"line":238,"column":null}},"68":{"start":{"line":208,"column":4},"end":{"line":208,"column":null}},"69":{"start":{"line":209,"column":22},"end":{"line":209,"column":null}},"70":{"start":{"line":210,"column":4},"end":{"line":210,"column":null}},"71":{"start":{"line":210,"column":20},"end":{"line":210,"column":null}},"72":{"start":{"line":211,"column":17},"end":{"line":211,"column":null}},"73":{"start":{"line":212,"column":21},"end":{"line":212,"column":null}},"74":{"start":{"line":213,"column":21},"end":{"line":213,"column":null}},"75":{"start":{"line":214,"column":26},"end":{"line":214,"column":null}},"76":{"start":{"line":215,"column":21},"end":{"line":215,"column":null}},"77":{"start":{"line":216,"column":31},"end":{"line":216,"column":null}},"78":{"start":{"line":218,"column":24},"end":{"line":226,"column":null}},"79":{"start":{"line":219,"column":6},"end":{"line":219,"column":null}},"80":{"start":{"line":219,"column":26},"end":{"line":219,"column":null}},"81":{"start":{"line":220,"column":6},"end":{"line":225,"column":null}},"82":{"start":{"line":221,"column":14},"end":{"line":221,"column":null}},"83":{"start":{"line":222,"column":23},"end":{"line":222,"column":null}},"84":{"start":{"line":223,"column":8},"end":{"line":223,"column":null}},"85":{"start":{"line":224,"column":8},"end":{"line":224,"column":null}},"86":{"start":{"line":227,"column":22},"end":{"line":233,"column":null}},"87":{"start":{"line":228,"column":6},"end":{"line":228,"column":null}},"88":{"start":{"line":228,"column":28},"end":{"line":228,"column":57}},"89":{"start":{"line":228,"column":57},"end":{"line":228,"column":71}},"90":{"start":{"line":229,"column":6},"end":{"line":229,"column":null}},"91":{"start":{"line":230,"column":6},"end":{"line":230,"column":null}},"92":{"start":{"line":231,"column":6},"end":{"line":231,"column":null}},"93":{"start":{"line":232,"column":6},"end":{"line":232,"column":null}},"94":{"start":{"line":234,"column":4},"end":{"line":234,"column":null}},"95":{"start":{"line":235,"column":4},"end":{"line":235,"column":null}},"96":{"start":{"line":236,"column":4},"end":{"line":236,"column":null}},"97":{"start":{"line":237,"column":4},"end":{"line":237,"column":null}},"98":{"start":{"line":241,"column":28},"end":{"line":241,"column":null}},"99":{"start":{"line":243,"column":24},"end":{"line":243,"column":null}},"100":{"start":{"line":244,"column":24},"end":{"line":244,"column":null}},"101":{"start":{"line":245,"column":24},"end":{"line":245,"column":null}},"102":{"start":{"line":246,"column":25},"end":{"line":246,"column":null}},"103":{"start":{"line":247,"column":32},"end":{"line":251,"column":null}},"104":{"start":{"line":248,"column":18},"end":{"line":248,"column":null}},"105":{"start":{"line":249,"column":19},"end":{"line":249,"column":null}},"106":{"start":{"line":250,"column":4},"end":{"line":250,"column":null}},"107":{"start":{"line":253,"column":8},"end":{"line":259,"column":null}},"108":{"start":{"line":254,"column":4},"end":{"line":258,"column":null}},"109":{"start":{"line":255,"column":19},"end":{"line":255,"column":null}},"110":{"start":{"line":256,"column":6},"end":{"line":256,"column":null}},"111":{"start":{"line":257,"column":6},"end":{"line":257,"column":null}},"112":{"start":{"line":261,"column":8},"end":{"line":267,"column":null}},"113":{"start":{"line":262,"column":4},"end":{"line":266,"column":null}},"114":{"start":{"line":263,"column":19},"end":{"line":263,"column":null}},"115":{"start":{"line":264,"column":6},"end":{"line":264,"column":null}},"116":{"start":{"line":265,"column":6},"end":{"line":265,"column":null}},"117":{"start":{"line":270,"column":2},"end":{"line":279,"column":null}},"118":{"start":{"line":271,"column":18},"end":{"line":271,"column":null}},"119":{"start":{"line":272,"column":4},"end":{"line":278,"column":null}},"120":{"start":{"line":273,"column":6},"end":{"line":277,"column":null}},"121":{"start":{"line":274,"column":8},"end":{"line":274,"column":null}},"122":{"start":{"line":276,"column":8},"end":{"line":276,"column":null}},"123":{"start":{"line":282,"column":19},"end":{"line":297,"column":null}},"124":{"start":{"line":283,"column":4},"end":{"line":283,"column":null}},"125":{"start":{"line":283,"column":15},"end":{"line":283,"column":null}},"126":{"start":{"line":284,"column":4},"end":{"line":296,"column":null}},"127":{"start":{"line":286,"column":22},"end":{"line":286,"column":null}},"128":{"start":{"line":286,"column":39},"end":{"line":286,"column":49}},"129":{"start":{"line":288,"column":6},"end":{"line":288,"column":null}},"130":{"start":{"line":290,"column":6},"end":{"line":292,"column":null}},"131":{"start":{"line":291,"column":8},"end":{"line":291,"column":null}},"132":{"start":{"line":294,"column":6},"end":{"line":294,"column":null}},"133":{"start":{"line":295,"column":6},"end":{"line":295,"column":null}},"134":{"start":{"line":300,"column":2},"end":{"line":314,"column":null}},"135":{"start":{"line":303,"column":4},"end":{"line":307,"column":null}},"136":{"start":{"line":304,"column":6},"end":{"line":304,"column":null}},"137":{"start":{"line":305,"column":6},"end":{"line":305,"column":null}},"138":{"start":{"line":306,"column":6},"end":{"line":306,"column":null}},"139":{"start":{"line":308,"column":4},"end":{"line":308,"column":null}},"140":{"start":{"line":309,"column":4},"end":{"line":313,"column":null}},"141":{"start":{"line":310,"column":6},"end":{"line":310,"column":null}},"142":{"start":{"line":312,"column":6},"end":{"line":312,"column":null}},"143":{"start":{"line":321,"column":23},"end":{"line":346,"column":null}},"144":{"start":{"line":322,"column":4},"end":{"line":345,"column":null}},"145":{"start":{"line":323,"column":23},"end":{"line":323,"column":null}},"146":{"start":{"line":324,"column":6},"end":{"line":324,"column":null}},"147":{"start":{"line":325,"column":6},"end":{"line":328,"column":null}},"148":{"start":{"line":326,"column":8},"end":{"line":326,"column":null}},"149":{"start":{"line":327,"column":8},"end":{"line":327,"column":null}},"150":{"start":{"line":330,"column":23},"end":{"line":330,"column":null}},"151":{"start":{"line":332,"column":6},"end":{"line":336,"column":null}},"152":{"start":{"line":333,"column":8},"end":{"line":333,"column":null}},"153":{"start":{"line":335,"column":8},"end":{"line":335,"column":null}},"154":{"start":{"line":337,"column":6},"end":{"line":337,"column":null}},"155":{"start":{"line":338,"column":6},"end":{"line":338,"column":null}},"156":{"start":{"line":339,"column":6},"end":{"line":339,"column":null}},"157":{"start":{"line":340,"column":6},"end":{"line":340,"column":null}},"158":{"start":{"line":341,"column":6},"end":{"line":341,"column":null}},"159":{"start":{"line":344,"column":6},"end":{"line":344,"column":null}},"160":{"start":{"line":352,"column":2},"end":{"line":391,"column":null}},"161":{"start":{"line":353,"column":24},"end":{"line":363,"column":null}},"162":{"start":{"line":354,"column":6},"end":{"line":354,"column":null}},"163":{"start":{"line":356,"column":6},"end":{"line":356,"column":null}},"164":{"start":{"line":358,"column":12},"end":{"line":358,"column":null}},"165":{"start":{"line":359,"column":6},"end":{"line":362,"column":null}},"166":{"start":{"line":360,"column":8},"end":{"line":360,"column":null}},"167":{"start":{"line":361,"column":8},"end":{"line":361,"column":null}},"168":{"start":{"line":365,"column":4},"end":{"line":365,"column":null}},"169":{"start":{"line":366,"column":4},"end":{"line":366,"column":null}},"170":{"start":{"line":369,"column":27},"end":{"line":389,"column":null}},"171":{"start":{"line":370,"column":6},"end":{"line":370,"column":null}},"172":{"start":{"line":373,"column":6},"end":{"line":373,"column":null}},"173":{"start":{"line":375,"column":29},"end":{"line":379,"column":null}},"174":{"start":{"line":376,"column":8},"end":{"line":378,"column":null}},"175":{"start":{"line":377,"column":10},"end":{"line":377,"column":null}},"176":{"start":{"line":380,"column":29},"end":{"line":383,"column":null}},"177":{"start":{"line":381,"column":8},"end":{"line":381,"column":null}},"178":{"start":{"line":382,"column":8},"end":{"line":382,"column":null}},"179":{"start":{"line":385,"column":6},"end":{"line":388,"column":null}},"180":{"start":{"line":386,"column":8},"end":{"line":386,"column":null}},"181":{"start":{"line":387,"column":8},"end":{"line":387,"column":null}},"182":{"start":{"line":390,"column":4},"end":{"line":390,"column":null}},"183":{"start":{"line":396,"column":25},"end":{"line":424,"column":null}},"184":{"start":{"line":398,"column":4},"end":{"line":400,"column":null}},"185":{"start":{"line":399,"column":6},"end":{"line":399,"column":null}},"186":{"start":{"line":402,"column":10},"end":{"line":402,"column":null}},"187":{"start":{"line":403,"column":16},"end":{"line":403,"column":null}},"188":{"start":{"line":404,"column":4},"end":{"line":407,"column":null}},"189":{"start":{"line":405,"column":23},"end":{"line":405,"column":null}},"190":{"start":{"line":406,"column":6},"end":{"line":406,"column":null}},"191":{"start":{"line":409,"column":4},"end":{"line":411,"column":null}},"192":{"start":{"line":410,"column":6},"end":{"line":410,"column":null}},"193":{"start":{"line":414,"column":4},"end":{"line":416,"column":null}},"194":{"start":{"line":415,"column":6},"end":{"line":415,"column":null}},"195":{"start":{"line":417,"column":4},"end":{"line":417,"column":null}},"196":{"start":{"line":418,"column":4},"end":{"line":423,"column":null}},"197":{"start":{"line":419,"column":6},"end":{"line":419,"column":null}},"198":{"start":{"line":420,"column":6},"end":{"line":420,"column":null}},"199":{"start":{"line":422,"column":6},"end":{"line":422,"column":null}},"200":{"start":{"line":430,"column":2},"end":{"line":432,"column":null}},"201":{"start":{"line":431,"column":4},"end":{"line":431,"column":null}},"202":{"start":{"line":440,"column":2},"end":{"line":445,"column":null}},"203":{"start":{"line":441,"column":4},"end":{"line":441,"column":null}},"204":{"start":{"line":442,"column":4},"end":{"line":444,"column":null}},"205":{"start":{"line":443,"column":6},"end":{"line":443,"column":null}},"206":{"start":{"line":452,"column":22},"end":{"line":455,"column":null}},"207":{"start":{"line":453,"column":4},"end":{"line":453,"column":null}},"208":{"start":{"line":454,"column":4},"end":{"line":454,"column":null}},"209":{"start":{"line":454,"column":21},"end":{"line":454,"column":55}},"210":{"start":{"line":463,"column":19},"end":{"line":484,"column":null}},"211":{"start":{"line":464,"column":4},"end":{"line":464,"column":null}},"212":{"start":{"line":465,"column":4},"end":{"line":483,"column":null}},"213":{"start":{"line":466,"column":23},"end":{"line":466,"column":null}},"214":{"start":{"line":469,"column":6},"end":{"line":471,"column":null}},"215":{"start":{"line":470,"column":8},"end":{"line":470,"column":null}},"216":{"start":{"line":473,"column":6},"end":{"line":473,"column":null}},"217":{"start":{"line":475,"column":6},"end":{"line":479,"column":null}},"218":{"start":{"line":476,"column":8},"end":{"line":476,"column":null}},"219":{"start":{"line":477,"column":8},"end":{"line":477,"column":null}},"220":{"start":{"line":478,"column":8},"end":{"line":478,"column":null}},"221":{"start":{"line":481,"column":6},"end":{"line":481,"column":null}},"222":{"start":{"line":490,"column":2},"end":{"line":506,"column":null}},"223":{"start":{"line":491,"column":4},"end":{"line":491,"column":null}},"224":{"start":{"line":491,"column":42},"end":{"line":491,"column":null}},"225":{"start":{"line":493,"column":4},"end":{"line":495,"column":null}},"226":{"start":{"line":494,"column":6},"end":{"line":494,"column":null}},"227":{"start":{"line":497,"column":4},"end":{"line":501,"column":null}},"228":{"start":{"line":498,"column":6},"end":{"line":500,"column":null}},"229":{"start":{"line":499,"column":8},"end":{"line":499,"column":null}},"230":{"start":{"line":503,"column":4},"end":{"line":505,"column":null}},"231":{"start":{"line":504,"column":6},"end":{"line":504,"column":null}},"232":{"start":{"line":504,"column":33},"end":{"line":504,"column":null}},"233":{"start":{"line":513,"column":2},"end":{"line":521,"column":null}},"234":{"start":{"line":514,"column":23},"end":{"line":518,"column":null}},"235":{"start":{"line":515,"column":6},"end":{"line":517,"column":null}},"236":{"start":{"line":516,"column":8},"end":{"line":516,"column":null}},"237":{"start":{"line":519,"column":4},"end":{"line":519,"column":null}},"238":{"start":{"line":520,"column":4},"end":{"line":520,"column":null}},"239":{"start":{"line":520,"column":17},"end":{"line":520,"column":null}},"240":{"start":{"line":528,"column":2},"end":{"line":560,"column":null}},"241":{"start":{"line":529,"column":10},"end":{"line":555,"column":null}},"242":{"start":{"line":530,"column":26},"end":{"line":530,"column":null}},"243":{"start":{"line":531,"column":6},"end":{"line":531,"column":null}},"244":{"start":{"line":532,"column":6},"end":{"line":554,"column":null}},"245":{"start":{"line":533,"column":8},"end":{"line":552,"column":null}},"246":{"start":{"line":534,"column":10},"end":{"line":534,"column":null}},"247":{"start":{"line":536,"column":10},"end":{"line":548,"column":null}},"248":{"start":{"line":537,"column":29},"end":{"line":537,"column":null}},"249":{"start":{"line":538,"column":12},"end":{"line":538,"column":null}},"250":{"start":{"line":539,"column":12},"end":{"line":539,"column":null}},"251":{"start":{"line":544,"column":12},"end":{"line":546,"column":null}},"252":{"start":{"line":545,"column":14},"end":{"line":545,"column":null}},"253":{"start":{"line":548,"column":24},"end":{"line":548,"column":59}},"254":{"start":{"line":550,"column":10},"end":{"line":550,"column":null}},"255":{"start":{"line":557,"column":4},"end":{"line":559,"column":null}},"256":{"start":{"line":558,"column":6},"end":{"line":558,"column":null}},"257":{"start":{"line":558,"column":25},"end":{"line":558,"column":28}},"258":{"start":{"line":568,"column":21},"end":{"line":605,"column":null}},"259":{"start":{"line":569,"column":4},"end":{"line":569,"column":null}},"260":{"start":{"line":572,"column":4},"end":{"line":572,"column":null}},"261":{"start":{"line":572,"column":28},"end":{"line":572,"column":null}},"262":{"start":{"line":574,"column":4},"end":{"line":604,"column":null}},"263":{"start":{"line":576,"column":6},"end":{"line":576,"column":null}},"264":{"start":{"line":582,"column":6},"end":{"line":585,"column":null}},"265":{"start":{"line":583,"column":8},"end":{"line":583,"column":null}},"266":{"start":{"line":584,"column":8},"end":{"line":584,"column":null}},"267":{"start":{"line":587,"column":6},"end":{"line":603,"column":null}},"268":{"start":{"line":588,"column":21},"end":{"line":594,"column":null}},"269":{"start":{"line":596,"column":8},"end":{"line":600,"column":null}},"270":{"start":{"line":597,"column":10},"end":{"line":597,"column":null}},"271":{"start":{"line":598,"column":10},"end":{"line":598,"column":null}},"272":{"start":{"line":599,"column":10},"end":{"line":599,"column":null}},"273":{"start":{"line":602,"column":8},"end":{"line":602,"column":null}},"274":{"start":{"line":613,"column":27},"end":{"line":633,"column":null}},"275":{"start":{"line":614,"column":31},"end":{"line":614,"column":null}},"276":{"start":{"line":616,"column":4},"end":{"line":621,"column":null}},"277":{"start":{"line":619,"column":6},"end":{"line":619,"column":null}},"278":{"start":{"line":620,"column":6},"end":{"line":620,"column":null}},"279":{"start":{"line":623,"column":4},"end":{"line":632,"column":null}},"280":{"start":{"line":624,"column":6},"end":{"line":624,"column":null}},"281":{"start":{"line":627,"column":6},"end":{"line":627,"column":null}},"282":{"start":{"line":628,"column":6},"end":{"line":628,"column":null}},"283":{"start":{"line":638,"column":24},"end":{"line":658,"column":null}},"284":{"start":{"line":639,"column":4},"end":{"line":639,"column":null}},"285":{"start":{"line":640,"column":21},"end":{"line":650,"column":null}},"286":{"start":{"line":652,"column":4},"end":{"line":654,"column":null}},"287":{"start":{"line":653,"column":6},"end":{"line":653,"column":null}},"288":{"start":{"line":656,"column":17},"end":{"line":656,"column":null}},"289":{"start":{"line":657,"column":4},"end":{"line":657,"column":null}},"290":{"start":{"line":664,"column":32},"end":{"line":677,"column":null}},"291":{"start":{"line":665,"column":4},"end":{"line":665,"column":null}},"292":{"start":{"line":666,"column":4},"end":{"line":676,"column":null}},"293":{"start":{"line":667,"column":21},"end":{"line":667,"column":null}},"294":{"start":{"line":668,"column":6},"end":{"line":672,"column":null}},"295":{"start":{"line":671,"column":8},"end":{"line":671,"column":null}},"296":{"start":{"line":674,"column":6},"end":{"line":674,"column":null}},"297":{"start":{"line":675,"column":6},"end":{"line":675,"column":null}},"298":{"start":{"line":683,"column":30},"end":{"line":694,"column":null}},"299":{"start":{"line":684,"column":4},"end":{"line":687,"column":null}},"300":{"start":{"line":685,"column":6},"end":{"line":685,"column":null}},"301":{"start":{"line":686,"column":6},"end":{"line":686,"column":null}},"302":{"start":{"line":688,"column":4},"end":{"line":693,"column":null}},"303":{"start":{"line":689,"column":25},"end":{"line":689,"column":null}},"304":{"start":{"line":690,"column":6},"end":{"line":690,"column":null}},"305":{"start":{"line":692,"column":6},"end":{"line":692,"column":null}},"306":{"start":{"line":703,"column":21},"end":{"line":716,"column":null}},"307":{"start":{"line":704,"column":4},"end":{"line":715,"column":null}},"308":{"start":{"line":705,"column":6},"end":{"line":705,"column":null}},"309":{"start":{"line":706,"column":21},"end":{"line":706,"column":null}},"310":{"start":{"line":707,"column":6},"end":{"line":707,"column":null}},"311":{"start":{"line":707,"column":19},"end":{"line":707,"column":null}},"312":{"start":{"line":708,"column":23},"end":{"line":708,"column":null}},"313":{"start":{"line":710,"column":6},"end":{"line":712,"column":null}},"314":{"start":{"line":711,"column":8},"end":{"line":711,"column":null}},"315":{"start":{"line":714,"column":6},"end":{"line":714,"column":null}},"316":{"start":{"line":722,"column":23},"end":{"line":769,"column":null}},"317":{"start":{"line":723,"column":4},"end":{"line":723,"column":null}},"318":{"start":{"line":727,"column":4},"end":{"line":727,"column":null}},"319":{"start":{"line":729,"column":4},"end":{"line":768,"column":5}},"320":{"start":{"line":730,"column":6},"end":{"line":767,"column":null}},"321":{"start":{"line":739,"column":25},"end":{"line":739,"column":null}},"322":{"start":{"line":740,"column":8},"end":{"line":740,"column":null}},"323":{"start":{"line":741,"column":8},"end":{"line":741,"column":null}},"324":{"start":{"line":744,"column":8},"end":{"line":744,"column":null}},"325":{"start":{"line":745,"column":8},"end":{"line":745,"column":null}},"326":{"start":{"line":746,"column":8},"end":{"line":746,"column":null}},"327":{"start":{"line":748,"column":8},"end":{"line":754,"column":null}},"328":{"start":{"line":749,"column":10},"end":{"line":749,"column":null}},"329":{"start":{"line":750,"column":10},"end":{"line":750,"column":null}},"330":{"start":{"line":753,"column":10},"end":{"line":753,"column":null}},"331":{"start":{"line":757,"column":8},"end":{"line":757,"column":null}},"332":{"start":{"line":758,"column":8},"end":{"line":758,"column":null}},"333":{"start":{"line":761,"column":8},"end":{"line":761,"column":null}},"334":{"start":{"line":766,"column":8},"end":{"line":766,"column":null}},"335":{"start":{"line":777,"column":2},"end":{"line":841,"column":null}},"336":{"start":{"line":778,"column":24},"end":{"line":839,"column":null}},"337":{"start":{"line":779,"column":6},"end":{"line":779,"column":null}},"338":{"start":{"line":782,"column":6},"end":{"line":785,"column":null}},"339":{"start":{"line":784,"column":8},"end":{"line":784,"column":null}},"340":{"start":{"line":786,"column":6},"end":{"line":786,"column":null}},"341":{"start":{"line":788,"column":6},"end":{"line":788,"column":null}},"342":{"start":{"line":791,"column":24},"end":{"line":791,"column":null}},"343":{"start":{"line":793,"column":6},"end":{"line":793,"column":null}},"344":{"start":{"line":795,"column":6},"end":{"line":838,"column":null}},"345":{"start":{"line":796,"column":8},"end":{"line":796,"column":null}},"346":{"start":{"line":797,"column":8},"end":{"line":814,"column":null}},"347":{"start":{"line":798,"column":10},"end":{"line":798,"column":null}},"348":{"start":{"line":799,"column":10},"end":{"line":799,"column":null}},"349":{"start":{"line":801,"column":10},"end":{"line":801,"column":null}},"350":{"start":{"line":802,"column":10},"end":{"line":804,"column":null}},"351":{"start":{"line":803,"column":12},"end":{"line":803,"column":null}},"352":{"start":{"line":805,"column":10},"end":{"line":805,"column":null}},"353":{"start":{"line":807,"column":10},"end":{"line":811,"column":null}},"354":{"start":{"line":809,"column":12},"end":{"line":809,"column":null}},"355":{"start":{"line":810,"column":12},"end":{"line":810,"column":null}},"356":{"start":{"line":813,"column":10},"end":{"line":813,"column":null}},"357":{"start":{"line":818,"column":25},"end":{"line":818,"column":null}},"358":{"start":{"line":819,"column":8},"end":{"line":837,"column":null}},"359":{"start":{"line":820,"column":10},"end":{"line":820,"column":null}},"360":{"start":{"line":821,"column":10},"end":{"line":833,"column":null}},"361":{"start":{"line":822,"column":12},"end":{"line":822,"column":null}},"362":{"start":{"line":823,"column":29},"end":{"line":823,"column":null}},"363":{"start":{"line":824,"column":12},"end":{"line":824,"column":null}},"364":{"start":{"line":825,"column":12},"end":{"line":825,"column":null}},"365":{"start":{"line":826,"column":12},"end":{"line":826,"column":null}},"366":{"start":{"line":827,"column":12},"end":{"line":827,"column":null}},"367":{"start":{"line":828,"column":12},"end":{"line":828,"column":null}},"368":{"start":{"line":828,"column":35},"end":{"line":828,"column":null}},"369":{"start":{"line":830,"column":12},"end":{"line":830,"column":null}},"370":{"start":{"line":831,"column":12},"end":{"line":831,"column":null}},"371":{"start":{"line":832,"column":12},"end":{"line":832,"column":null}},"372":{"start":{"line":835,"column":10},"end":{"line":835,"column":null}},"373":{"start":{"line":836,"column":10},"end":{"line":836,"column":null}},"374":{"start":{"line":840,"column":4},"end":{"line":840,"column":null}},"375":{"start":{"line":848,"column":26},"end":{"line":856,"column":null}},"376":{"start":{"line":849,"column":4},"end":{"line":849,"column":null}},"377":{"start":{"line":850,"column":4},"end":{"line":855,"column":null}},"378":{"start":{"line":851,"column":6},"end":{"line":851,"column":null}},"379":{"start":{"line":853,"column":6},"end":{"line":853,"column":null}},"380":{"start":{"line":854,"column":6},"end":{"line":854,"column":null}},"381":{"start":{"line":862,"column":32},"end":{"line":876,"column":null}},"382":{"start":{"line":863,"column":4},"end":{"line":863,"column":null}},"383":{"start":{"line":863,"column":28},"end":{"line":863,"column":null}},"384":{"start":{"line":869,"column":4},"end":{"line":875,"column":null}},"385":{"start":{"line":870,"column":30},"end":{"line":870,"column":null}},"386":{"start":{"line":871,"column":6},"end":{"line":871,"column":null}},"387":{"start":{"line":872,"column":6},"end":{"line":872,"column":null}},"388":{"start":{"line":874,"column":6},"end":{"line":874,"column":null}},"389":{"start":{"line":883,"column":29},"end":{"line":911,"column":null}},"390":{"start":{"line":884,"column":4},"end":{"line":884,"column":null}},"391":{"start":{"line":887,"column":4},"end":{"line":893,"column":null}},"392":{"start":{"line":888,"column":6},"end":{"line":888,"column":null}},"393":{"start":{"line":889,"column":6},"end":{"line":892,"column":null}},"394":{"start":{"line":890,"column":8},"end":{"line":890,"column":null}},"395":{"start":{"line":891,"column":8},"end":{"line":891,"column":null}},"396":{"start":{"line":895,"column":4},"end":{"line":895,"column":null}},"397":{"start":{"line":921,"column":2},"end":{"line":1010,"column":null}},"398":{"start":{"line":922,"column":26},"end":{"line":949,"column":null}},"399":{"start":{"line":924,"column":6},"end":{"line":928,"column":null}},"400":{"start":{"line":925,"column":8},"end":{"line":925,"column":null}},"401":{"start":{"line":926,"column":8},"end":{"line":926,"column":null}},"402":{"start":{"line":927,"column":8},"end":{"line":927,"column":null}},"403":{"start":{"line":931,"column":6},"end":{"line":937,"column":null}},"404":{"start":{"line":932,"column":8},"end":{"line":936,"column":null}},"405":{"start":{"line":933,"column":10},"end":{"line":933,"column":null}},"406":{"start":{"line":934,"column":10},"end":{"line":934,"column":null}},"407":{"start":{"line":935,"column":10},"end":{"line":935,"column":null}},"408":{"start":{"line":940,"column":12},"end":{"line":941,"column":null}},"409":{"start":{"line":942,"column":6},"end":{"line":948,"column":null}},"410":{"start":{"line":943,"column":8},"end":{"line":947,"column":null}},"411":{"start":{"line":944,"column":10},"end":{"line":944,"column":null}},"412":{"start":{"line":945,"column":10},"end":{"line":945,"column":null}},"413":{"start":{"line":946,"column":10},"end":{"line":946,"column":null}},"414":{"start":{"line":951,"column":4},"end":{"line":951,"column":null}},"415":{"start":{"line":958,"column":24},"end":{"line":967,"column":null}},"416":{"start":{"line":959,"column":6},"end":{"line":966,"column":null}},"417":{"start":{"line":960,"column":8},"end":{"line":960,"column":null}},"418":{"start":{"line":961,"column":8},"end":{"line":965,"column":null}},"419":{"start":{"line":962,"column":10},"end":{"line":962,"column":null}},"420":{"start":{"line":963,"column":8},"end":{"line":965,"column":null}},"421":{"start":{"line":964,"column":10},"end":{"line":964,"column":null}},"422":{"start":{"line":968,"column":4},"end":{"line":968,"column":null}},"423":{"start":{"line":970,"column":30},"end":{"line":992,"column":null}},"424":{"start":{"line":972,"column":23},"end":{"line":974,"column":null}},"425":{"start":{"line":975,"column":6},"end":{"line":975,"column":null}},"426":{"start":{"line":981,"column":18},"end":{"line":981,"column":null}},"427":{"start":{"line":984,"column":12},"end":{"line":984,"column":null}},"428":{"start":{"line":985,"column":20},"end":{"line":985,"column":null}},"429":{"start":{"line":986,"column":6},"end":{"line":986,"column":null}},"430":{"start":{"line":987,"column":22},"end":{"line":987,"column":null}},"431":{"start":{"line":988,"column":22},"end":{"line":989,"column":null}},"432":{"start":{"line":990,"column":6},"end":{"line":990,"column":null}},"433":{"start":{"line":991,"column":6},"end":{"line":991,"column":null}},"434":{"start":{"line":994,"column":29},"end":{"line":999,"column":null}},"435":{"start":{"line":996,"column":6},"end":{"line":996,"column":null}},"436":{"start":{"line":998,"column":6},"end":{"line":998,"column":null}},"437":{"start":{"line":1001,"column":4},"end":{"line":1001,"column":null}},"438":{"start":{"line":1002,"column":4},"end":{"line":1002,"column":null}},"439":{"start":{"line":1004,"column":4},"end":{"line":1009,"column":null}},"440":{"start":{"line":1005,"column":6},"end":{"line":1005,"column":null}},"441":{"start":{"line":1006,"column":6},"end":{"line":1006,"column":null}},"442":{"start":{"line":1007,"column":6},"end":{"line":1007,"column":null}},"443":{"start":{"line":1008,"column":6},"end":{"line":1008,"column":null}},"444":{"start":{"line":1015,"column":2},"end":{"line":1100,"column":null}},"445":{"start":{"line":1016,"column":4},"end":{"line":1016,"column":null}},"446":{"start":{"line":1016,"column":27},"end":{"line":1016,"column":null}},"447":{"start":{"line":1018,"column":25},"end":{"line":1018,"column":null}},"448":{"start":{"line":1019,"column":20},"end":{"line":1019,"column":null}},"449":{"start":{"line":1020,"column":4},"end":{"line":1020,"column":null}},"450":{"start":{"line":1020,"column":35},"end":{"line":1020,"column":null}},"451":{"start":{"line":1022,"column":20},"end":{"line":1022,"column":null}},"452":{"start":{"line":1025,"column":25},"end":{"line":1037,"column":null}},"453":{"start":{"line":1026,"column":23},"end":{"line":1026,"column":null}},"454":{"start":{"line":1027,"column":25},"end":{"line":1027,"column":null}},"455":{"start":{"line":1028,"column":43},"end":{"line":1028,"column":null}},"456":{"start":{"line":1029,"column":6},"end":{"line":1035,"column":null}},"457":{"start":{"line":1030,"column":21},"end":{"line":1030,"column":null}},"458":{"start":{"line":1031,"column":8},"end":{"line":1034,"column":null}},"459":{"start":{"line":1032,"column":22},"end":{"line":1032,"column":null}},"460":{"start":{"line":1033,"column":10},"end":{"line":1033,"column":null}},"461":{"start":{"line":1036,"column":6},"end":{"line":1036,"column":null}},"462":{"start":{"line":1036,"column":32},"end":{"line":1036,"column":58}},"463":{"start":{"line":1039,"column":26},"end":{"line":1054,"column":null}},"464":{"start":{"line":1040,"column":6},"end":{"line":1040,"column":null}},"465":{"start":{"line":1040,"column":28},"end":{"line":1040,"column":null}},"466":{"start":{"line":1041,"column":6},"end":{"line":1041,"column":null}},"467":{"start":{"line":1041,"column":29},"end":{"line":1041,"column":null}},"468":{"start":{"line":1042,"column":6},"end":{"line":1044,"column":null}},"469":{"start":{"line":1043,"column":8},"end":{"line":1043,"column":null}},"470":{"start":{"line":1045,"column":6},"end":{"line":1052,"column":null}},"471":{"start":{"line":1045,"column":19},"end":{"line":1045,"column":22}},"472":{"start":{"line":1046,"column":8},"end":{"line":1051,"column":null}},"473":{"start":{"line":1047,"column":27},"end":{"line":1047,"column":null}},"474":{"start":{"line":1048,"column":27},"end":{"line":1048,"column":null}},"475":{"start":{"line":1049,"column":20},"end":{"line":1049,"column":null}},"476":{"start":{"line":1050,"column":10},"end":{"line":1050,"column":null}},"477":{"start":{"line":1053,"column":6},"end":{"line":1053,"column":null}},"478":{"start":{"line":1056,"column":26},"end":{"line":1069,"column":null}},"479":{"start":{"line":1057,"column":6},"end":{"line":1057,"column":null}},"480":{"start":{"line":1057,"column":28},"end":{"line":1057,"column":null}},"481":{"start":{"line":1058,"column":6},"end":{"line":1058,"column":null}},"482":{"start":{"line":1058,"column":28},"end":{"line":1058,"column":null}},"483":{"start":{"line":1059,"column":6},"end":{"line":1059,"column":null}},"484":{"start":{"line":1059,"column":41},"end":{"line":1059,"column":null}},"485":{"start":{"line":1060,"column":6},"end":{"line":1067,"column":null}},"486":{"start":{"line":1060,"column":19},"end":{"line":1060,"column":22}},"487":{"start":{"line":1061,"column":8},"end":{"line":1066,"column":null}},"488":{"start":{"line":1062,"column":27},"end":{"line":1062,"column":null}},"489":{"start":{"line":1063,"column":27},"end":{"line":1063,"column":null}},"490":{"start":{"line":1064,"column":20},"end":{"line":1064,"column":null}},"491":{"start":{"line":1065,"column":10},"end":{"line":1065,"column":null}},"492":{"start":{"line":1068,"column":6},"end":{"line":1068,"column":null}},"493":{"start":{"line":1071,"column":27},"end":{"line":1081,"column":null}},"494":{"start":{"line":1072,"column":6},"end":{"line":1072,"column":null}},"495":{"start":{"line":1072,"column":21},"end":{"line":1072,"column":null}},"496":{"start":{"line":1073,"column":21},"end":{"line":1073,"column":null}},"497":{"start":{"line":1074,"column":6},"end":{"line":1074,"column":null}},"498":{"start":{"line":1074,"column":19},"end":{"line":1074,"column":null}},"499":{"start":{"line":1075,"column":19},"end":{"line":1075,"column":null}},"500":{"start":{"line":1076,"column":6},"end":{"line":1076,"column":null}},"501":{"start":{"line":1076,"column":24},"end":{"line":1076,"column":null}},"502":{"start":{"line":1077,"column":21},"end":{"line":1077,"column":null}},"503":{"start":{"line":1078,"column":6},"end":{"line":1078,"column":null}},"504":{"start":{"line":1079,"column":6},"end":{"line":1079,"column":null}},"505":{"start":{"line":1080,"column":6},"end":{"line":1080,"column":null}},"506":{"start":{"line":1080,"column":36},"end":{"line":1080,"column":55}},"507":{"start":{"line":1083,"column":28},"end":{"line":1091,"column":null}},"508":{"start":{"line":1084,"column":6},"end":{"line":1084,"column":null}},"509":{"start":{"line":1084,"column":21},"end":{"line":1084,"column":null}},"510":{"start":{"line":1085,"column":21},"end":{"line":1085,"column":null}},"511":{"start":{"line":1086,"column":6},"end":{"line":1086,"column":null}},"512":{"start":{"line":1086,"column":19},"end":{"line":1086,"column":null}},"513":{"start":{"line":1087,"column":19},"end":{"line":1087,"column":null}},"514":{"start":{"line":1088,"column":6},"end":{"line":1088,"column":null}},"515":{"start":{"line":1089,"column":6},"end":{"line":1089,"column":null}},"516":{"start":{"line":1090,"column":6},"end":{"line":1090,"column":null}},"517":{"start":{"line":1090,"column":36},"end":{"line":1090,"column":55}},"518":{"start":{"line":1093,"column":4},"end":{"line":1093,"column":null}},"519":{"start":{"line":1094,"column":4},"end":{"line":1094,"column":null}},"520":{"start":{"line":1096,"column":4},"end":{"line":1099,"column":null}},"521":{"start":{"line":1097,"column":6},"end":{"line":1097,"column":null}},"522":{"start":{"line":1098,"column":6},"end":{"line":1098,"column":null}},"523":{"start":{"line":1127,"column":8},"end":{"line":1253,"column":null}},"524":{"start":{"line":1127,"column":55},"end":{"line":1253,"column":6}},"525":{"start":{"line":1129,"column":33},"end":{"line":1129,"column":null}},"526":{"start":{"line":1130,"column":6},"end":{"line":1142,"column":null}},"527":{"start":{"line":1134,"column":12},"end":{"line":1137,"column":null}},"528":{"start":{"line":1135,"column":14},"end":{"line":1135,"column":null}},"529":{"start":{"line":1136,"column":14},"end":{"line":1136,"column":null}},"530":{"start":{"line":1136,"column":41},"end":{"line":1136,"column":93}},"531":{"start":{"line":1146,"column":53},"end":{"line":1146,"column":null}},"532":{"start":{"line":1147,"column":20},"end":{"line":1147,"column":null}},"533":{"start":{"line":1148,"column":6},"end":{"line":1150,"column":null}},"534":{"start":{"line":1149,"column":8},"end":{"line":1149,"column":null}},"535":{"start":{"line":1151,"column":6},"end":{"line":1154,"column":null}},"536":{"start":{"line":1162,"column":23},"end":{"line":1162,"column":null}},"537":{"start":{"line":1163,"column":6},"end":{"line":1194,"column":null}},"538":{"start":{"line":1164,"column":27},"end":{"line":1164,"column":null}},"539":{"start":{"line":1165,"column":8},"end":{"line":1192,"column":null}},"540":{"start":{"line":1176,"column":40},"end":{"line":1176,"column":null}},"541":{"start":{"line":1177,"column":14},"end":{"line":1182,"column":null}},"542":{"start":{"line":1178,"column":30},"end":{"line":1179,"column":null}},"543":{"start":{"line":1180,"column":28},"end":{"line":1180,"column":null}},"544":{"start":{"line":1181,"column":16},"end":{"line":1181,"column":null}},"545":{"start":{"line":1181,"column":25},"end":{"line":1181,"column":null}},"546":{"start":{"line":1183,"column":14},"end":{"line":1190,"column":null}},"547":{"start":{"line":1184,"column":32},"end":{"line":1184,"column":null}},"548":{"start":{"line":1185,"column":16},"end":{"line":1189,"column":null}},"549":{"start":{"line":1188,"column":18},"end":{"line":1188,"column":null}},"550":{"start":{"line":1196,"column":6},"end":{"line":1196,"column":null}},"551":{"start":{"line":1199,"column":27},"end":{"line":1199,"column":null}},"552":{"start":{"line":1200,"column":6},"end":{"line":1200,"column":null}},"553":{"start":{"line":1200,"column":16},"end":{"line":1200,"column":null}},"554":{"start":{"line":1201,"column":6},"end":{"line":1221,"column":null}},"555":{"start":{"line":1206,"column":8},"end":{"line":1219,"column":null}},"556":{"start":{"line":1207,"column":10},"end":{"line":1217,"column":null}},"557":{"start":{"line":1220,"column":8},"end":{"line":1220,"column":null}},"558":{"start":{"line":1222,"column":6},"end":{"line":1250,"column":null}},"559":{"start":{"line":1223,"column":30},"end":{"line":1223,"column":null}},"560":{"start":{"line":1225,"column":29},"end":{"line":1225,"column":null}},"561":{"start":{"line":1226,"column":26},"end":{"line":1226,"column":null}},"562":{"start":{"line":1227,"column":27},"end":{"line":1227,"column":null}},"563":{"start":{"line":1229,"column":25},"end":{"line":1229,"column":null}},"564":{"start":{"line":1230,"column":8},"end":{"line":1235,"column":null}},"565":{"start":{"line":1231,"column":10},"end":{"line":1231,"column":null}},"566":{"start":{"line":1234,"column":10},"end":{"line":1234,"column":null}},"567":{"start":{"line":1240,"column":34},"end":{"line":1240,"column":null}},"568":{"start":{"line":1241,"column":29},"end":{"line":1241,"column":null}},"569":{"start":{"line":1243,"column":8},"end":{"line":1248,"column":null}},"570":{"start":{"line":1244,"column":10},"end":{"line":1244,"column":null}},"571":{"start":{"line":1244,"column":29},"end":{"line":1244,"column":null}},"572":{"start":{"line":1245,"column":10},"end":{"line":1247,"column":null}},"573":{"start":{"line":1246,"column":32},"end":{"line":1246,"column":57}},"574":{"start":{"line":1247,"column":33},"end":{"line":1247,"column":67}},"575":{"start":{"line":1249,"column":8},"end":{"line":1249,"column":null}},"576":{"start":{"line":1251,"column":6},"end":{"line":1251,"column":null}},"577":{"start":{"line":1255,"column":8},"end":{"line":1268,"column":null}},"578":{"start":{"line":1256,"column":4},"end":{"line":1267,"column":null}},"579":{"start":{"line":1272,"column":2},"end":{"line":1288,"column":null}},"580":{"start":{"line":1273,"column":4},"end":{"line":1286,"column":null}},"581":{"start":{"line":1290,"column":2},"end":{"line":1524,"column":null}},"582":{"start":{"line":1316,"column":27},"end":{"line":1316,"column":null}},"583":{"start":{"line":1374,"column":27},"end":{"line":1374,"column":null}},"584":{"start":{"line":1414,"column":53},"end":{"line":1414,"column":72}},"585":{"start":{"line":1420,"column":46},"end":{"line":1423,"column":18}},"586":{"start":{"line":1422,"column":33},"end":{"line":1422,"column":null}},"587":{"start":{"line":1432,"column":33},"end":{"line":1432,"column":75}},"588":{"start":{"line":1436,"column":33},"end":{"line":1436,"column":70}},"589":{"start":{"line":1444,"column":33},"end":{"line":1444,"column":70}},"590":{"start":{"line":1448,"column":40},"end":{"line":1448,"column":65}}},"fnMap":{"0":{"name":"(anonymous_0)","decl":{"start":{"line":57,"column":29},"end":{"line":57,"column":35}},"loc":{"start":{"line":57,"column":35},"end":{"line":68,"column":null}},"line":57},"1":{"name":"(anonymous_1)","decl":{"start":{"line":57,"column":35},"end":{"line":57,"column":36}},"loc":{"start":{"line":57,"column":50},"end":{"line":68,"column":null}},"line":57},"2":{"name":"(anonymous_2)","decl":{"start":{"line":58,"column":15},"end":{"line":58,"column":16}},"loc":{"start":{"line":58,"column":30},"end":{"line":66,"column":null}},"line":58},"3":{"name":"(anonymous_3)","decl":{"start":{"line":84,"column":15},"end":{"line":84,"column":16}},"loc":{"start":{"line":84,"column":33},"end":{"line":84,"column":null}},"line":84},"4":{"name":"(anonymous_4)","decl":{"start":{"line":85,"column":19},"end":{"line":85,"column":20}},"loc":{"start":{"line":85,"column":36},"end":{"line":85,"column":null}},"line":85},"5":{"name":"App","decl":{"start":{"line":90,"column":9},"end":{"line":90,"column":15}},"loc":{"start":{"line":90,"column":15},"end":{"line":1526,"column":null}},"line":90},"6":{"name":"(anonymous_6)","decl":{"start":{"line":95,"column":12},"end":{"line":95,"column":18}},"loc":{"start":{"line":95,"column":18},"end":{"line":98,"column":5}},"line":95},"7":{"name":"(anonymous_7)","decl":{"start":{"line":101,"column":12},"end":{"line":101,"column":18}},"loc":{"start":{"line":101,"column":18},"end":{"line":103,"column":5}},"line":101},"8":{"name":"(anonymous_8)","decl":{"start":{"line":102,"column":19},"end":{"line":102,"column":26}},"loc":{"start":{"line":102,"column":26},"end":{"line":102,"column":41}},"line":102},"9":{"name":"(anonymous_9)","decl":{"start":{"line":102,"column":49},"end":{"line":102,"column":55}},"loc":{"start":{"line":102,"column":55},"end":{"line":102,"column":57}},"line":102},"10":{"name":"(anonymous_10)","decl":{"start":{"line":109,"column":12},"end":{"line":109,"column":18}},"loc":{"start":{"line":109,"column":18},"end":{"line":124,"column":5}},"line":109},"11":{"name":"(anonymous_11)","decl":{"start":{"line":110,"column":22},"end":{"line":110,"column":23}},"loc":{"start":{"line":110,"column":44},"end":{"line":114,"column":null}},"line":110},"12":{"name":"(anonymous_12)","decl":{"start":{"line":115,"column":26},"end":{"line":115,"column":27}},"loc":{"start":{"line":115,"column":45},"end":{"line":117,"column":null}},"line":115},"13":{"name":"(anonymous_13)","decl":{"start":{"line":120,"column":11},"end":{"line":120,"column":17}},"loc":{"start":{"line":120,"column":17},"end":{"line":123,"column":null}},"line":120},"14":{"name":"(anonymous_14)","decl":{"start":{"line":188,"column":41},"end":{"line":188,"column":42}},"loc":{"start":{"line":188,"column":62},"end":{"line":190,"column":5}},"line":188},"15":{"name":"(anonymous_15)","decl":{"start":{"line":207,"column":33},"end":{"line":207,"column":34}},"loc":{"start":{"line":207,"column":58},"end":{"line":238,"column":null}},"line":207},"16":{"name":"(anonymous_16)","decl":{"start":{"line":218,"column":24},"end":{"line":218,"column":25}},"loc":{"start":{"line":218,"column":44},"end":{"line":226,"column":null}},"line":218},"17":{"name":"(anonymous_17)","decl":{"start":{"line":220,"column":36},"end":{"line":220,"column":42}},"loc":{"start":{"line":220,"column":42},"end":{"line":225,"column":7}},"line":220},"18":{"name":"(anonymous_18)","decl":{"start":{"line":227,"column":22},"end":{"line":227,"column":28}},"loc":{"start":{"line":227,"column":28},"end":{"line":233,"column":null}},"line":227},"19":{"name":"(anonymous_19)","decl":{"start":{"line":247,"column":53},"end":{"line":247,"column":59}},"loc":{"start":{"line":247,"column":59},"end":{"line":251,"column":3}},"line":247},"20":{"name":"(anonymous_20)","decl":{"start":{"line":253,"column":45},"end":{"line":253,"column":51}},"loc":{"start":{"line":253,"column":51},"end":{"line":259,"column":5}},"line":253},"21":{"name":"(anonymous_21)","decl":{"start":{"line":254,"column":16},"end":{"line":254,"column":24}},"loc":{"start":{"line":254,"column":24},"end":{"line":258,"column":5}},"line":254},"22":{"name":"(anonymous_22)","decl":{"start":{"line":261,"column":45},"end":{"line":261,"column":51}},"loc":{"start":{"line":261,"column":51},"end":{"line":267,"column":5}},"line":261},"23":{"name":"(anonymous_23)","decl":{"start":{"line":262,"column":16},"end":{"line":262,"column":24}},"loc":{"start":{"line":262,"column":24},"end":{"line":266,"column":5}},"line":262},"24":{"name":"(anonymous_24)","decl":{"start":{"line":270,"column":12},"end":{"line":270,"column":18}},"loc":{"start":{"line":270,"column":18},"end":{"line":279,"column":5}},"line":270},"25":{"name":"(anonymous_25)","decl":{"start":{"line":282,"column":19},"end":{"line":282,"column":20}},"loc":{"start":{"line":282,"column":37},"end":{"line":297,"column":null}},"line":282},"26":{"name":"(anonymous_26)","decl":{"start":{"line":284,"column":15},"end":{"line":284,"column":23}},"loc":{"start":{"line":284,"column":23},"end":{"line":296,"column":5}},"line":284},"27":{"name":"(anonymous_27)","decl":{"start":{"line":286,"column":34},"end":{"line":286,"column":39}},"loc":{"start":{"line":286,"column":39},"end":{"line":286,"column":49}},"line":286},"28":{"name":"(anonymous_28)","decl":{"start":{"line":300,"column":12},"end":{"line":300,"column":18}},"loc":{"start":{"line":300,"column":18},"end":{"line":314,"column":5}},"line":300},"29":{"name":"(anonymous_29)","decl":{"start":{"line":321,"column":23},"end":{"line":321,"column":35}},"loc":{"start":{"line":321,"column":35},"end":{"line":346,"column":null}},"line":321},"30":{"name":"(anonymous_30)","decl":{"start":{"line":352,"column":12},"end":{"line":352,"column":18}},"loc":{"start":{"line":352,"column":18},"end":{"line":391,"column":5}},"line":352},"31":{"name":"(anonymous_31)","decl":{"start":{"line":353,"column":24},"end":{"line":353,"column":36}},"loc":{"start":{"line":353,"column":36},"end":{"line":363,"column":null}},"line":353},"32":{"name":"(anonymous_32)","decl":{"start":{"line":369,"column":27},"end":{"line":369,"column":39}},"loc":{"start":{"line":369,"column":39},"end":{"line":389,"column":null}},"line":369},"33":{"name":"(anonymous_33)","decl":{"start":{"line":375,"column":65},"end":{"line":375,"column":71}},"loc":{"start":{"line":375,"column":71},"end":{"line":379,"column":7}},"line":375},"34":{"name":"(anonymous_34)","decl":{"start":{"line":380,"column":65},"end":{"line":380,"column":71}},"loc":{"start":{"line":380,"column":71},"end":{"line":383,"column":7}},"line":380},"35":{"name":"(anonymous_35)","decl":{"start":{"line":385,"column":13},"end":{"line":385,"column":19}},"loc":{"start":{"line":385,"column":19},"end":{"line":388,"column":null}},"line":385},"36":{"name":"(anonymous_36)","decl":{"start":{"line":396,"column":25},"end":{"line":396,"column":32}},"loc":{"start":{"line":396,"column":72},"end":{"line":424,"column":null}},"line":396},"37":{"name":"(anonymous_37)","decl":{"start":{"line":430,"column":12},"end":{"line":430,"column":18}},"loc":{"start":{"line":430,"column":18},"end":{"line":432,"column":5}},"line":430},"38":{"name":"(anonymous_38)","decl":{"start":{"line":440,"column":12},"end":{"line":440,"column":18}},"loc":{"start":{"line":440,"column":18},"end":{"line":445,"column":5}},"line":440},"39":{"name":"(anonymous_39)","decl":{"start":{"line":452,"column":22},"end":{"line":452,"column":28}},"loc":{"start":{"line":452,"column":28},"end":{"line":455,"column":null}},"line":452},"40":{"name":"(anonymous_40)","decl":{"start":{"line":454,"column":13},"end":{"line":454,"column":21}},"loc":{"start":{"line":454,"column":21},"end":{"line":454,"column":55}},"line":454},"41":{"name":"(anonymous_41)","decl":{"start":{"line":463,"column":19},"end":{"line":463,"column":26}},"loc":{"start":{"line":463,"column":57},"end":{"line":484,"column":null}},"line":463},"42":{"name":"(anonymous_42)","decl":{"start":{"line":490,"column":12},"end":{"line":490,"column":18}},"loc":{"start":{"line":490,"column":18},"end":{"line":506,"column":5}},"line":490},"43":{"name":"(anonymous_43)","decl":{"start":{"line":497,"column":46},"end":{"line":497,"column":52}},"loc":{"start":{"line":497,"column":52},"end":{"line":501,"column":7}},"line":497},"44":{"name":"(anonymous_44)","decl":{"start":{"line":503,"column":11},"end":{"line":503,"column":17}},"loc":{"start":{"line":503,"column":17},"end":{"line":505,"column":null}},"line":503},"45":{"name":"(anonymous_45)","decl":{"start":{"line":513,"column":12},"end":{"line":513,"column":18}},"loc":{"start":{"line":513,"column":18},"end":{"line":521,"column":5}},"line":513},"46":{"name":"(anonymous_46)","decl":{"start":{"line":514,"column":23},"end":{"line":514,"column":29}},"loc":{"start":{"line":514,"column":29},"end":{"line":518,"column":null}},"line":514},"47":{"name":"(anonymous_47)","decl":{"start":{"line":520,"column":11},"end":{"line":520,"column":17}},"loc":{"start":{"line":520,"column":17},"end":{"line":520,"column":null}},"line":520},"48":{"name":"(anonymous_48)","decl":{"start":{"line":528,"column":12},"end":{"line":528,"column":18}},"loc":{"start":{"line":528,"column":18},"end":{"line":560,"column":5}},"line":528},"49":{"name":"(anonymous_49)","decl":{"start":{"line":529,"column":44},"end":{"line":529,"column":51}},"loc":{"start":{"line":529,"column":61},"end":{"line":555,"column":5}},"line":529},"50":{"name":"(anonymous_50)","decl":{"start":{"line":557,"column":11},"end":{"line":557,"column":17}},"loc":{"start":{"line":557,"column":17},"end":{"line":559,"column":null}},"line":557},"51":{"name":"(anonymous_51)","decl":{"start":{"line":558,"column":20},"end":{"line":558,"column":25}},"loc":{"start":{"line":558,"column":25},"end":{"line":558,"column":28}},"line":558},"52":{"name":"(anonymous_52)","decl":{"start":{"line":568,"column":21},"end":{"line":568,"column":28}},"loc":{"start":{"line":568,"column":58},"end":{"line":605,"column":null}},"line":568},"53":{"name":"(anonymous_53)","decl":{"start":{"line":613,"column":27},"end":{"line":613,"column":34}},"loc":{"start":{"line":613,"column":57},"end":{"line":633,"column":null}},"line":613},"54":{"name":"(anonymous_54)","decl":{"start":{"line":638,"column":24},"end":{"line":638,"column":70}},"loc":{"start":{"line":638,"column":70},"end":{"line":658,"column":null}},"line":638},"55":{"name":"(anonymous_55)","decl":{"start":{"line":664,"column":32},"end":{"line":664,"column":44}},"loc":{"start":{"line":664,"column":44},"end":{"line":677,"column":null}},"line":664},"56":{"name":"(anonymous_56)","decl":{"start":{"line":683,"column":30},"end":{"line":683,"column":42}},"loc":{"start":{"line":683,"column":42},"end":{"line":694,"column":null}},"line":683},"57":{"name":"(anonymous_57)","decl":{"start":{"line":703,"column":21},"end":{"line":703,"column":33}},"loc":{"start":{"line":703,"column":33},"end":{"line":716,"column":null}},"line":703},"58":{"name":"(anonymous_58)","decl":{"start":{"line":722,"column":23},"end":{"line":722,"column":30}},"loc":{"start":{"line":722,"column":47},"end":{"line":769,"column":null}},"line":722},"59":{"name":"(anonymous_59)","decl":{"start":{"line":777,"column":12},"end":{"line":777,"column":18}},"loc":{"start":{"line":777,"column":18},"end":{"line":841,"column":5}},"line":777},"60":{"name":"(anonymous_60)","decl":{"start":{"line":778,"column":24},"end":{"line":778,"column":36}},"loc":{"start":{"line":778,"column":36},"end":{"line":839,"column":null}},"line":778},"61":{"name":"(anonymous_61)","decl":{"start":{"line":848,"column":26},"end":{"line":848,"column":38}},"loc":{"start":{"line":848,"column":38},"end":{"line":856,"column":null}},"line":848},"62":{"name":"(anonymous_62)","decl":{"start":{"line":862,"column":32},"end":{"line":862,"column":44}},"loc":{"start":{"line":862,"column":44},"end":{"line":876,"column":null}},"line":862},"63":{"name":"(anonymous_63)","decl":{"start":{"line":883,"column":29},"end":{"line":883,"column":41}},"loc":{"start":{"line":883,"column":41},"end":{"line":911,"column":null}},"line":883},"64":{"name":"(anonymous_64)","decl":{"start":{"line":921,"column":12},"end":{"line":921,"column":18}},"loc":{"start":{"line":921,"column":18},"end":{"line":1010,"column":5}},"line":921},"65":{"name":"(anonymous_65)","decl":{"start":{"line":922,"column":26},"end":{"line":922,"column":27}},"loc":{"start":{"line":922,"column":48},"end":{"line":949,"column":null}},"line":922},"66":{"name":"(anonymous_66)","decl":{"start":{"line":958,"column":24},"end":{"line":958,"column":25}},"loc":{"start":{"line":958,"column":43},"end":{"line":967,"column":null}},"line":958},"67":{"name":"(anonymous_67)","decl":{"start":{"line":970,"column":30},"end":{"line":970,"column":36}},"loc":{"start":{"line":970,"column":36},"end":{"line":992,"column":null}},"line":970},"68":{"name":"(anonymous_68)","decl":{"start":{"line":994,"column":29},"end":{"line":994,"column":35}},"loc":{"start":{"line":994,"column":35},"end":{"line":999,"column":null}},"line":994},"69":{"name":"(anonymous_69)","decl":{"start":{"line":1004,"column":11},"end":{"line":1004,"column":17}},"loc":{"start":{"line":1004,"column":17},"end":{"line":1009,"column":null}},"line":1004},"70":{"name":"(anonymous_70)","decl":{"start":{"line":1015,"column":12},"end":{"line":1015,"column":18}},"loc":{"start":{"line":1015,"column":18},"end":{"line":1100,"column":5}},"line":1015},"71":{"name":"(anonymous_71)","decl":{"start":{"line":1025,"column":25},"end":{"line":1025,"column":56}},"loc":{"start":{"line":1025,"column":56},"end":{"line":1037,"column":null}},"line":1025},"72":{"name":"(anonymous_72)","decl":{"start":{"line":1029,"column":23},"end":{"line":1029,"column":29}},"loc":{"start":{"line":1029,"column":29},"end":{"line":1035,"column":7}},"line":1029},"73":{"name":"(anonymous_73)","decl":{"start":{"line":1036,"column":22},"end":{"line":1036,"column":23}},"loc":{"start":{"line":1036,"column":32},"end":{"line":1036,"column":58}},"line":1036},"74":{"name":"(anonymous_74)","decl":{"start":{"line":1039,"column":26},"end":{"line":1039,"column":27}},"loc":{"start":{"line":1039,"column":82},"end":{"line":1054,"column":null}},"line":1039},"75":{"name":"(anonymous_75)","decl":{"start":{"line":1056,"column":26},"end":{"line":1056,"column":27}},"loc":{"start":{"line":1056,"column":81},"end":{"line":1069,"column":null}},"line":1056},"76":{"name":"(anonymous_76)","decl":{"start":{"line":1071,"column":27},"end":{"line":1071,"column":33}},"loc":{"start":{"line":1071,"column":33},"end":{"line":1081,"column":null}},"line":1071},"77":{"name":"(anonymous_77)","decl":{"start":{"line":1080,"column":28},"end":{"line":1080,"column":34}},"loc":{"start":{"line":1080,"column":34},"end":{"line":1080,"column":56}},"line":1080},"78":{"name":"(anonymous_78)","decl":{"start":{"line":1083,"column":28},"end":{"line":1083,"column":34}},"loc":{"start":{"line":1083,"column":34},"end":{"line":1091,"column":null}},"line":1083},"79":{"name":"(anonymous_79)","decl":{"start":{"line":1090,"column":28},"end":{"line":1090,"column":34}},"loc":{"start":{"line":1090,"column":34},"end":{"line":1090,"column":56}},"line":1090},"80":{"name":"(anonymous_80)","decl":{"start":{"line":1096,"column":11},"end":{"line":1096,"column":17}},"loc":{"start":{"line":1096,"column":17},"end":{"line":1099,"column":null}},"line":1096},"81":{"name":"(anonymous_81)","decl":{"start":{"line":1127,"column":48},"end":{"line":1127,"column":55}},"loc":{"start":{"line":1127,"column":55},"end":{"line":1253,"column":6}},"line":1127},"82":{"name":"(anonymous_82)","decl":{"start":{"line":1128,"column":4},"end":{"line":1128,"column":6}},"loc":{"start":{"line":1128,"column":13},"end":{"line":1144,"column":null}},"line":1128},"83":{"name":"(anonymous_83)","decl":{"start":{"line":1133,"column":19},"end":{"line":1133,"column":20}},"loc":{"start":{"line":1133,"column":26},"end":{"line":1138,"column":null}},"line":1133},"84":{"name":"(anonymous_84)","decl":{"start":{"line":1136,"column":34},"end":{"line":1136,"column":41}},"loc":{"start":{"line":1136,"column":41},"end":{"line":1136,"column":93}},"line":1136},"85":{"name":"(anonymous_85)","decl":{"start":{"line":1145,"column":4},"end":{"line":1145,"column":9}},"loc":{"start":{"line":1145,"column":16},"end":{"line":1156,"column":null}},"line":1145},"86":{"name":"(anonymous_86)","decl":{"start":{"line":1161,"column":4},"end":{"line":1161,"column":10}},"loc":{"start":{"line":1161,"column":17},"end":{"line":1197,"column":null}},"line":1161},"87":{"name":"(anonymous_87)","decl":{"start":{"line":1175,"column":22},"end":{"line":1175,"column":23}},"loc":{"start":{"line":1175,"column":29},"end":{"line":1191,"column":null}},"line":1175},"88":{"name":"(anonymous_88)","decl":{"start":{"line":1198,"column":4},"end":{"line":1198,"column":8}},"loc":{"start":{"line":1198,"column":15},"end":{"line":1252,"column":null}},"line":1198},"89":{"name":"(anonymous_89)","decl":{"start":{"line":1243,"column":18},"end":{"line":1243,"column":24}},"loc":{"start":{"line":1243,"column":24},"end":{"line":1248,"column":11}},"line":1243},"90":{"name":"(anonymous_90)","decl":{"start":{"line":1246,"column":18},"end":{"line":1246,"column":19}},"loc":{"start":{"line":1246,"column":32},"end":{"line":1246,"column":57}},"line":1246},"91":{"name":"(anonymous_91)","decl":{"start":{"line":1247,"column":19},"end":{"line":1247,"column":20}},"loc":{"start":{"line":1247,"column":33},"end":{"line":1247,"column":67}},"line":1247},"92":{"name":"(anonymous_92)","decl":{"start":{"line":1255,"column":34},"end":{"line":1255,"column":null}},"loc":{"start":{"line":1256,"column":4},"end":{"line":1267,"column":null}},"line":1256},"93":{"name":"(anonymous_93)","decl":{"start":{"line":1316,"column":21},"end":{"line":1316,"column":27}},"loc":{"start":{"line":1316,"column":27},"end":{"line":1316,"column":null}},"line":1316},"94":{"name":"(anonymous_94)","decl":{"start":{"line":1374,"column":22},"end":{"line":1374,"column":27}},"loc":{"start":{"line":1374,"column":27},"end":{"line":1374,"column":null}},"line":1374},"95":{"name":"(anonymous_95)","decl":{"start":{"line":1414,"column":47},"end":{"line":1414,"column":53}},"loc":{"start":{"line":1414,"column":53},"end":{"line":1414,"column":72}},"line":1414},"96":{"name":"(anonymous_96)","decl":{"start":{"line":1420,"column":37},"end":{"line":1420,"column":46}},"loc":{"start":{"line":1420,"column":46},"end":{"line":1423,"column":18}},"line":1420},"97":{"name":"(anonymous_97)","decl":{"start":{"line":1422,"column":27},"end":{"line":1422,"column":33}},"loc":{"start":{"line":1422,"column":33},"end":{"line":1422,"column":null}},"line":1422},"98":{"name":"(anonymous_98)","decl":{"start":{"line":1432,"column":25},"end":{"line":1432,"column":31}},"loc":{"start":{"line":1432,"column":31},"end":{"line":1432,"column":null}},"line":1432},"99":{"name":"(anonymous_99)","decl":{"start":{"line":1436,"column":25},"end":{"line":1436,"column":31}},"loc":{"start":{"line":1436,"column":31},"end":{"line":1436,"column":null}},"line":1436},"100":{"name":"(anonymous_100)","decl":{"start":{"line":1444,"column":25},"end":{"line":1444,"column":31}},"loc":{"start":{"line":1444,"column":31},"end":{"line":1444,"column":null}},"line":1444},"101":{"name":"(anonymous_101)","decl":{"start":{"line":1448,"column":40},"end":{"line":1448,"column":46}},"loc":{"start":{"line":1448,"column":40},"end":{"line":1448,"column":65}},"line":1448}},"branchMap":{"0":{"loc":{"start":{"line":53,"column":17},"end":{"line":53,"column":null}},"type":"binary-expr","locations":[{"start":{"line":53,"column":17},"end":{"line":53,"column":44}},{"start":{"line":53,"column":44},"end":{"line":53,"column":null}}],"line":53},"1":{"loc":{"start":{"line":59,"column":4},"end":{"line":62,"column":null}},"type":"if","locations":[{"start":{"line":59,"column":4},"end":{"line":62,"column":null}},{"start":{},"end":{}}],"line":59},"2":{"loc":{"start":{"line":59,"column":8},"end":{"line":59,"column":71}},"type":"binary-expr","locations":[{"start":{"line":59,"column":8},"end":{"line":59,"column":35}},{"start":{"line":59,"column":35},"end":{"line":59,"column":71}}],"line":59},"3":{"loc":{"start":{"line":60,"column":24},"end":{"line":60,"column":null}},"type":"binary-expr","locations":[{"start":{"line":60,"column":24},"end":{"line":60,"column":43}},{"start":{"line":60,"column":43},"end":{"line":60,"column":null}}],"line":60},"4":{"loc":{"start":{"line":63,"column":4},"end":{"line":65,"column":null}},"type":"if","locations":[{"start":{"line":63,"column":4},"end":{"line":65,"column":null}},{"start":{},"end":{}}],"line":63},"5":{"loc":{"start":{"line":85,"column":36},"end":{"line":85,"column":null}},"type":"binary-expr","locations":[{"start":{"line":85,"column":36},"end":{"line":85,"column":59}},{"start":{"line":85,"column":59},"end":{"line":85,"column":null}}],"line":85},"6":{"loc":{"start":{"line":111,"column":6},"end":{"line":113,"column":null}},"type":"if","locations":[{"start":{"line":111,"column":6},"end":{"line":113,"column":null}},{"start":{},"end":{}}],"line":111},"7":{"loc":{"start":{"line":111,"column":10},"end":{"line":111,"column":73}},"type":"binary-expr","locations":[{"start":{"line":111,"column":10},"end":{"line":111,"column":30}},{"start":{"line":111,"column":30},"end":{"line":111,"column":43}},{"start":{"line":111,"column":43},"end":{"line":111,"column":57}},{"start":{"line":111,"column":57},"end":{"line":111,"column":73}}],"line":111},"8":{"loc":{"start":{"line":140,"column":21},"end":{"line":140,"column":null}},"type":"cond-expr","locations":[{"start":{"line":140,"column":42},"end":{"line":140,"column":66}},{"start":{"line":140,"column":66},"end":{"line":140,"column":null}}],"line":140},"9":{"loc":{"start":{"line":143,"column":11},"end":{"line":143,"column":null}},"type":"cond-expr","locations":[{"start":{"line":143,"column":32},"end":{"line":143,"column":44}},{"start":{"line":143,"column":44},"end":{"line":143,"column":null}}],"line":143},"10":{"loc":{"start":{"line":210,"column":4},"end":{"line":210,"column":null}},"type":"if","locations":[{"start":{"line":210,"column":4},"end":{"line":210,"column":null}},{"start":{},"end":{}}],"line":210},"11":{"loc":{"start":{"line":213,"column":21},"end":{"line":213,"column":null}},"type":"cond-expr","locations":[{"start":{"line":213,"column":32},"end":{"line":213,"column":44}},{"start":{"line":213,"column":44},"end":{"line":213,"column":null}}],"line":213},"12":{"loc":{"start":{"line":214,"column":26},"end":{"line":214,"column":null}},"type":"cond-expr","locations":[{"start":{"line":214,"column":37},"end":{"line":214,"column":51}},{"start":{"line":214,"column":51},"end":{"line":214,"column":null}}],"line":214},"13":{"loc":{"start":{"line":219,"column":6},"end":{"line":219,"column":null}},"type":"if","locations":[{"start":{"line":219,"column":6},"end":{"line":219,"column":null}},{"start":{},"end":{}}],"line":219},"14":{"loc":{"start":{"line":221,"column":23},"end":{"line":221,"column":61}},"type":"cond-expr","locations":[{"start":{"line":221,"column":34},"end":{"line":221,"column":47}},{"start":{"line":221,"column":47},"end":{"line":221,"column":61}}],"line":221},"15":{"loc":{"start":{"line":228,"column":6},"end":{"line":228,"column":null}},"type":"if","locations":[{"start":{"line":228,"column":6},"end":{"line":228,"column":null}},{"start":{},"end":{}}],"line":228},"16":{"loc":{"start":{"line":234,"column":33},"end":{"line":234,"column":null}},"type":"cond-expr","locations":[{"start":{"line":234,"column":44},"end":{"line":234,"column":59}},{"start":{"line":234,"column":59},"end":{"line":234,"column":null}}],"line":234},"17":{"loc":{"start":{"line":249,"column":19},"end":{"line":249,"column":null}},"type":"cond-expr","locations":[{"start":{"line":249,"column":27},"end":{"line":249,"column":49}},{"start":{"line":249,"column":49},"end":{"line":249,"column":null}}],"line":249},"18":{"loc":{"start":{"line":250,"column":11},"end":{"line":250,"column":null}},"type":"cond-expr","locations":[{"start":{"line":250,"column":27},"end":{"line":250,"column":33}},{"start":{"line":250,"column":33},"end":{"line":250,"column":null}}],"line":250},"19":{"loc":{"start":{"line":272,"column":4},"end":{"line":278,"column":null}},"type":"if","locations":[{"start":{"line":272,"column":4},"end":{"line":278,"column":null}},{"start":{},"end":{}}],"line":272},"20":{"loc":{"start":{"line":283,"column":4},"end":{"line":283,"column":null}},"type":"if","locations":[{"start":{"line":283,"column":4},"end":{"line":283,"column":null}},{"start":{},"end":{}}],"line":283},"21":{"loc":{"start":{"line":290,"column":6},"end":{"line":292,"column":null}},"type":"if","locations":[{"start":{"line":290,"column":6},"end":{"line":292,"column":null}},{"start":{},"end":{}}],"line":290},"22":{"loc":{"start":{"line":303,"column":4},"end":{"line":307,"column":null}},"type":"if","locations":[{"start":{"line":303,"column":4},"end":{"line":307,"column":null}},{"start":{},"end":{}}],"line":303},"23":{"loc":{"start":{"line":309,"column":4},"end":{"line":313,"column":null}},"type":"if","locations":[{"start":{"line":309,"column":4},"end":{"line":313,"column":null}},{"start":{"line":311,"column":11},"end":{"line":313,"column":null}}],"line":309},"24":{"loc":{"start":{"line":325,"column":6},"end":{"line":328,"column":null}},"type":"if","locations":[{"start":{"line":325,"column":6},"end":{"line":328,"column":null}},{"start":{},"end":{}}],"line":325},"25":{"loc":{"start":{"line":332,"column":6},"end":{"line":336,"column":null}},"type":"if","locations":[{"start":{"line":332,"column":6},"end":{"line":336,"column":null}},{"start":{"line":334,"column":13},"end":{"line":336,"column":null}}],"line":332},"26":{"loc":{"start":{"line":332,"column":10},"end":{"line":332,"column":89}},"type":"binary-expr","locations":[{"start":{"line":332,"column":10},"end":{"line":332,"column":50}},{"start":{"line":332,"column":50},"end":{"line":332,"column":89}}],"line":332},"27":{"loc":{"start":{"line":339,"column":24},"end":{"line":339,"column":53}},"type":"binary-expr","locations":[{"start":{"line":339,"column":24},"end":{"line":339,"column":51}},{"start":{"line":339,"column":51},"end":{"line":339,"column":53}}],"line":339},"28":{"loc":{"start":{"line":359,"column":6},"end":{"line":362,"column":null}},"type":"if","locations":[{"start":{"line":359,"column":6},"end":{"line":362,"column":null}},{"start":{},"end":{}}],"line":359},"29":{"loc":{"start":{"line":376,"column":8},"end":{"line":378,"column":null}},"type":"if","locations":[{"start":{"line":376,"column":8},"end":{"line":378,"column":null}},{"start":{},"end":{}}],"line":376},"30":{"loc":{"start":{"line":398,"column":4},"end":{"line":400,"column":null}},"type":"if","locations":[{"start":{"line":398,"column":4},"end":{"line":400,"column":null}},{"start":{},"end":{}}],"line":398},"31":{"loc":{"start":{"line":404,"column":4},"end":{"line":407,"column":null}},"type":"if","locations":[{"start":{"line":404,"column":4},"end":{"line":407,"column":null}},{"start":{},"end":{}}],"line":404},"32":{"loc":{"start":{"line":409,"column":4},"end":{"line":411,"column":null}},"type":"if","locations":[{"start":{"line":409,"column":4},"end":{"line":411,"column":null}},{"start":{},"end":{}}],"line":409},"33":{"loc":{"start":{"line":414,"column":4},"end":{"line":416,"column":null}},"type":"if","locations":[{"start":{"line":414,"column":4},"end":{"line":416,"column":null}},{"start":{},"end":{}}],"line":414},"34":{"loc":{"start":{"line":442,"column":4},"end":{"line":444,"column":null}},"type":"if","locations":[{"start":{"line":442,"column":4},"end":{"line":444,"column":null}},{"start":{},"end":{}}],"line":442},"35":{"loc":{"start":{"line":454,"column":21},"end":{"line":454,"column":55}},"type":"cond-expr","locations":[{"start":{"line":454,"column":39},"end":{"line":454,"column":49}},{"start":{"line":454,"column":49},"end":{"line":454,"column":55}}],"line":454},"36":{"loc":{"start":{"line":469,"column":6},"end":{"line":471,"column":null}},"type":"if","locations":[{"start":{"line":469,"column":6},"end":{"line":471,"column":null}},{"start":{},"end":{}}],"line":469},"37":{"loc":{"start":{"line":475,"column":6},"end":{"line":479,"column":null}},"type":"if","locations":[{"start":{"line":475,"column":6},"end":{"line":479,"column":null}},{"start":{},"end":{}}],"line":475},"38":{"loc":{"start":{"line":491,"column":4},"end":{"line":491,"column":null}},"type":"if","locations":[{"start":{"line":491,"column":4},"end":{"line":491,"column":null}},{"start":{},"end":{}}],"line":491},"39":{"loc":{"start":{"line":491,"column":8},"end":{"line":491,"column":42}},"type":"binary-expr","locations":[{"start":{"line":491,"column":8},"end":{"line":491,"column":30}},{"start":{"line":491,"column":30},"end":{"line":491,"column":42}}],"line":491},"40":{"loc":{"start":{"line":493,"column":4},"end":{"line":495,"column":null}},"type":"if","locations":[{"start":{"line":493,"column":4},"end":{"line":495,"column":null}},{"start":{},"end":{}}],"line":493},"41":{"loc":{"start":{"line":498,"column":6},"end":{"line":500,"column":null}},"type":"if","locations":[{"start":{"line":498,"column":6},"end":{"line":500,"column":null}},{"start":{},"end":{}}],"line":498},"42":{"loc":{"start":{"line":504,"column":6},"end":{"line":504,"column":null}},"type":"if","locations":[{"start":{"line":504,"column":6},"end":{"line":504,"column":null}},{"start":{},"end":{}}],"line":504},"43":{"loc":{"start":{"line":515,"column":6},"end":{"line":517,"column":null}},"type":"if","locations":[{"start":{"line":515,"column":6},"end":{"line":517,"column":null}},{"start":{},"end":{}}],"line":515},"44":{"loc":{"start":{"line":515,"column":10},"end":{"line":515,"column":77}},"type":"binary-expr","locations":[{"start":{"line":515,"column":10},"end":{"line":515,"column":24}},{"start":{"line":515,"column":24},"end":{"line":515,"column":45}},{"start":{"line":515,"column":45},"end":{"line":515,"column":58}},{"start":{"line":515,"column":58},"end":{"line":515,"column":77}}],"line":515},"45":{"loc":{"start":{"line":532,"column":6},"end":{"line":554,"column":null}},"type":"if","locations":[{"start":{"line":532,"column":6},"end":{"line":554,"column":null}},{"start":{},"end":{}}],"line":532},"46":{"loc":{"start":{"line":533,"column":8},"end":{"line":552,"column":null}},"type":"if","locations":[{"start":{"line":533,"column":8},"end":{"line":552,"column":null}},{"start":{"line":549,"column":15},"end":{"line":552,"column":null}}],"line":533},"47":{"loc":{"start":{"line":544,"column":12},"end":{"line":546,"column":null}},"type":"if","locations":[{"start":{"line":544,"column":12},"end":{"line":546,"column":null}},{"start":{},"end":{}}],"line":544},"48":{"loc":{"start":{"line":568,"column":28},"end":{"line":568,"column":58}},"type":"default-arg","locations":[{"start":{"line":568,"column":49},"end":{"line":568,"column":58}}],"line":568},"49":{"loc":{"start":{"line":572,"column":4},"end":{"line":572,"column":null}},"type":"if","locations":[{"start":{"line":572,"column":4},"end":{"line":572,"column":null}},{"start":{},"end":{}}],"line":572},"50":{"loc":{"start":{"line":574,"column":4},"end":{"line":604,"column":null}},"type":"if","locations":[{"start":{"line":574,"column":4},"end":{"line":604,"column":null}},{"start":{"line":577,"column":11},"end":{"line":604,"column":null}}],"line":574},"51":{"loc":{"start":{"line":574,"column":8},"end":{"line":574,"column":40}},"type":"binary-expr","locations":[{"start":{"line":574,"column":8},"end":{"line":574,"column":21}},{"start":{"line":574,"column":21},"end":{"line":574,"column":40}}],"line":574},"52":{"loc":{"start":{"line":582,"column":6},"end":{"line":585,"column":null}},"type":"if","locations":[{"start":{"line":582,"column":6},"end":{"line":585,"column":null}},{"start":{},"end":{}}],"line":582},"53":{"loc":{"start":{"line":582,"column":10},"end":{"line":582,"column":56}},"type":"binary-expr","locations":[{"start":{"line":582,"column":10},"end":{"line":582,"column":24}},{"start":{"line":582,"column":24},"end":{"line":582,"column":45}},{"start":{"line":582,"column":45},"end":{"line":582,"column":56}}],"line":582},"54":{"loc":{"start":{"line":589,"column":23},"end":{"line":589,"column":null}},"type":"binary-expr","locations":[{"start":{"line":589,"column":23},"end":{"line":589,"column":44}},{"start":{"line":589,"column":44},"end":{"line":589,"column":null}}],"line":589},"55":{"loc":{"start":{"line":596,"column":8},"end":{"line":600,"column":null}},"type":"if","locations":[{"start":{"line":596,"column":8},"end":{"line":600,"column":null}},{"start":{},"end":{}}],"line":596},"56":{"loc":{"start":{"line":616,"column":4},"end":{"line":621,"column":null}},"type":"if","locations":[{"start":{"line":616,"column":4},"end":{"line":621,"column":null}},{"start":{},"end":{}}],"line":616},"57":{"loc":{"start":{"line":623,"column":4},"end":{"line":632,"column":null}},"type":"if","locations":[{"start":{"line":623,"column":4},"end":{"line":632,"column":null}},{"start":{"line":625,"column":11},"end":{"line":632,"column":null}}],"line":623},"58":{"loc":{"start":{"line":652,"column":4},"end":{"line":654,"column":null}},"type":"if","locations":[{"start":{"line":652,"column":4},"end":{"line":654,"column":null}},{"start":{},"end":{}}],"line":652},"59":{"loc":{"start":{"line":668,"column":6},"end":{"line":672,"column":null}},"type":"if","locations":[{"start":{"line":668,"column":6},"end":{"line":672,"column":null}},{"start":{},"end":{}}],"line":668},"60":{"loc":{"start":{"line":684,"column":4},"end":{"line":687,"column":null}},"type":"if","locations":[{"start":{"line":684,"column":4},"end":{"line":687,"column":null}},{"start":{},"end":{}}],"line":684},"61":{"loc":{"start":{"line":707,"column":6},"end":{"line":707,"column":null}},"type":"if","locations":[{"start":{"line":707,"column":6},"end":{"line":707,"column":null}},{"start":{},"end":{}}],"line":707},"62":{"loc":{"start":{"line":710,"column":6},"end":{"line":712,"column":null}},"type":"if","locations":[{"start":{"line":710,"column":6},"end":{"line":712,"column":null}},{"start":{},"end":{}}],"line":710},"63":{"loc":{"start":{"line":729,"column":4},"end":{"line":768,"column":5}},"type":"if","locations":[{"start":{"line":729,"column":4},"end":{"line":768,"column":5}},{"start":{},"end":{}}],"line":729},"64":{"loc":{"start":{"line":748,"column":8},"end":{"line":754,"column":null}},"type":"if","locations":[{"start":{"line":748,"column":8},"end":{"line":754,"column":null}},{"start":{"line":752,"column":13},"end":{"line":754,"column":null}}],"line":748},"65":{"loc":{"start":{"line":782,"column":6},"end":{"line":785,"column":null}},"type":"if","locations":[{"start":{"line":782,"column":6},"end":{"line":785,"column":null}},{"start":{},"end":{}}],"line":782},"66":{"loc":{"start":{"line":795,"column":6},"end":{"line":838,"column":null}},"type":"if","locations":[{"start":{"line":795,"column":6},"end":{"line":838,"column":null}},{"start":{"line":816,"column":11},"end":{"line":838,"column":null}}],"line":795},"67":{"loc":{"start":{"line":802,"column":10},"end":{"line":804,"column":null}},"type":"if","locations":[{"start":{"line":802,"column":10},"end":{"line":804,"column":null}},{"start":{},"end":{}}],"line":802},"68":{"loc":{"start":{"line":807,"column":10},"end":{"line":811,"column":null}},"type":"if","locations":[{"start":{"line":807,"column":10},"end":{"line":811,"column":null}},{"start":{},"end":{}}],"line":807},"69":{"loc":{"start":{"line":819,"column":8},"end":{"line":837,"column":null}},"type":"if","locations":[{"start":{"line":819,"column":8},"end":{"line":837,"column":null}},{"start":{"line":834,"column":15},"end":{"line":837,"column":null}}],"line":819},"70":{"loc":{"start":{"line":828,"column":12},"end":{"line":828,"column":null}},"type":"if","locations":[{"start":{"line":828,"column":12},"end":{"line":828,"column":null}},{"start":{},"end":{}}],"line":828},"71":{"loc":{"start":{"line":863,"column":4},"end":{"line":863,"column":null}},"type":"if","locations":[{"start":{"line":863,"column":4},"end":{"line":863,"column":null}},{"start":{},"end":{}}],"line":863},"72":{"loc":{"start":{"line":887,"column":4},"end":{"line":893,"column":null}},"type":"if","locations":[{"start":{"line":887,"column":4},"end":{"line":893,"column":null}},{"start":{},"end":{}}],"line":887},"73":{"loc":{"start":{"line":888,"column":29},"end":{"line":888,"column"
[...]
,"/home/runner/work/lattice/lattice/src/lib/remark-strip-html-comments.ts": {"path":"/home/runner/work/lattice/lattice/src/lib/remark-strip-html-comments.ts","statementMap":{"0":{"start":{"line":57,"column":24},"end":{"line":57,"column":null}},"1":{"start":{"line":61,"column":4},"end":{"line":61,"column":null}},"2":{"start":{"line":64,"column":39},"end":{"line":74,"column":null}},"3":{"start":{"line":64,"column":45},"end":{"line":74,"column":null}},"4":{"start":{"line":65,"column":17},"end":{"line":72,"column":null}},"5":{"start":{"line":66,"column":8},"end":{"line":71,"column":null}},"6":{"start":{"line":67,"column":12},"end":{"line":69,"column":null}},"7":{"start":{"line":68,"column":16},"end":{"line":68,"column":null}},"8":{"start":{"line":70,"column":12},"end":{"line":70,"column":null}},"9":{"start":{"line":70,"column":47},"end":{"line":70,"column":null}},"10":{"start":{"line":73,"column":4},"end":{"line":73,"column":null}}},"fnMap":{"0":{"name":"isHtmlCommentOnly","decl":{"start":{"line":60,"column":16},"end":{"line":60,"column":34}},"loc":{"start":{"line":60,"column":59},"end":{"line":62,"column":null}},"line":60},"1":{"name":"(anonymous_1)","decl":{"start":{"line":64,"column":39},"end":{"line":64,"column":45}},"loc":{"start":{"line":64,"column":45},"end":{"line":74,"column":null}},"line":64},"2":{"name":"(anonymous_2)","decl":{"start":{"line":64,"column":45},"end":{"line":64,"column":46}},"loc":{"start":{"line":64,"column":60},"end":{"line":74,"column":null}},"line":64},"3":{"name":"(anonymous_3)","decl":{"start":{"line":65,"column":17},"end":{"line":65,"column":18}},"loc":{"start":{"line":65,"column":32},"end":{"line":72,"column":null}},"line":65},"4":{"name":"(anonymous_4)","decl":{"start":{"line":67,"column":49},"end":{"line":67,"column":50}},"loc":{"start":{"line":67,"column":65},"end":{"line":69,"column":13}},"line":67}},"branchMap":{"0":{"loc":{"start":{"line":61,"column":11},"end":{"line":61,"column":null}},"type":"binary-expr","locations":[{"start":{"line":61,"column":11},"end":{"line":61,"column":40}},{"start":{"line":61,"column":40},"end":{"line":61,"column":null}}],"line":61},"1":{"loc":{"start":{"line":66,"column":8},"end":{"line":71,"column":null}},"type":"if","locations":[{"start":{"line":66,"column":8},"end":{"line":71,"column":null}},{"start":{},"end":{}}],"line":66},"2":{"loc":{"start":{"line":66,"column":12},"end":{"line":66,"column":50}},"type":"binary-expr","locations":[{"start":{"line":66,"column":12},"end":{"line":66,"column":20}},{"start":{"line":66,"column":20},"end":{"line":66,"column":50}}],"line":66},"3":{"loc":{"start":{"line":68,"column":25},"end":{"line":68,"column":null}},"type":"binary-expr","locations":[{"start":{"line":68,"column":25},"end":{"line":68,"column":34}},{"start":{"line":68,"column":34},"end":{"line":68,"column":59}},{"start":{"line":68,"column":59},"end":{"line":68,"column":null}}],"line":68}},"s":{"0":3,"1":19,"2":3,"3":189,"4":189,"5":348,"6":272,"7":165,"8":272,"9":159,"10":189},"f":{"0":19,"1":189,"2":189,"3":348,"4":165},"b":{"0":[19,16],"1":[272,76],"2":[348,348],"3":[165,165,7]},"meta":{"lastBranch":4,"lastFunction":5,"lastStatement":11,"seen":{"s:57:24:57:Infinity":0,"f:60:16:60:34":0,"s:61:4:61:Infinity":1,"b:61:11:61:40:61:40:61:Infinity":0,"s:64:39:74:Infinity":2,"f:64:39:64:45":1,"s:64:45:74:Infinity":3,"f:64:45:64:46":2,"s:65:17:72:Infinity":4,"f:65:17:65:18":3,"b:66:8:71:Infinity:undefined:undefined:undefined:undefined":1,"s:66:8:71:Infinity":5,"b:66:12:66:20:66:20:66:50":2,"s:67:12:69:Infinity":6,"f:67:49:67:50":4,"s:68:16:68:Infinity":7,"b:68:25:68:34:68:34:68:59:68:59:68:Infinity":3,"s:70:12:70:Infinity":8,"s:70:47:70:Infinity":9,"s:73:4:73:Infinity":10}}}
,"/home/runner/work/lattice/lattice/src/lib/slug.ts": {"path":"/home/runner/work/lattice/lattice/src/lib/slug.ts","statementMap":{"0":{"start":{"line":54,"column":14},"end":{"line":54,"column":null}},"1":{"start":{"line":55,"column":21},"end":{"line":55,"column":null}},"2":{"start":{"line":57,"column":4},"end":{"line":76,"column":null}},"3":{"start":{"line":59,"column":8},"end":{"line":63,"column":null}},"4":{"start":{"line":60,"column":12},"end":{"line":60,"column":null}},"5":{"start":{"line":61,"column":12},"end":{"line":61,"column":null}},"6":{"start":{"line":62,"column":12},"end":{"line":62,"column":null}},"7":{"start":{"line":64,"column":8},"end":{"line":68,"column":null}},"8":{"start":{"line":65,"column":12},"end":{"line":65,"column":null}},"9":{"start":{"line":66,"column":12},"end":{"line":66,"column":null}},"10":{"start":{"line":67,"column":12},"end":{"line":67,"column":null}},"11":{"start":{"line":70,"column":8},"end":{"line":74,"column":null}},"12":{"start":{"line":71,"column":12},"end":{"line":71,"column":null}},"13":{"start":{"line":72,"column":12},"end":{"line":72,"column":null}},"14":{"start":{"line":73,"column":12},"end":{"line":73,"column":null}},"15":{"start":{"line":79,"column":4},"end":{"line":81,"column":null}},"16":{"start":{"line":80,"column":8},"end":{"line":80,"column":null}},"17":{"start":{"line":82,"column":4},"end":{"line":82,"column":null}},"18":{"start":{"line":94,"column":18},"end":{"line":94,"column":null}},"19":{"start":{"line":95,"column":17},"end":{"line":95,"column":null}},"20":{"start":{"line":96,"column":4},"end":{"line":96,"column":null}},"21":{"start":{"line":97,"column":4},"end":{"line":97,"column":null}}},"fnMap":{"0":{"name":"slugify","decl":{"start":{"line":53,"column":16},"end":{"line":53,"column":24}},"loc":{"start":{"line":53,"column":46},"end":{"line":83,"column":null}},"line":53},"1":{"name":"disambiguateSlug","decl":{"start":{"line":93,"column":16},"end":{"line":93,"column":33}},"loc":{"start":{"line":93,"column":82},"end":{"line":98,"column":null}},"line":93}},"branchMap":{"0":{"loc":{"start":{"line":59,"column":8},"end":{"line":63,"column":null}},"type":"if","locations":[{"start":{"line":59,"column":8},"end":{"line":63,"column":null}},{"start":{},"end":{}}],"line":59},"1":{"loc":{"start":{"line":64,"column":8},"end":{"line":68,"column":null}},"type":"if","locations":[{"start":{"line":64,"column":8},"end":{"line":68,"column":null}},{"start":{},"end":{}}],"line":64},"2":{"loc":{"start":{"line":70,"column":8},"end":{"line":74,"column":null}},"type":"if","locations":[{"start":{"line":70,"column":8},"end":{"line":74,"column":null}},{"start":{},"end":{}}],"line":70},"3":{"loc":{"start":{"line":70,"column":8},"end":{"line":70,"column":76}},"type":"binary-expr","locations":[{"start":{"line":70,"column":13},"end":{"line":70,"column":27}},{"start":{"line":70,"column":27},"end":{"line":70,"column":45}},{"start":{"line":70,"column":45},"end":{"line":70,"column":60}},{"start":{"line":70,"column":60},"end":{"line":70,"column":76}}],"line":70},"4":{"loc":{"start":{"line":79,"column":4},"end":{"line":81,"column":null}},"type":"if","locations":[{"start":{"line":79,"column":4},"end":{"line":81,"column":null}},{"start":{},"end":{}}],"line":79},"5":{"loc":{"start":{"line":94,"column":18},"end":{"line":94,"column":null}},"type":"binary-expr","locations":[{"start":{"line":94,"column":18},"end":{"line":94,"column":36}},{"start":{"line":94,"column":36},"end":{"line":94,"column":null}}],"line":94},"6":{"loc":{"start":{"line":95,"column":17},"end":{"line":95,"column":null}},"type":"cond-expr","locations":[{"start":{"line":95,"column":31},"end":{"line":95,"column":38}},{"start":{"line":95,"column":38},"end":{"line":95,"column":null}}],"line":95}},"s":{"0":75,"1":75,"2":75,"3":393,"4":343,"5":343,"6":343,"7":50,"8":2,"9":2,"10":2,"11":48,"12":19,"13":19,"14":19,"15":75,"16":1,"17":75,"18":69,"19":69,"20":69,"21":69},"f":{"0":75,"1":69},"b":{"0":[343,50],"1":[2,48],"2":[19,29],"3":[48,41,34,27],"4":[1,74],"5":[69,61],"6":[61,8]},"meta":{"lastBranch":7,"lastFunction":2,"lastStatement":22,"seen":{"f:53:16:53:24":0,"s:54:14:54:Infinity":0,"s:55:21:55:Infinity":1,"s:57:4:76:Infinity":2,"b:59:8:63:Infinity:undefined:undefined:undefined:undefined":0,"s:59:8:63:Infinity":3,"s:60:12:60:Infinity":4,"s:61:12:61:Infinity":5,"s:62:12:62:Infinity":6,"b:64:8:68:Infinity:undefined:undefined:undefined:undefined":1,"s:64:8:68:Infinity":7,"s:65:12:65:Infinity":8,"s:66:12:66:Infinity":9,"s:67:12:67:Infinity":10,"b:70:8:74:Infinity:undefined:undefined:undefined:undefined":2,"s:70:8:74:Infinity":11,"b:70:13:70:27:70:27:70:45:70:45:70:60:70:60:70:76":3,"s:71:12:71:Infinity":12,"s:72:12:72:Infinity":13,"s:73:12:73:Infinity":14,"b:79:4:81:Infinity:undefined:undefined:undefined:undefined":4,"s:79:4:81:Infinity":15,"s:80:8:80:Infinity":16,"s:82:4:82:Infinity":17,"f:93:16:93:33":1,"s:94:18:94:Infinity":18,"b:94:18:94:36:94:36:94:Infinity":5,"s:95:17:95:Infinity":19,"b:95:31:95:38:95:38:95:Infinity":6,"s:96:4:96:Infinity":20,"s:97:4:97:Infinity":21}}}
,"/home/runner/work/lattice/lattice/src/lib/special-characters.ts": {"path":"/home/runner/work/lattice/lattice/src/lib/special-characters.ts","statementMap":{"0":{"start":{"line":29,"column":37},"end":{"line":92,"column":null}}},"fnMap":{},"branchMap":{},"s":{"0":1},"f":{},"b":{},"meta":{"lastBranch":0,"lastFunction":0,"lastStatement":1,"seen":{"s:29:37:92:Infinity":0}}}
,"/home/runner/work/lattice/lattice/src/services/FileSystem.ts": {"path":"/home/runner/work/lattice/lattice/src/services/FileSystem.ts","statementMap":{"0":{"start":{"line":36,"column":26},"end":{"line":59,"column":null}},"1":{"start":{"line":38,"column":10},"end":{"line":38,"column":null}},"2":{"start":{"line":39,"column":4},"end":{"line":39,"column":null}},"3":{"start":{"line":42,"column":4},"end":{"line":42,"column":null}},"4":{"start":{"line":45,"column":4},"end":{"line":45,"column":null}},"5":{"start":{"line":48,"column":4},"end":{"line":48,"column":null}},"6":{"start":{"line":51,"column":4},"end":{"line":51,"column":null}},"7":{"start":{"line":54,"column":4},"end":{"line":54,"column":null}},"8":{"start":{"line":57,"column":4},"end":{"line":57,"column":null}}},"fnMap":{"0":{"name":"(anonymous_0)","decl":{"start":{"line":37,"column":16},"end":{"line":37,"column":23}},"loc":{"start":{"line":37,"column":63},"end":{"line":40,"column":null}},"line":37},"1":{"name":"(anonymous_1)","decl":{"start":{"line":41,"column":17},"end":{"line":41,"column":24}},"loc":{"start":{"line":41,"column":82},"end":{"line":43,"column":null}},"line":41},"2":{"name":"(anonymous_2)","decl":{"start":{"line":44,"column":13},"end":{"line":44,"column":20}},"loc":{"start":{"line":44,"column":52},"end":{"line":46,"column":null}},"line":44},"3":{"name":"(anonymous_3)","decl":{"start":{"line":47,"column":25},"end":{"line":47,"column":32}},"loc":{"start":{"line":47,"column":77},"end":{"line":49,"column":null}},"line":47},"4":{"name":"(anonymous_4)","decl":{"start":{"line":50,"column":25},"end":{"line":50,"column":32}},"loc":{"start":{"line":50,"column":70},"end":{"line":52,"column":null}},"line":50},"5":{"name":"(anonymous_5)","decl":{"start":{"line":53,"column":13},"end":{"line":53,"column":20}},"loc":{"start":{"line":53,"column":77},"end":{"line":55,"column":null}},"line":53},"6":{"name":"(anonymous_6)","decl":{"start":{"line":56,"column":9},"end":{"line":56,"column":16}},"loc":{"start":{"line":56,"column":51},"end":{"line":58,"column":null}},"line":56}},"branchMap":{},"s":{"0":3,"1":9,"2":9,"3":8,"4":68,"5":133,"6":3,"7":1,"8":2},"f":{"0":9,"1":8,"2":68,"3":133,"4":3,"5":1,"6":2},"b":{},"meta":{"lastBranch":0,"lastFunction":7,"lastStatement":9,"seen":{"s:36:26:59:Infinity":0,"f:37:16:37:23":0,"s:38:10:38:Infinity":1,"s:39:4:39:Infinity":2,"f:41:17:41:24":1,"s:42:4:42:Infinity":3,"f:44:13:44:20":2,"s:45:4:45:Infinity":4,"f:47:25:47:32":3,"s:48:4:48:Infinity":5,"f:50:25:50:32":4,"s:51:4:51:Infinity":6,"f:53:13:53:20":5,"s:54:4:54:Infinity":7,"f:56:9:56:16":6,"s:57:4:57:Infinity":8}}}
,"/home/runner/work/lattice/lattice/src/services/TableFormat.ts": {"path":"/home/runner/work/lattice/lattice/src/services/TableFormat.ts","statementMap":{"0":{"start":{"line":37,"column":27},"end":{"line":46,"column":null}},"1":{"start":{"line":44,"column":8},"end":{"line":44,"column":null}}},"fnMap":{"0":{"name":"(anonymous_0)","decl":{"start":{"line":43,"column":9},"end":{"line":43,"column":16}},"loc":{"start":{"line":43,"column":53},"end":{"line":45,"column":null}},"line":43}},"branchMap":{},"s":{"0":1,"1":3},"f":{"0":3},"b":{},"meta":{"lastBranch":0,"lastFunction":1,"lastStatement":2,"seen":{"s:37:27:46:Infinity":0,"f:43:9:43:16":0,"s:44:8:44:Infinity":1}}}
,"/home/runner/work/lattice/lattice/src/services/Toc.ts": {"path":"/home/runner/work/lattice/lattice/src/services/Toc.ts","statementMap":{"0":{"start":{"line":37,"column":31},"end":{"line":37,"column":null}},"1":{"start":{"line":38,"column":32},"end":{"line":38,"column":null}},"2":{"start":{"line":40,"column":19},"end":{"line":49,"column":null}},"3":{"start":{"line":47,"column":8},"end":{"line":47,"column":null}}},"fnMap":{"0":{"name":"(anonymous_0)","decl":{"start":{"line":46,"column":12},"end":{"line":46,"column":19}},"loc":{"start":{"line":46,"column":56},"end":{"line":48,"column":null}},"line":46}},"branchMap":{},"s":{"0":1,"1":1,"2":1,"3":3},"f":{"0":3},"b":{},"meta":{"lastBranch":0,"lastFunction":1,"lastStatement":4,"seen":{"s:37:31:37:Infinity":0,"s:38:32:38:Infinity":1,"s:40:19:49:Infinity":2,"f:46:12:46:19":0,"s:47:8:47:Infinity":3}}}
,"/home/runner/work/lattice/lattice/src/services/StaticRuntime/StaticRuntime.dev.ts": {"path":"/home/runner/work/lattice/lattice/src/services/StaticRuntime/StaticRuntime.dev.ts","statementMap":{"0":{"start":{"line":35,"column":18},"end":{"line":44,"column":null}},"1":{"start":{"line":36,"column":4},"end":{"line":43,"column":null}},"2":{"start":{"line":37,"column":23},"end":{"line":37,"column":null}},"3":{"start":{"line":37,"column":37},"end":{"line":37,"column":90}},"4":{"start":{"line":38,"column":20},"end":{"line":38,"column":null}},"5":{"start":{"line":39,"column":21},"end":{"line":39,"column":null}},"6":{"start":{"line":40,"column":24},"end":{"line":40,"column":null}},"7":{"start":{"line":42,"column":8},"end":{"line":42,"column":null}},"8":{"start":{"line":46,"column":45},"end":{"line":121,"column":null}},"9":{"start":{"line":53,"column":8},"end":{"line":53,"column":null}},"10":{"start":{"line":53,"column":42},"end":{"line":53,"column":null}},"11":{"start":{"line":55,"column":24},"end":{"line":55,"column":null}},"12":{"start":{"line":57,"column":8},"end":{"line":65,"column":null}},"13":{"start":{"line":58,"column":29},"end":{"line":58,"column":null}},"14":{"start":{"line":59,"column":12},"end":{"line":64,"column":null}},"15":{"start":{"line":60,"column":17},"end":{"line":63,"column":null}},"16":{"start":{"line":61,"column":20},"end":{"line":61,"column":null}},"17":{"start":{"line":62,"column":20},"end":{"line":62,"column":null}},"18":{"start":{"line":67,"column":9},"end":{"line":67,"column":null}},"19":{"start":{"line":69,"column":8},"end":{"line":69,"column":null}},"20":{"start":{"line":78,"column":8},"end":{"line":78,"column":null}},"21":{"start":{"line":86,"column":8},"end":{"line":86,"column":null}},"22":{"start":{"line":97,"column":8},"end":{"line":97,"column":null}},"23":{"start":{"line":98,"column":8},"end":{"line":117,"column":null}},"24":{"start":{"line":99,"column":12},"end":{"line":99,"column":null}},"25":{"start":{"line":101,"column":12},"end":{"line":101,"column":null}},"26":{"start":{"line":104,"column":12},"end":{"line":115,"column":null}},"27":{"start":{"line":108,"column":16},"end":{"line":111,"column":null}},"28":{"start":{"line":112,"column":16},"end":{"line":112,"column":null}},"29":{"start":{"line":114,"column":16},"end":{"line":114,"column":null}}},"fnMap":{"0":{"name":"(anonymous_0)","decl":{"start":{"line":35,"column":18},"end":{"line":35,"column":19}},"loc":{"start":{"line":35,"column":66},"end":{"line":44,"column":null}},"line":35},"1":{"name":"(anonymous_1)","decl":{"start":{"line":37,"column":32},"end":{"line":37,"column":37}},"loc":{"start":{"line":37,"column":37},"end":{"line":37,"column":90}},"line":37},"2":{"name":"(anonymous_2)","decl":{"start":{"line":42,"column":52},"end":{"line":42,"column":58}},"loc":{"start":{"line":42,"column":58},"end":{"line":42,"column":61}},"line":42},"3":{"name":"(anonymous_3)","decl":{"start":{"line":50,"column":10},"end":{"line":50,"column":16}},"loc":{"start":{"line":50,"column":16},"end":{"line":70,"column":null}},"line":50},"4":{"name":"(anonymous_4)","decl":{"start":{"line":57,"column":24},"end":{"line":57,"column":34}},"loc":{"start":{"line":57,"column":34},"end":{"line":65,"column":9}},"line":57},"5":{"name":"(anonymous_5)","decl":{"start":{"line":60,"column":43},"end":{"line":60,"column":44}},"loc":{"start":{"line":60,"column":73},"end":{"line":63,"column":null}},"line":60},"6":{"name":"(anonymous_6)","decl":{"start":{"line":76,"column":9},"end":{"line":76,"column":10}},"loc":{"start":{"line":76,"column":42},"end":{"line":79,"column":null}},"line":76},"7":{"name":"(anonymous_7)","decl":{"start":{"line":85,"column":11},"end":{"line":85,"column":12}},"loc":{"start":{"line":85,"column":44},"end":{"line":87,"column":null}},"line":85},"8":{"name":"(anonymous_8)","decl":{"start":{"line":96,"column":28},"end":{"line":96,"column":40}},"loc":{"start":{"line":96,"column":40},"end":{"line":118,"column":null}},"line":96},"9":{"name":"(anonymous_9)","decl":{"start":{"line":98,"column":37},"end":{"line":98,"column":44}},"loc":{"start":{"line":98,"column":54},"end":{"line":117,"column":9}},"line":98}},"branchMap":{"0":{"loc":{"start":{"line":37,"column":37},"end":{"line":37,"column":90}},"type":"cond-expr","locations":[{"start":{"line":37,"column":61},"end":{"line":37,"column":81}},{"start":{"line":37,"column":81},"end":{"line":37,"column":90}}],"line":37},"1":{"loc":{"start":{"line":53,"column":8},"end":{"line":53,"column":null}},"type":"if","locations":[{"start":{"line":53,"column":8},"end":{"line":53,"column":null}},{"start":{},"end":{}}],"line":53},"2":{"loc":{"start":{"line":59,"column":12},"end":{"line":64,"column":null}},"type":"if","locations":[{"start":{"line":59,"column":12},"end":{"line":64,"column":null}},{"start":{},"end":{}}],"line":59}},"s":{"0":16,"1":4471778,"2":4471778,"3":490,"4":4471778,"5":4471778,"6":4471778,"7":4471778,"8":16,"9":114,"10":106,"11":8,"12":8,"13":40,"14":40,"15":39,"16":1529,"17":1529,"18":8,"19":8,"20":4470640,"21":3,"22":111,"23":111,"24":2,"25":2,"26":2,"27":2,"28":1,"29":1},"f":{"0":4471778,"1":490,"2":1,"3":114,"4":40,"5":1529,"6":4470640,"7":3,"8":111,"9":2},"b":{"0":[49,441],"1":[106,8],"2":[39,1]},"meta":{"lastBranch":3,"lastFunction":10,"lastStatement":30,"seen":{"s:35:18:44:Infinity":0,"f:35:18:35:19":0,"s:36:4:43:Infinity":1,"s:37:23:37:Infinity":2,"f:37:32:37:37":1,"s:37:37:37:90":3,"b:37:61:37:81:37:81:37:90":0,"s:38:20:38:Infinity":4,"s:39:21:39:Infinity":5,"s:40:24:40:Infinity":6,"s:42:8:42:Infinity":7,"f:42:52:42:58":2,"s:46:45:121:Infinity":8,"f:50:10:50:16":3,"b:53:8:53:Infinity:undefined:undefined:undefined:undefined":1,"s:53:8:53:Infinity":9,"s:53:42:53:Infinity":10,"s:55:24:55:Infinity":11,"s:57:8:65:Infinity":12,"f:57:24:57:34":4,"s:58:29:58:Infinity":13,"b:59:12:64:Infinity:undefined:undefined:undefined:undefined":2,"s:59:12:64:Infinity":14,"s:60:17:63:Infinity":15,"f:60:43:60:44":5,"s:61:20:61:Infinity":16,"s:62:20:62:Infinity":17,"s:67:9:67:Infinity":18,"s:69:8:69:Infinity":19,"f:76:9:76:10":6,"s:78:8:78:Infinity":20,"f:85:11:85:12":7,"s:86:8:86:Infinity":21,"f:96:28:96:40":8,"s:97:8:97:Infinity":22,"s:98:8:117:Infinity":23,"f:98:37:98:44":9,"s:99:12:99:Infinity":24,"s:101:12:101:Infinity":25,"s:104:12:115:Infinity":26,"s:108:16:111:Infinity":27,"s:112:16:112:Infinity":28,"s:114:16:114:Infinity":29}}}
}
