<?xml version="1.0" encoding="UTF-8"?>
<coverage generated="1788183010962" clover="3.2.0">
  <project timestamp="1788183010962" name="All files">
    <metrics statements="1798" coveredstatements="1602" conditionals="1260" coveredconditionals="1015" methods="336" coveredmethods="303" elements="3394" coveredelements="2920" complexity="0" loc="1798" ncloc="1798" packages="7" files="36" classes="36"/>
    <package name="src">
      <metrics statements="747" coveredstatements="690" conditionals="488" coveredconditionals="379" methods="132" coveredmethods="121"/>
      <file name="App.css" path="/home/runner/work/lattice/lattice/src/App.css">
        <metrics statements="0" coveredstatements="0" conditionals="0" coveredconditionals="0" methods="0" coveredmethods="0"/>
      </file>
      <file name="App.tsx" path="/home/runner/work/lattice/lattice/src/App.tsx">
        <metrics statements="747" coveredstatements="690" conditionals="488" coveredconditionals="379" methods="132" coveredmethods="121"/>
        <line num="61" count="8" type="cond" truecount="1" falsecount="1"/>
        <line num="68" count="267" type="stmt"/>
        <line num="69" count="267" type="stmt"/>
        <line num="70" count="822" type="cond" truecount="4" falsecount="0"/>
        <line num="71" count="249" type="cond" truecount="1" falsecount="1"/>
        <line num="72" count="249" type="stmt"/>
        <line num="73" count="249" type="cond" truecount="1" falsecount="1"/>
        <line num="74" count="249" type="stmt"/>
        <line num="77" count="822" type="cond" truecount="2" falsecount="0"/>
        <line num="78" count="555" type="stmt"/>
        <line num="81" count="267" type="stmt"/>
        <line num="100" count="267" type="stmt"/>
        <line num="101" count="267" type="stmt"/>
        <line num="102" count="270" type="cond" truecount="2" falsecount="0"/>
        <line num="104" count="267" type="stmt"/>
        <line num="105" count="254" type="cond" truecount="1" falsecount="1"/>
        <line num="107" count="254" type="cond" truecount="2" falsecount="2"/>
        <line num="109" count="254" type="cond" truecount="3" falsecount="0"/>
        <line num="110" count="13" type="cond" truecount="4" falsecount="0"/>
        <line num="114" count="267" type="stmt"/>
        <line num="115" count="792" type="cond" truecount="2" falsecount="0"/>
        <line num="116" count="511" type="stmt"/>
        <line num="117" count="535" type="stmt"/>
        <line num="118" count="535" type="cond" truecount="5" falsecount="0"/>
        <line num="120" count="10" type="stmt"/>
        <line num="132" count="525" type="stmt"/>
        <line num="136" count="267" type="stmt"/>
        <line num="153" count="8" type="stmt"/>
        <line num="158" count="8" type="stmt"/>
        <line num="159" count="8" type="stmt"/>
        <line num="160" count="8" type="stmt"/>
        <line num="161" count="8" type="stmt"/>
        <line num="162" count="8" type="stmt"/>
        <line num="163" count="8" type="stmt"/>
        <line num="166" count="8" type="stmt"/>
        <line num="167" count="2336" type="stmt"/>
        <line num="168" count="1035" type="cond" truecount="2" falsecount="0"/>
        <line num="178" count="491" type="stmt"/>
        <line num="179" count="162" type="stmt"/>
        <line num="180" count="162" type="stmt"/>
        <line num="184" count="491" type="stmt"/>
        <line num="185" count="162" type="stmt"/>
        <line num="192" count="491" type="stmt"/>
        <line num="193" count="162" type="stmt"/>
        <line num="194" count="24" type="cond" truecount="6" falsecount="0"/>
        <line num="195" count="3" type="stmt"/>
        <line num="198" count="162" type="stmt"/>
        <line num="199" count="1" type="stmt"/>
        <line num="201" count="162" type="stmt"/>
        <line num="202" count="162" type="stmt"/>
        <line num="203" count="162" type="stmt"/>
        <line num="204" count="162" type="stmt"/>
        <line num="205" count="162" type="stmt"/>
        <line num="212" count="491" type="stmt"/>
        <line num="213" count="491" type="stmt"/>
        <line num="231" count="491" type="stmt"/>
        <line num="232" count="491" type="stmt"/>
        <line num="233" count="491" type="stmt"/>
        <line num="234" count="491" type="stmt"/>
        <line num="235" count="491" type="stmt"/>
        <line num="236" count="491" type="stmt"/>
        <line num="237" count="491" type="stmt"/>
        <line num="239" count="491" type="stmt"/>
        <line num="240" count="491" type="stmt"/>
        <line num="241" count="491" type="stmt"/>
        <line num="242" count="491" type="stmt"/>
        <line num="243" count="491" type="stmt"/>
        <line num="247" count="491" type="stmt"/>
        <line num="248" count="491" type="stmt"/>
        <line num="249" count="491" type="stmt"/>
        <line num="250" count="491" type="stmt"/>
        <line num="251" count="491" type="stmt"/>
        <line num="256" count="491" type="stmt"/>
        <line num="260" count="491" type="stmt"/>
        <line num="261" count="491" type="stmt"/>
        <line num="280" count="491" type="stmt"/>
        <line num="282" count="491" type="stmt"/>
        <line num="285" count="491" type="stmt"/>
        <line num="286" count="491" type="stmt"/>
        <line num="287" count="491" type="stmt"/>
        <line num="293" count="491" type="stmt"/>
        <line num="294" count="491" type="stmt"/>
        <line num="301" count="491" type="stmt"/>
        <line num="302" count="491" type="stmt"/>
        <line num="303" count="491" type="stmt"/>
        <line num="304" count="421" type="stmt"/>
        <line num="305" count="421" type="cond" truecount="2" falsecount="0"/>
        <line num="306" count="421" type="stmt"/>
        <line num="307" count="128" type="stmt"/>
        <line num="308" count="128" type="stmt"/>
        <line num="312" count="491" type="stmt"/>
        <line num="313" count="2" type="stmt"/>
        <line num="328" count="491" type="stmt"/>
        <line num="329" count="491" type="stmt"/>
        <line num="330" count="491" type="stmt"/>
        <line num="344" count="491" type="stmt"/>
        <line num="345" count="94" type="stmt"/>
        <line num="346" count="94" type="stmt"/>
        <line num="347" count="96" type="stmt"/>
        <line num="351" count="491" type="stmt"/>
        <line num="352" count="491" type="stmt"/>
        <line num="355" count="491" type="stmt"/>
        <line num="360" count="491" type="stmt"/>
        <line num="364" count="491" type="stmt"/>
        <line num="366" count="491" type="stmt"/>
        <line num="367" count="3" type="stmt"/>
        <line num="368" count="3" type="stmt"/>
        <line num="369" count="3" type="stmt"/>
        <line num="370" count="3" type="cond" truecount="1" falsecount="1"/>
        <line num="371" count="3" type="stmt"/>
        <line num="372" count="3" type="stmt"/>
        <line num="373" count="3" type="cond" truecount="2" falsecount="0"/>
        <line num="374" count="3" type="cond" truecount="2" falsecount="0"/>
        <line num="375" count="3" type="stmt"/>
        <line num="376" count="3" type="stmt"/>
        <line num="378" count="3" type="stmt"/>
        <line num="379" count="3" type="cond" truecount="1" falsecount="1"/>
        <line num="380" count="3" type="stmt"/>
        <line num="381" count="3" type="stmt"/>
        <line num="382" count="3" type="cond" truecount="2" falsecount="0"/>
        <line num="386" count="3" type="cond" truecount="2" falsecount="0"/>
        <line num="387" count="3" type="cond" truecount="2" falsecount="0"/>
        <line num="388" count="3" type="stmt"/>
        <line num="389" count="3" type="stmt"/>
        <line num="392" count="3" type="stmt"/>
        <line num="393" count="3" type="cond" truecount="1" falsecount="1"/>
        <line num="394" count="3" type="stmt"/>
        <line num="395" count="3" type="stmt"/>
        <line num="396" count="3" type="stmt"/>
        <line num="397" count="3" type="stmt"/>
        <line num="399" count="3" type="cond" truecount="2" falsecount="0"/>
        <line num="400" count="3" type="stmt"/>
        <line num="401" count="3" type="stmt"/>
        <line num="402" count="3" type="stmt"/>
        <line num="406" count="491" type="stmt"/>
        <line num="408" count="491" type="stmt"/>
        <line num="409" count="491" type="stmt"/>
        <line num="410" count="491" type="stmt"/>
        <line num="411" count="491" type="stmt"/>
        <line num="412" count="491" type="stmt"/>
        <line num="413" count="162" type="stmt"/>
        <line num="414" count="162" type="cond" truecount="2" falsecount="0"/>
        <line num="415" count="162" type="cond" truecount="2" falsecount="0"/>
        <line num="418" count="491" type="stmt"/>
        <line num="419" count="24" type="stmt"/>
        <line num="420" count="24" type="stmt"/>
        <line num="421" count="24" type="stmt"/>
        <line num="422" count="24" type="stmt"/>
        <line num="423" count="24" type="stmt"/>
        <line num="427" count="491" type="stmt"/>
        <line num="428" count="9" type="stmt"/>
        <line num="429" count="9" type="stmt"/>
        <line num="430" count="9" type="stmt"/>
        <line num="431" count="9" type="stmt"/>
        <line num="432" count="9" type="stmt"/>
        <line num="437" count="491" type="stmt"/>
        <line num="438" count="162" type="stmt"/>
        <line num="439" count="162" type="cond" truecount="2" falsecount="0"/>
        <line num="440" count="4" type="stmt"/>
        <line num="441" count="4" type="stmt"/>
        <line num="443" count="1" type="stmt"/>
        <line num="449" count="491" type="stmt"/>
        <line num="450" count="10" type="cond" truecount="1" falsecount="1"/>
        <line num="451" count="10" type="stmt"/>
        <line num="453" count="22" type="stmt"/>
        <line num="455" count="10" type="stmt"/>
        <line num="457" count="10" type="cond" truecount="2" falsecount="0"/>
        <line num="458" count="1" type="stmt"/>
        <line num="461" count="10" type="stmt"/>
        <line num="462" count="10" type="stmt"/>
        <line num="467" count="491" type="stmt"/>
        <line num="470" count="257" type="cond" truecount="2" falsecount="0"/>
        <line num="471" count="160" type="stmt"/>
        <line num="472" count="160" type="stmt"/>
        <line num="473" count="160" type="stmt"/>
        <line num="475" count="97" type="stmt"/>
        <line num="476" count="97" type="cond" truecount="2" falsecount="0"/>
        <line num="477" count="95" type="stmt"/>
        <line num="479" count="2" type="stmt"/>
        <line num="488" count="491" type="stmt"/>
        <line num="489" count="302" type="stmt"/>
        <line num="490" count="302" type="stmt"/>
        <line num="491" count="302" type="stmt"/>
        <line num="492" count="302" type="cond" truecount="2" falsecount="0"/>
        <line num="493" count="163" type="stmt"/>
        <line num="494" count="163" type="stmt"/>
        <line num="497" count="139" type="stmt"/>
        <line num="499" count="139" type="cond" truecount="4" falsecount="0"/>
        <line num="500" count="2" type="stmt"/>
        <line num="502" count="61" type="stmt"/>
        <line num="504" count="63" type="stmt"/>
        <line num="505" count="63" type="stmt"/>
        <line num="506" count="63" type="cond" truecount="2" falsecount="0"/>
        <line num="507" count="302" type="stmt"/>
        <line num="508" count="302" type="stmt"/>
        <line num="511" count="302" type="stmt"/>
        <line num="512" count="302" type="stmt"/>
        <line num="513" count="302" type="cond" truecount="2" falsecount="0"/>
        <line num="516" count="302" type="stmt"/>
        <line num="519" count="76" type="stmt"/>
        <line num="527" count="491" type="stmt"/>
        <line num="528" count="162" type="stmt"/>
        <line num="529" count="162" type="stmt"/>
        <line num="531" count="162" type="stmt"/>
        <line num="533" count="162" type="stmt"/>
        <line num="534" count="162" type="cond" truecount="2" falsecount="0"/>
        <line num="535" count="1" type="stmt"/>
        <line num="536" count="1" type="stmt"/>
        <line num="540" count="162" type="stmt"/>
        <line num="541" count="162" type="stmt"/>
        <line num="544" count="162" type="stmt"/>
        <line num="545" count="162" type="stmt"/>
        <line num="548" count="162" type="stmt"/>
        <line num="550" count="162" type="stmt"/>
        <line num="551" count="1" type="cond" truecount="1" falsecount="1"/>
        <line num="552" count="1" type="stmt"/>
        <line num="555" count="162" type="stmt"/>
        <line num="556" count="1" type="stmt"/>
        <line num="557" count="1" type="stmt"/>
        <line num="560" count="162" type="stmt"/>
        <line num="561" count="0" type="stmt"/>
        <line num="562" count="0" type="stmt"/>
        <line num="565" count="162" type="stmt"/>
        <line num="571" count="491" type="stmt"/>
        <line num="573" count="278" type="cond" truecount="1" falsecount="1"/>
        <line num="574" count="0" type="stmt"/>
        <line num="577" count="278" type="stmt"/>
        <line num="578" count="278" type="stmt"/>
        <line num="579" count="278" type="cond" truecount="2" falsecount="0"/>
        <line num="580" count="116" type="stmt"/>
        <line num="581" count="116" type="stmt"/>
        <line num="584" count="278" type="cond" truecount="1" falsecount="1"/>
        <line num="585" count="278" type="stmt"/>
        <line num="589" count="278" type="cond" truecount="2" falsecount="0"/>
        <line num="590" count="16" type="stmt"/>
        <line num="592" count="278" type="stmt"/>
        <line num="593" count="278" type="stmt"/>
        <line num="594" count="278" type="stmt"/>
        <line num="595" count="276" type="stmt"/>
        <line num="597" count="2" type="stmt"/>
        <line num="605" count="491" type="stmt"/>
        <line num="606" count="273" type="stmt"/>
        <line num="615" count="491" type="stmt"/>
        <line num="616" count="301" type="stmt"/>
        <line num="617" count="301" type="cond" truecount="2" falsecount="0"/>
        <line num="618" count="139" type="stmt"/>
        <line num="633" count="491" type="stmt"/>
        <line num="634" count="162" type="stmt"/>
        <line num="635" count="162" type="stmt"/>
        <line num="639" count="491" type="stmt"/>
        <line num="640" count="225" type="cond" truecount="2" falsecount="0"/>
        <line num="645" count="491" type="stmt"/>
        <line num="646" count="491" type="stmt"/>
        <line num="653" count="491" type="stmt"/>
        <line num="654" count="2" type="stmt"/>
        <line num="655" count="2" type="stmt"/>
        <line num="656" count="2" type="cond" truecount="1" falsecount="1"/>
        <line num="665" count="491" type="stmt"/>
        <line num="666" count="7" type="stmt"/>
        <line num="667" count="7" type="stmt"/>
        <line num="668" count="7" type="stmt"/>
        <line num="671" count="6" type="cond" truecount="1" falsecount="1"/>
        <line num="672" count="6" type="stmt"/>
        <line num="675" count="6" type="stmt"/>
        <line num="677" count="6" type="cond" truecount="2" falsecount="0"/>
        <line num="678" count="1" type="stmt"/>
        <line num="679" count="1" type="stmt"/>
        <line num="680" count="1" type="stmt"/>
        <line num="683" count="1" type="stmt"/>
        <line num="692" count="491" type="stmt"/>
        <line num="693" count="273" type="cond" truecount="4" falsecount="0"/>
        <line num="695" count="16" type="cond" truecount="2" falsecount="0"/>
        <line num="696" count="4" type="stmt"/>
        <line num="699" count="16" type="stmt"/>
        <line num="700" count="0" type="cond" truecount="0" falsecount="2"/>
        <line num="701" count="0" type="stmt"/>
        <line num="705" count="16" type="stmt"/>
        <line num="706" count="16" type="cond" truecount="1" falsecount="1"/>
        <line num="715" count="491" type="stmt"/>
        <line num="716" count="274" type="stmt"/>
        <line num="717" count="1" type="cond" truecount="5" falsecount="1"/>
        <line num="718" count="1" type="stmt"/>
        <line num="721" count="274" type="stmt"/>
        <line num="722" count="274" type="stmt"/>
        <line num="732" count="491" type="stmt"/>
        <line num="733" count="335" type="stmt"/>
        <line num="734" count="335" type="stmt"/>
        <line num="739" count="335" type="stmt"/>
        <line num="749" count="491" type="stmt"/>
        <line num="750" count="162" type="stmt"/>
        <line num="751" count="7" type="stmt"/>
        <line num="752" count="7" type="stmt"/>
        <line num="753" count="7" type="cond" truecount="2" falsecount="0"/>
        <line num="755" count="6" type="cond" truecount="2" falsecount="0"/>
        <line num="756" count="2" type="stmt"/>
        <line num="758" count="2" type="stmt"/>
        <line num="761" count="4" type="stmt"/>
        <line num="762" count="4" type="stmt"/>
        <line num="767" count="4" type="cond" truecount="4" falsecount="0"/>
        <line num="768" count="1" type="stmt"/>
        <line num="769" count="1" type="stmt"/>
        <line num="776" count="3" type="stmt"/>
        <line num="777" count="7" type="cond" truecount="4" falsecount="0"/>
        <line num="778" count="1" type="stmt"/>
        <line num="779" count="1" type="stmt"/>
        <line num="782" count="2" type="stmt"/>
        <line num="783" count="2" type="stmt"/>
        <line num="786" count="2" type="cond" truecount="1" falsecount="1"/>
        <line num="787" count="2" type="stmt"/>
        <line num="789" count="0" type="stmt"/>
        <line num="792" count="162" type="stmt"/>
        <line num="793" count="162" type="stmt"/>
        <line num="803" count="491" type="cond" truecount="1" falsecount="0"/>
        <line num="804" count="8" type="stmt"/>
        <line num="807" count="8" type="cond" truecount="1" falsecount="1"/>
        <line num="809" count="8" type="cond" truecount="4" falsecount="0"/>
        <line num="811" count="3" type="stmt"/>
        <line num="817" count="5" type="cond" truecount="5" falsecount="0"/>
        <line num="818" count="1" type="stmt"/>
        <line num="819" count="1" type="stmt"/>
        <line num="822" count="5" type="stmt"/>
        <line num="823" count="5" type="stmt"/>
        <line num="831" count="4" type="cond" truecount="2" falsecount="0"/>
        <line num="832" count="2" type="stmt"/>
        <line num="833" count="2" type="stmt"/>
        <line num="834" count="2" type="stmt"/>
        <line num="837" count="1" type="stmt"/>
        <line num="851" count="491" type="stmt"/>
        <line num="858" count="168" type="stmt"/>
        <line num="859" count="191" type="stmt"/>
        <line num="860" count="191" type="stmt"/>
        <line num="862" count="4" type="stmt"/>
        <line num="863" count="4" type="stmt"/>
        <line num="867" count="168" type="stmt"/>
        <line num="868" count="168" type="stmt"/>
        <line num="870" count="168" type="cond" truecount="2" falsecount="0"/>
        <line num="873" count="23" type="stmt"/>
        <line num="874" count="23" type="stmt"/>
        <line num="877" count="168" type="cond" truecount="2" falsecount="0"/>
        <line num="878" count="145" type="stmt"/>
        <line num="879" count="145" type="stmt"/>
        <line num="880" count="145" type="stmt"/>
        <line num="884" count="23" type="stmt"/>
        <line num="885" count="23" type="stmt"/>
        <line num="889" count="23" type="stmt"/>
        <line num="895" count="168" type="stmt"/>
        <line num="896" count="168" type="stmt"/>
        <line num="897" count="168" type="stmt"/>
        <line num="898" count="168" type="stmt"/>
        <line num="900" count="168" type="cond" truecount="1" falsecount="1"/>
        <line num="907" count="491" type="stmt"/>
        <line num="908" count="6" type="stmt"/>
        <line num="909" count="6" type="stmt"/>
        <line num="921" count="6" type="cond" truecount="2" falsecount="0"/>
        <line num="922" count="1" type="stmt"/>
        <line num="925" count="5" type="stmt"/>
        <line num="926" count="5" type="stmt"/>
        <line num="933" count="491" type="stmt"/>
        <line num="934" count="2" type="stmt"/>
        <line num="935" count="2" type="stmt"/>
        <line num="936" count="2" type="stmt"/>
        <line num="937" count="2" type="cond" truecount="1" falsecount="1"/>
        <line num="940" count="2" type="stmt"/>
        <line num="943" count="1" type="stmt"/>
        <line num="944" count="1" type="stmt"/>
        <line num="952" count="491" type="stmt"/>
        <line num="953" count="2" type="cond" truecount="2" falsecount="0"/>
        <line num="954" count="1" type="stmt"/>
        <line num="955" count="1" type="stmt"/>
        <line num="957" count="1" type="stmt"/>
        <line num="958" count="1" type="stmt"/>
        <line num="959" count="1" type="stmt"/>
        <line num="961" count="0" type="stmt"/>
        <line num="972" count="491" type="stmt"/>
        <line num="973" count="4" type="stmt"/>
        <line num="974" count="4" type="stmt"/>
        <line num="975" count="4" type="stmt"/>
        <line num="976" count="4" type="cond" truecount="2" falsecount="0"/>
        <line num="977" count="3" type="stmt"/>
        <line num="979" count="3" type="cond" truecount="1" falsecount="1"/>
        <line num="980" count="3" type="stmt"/>
        <line num="983" count="0" type="stmt"/>
        <line num="991" count="491" type="stmt"/>
        <line num="992" count="5" type="stmt"/>
        <line num="996" count="5" type="stmt"/>
        <line num="998" count="5" type="cond" truecount="1" falsecount="1"/>
        <line num="999" count="5" type="stmt"/>
        <line num="1008" count="5" type="stmt"/>
        <line num="1009" count="4" type="stmt"/>
        <line num="1012" count="4" type="stmt"/>
        <line num="1013" count="4" type="stmt"/>
        <line num="1014" count="4" type="stmt"/>
        <line num="1016" count="4" type="cond" truecount="1" falsecount="1"/>
        <line num="1017" count="4" type="stmt"/>
        <line num="1018" count="4" type="stmt"/>
        <line num="1021" count="0" type="stmt"/>
        <line num="1025" count="4" type="stmt"/>
        <line num="1026" count="4" type="stmt"/>
        <line num="1029" count="4" type="stmt"/>
        <line num="1034" count="1" type="stmt"/>
        <line num="1045" count="491" type="stmt"/>
        <line num="1046" count="162" type="stmt"/>
        <line num="1047" count="162" type="stmt"/>
        <line num="1050" count="162" type="cond" truecount="2" falsecount="0"/>
        <line num="1052" count="2" type="stmt"/>
        <line num="1054" count="160" type="stmt"/>
        <line num="1056" count="160" type="stmt"/>
        <line num="1059" count="160" type="stmt"/>
        <line num="1061" count="160" type="stmt"/>
        <line num="1063" count="160" type="cond" truecount="2" falsecount="0"/>
        <line num="1064" count="87" type="stmt"/>
        <line num="1065" count="87" type="stmt"/>
        <line num="1066" count="87" type="stmt"/>
        <line num="1068" count="87" type="stmt"/>
        <line num="1069" count="87" type="cond" truecount="1" falsecount="1"/>
        <line num="1070" count="87" type="stmt"/>
        <line num="1072" count="87" type="stmt"/>
        <line num="1074" count="87" type="cond" truecount="1" falsecount="1"/>
        <line num="1076" count="87" type="stmt"/>
        <line num="1077" count="87" type="stmt"/>
        <line num="1080" count="0" type="stmt"/>
        <line num="1085" count="73" type="stmt"/>
        <line num="1086" count="73" type="cond" truecount="2" falsecount="0"/>
        <line num="1087" count="2" type="stmt"/>
        <line num="1088" count="2" type="stmt"/>
        <line num="1089" count="2" type="stmt"/>
        <line num="1090" count="2" type="stmt"/>
        <line num="1091" count="1" type="stmt"/>
        <line num="1092" count="1" type="stmt"/>
        <line num="1093" count="1" type="stmt"/>
        <line num="1094" count="1" type="cond" truecount="1" falsecount="1"/>
        <line num="1096" count="1" type="stmt"/>
        <line num="1097" count="1" type="stmt"/>
        <line num="1098" count="1" type="stmt"/>
        <line num="1101" count="71" type="stmt"/>
        <line num="1102" count="71" type="stmt"/>
        <line num="1106" count="162" type="stmt"/>
        <line num="1114" count="491" type="stmt"/>
        <line num="1115" count="2" type="stmt"/>
        <line num="1116" count="2" type="stmt"/>
        <line num="1117" count="2" type="stmt"/>
        <line num="1119" count="1" type="stmt"/>
        <line num="1120" count="1" type="stmt"/>
        <line num="1128" count="491" type="stmt"/>
        <line num="1129" count="2" type="cond" truecount="1" falsecount="1"/>
        <line num="1135" count="2" type="stmt"/>
        <line num="1136" count="2" type="stmt"/>
        <line num="1137" count="1" type="stmt"/>
        <line num="1138" count="1" type="stmt"/>
        <line num="1139" count="1" type="stmt"/>
        <line num="1141" count="1" type="stmt"/>
        <line num="1150" count="491" type="stmt"/>
        <line num="1151" count="5" type="stmt"/>
        <line num="1159" count="5" type="cond" truecount="2" falsecount="0"/>
        <line num="1161" count="5" type="cond" truecount="4" falsecount="0"/>
        <line num="1164" count="1" type="stmt"/>
        <line num="1167" count="5" type="cond" truecount="2" falsecount="0"/>
        <line num="1168" count="2" type="cond" truecount="3" falsecount="0"/>
        <line num="1171" count="5" type="cond" truecount="2" falsecount="0"/>
        <line num="1172" count="2" type="stmt"/>
        <line num="1173" count="2" type="stmt"/>
        <line num="1176" count="3" type="stmt"/>
        <line num="1202" count="491" type="stmt"/>
        <line num="1203" count="290" type="stmt"/>
        <line num="1205" count="24" type="cond" truecount="6" falsecount="0"/>
        <line num="1206" count="5" type="stmt"/>
        <line num="1207" count="5" type="stmt"/>
        <line num="1208" count="5" type="stmt"/>
        <line num="1212" count="24" type="cond" truecount="7" falsecount="0"/>
        <line num="1213" count="1" type="cond" truecount="1" falsecount="1"/>
        <line num="1214" count="1" type="stmt"/>
        <line num="1215" count="1" type="stmt"/>
        <line num="1216" count="1" type="stmt"/>
        <line num="1221" count="24" type="cond" truecount="7" falsecount="1"/>
        <line num="1223" count="24" type="cond" truecount="2" falsecount="0"/>
        <line num="1224" count="2" type="cond" truecount="1" falsecount="1"/>
        <line num="1225" count="2" type="stmt"/>
        <line num="1226" count="2" type="stmt"/>
        <line num="1227" count="2" type="stmt"/>
        <line num="1235" count="24" type="cond" truecount="7" falsecount="0"/>
        <line num="1236" count="1" type="stmt"/>
        <line num="1238" count="24" type="cond" truecount="7" falsecount="0"/>
        <line num="1239" count="1" type="stmt"/>
        <line num="1249" count="24" type="cond" truecount="2" falsecount="0"/>
        <line num="1254" count="8" type="cond" truecount="2" falsecount="0"/>
        <line num="1260" count="7" type="stmt"/>
        <line num="1261" count="7" type="cond" truecount="3" falsecount="1"/>
        <line num="1265" count="8" type="stmt"/>
        <line num="1266" count="8" type="stmt"/>
        <line num="1276" count="8" type="cond" truecount="3" falsecount="1"/>
        <line num="1278" count="7" type="stmt"/>
        <line num="1279" count="7" type="cond" truecount="2" falsecount="0"/>
        <line num="1280" count="4" type="stmt"/>
        <line num="1282" count="3" type="stmt"/>
        <line num="1284" count="7" type="stmt"/>
        <line num="1288" count="290" type="stmt"/>
        <line num="1295" count="290" type="stmt"/>
        <line num="1296" count="5" type="cond" truecount="4" falsecount="0"/>
        <line num="1297" count="4" type="stmt"/>
        <line num="1299" count="4" type="cond" truecount="2" falsecount="0"/>
        <line num="1300" count="2" type="stmt"/>
        <line num="1301" count="2" type="cond" truecount="1" falsecount="1"/>
        <line num="1302" count="2" type="stmt"/>
        <line num="1306" count="290" type="stmt"/>
        <line num="1308" count="290" type="stmt"/>
        <line num="1310" count="3" type="cond" truecount="2" falsecount="0"/>
        <line num="1313" count="3" type="stmt"/>
        <line num="1319" count="3" type="stmt"/>
        <line num="1322" count="3" type="stmt"/>
        <line num="1323" count="3" type="stmt"/>
        <line num="1324" count="3" type="stmt"/>
        <line num="1325" count="3" type="stmt"/>
        <line num="1326" count="3" type="stmt"/>
        <line num="1328" count="3" type="stmt"/>
        <line num="1329" count="3" type="stmt"/>
        <line num="1332" count="290" type="stmt"/>
        <line num="1334" count="1" type="stmt"/>
        <line num="1336" count="1" type="stmt"/>
        <line num="1339" count="290" type="stmt"/>
        <line num="1340" count="290" type="stmt"/>
        <line num="1342" count="290" type="stmt"/>
        <line num="1343" count="290" type="stmt"/>
        <line num="1344" count="290" type="stmt"/>
        <line num="1345" count="290" type="stmt"/>
        <line num="1346" count="290" type="stmt"/>
        <line num="1353" count="491" type="stmt"/>
        <line num="1354" count="319" type="cond" truecount="2" falsecount="0"/>
        <line num="1356" count="45" type="stmt"/>
        <line num="1357" count="319" type="stmt"/>
        <line num="1358" count="319" type="cond" truecount="4" falsecount="0"/>
        <line num="1375" count="44" type="stmt"/>
        <line num="1376" count="44" type="stmt"/>
        <line num="1377" count="44" type="stmt"/>
        <line num="1378" count="44" type="cond" truecount="1" falsecount="1"/>
        <line num="1381" count="44" type="stmt"/>
        <line num="1382" count="9" type="stmt"/>
        <line num="1383" count="9" type="stmt"/>
        <line num="1384" count="9" type="stmt"/>
        <line num="1385" count="9" type="stmt"/>
        <line num="1386" count="0" type="cond" truecount="0" falsecount="2"/>
        <line num="1387" count="0" type="cond" truecount="0" falsecount="2"/>
        <line num="1388" count="0" type="stmt"/>
        <line num="1389" count="0" type="stmt"/>
        <line num="1392" count="9" type="cond" truecount="0" falsecount="2"/>
        <line num="1395" count="44" type="stmt"/>
        <line num="1396" count="4" type="cond" truecount="1" falsecount="1"/>
        <line num="1397" count="0" type="cond" truecount="0" falsecount="2"/>
        <line num="1398" count="0" type="cond" truecount="0" falsecount="2"/>
        <line num="1399" count="0" type="stmt"/>
        <line num="1401" count="0" type="stmt"/>
        <line num="1402" count="0" type="cond" truecount="0" falsecount="4"/>
        <line num="1403" count="0" type="stmt"/>
        <line num="1404" count="0" type="stmt"/>
        <line num="1405" count="0" type="cond" truecount="0" falsecount="2"/>
        <line num="1406" count="0" type="stmt"/>
        <line num="1409" count="0" type="stmt"/>
        <line num="1412" count="44" type="stmt"/>
        <line num="1413" count="5" type="cond" truecount="1" falsecount="1"/>
        <line num="1414" count="0" type="cond" truecount="0" falsecount="2"/>
        <line num="1415" count="0" type="cond" truecount="0" falsecount="2"/>
        <line num="1416" count="0" type="stmt"/>
        <line num="1417" count="0" type="cond" truecount="0" falsecount="4"/>
        <line num="1418" count="0" type="stmt"/>
        <line num="1419" count="0" type="stmt"/>
        <line num="1420" count="0" type="cond" truecount="0" falsecount="2"/>
        <line num="1421" count="0" type="stmt"/>
        <line num="1430" count="0" type="stmt"/>
        <line num="1431" count="0" type="stmt"/>
        <line num="1432" count="0" type="stmt"/>
        <line num="1433" count="0" type="stmt"/>
        <line num="1434" count="0" type="cond" truecount="0" falsecount="2"/>
        <line num="1436" count="0" type="stmt"/>
        <line num="1439" count="44" type="stmt"/>
        <line num="1440" count="4" type="cond" truecount="1" falsecount="1"/>
        <line num="1441" count="4" type="cond" truecount="1" falsecount="1"/>
        <line num="1442" count="4" type="stmt"/>
        <line num="1443" count="4" type="cond" truecount="1" falsecount="1"/>
        <line num="1444" count="4" type="stmt"/>
        <line num="1445" count="4" type="cond" truecount="1" falsecount="1"/>
        <line num="1446" count="4" type="stmt"/>
        <line num="1447" count="4" type="stmt"/>
        <line num="1448" count="4" type="stmt"/>
        <line num="1451" count="44" type="stmt"/>
        <line num="1452" count="11" type="cond" truecount="2" falsecount="0"/>
        <line num="1453" count="6" type="cond" truecount="2" falsecount="0"/>
        <line num="1454" count="5" type="stmt"/>
        <line num="1455" count="5" type="cond" truecount="1" falsecount="1"/>
        <line num="1456" count="5" type="stmt"/>
        <line num="1457" count="5" type="stmt"/>
        <line num="1458" count="5" type="stmt"/>
        <line num="1461" count="44" type="stmt"/>
        <line num="1462" count="44" type="stmt"/>
        <line num="1464" count="44" type="stmt"/>
        <line num="1465" count="44" type="stmt"/>
        <line num="1466" count="44" type="stmt"/>
        <line num="1489" count="491" type="stmt"/>
        <line num="1490" count="491" type="stmt"/>
        <line num="1491" count="491" type="stmt"/>
        <line num="1492" count="491" type="stmt"/>
        <line num="1493" count="491" type="stmt"/>
        <line num="1494" count="491" type="stmt"/>
        <line num="1495" count="491" type="stmt"/>
        <line num="1501" count="491" type="stmt"/>
        <line num="1502" count="321" type="cond" truecount="2" falsecount="0"/>
        <line num="1503" count="9" type="stmt"/>
        <line num="1504" count="9" type="stmt"/>
        <line num="1506" count="321" type="cond" truecount="2" falsecount="0"/>
        <line num="1507" count="2" type="stmt"/>
        <line num="1508" count="2" type="stmt"/>
        <line num="1510" count="321" type="stmt"/>
        <line num="1511" count="321" type="cond" truecount="2" falsecount="0"/>
        <line num="1512" count="8" type="stmt"/>
        <line num="1513" count="8" type="stmt"/>
        <line num="1527" count="491" type="stmt"/>
        <line num="1528" count="10" type="stmt"/>
        <line num="1529" count="10" type="stmt"/>
        <line num="1530" count="10" type="cond" truecount="3" falsecount="1"/>
        <line num="1531" count="10" type="stmt"/>
        <line num="1533" count="70" type="stmt"/>
        <line num="1534" count="10" type="stmt"/>
        <line num="1535" count="70" type="stmt"/>
        <line num="1537" count="10" type="stmt"/>
        <line num="1538" count="10" type="cond" truecount="2" falsecount="0"/>
        <line num="1539" count="9" type="stmt"/>
        <line num="1540" count="9" type="stmt"/>
        <line num="1541" count="9" type="stmt"/>
        <line num="1542" count="9" type="stmt"/>
        <line num="1543" count="2" type="stmt"/>
        <line num="1544" count="2" type="stmt"/>
        <line num="1545" count="1" type="stmt"/>
        <line num="1546" count="1" type="cond" truecount="1" falsecount="1"/>
        <line num="1556" count="491" type="stmt"/>
        <line num="1557" count="11" type="stmt"/>
        <line num="1558" count="11" type="cond" truecount="2" falsecount="0"/>
        <line num="1559" count="10" type="stmt"/>
        <line num="1560" count="10" type="stmt"/>
        <line num="1578" count="491" type="stmt"/>
        <line num="1579" count="162" type="stmt"/>
        <line num="1580" count="162" type="cond" truecount="1" falsecount="1"/>
        <line num="1582" count="162" type="stmt"/>
        <line num="1583" count="5" type="stmt"/>
        <line num="1584" count="5" type="cond" truecount="5" falsecount="0"/>
        <line num="1586" count="4" type="stmt"/>
        <line num="1587" count="4" type="cond" truecount="1" falsecount="1"/>
        <line num="1589" count="4" type="stmt"/>
        <line num="1590" count="4" type="cond" truecount="2" falsecount="0"/>
        <line num="1594" count="2" type="stmt"/>
        <line num="1595" count="5" type="stmt"/>
        <line num="1596" count="5" type="stmt"/>
        <line num="1599" count="162" type="stmt"/>
        <line num="1600" count="162" type="stmt"/>
        <line num="1610" count="491" type="stmt"/>
        <line num="1611" count="311" type="cond" truecount="2" falsecount="0"/>
        <line num="1612" count="266" type="stmt"/>
        <line num="1613" count="266" type="stmt"/>
        <line num="1615" count="45" type="stmt"/>
        <line num="1616" count="45" type="cond" truecount="1" falsecount="1"/>
        <line num="1617" count="0" type="stmt"/>
        <line num="1619" count="45" type="stmt"/>
        <line num="1648" count="491" type="stmt"/>
        <line num="1651" count="44" type="stmt"/>
        <line num="1655" count="44" type="cond" truecount="2" falsecount="0"/>
        <line num="1656" count="7" type="stmt"/>
        <line num="1666" count="37" type="stmt"/>
        <line num="1667" count="6" type="cond" truecount="1" falsecount="1"/>
        <line num="1670" count="6" type="cond" truecount="4" falsecount="0"/>
        <line num="1671" count="2" type="stmt"/>
        <line num="1672" count="2" type="stmt"/>
        <line num="1673" count="2" type="stmt"/>
        <line num="1677" count="4" type="cond" truecount="1" falsecount="1"/>
        <line num="1678" count="0" type="stmt"/>
        <line num="1679" count="0" type="stmt"/>
        <line num="1680" count="0" type="stmt"/>
        <line num="1681" count="0" type="stmt"/>
        <line num="1690" count="4" type="cond" truecount="2" falsecount="0"/>
        <line num="1691" count="1" type="stmt"/>
        <line num="1692" count="1" type="stmt"/>
        <line num="1693" count="1" type="stmt"/>
        <line num="1697" count="3" type="stmt"/>
        <line num="1700" count="3" type="stmt"/>
        <line num="1701" count="3" type="cond" truecount="5" falsecount="0"/>
        <line num="1703" count="2" type="stmt"/>
        <line num="1704" count="2" type="cond" truecount="1" falsecount="1"/>
        <line num="1706" count="2" type="stmt"/>
        <line num="1707" count="0" type="stmt"/>
        <line num="1710" count="37" type="stmt"/>
        <line num="1717" count="3" type="stmt"/>
        <line num="1718" count="3" type="cond" truecount="1" falsecount="1"/>
        <line num="1719" count="3" type="cond" truecount="4" falsecount="0"/>
        <line num="1720" count="2" type="stmt"/>
        <line num="1725" count="1" type="cond" truecount="1" falsecount="1"/>
        <line num="1726" count="1" type="stmt"/>
        <line num="1734" count="0" type="stmt"/>
        <line num="1745" count="5" type="stmt"/>
        <line num="1746" count="5" type="cond" truecount="1" falsecount="1"/>
        <line num="1747" count="5" type="stmt"/>
        <line num="1748" count="5" type="stmt"/>
        <line num="1759" count="0" type="cond" truecount="0" falsecount="2"/>
        <line num="1760" count="0" type="cond" truecount="0" falsecount="4"/>
        <line num="1761" count="0" type="stmt"/>
        <line num="1763" count="0" type="stmt"/>
        <line num="1764" count="0" type="cond" truecount="0" falsecount="2"/>
        <line num="1766" count="0" type="cond" truecount="0" falsecount="4"/>
        <line num="1767" count="0" type="stmt"/>
        <line num="1768" count="0" type="cond" truecount="0" falsecount="2"/>
        <line num="1771" count="0" type="stmt"/>
        <line num="1779" count="0" type="stmt"/>
        <line num="1782" count="11" type="stmt"/>
        <line num="1783" count="11" type="cond" truecount="2" falsecount="0"/>
        <line num="1784" count="10" type="cond" truecount="4" falsecount="0"/>
        <line num="1789" count="3" type="cond" truecount="2" falsecount="0"/>
        <line num="1790" count="2" type="stmt"/>
        <line num="1803" count="1" type="stmt"/>
        <line num="1805" count="7" type="cond" truecount="2" falsecount="0"/>
        <line num="1806" count="6" type="cond" truecount="1" falsecount="1"/>
        <line num="1808" count="6" type="stmt"/>
        <line num="1809" count="6" type="cond" truecount="1" falsecount="1"/>
        <line num="1810" count="6" type="stmt"/>
        <line num="1812" count="6" type="cond" truecount="2" falsecount="0"/>
        <line num="1813" count="6" type="cond" truecount="6" falsecount="0"/>
        <line num="1814" count="2" type="stmt"/>
        <line num="1817" count="4" type="stmt"/>
        <line num="1823" count="6" type="stmt"/>
        <line num="1824" count="6" type="stmt"/>
        <line num="1826" count="6" type="stmt"/>
        <line num="1827" count="3" type="cond" truecount="1" falsecount="1"/>
        <line num="1828" count="3" type="stmt"/>
        <line num="1829" count="2" type="stmt"/>
        <line num="1830" count="1" type="stmt"/>
        <line num="1832" count="6" type="cond" truecount="2" falsecount="0"/>
        <line num="1834" count="1" type="stmt"/>
        <line num="1838" count="491" type="stmt"/>
        <line num="1839" count="267" type="stmt"/>
        <line num="1863" count="491" type="cond" truecount="2" falsecount="0"/>
        <line num="1864" count="1" type="stmt"/>
        <line num="1889" count="490" type="stmt"/>
        <line num="1923" count="1" type="stmt"/>
        <line num="1981" count="63" type="stmt"/>
        <line num="2021" count="3" type="stmt"/>
        <line num="2027" count="99" type="stmt"/>
        <line num="2029" count="1" type="stmt"/>
        <line num="2039" count="1" type="stmt"/>
        <line num="2043" count="1" type="stmt"/>
        <line num="2048" count="1" type="stmt"/>
        <line num="2053" count="0" type="stmt"/>
        <line num="2058" count="0" type="stmt"/>
        <line num="2062" count="1" type="stmt"/>
      </file>
    </package>
    <package name="src-tauri">
      <metrics statements="8" coveredstatements="8" conditionals="0" coveredconditionals="0" methods="0" coveredmethods="0"/>
      <file name="tauri.conf.json" path="/home/runner/work/lattice/lattice/src-tauri/tauri.conf.json">
        <metrics statements="8" coveredstatements="8" conditionals="0" coveredconditionals="0" methods="0" coveredmethods="0"/>
        <line num="1" count="8" type="stmt"/>
        <line num="2" count="8" type="stmt"/>
        <line num="3" count="8" type="stmt"/>
        <line num="4" count="8" type="stmt"/>
        <line num="5" count="8" type="stmt"/>
        <line num="6" count="8" type="stmt"/>
        <line num="7" count="8" type="stmt"/>
        <line num="8" count="8" type="stmt"/>
      </file>
    </package>
    <package name="src.components">
      <metrics statements="457" coveredstatements="349" conditionals="354" coveredconditionals="245" methods="99" coveredmethods="80"/>
      <file name="Editor.tsx" path="/home/runner/work/lattice/lattice/src/components/Editor.tsx">
        <metrics statements="254" coveredstatements="152" conditionals="152" coveredconditionals="69" methods="44" coveredmethods="27"/>
        <line num="82" count="4" type="stmt"/>
        <line num="83" count="4" type="stmt"/>
        <line num="85" count="0" type="stmt"/>
        <line num="87" count="4" type="stmt"/>
        <line num="91" count="0" type="stmt"/>
        <line num="94" count="0" type="stmt"/>
        <line num="97" count="0" type="stmt"/>
        <line num="101" count="4" type="stmt"/>
        <line num="177" count="4" type="stmt"/>
        <line num="181" count="53" type="stmt"/>
        <line num="182" count="53" type="stmt"/>
        <line num="183" count="53" type="stmt"/>
        <line num="184" count="53" type="stmt"/>
        <line num="185" count="53" type="stmt"/>
        <line num="186" count="53" type="stmt"/>
        <line num="187" count="53" type="stmt"/>
        <line num="188" count="53" type="stmt"/>
        <line num="189" count="53" type="stmt"/>
        <line num="192" count="53" type="stmt"/>
        <line num="193" count="53" type="stmt"/>
        <line num="194" count="30" type="stmt"/>
        <line num="196" count="53" type="stmt"/>
        <line num="197" count="53" type="stmt"/>
        <line num="203" count="53" type="stmt"/>
        <line num="204" count="53" type="stmt"/>
        <line num="207" count="53" type="stmt"/>
        <line num="211" count="53" type="stmt"/>
        <line num="213" count="53" type="stmt"/>
        <line num="214" count="32" type="stmt"/>
        <line num="219" count="32" type="cond" truecount="2" falsecount="0"/>
        <line num="227" count="53" type="stmt"/>
        <line num="242" count="53" type="stmt"/>
        <line num="243" count="6" type="stmt"/>
        <line num="244" count="6" type="stmt"/>
        <line num="245" count="6" type="cond" truecount="2" falsecount="0"/>
        <line num="246" count="2" type="stmt"/>
        <line num="247" count="2" type="stmt"/>
        <line num="248" count="2" type="stmt"/>
        <line num="254" count="6" type="stmt"/>
        <line num="271" count="53" type="stmt"/>
        <line num="272" count="5" type="stmt"/>
        <line num="273" count="5" type="stmt"/>
        <line num="274" count="5" type="stmt"/>
        <line num="275" count="5" type="cond" truecount="3" falsecount="1"/>
        <line num="276" count="5" type="cond" truecount="2" falsecount="0"/>
        <line num="277" count="2" type="stmt"/>
        <line num="278" count="3" type="cond" truecount="2" falsecount="0"/>
        <line num="279" count="2" type="stmt"/>
        <line num="282" count="5" type="stmt"/>
        <line num="291" count="53" type="stmt"/>
        <line num="292" count="53" type="stmt"/>
        <line num="293" count="53" type="stmt"/>
        <line num="294" count="30" type="stmt"/>
        <line num="298" count="53" type="stmt"/>
        <line num="308" count="53" type="stmt"/>
        <line num="309" count="0" type="stmt"/>
        <line num="310" count="0" type="cond" truecount="0" falsecount="2"/>
        <line num="312" count="0" type="stmt"/>
        <line num="314" count="0" type="stmt"/>
        <line num="315" count="0" type="stmt"/>
        <line num="317" count="0" type="stmt"/>
        <line num="318" count="0" type="stmt"/>
        <line num="323" count="0" type="stmt"/>
        <line num="324" count="0" type="cond" truecount="0" falsecount="2"/>
        <line num="325" count="0" type="cond" truecount="0" falsecount="2"/>
        <line num="327" count="0" type="stmt"/>
        <line num="329" count="0" type="cond" truecount="0" falsecount="2"/>
        <line num="331" count="0" type="stmt"/>
        <line num="334" count="0" type="stmt"/>
        <line num="337" count="0" type="stmt"/>
        <line num="351" count="53" type="stmt"/>
        <line num="352" count="0" type="stmt"/>
        <line num="353" count="0" type="cond" truecount="0" falsecount="2"/>
        <line num="355" count="0" type="stmt"/>
        <line num="357" count="0" type="stmt"/>
        <line num="358" count="0" type="stmt"/>
        <line num="360" count="0" type="stmt"/>
        <line num="361" count="0" type="stmt"/>
        <line num="364" count="0" type="stmt"/>
        <line num="365" count="0" type="cond" truecount="0" falsecount="2"/>
        <line num="366" count="0" type="cond" truecount="0" falsecount="2"/>
        <line num="370" count="0" type="stmt"/>
        <line num="372" count="0" type="cond" truecount="0" falsecount="2"/>
        <line num="375" count="0" type="stmt"/>
        <line num="378" count="0" type="stmt"/>
        <line num="381" count="0" type="stmt"/>
        <line num="397" count="53" type="stmt"/>
        <line num="398" count="6" type="stmt"/>
        <line num="399" count="6" type="cond" truecount="1" falsecount="1"/>
        <line num="401" count="6" type="stmt"/>
        <line num="406" count="6" type="stmt"/>
        <line num="407" count="6" type="stmt"/>
        <line num="408" count="6" type="stmt"/>
        <line num="409" count="6" type="cond" truecount="1" falsecount="1"/>
        <line num="410" count="0" type="stmt"/>
        <line num="411" count="0" type="stmt"/>
        <line num="412" count="0" type="cond" truecount="0" falsecount="4"/>
        <line num="418" count="6" type="stmt"/>
        <line num="419" count="6" type="cond" truecount="2" falsecount="0"/>
        <line num="423" count="1" type="stmt"/>
        <line num="424" count="1" type="stmt"/>
        <line num="427" count="5" type="stmt"/>
        <line num="428" count="5" type="cond" truecount="1" falsecount="1"/>
        <line num="429" count="5" type="cond" truecount="1" falsecount="1"/>
        <line num="431" count="0" type="stmt"/>
        <line num="433" count="5" type="cond" truecount="2" falsecount="0"/>
        <line num="435" count="1" type="stmt"/>
        <line num="438" count="4" type="stmt"/>
        <line num="441" count="4" type="stmt"/>
        <line num="445" count="53" type="stmt"/>
        <line num="447" count="0" type="cond" truecount="0" falsecount="2"/>
        <line num="448" count="0" type="stmt"/>
        <line num="449" count="0" type="stmt"/>
        <line num="453" count="23" type="cond" truecount="1" falsecount="1"/>
        <line num="456" count="0" type="cond" truecount="0" falsecount="2"/>
        <line num="459" count="0" type="stmt"/>
        <line num="460" count="0" type="cond" truecount="0" falsecount="2"/>
        <line num="461" count="0" type="stmt"/>
        <line num="462" count="0" type="stmt"/>
        <line num="465" count="0" type="stmt"/>
        <line num="466" count="0" type="cond" truecount="0" falsecount="2"/>
        <line num="467" count="0" type="stmt"/>
        <line num="468" count="0" type="stmt"/>
        <line num="469" count="0" type="stmt"/>
        <line num="476" count="0" type="stmt"/>
        <line num="479" count="2" type="cond" truecount="1" falsecount="1"/>
        <line num="482" count="0" type="cond" truecount="0" falsecount="2"/>
        <line num="491" count="0" type="stmt"/>
        <line num="492" count="0" type="cond" truecount="0" falsecount="2"/>
        <line num="493" count="0" type="stmt"/>
        <line num="494" count="0" type="stmt"/>
        <line num="495" count="0" type="stmt"/>
        <line num="498" count="0" type="stmt"/>
        <line num="499" count="0" type="cond" truecount="0" falsecount="2"/>
        <line num="500" count="0" type="stmt"/>
        <line num="501" count="0" type="cond" truecount="0" falsecount="5"/>
        <line num="502" count="0" type="stmt"/>
        <line num="505" count="0" type="stmt"/>
        <line num="506" count="0" type="stmt"/>
        <line num="507" count="0" type="cond" truecount="0" falsecount="2"/>
        <line num="508" count="0" type="stmt"/>
        <line num="509" count="0" type="stmt"/>
        <line num="510" count="0" type="cond" truecount="0" falsecount="2"/>
        <line num="511" count="0" type="stmt"/>
        <line num="512" count="0" type="stmt"/>
        <line num="513" count="0" type="stmt"/>
        <line num="514" count="0" type="stmt"/>
        <line num="518" count="0" type="stmt"/>
        <line num="519" count="0" type="cond" truecount="0" falsecount="2"/>
        <line num="524" count="0" type="stmt"/>
        <line num="525" count="0" type="stmt"/>
        <line num="527" count="0" type="stmt"/>
        <line num="528" count="0" type="stmt"/>
        <line num="531" count="3" type="stmt"/>
        <line num="532" count="1" type="stmt"/>
        <line num="535" count="53" type="stmt"/>
        <line num="593" count="0" type="stmt"/>
        <line num="594" count="0" type="stmt"/>
        <line num="611" count="0" type="stmt"/>
        <line num="612" count="0" type="stmt"/>
        <line num="625" count="1" type="stmt"/>
        <line num="626" count="1" type="stmt"/>
        <line num="633" count="1" type="stmt"/>
        <line num="634" count="1" type="stmt"/>
        <line num="659" count="209" type="cond" truecount="3" falsecount="2"/>
        <line num="660" count="0" type="stmt"/>
        <line num="664" count="209" type="cond" truecount="2" falsecount="0"/>
        <line num="665" count="7" type="stmt"/>
        <line num="666" count="7" type="stmt"/>
        <line num="667" count="7" type="stmt"/>
        <line num="673" count="209" type="cond" truecount="4" falsecount="0"/>
        <line num="674" count="26" type="stmt"/>
        <line num="675" count="26" type="cond" truecount="2" falsecount="0"/>
        <line num="676" count="23" type="stmt"/>
        <line num="677" count="23" type="stmt"/>
        <line num="686" count="10" type="stmt"/>
        <line num="687" count="10" type="cond" truecount="1" falsecount="1"/>
        <line num="688" count="10" type="stmt"/>
        <line num="689" count="0" type="cond" truecount="0" falsecount="2"/>
        <line num="690" count="0" type="stmt"/>
        <line num="691" count="0" type="cond" truecount="0" falsecount="4"/>
        <line num="692" count="0" type="stmt"/>
        <line num="693" count="0" type="stmt"/>
        <line num="694" count="0" type="stmt"/>
        <line num="696" count="0" type="stmt"/>
        <line num="697" count="0" type="cond" truecount="0" falsecount="2"/>
        <line num="698" count="0" type="stmt"/>
        <line num="699" count="0" type="stmt"/>
        <line num="700" count="0" type="stmt"/>
        <line num="702" count="0" type="stmt"/>
        <line num="704" count="0" type="stmt"/>
        <line num="705" count="0" type="stmt"/>
        <line num="709" count="0" type="stmt"/>
        <line num="710" count="0" type="stmt"/>
        <line num="711" count="0" type="cond" truecount="0" falsecount="2"/>
        <line num="712" count="0" type="stmt"/>
        <line num="728" count="10" type="cond" truecount="1" falsecount="1"/>
        <line num="729" count="10" type="cond" truecount="1" falsecount="1"/>
        <line num="730" count="10" type="cond" truecount="2" falsecount="0"/>
        <line num="731" count="9" type="stmt"/>
        <line num="732" count="9" type="stmt"/>
        <line num="733" count="9" type="stmt"/>
        <line num="734" count="9" type="stmt"/>
        <line num="735" count="9" type="stmt"/>
        <line num="737" count="1" type="stmt"/>
        <line num="739" count="9" type="cond" truecount="4" falsecount="0"/>
        <line num="740" count="2" type="stmt"/>
        <line num="741" count="2" type="stmt"/>
        <line num="743" count="7" type="stmt"/>
        <line num="752" count="53" type="stmt"/>
        <line num="753" count="30" type="cond" truecount="1" falsecount="1"/>
        <line num="755" count="30" type="stmt"/>
        <line num="760" count="30" type="stmt"/>
        <line num="765" count="30" type="stmt"/>
        <line num="768" count="30" type="stmt"/>
        <line num="770" count="30" type="stmt"/>
        <line num="771" count="30" type="stmt"/>
        <line num="786" count="53" type="stmt"/>
        <line num="789" count="37" type="cond" truecount="4" falsecount="0"/>
        <line num="790" count="30" type="stmt"/>
        <line num="791" count="30" type="stmt"/>
        <line num="792" count="30" type="stmt"/>
        <line num="794" count="7" type="stmt"/>
        <line num="796" count="7" type="stmt"/>
        <line num="797" count="7" type="stmt"/>
        <line num="798" count="7" type="stmt"/>
        <line num="799" count="7" type="stmt"/>
        <line num="800" count="7" type="stmt"/>
        <line num="801" count="7" type="cond" truecount="3" falsecount="1"/>
        <line num="802" count="7" type="cond" truecount="2" falsecount="0"/>
        <line num="808" count="6" type="cond" truecount="2" falsecount="0"/>
        <line num="814" count="37" type="stmt"/>
        <line num="819" count="37" type="stmt"/>
        <line num="822" count="37" type="stmt"/>
        <line num="823" count="37" type="stmt"/>
        <line num="828" count="53" type="stmt"/>
        <line num="829" count="30" type="cond" truecount="1" falsecount="1"/>
        <line num="830" count="30" type="stmt"/>
        <line num="839" count="53" type="stmt"/>
        <line num="840" count="30" type="cond" truecount="1" falsecount="1"/>
        <line num="841" count="30" type="stmt"/>
        <line num="850" count="53" type="stmt"/>
        <line num="851" count="30" type="cond" truecount="1" falsecount="1"/>
        <line num="852" count="30" type="stmt"/>
        <line num="861" count="53" type="stmt"/>
        <line num="862" count="30" type="cond" truecount="1" falsecount="1"/>
        <line num="863" count="30" type="stmt"/>
        <line num="872" count="53" type="stmt"/>
        <line num="873" count="30" type="cond" truecount="1" falsecount="1"/>
        <line num="874" count="30" type="stmt"/>
        <line num="883" count="53" type="stmt"/>
        <line num="884" count="30" type="cond" truecount="1" falsecount="1"/>
        <line num="885" count="30" type="stmt"/>
        <line num="893" count="53" type="stmt"/>
      </file>
      <file name="HighlightedCode.tsx" path="/home/runner/work/lattice/lattice/src/components/HighlightedCode.tsx">
        <metrics statements="17" coveredstatements="17" conditionals="10" coveredconditionals="9" methods="7" coveredmethods="7"/>
        <line num="47" count="9" type="stmt"/>
        <line num="54" count="5" type="stmt"/>
        <line num="55" count="5" type="cond" truecount="2" falsecount="0"/>
        <line num="56" count="4" type="cond" truecount="2" falsecount="0"/>
        <line num="57" count="4" type="stmt"/>
        <line num="59" count="5" type="stmt"/>
        <line num="72" count="9" type="stmt"/>
        <line num="74" count="9" type="stmt"/>
        <line num="75" count="5" type="stmt"/>
        <line num="76" count="5" type="stmt"/>
        <line num="78" count="5" type="cond" truecount="1" falsecount="1"/>
        <line num="80" count="5" type="stmt"/>
        <line num="84" count="9" type="cond" truecount="2" falsecount="0"/>
        <line num="85" count="4" type="stmt"/>
        <line num="88" count="5" type="stmt"/>
        <line num="89" count="5" type="stmt"/>
        <line num="92" count="19" type="cond" truecount="2" falsecount="0"/>
      </file>
      <file name="Menu.tsx" path="/home/runner/work/lattice/lattice/src/components/Menu.tsx">
        <metrics statements="49" coveredstatements="49" conditionals="55" coveredconditionals="50" methods="17" coveredmethods="17"/>
        <line num="40" count="9" type="stmt"/>
        <line num="41" count="568" type="stmt"/>
        <line num="42" count="568" type="stmt"/>
        <line num="43" count="568" type="stmt"/>
        <line num="45" count="568" type="stmt"/>
        <line num="46" count="57" type="stmt"/>
        <line num="47" count="57" type="cond" truecount="2" falsecount="0"/>
        <line num="50" count="568" type="stmt"/>
        <line num="51" count="12" type="stmt"/>
        <line num="52" count="12" type="stmt"/>
        <line num="58" count="568" type="stmt"/>
        <line num="59" count="4" type="cond" truecount="3" falsecount="1"/>
        <line num="60" count="4" type="stmt"/>
        <line num="64" count="568" type="stmt"/>
        <line num="65" count="189" type="stmt"/>
        <line num="66" count="189" type="stmt"/>
        <line num="67" count="189" type="stmt"/>
        <line num="71" count="568" type="stmt"/>
        <line num="72" count="67" type="stmt"/>
        <line num="73" count="626" type="cond" truecount="1" falsecount="1"/>
        <line num="74" count="626" type="stmt"/>
        <line num="76" count="626" type="cond" truecount="2" falsecount="0"/>
        <line num="77" count="83" type="stmt"/>
        <line num="80" count="543" type="stmt"/>
        <line num="84" count="38" type="cond" truecount="2" falsecount="0"/>
        <line num="85" count="37" type="cond" truecount="2" falsecount="0"/>
        <line num="86" count="12" type="stmt"/>
        <line num="87" count="25" type="cond" truecount="1" falsecount="1"/>
        <line num="88" count="25" type="stmt"/>
        <line num="89" count="25" type="stmt"/>
        <line num="113" count="5" type="cond" truecount="2" falsecount="0"/>
        <line num="114" count="4" type="cond" truecount="2" falsecount="0"/>
        <line num="115" count="4" type="stmt"/>
        <line num="119" count="2" type="cond" truecount="1" falsecount="1"/>
        <line num="120" count="2" type="stmt"/>
        <line num="121" count="2" type="cond" truecount="2" falsecount="0"/>
        <line num="139" count="18" type="stmt"/>
        <line num="142" count="2" type="cond" truecount="1" falsecount="1"/>
        <line num="143" count="2" type="stmt"/>
        <line num="144" count="2" type="stmt"/>
        <line num="154" count="3" type="cond" truecount="2" falsecount="0"/>
        <line num="157" count="1" type="stmt"/>
        <line num="171" count="568" type="stmt"/>
        <line num="172" count="18" type="cond" truecount="2" falsecount="0"/>
        <line num="173" count="1" type="stmt"/>
        <line num="174" count="1" type="stmt"/>
        <line num="175" count="1" type="stmt"/>
        <line num="177" count="17" type="stmt"/>
        <line num="181" count="568" type="stmt"/>
      </file>
      <file name="Mermaid.tsx" path="/home/runner/work/lattice/lattice/src/components/Mermaid.tsx">
        <metrics statements="60" coveredstatements="57" conditionals="47" coveredconditionals="37" methods="10" coveredmethods="10"/>
        <line num="33" count="36" type="stmt"/>
        <line num="34" count="36" type="cond" truecount="2" falsecount="0"/>
        <line num="35" count="8" type="stmt"/>
        <line num="36" count="8" type="stmt"/>
        <line num="38" count="8" type="stmt"/>
        <line num="41" count="8" type="stmt"/>
        <line num="43" count="1" type="stmt"/>
        <line num="75" count="8" type="stmt"/>
        <line num="76" count="8" type="cond" truecount="2" falsecount="0"/>
        <line num="77" count="8" type="stmt"/>
        <line num="78" count="8" type="stmt"/>
        <line num="79" count="8" type="stmt"/>
        <line num="81" count="7" type="stmt"/>
        <line num="82" count="7" type="stmt"/>
        <line num="83" count="7" type="stmt"/>
        <line num="86" count="1" type="stmt"/>
        <line num="87" count="1" type="stmt"/>
        <line num="95" count="9" type="cond" truecount="1" falsecount="0"/>
        <line num="96" count="52" type="stmt"/>
        <line num="97" count="52" type="stmt"/>
        <line num="99" count="52" type="stmt"/>
        <line num="104" count="28" type="cond" truecount="2" falsecount="0"/>
        <line num="105" count="28" type="stmt"/>
        <line num="112" count="28" type="stmt"/>
        <line num="113" count="28" type="cond" truecount="4" falsecount="0"/>
        <line num="114" count="27" type="stmt"/>
        <line num="115" count="27" type="stmt"/>
        <line num="116" count="27" type="stmt"/>
        <line num="117" count="24" type="stmt"/>
        <line num="119" count="3" type="stmt"/>
        <line num="120" count="3" type="cond" truecount="2" falsecount="0"/>
        <line num="125" count="28" type="stmt"/>
        <line num="147" count="52" type="stmt"/>
        <line num="148" count="52" type="stmt"/>
        <line num="149" count="52" type="cond" truecount="4" falsecount="0"/>
        <line num="151" count="27" type="cond" truecount="2" falsecount="0"/>
        <line num="152" count="52" type="cond" truecount="2" falsecount="0"/>
        <line num="154" count="52" type="stmt"/>
        <line num="156" count="52" type="stmt"/>
        <line num="157" count="9" type="cond" truecount="1" falsecount="1"/>
        <line num="158" count="9" type="cond" truecount="3" falsecount="1"/>
        <line num="159" count="0" type="stmt"/>
        <line num="160" count="0" type="cond" truecount="0" falsecount="2"/>
        <line num="161" count="0" type="cond" truecount="0" falsecount="2"/>
        <line num="164" count="52" type="stmt"/>
        <line num="165" count="9" type="stmt"/>
        <line num="166" count="9" type="cond" truecount="3" falsecount="1"/>
        <line num="171" count="9" type="stmt"/>
        <line num="173" count="9" type="cond" truecount="2" falsecount="0"/>
        <line num="174" count="1" type="stmt"/>
        <line num="175" count="1" type="stmt"/>
        <line num="178" count="8" type="stmt"/>
        <line num="179" count="8" type="cond" truecount="1" falsecount="1"/>
        <line num="180" count="8" type="cond" truecount="2" falsecount="0"/>
        <line num="184" count="52" type="stmt"/>
        <line num="187" count="52" type="cond" truecount="1" falsecount="1"/>
        <line num="189" count="52" type="stmt"/>
        <line num="190" count="27" type="stmt"/>
        <line num="191" count="27" type="cond" truecount="1" falsecount="1"/>
        <line num="196" count="52" type="stmt"/>
      </file>
      <file name="PasteTableDialog.tsx" path="/home/runner/work/lattice/lattice/src/components/PasteTableDialog.tsx">
        <metrics statements="23" coveredstatements="23" conditionals="28" coveredconditionals="19" methods="6" coveredmethods="6"/>
        <line num="29" count="5" type="stmt"/>
        <line num="61" count="5" type="stmt"/>
        <line num="68" count="18" type="stmt"/>
        <line num="69" count="18" type="stmt"/>
        <line num="73" count="18" type="stmt"/>
        <line num="74" count="18" type="stmt"/>
        <line num="80" count="18" type="stmt"/>
        <line num="81" count="3" type="cond" truecount="2" falsecount="0"/>
        <line num="82" count="1" type="stmt"/>
        <line num="83" count="1" type="stmt"/>
        <line num="84" count="1" type="stmt"/>
        <line num="85" count="2" type="cond" truecount="2" falsecount="0"/>
        <line num="86" count="1" type="stmt"/>
        <line num="87" count="1" type="stmt"/>
        <line num="88" count="1" type="stmt"/>
        <line num="93" count="18" type="stmt"/>
        <line num="94" count="18" type="stmt"/>
        <line num="95" count="18" type="stmt"/>
        <line num="97" count="18" type="stmt"/>
        <line num="105" count="18" type="stmt"/>
        <line num="163" count="3" type="stmt"/>
        <line num="174" count="3" type="stmt"/>
        <line num="184" count="3" type="stmt"/>
      </file>
      <file name="Settings.tsx" path="/home/runner/work/lattice/lattice/src/components/Settings.tsx">
        <metrics statements="54" coveredstatements="51" conditionals="62" coveredconditionals="61" methods="15" coveredmethods="13"/>
        <line num="77" count="9" type="stmt"/>
        <line num="78" count="456" type="stmt"/>
        <line num="130" count="9" type="stmt"/>
        <line num="131" count="76" type="stmt"/>
        <line num="145" count="76" type="stmt"/>
        <line num="146" count="23" type="stmt"/>
        <line num="159" count="23" type="stmt"/>
        <line num="160" count="23" type="stmt"/>
        <line num="161" count="22" type="stmt"/>
        <line num="162" count="22" type="stmt"/>
        <line num="164" count="1" type="stmt"/>
        <line num="165" count="1" type="stmt"/>
        <line num="170" count="76" type="stmt"/>
        <line num="171" count="5" type="stmt"/>
        <line num="172" count="5" type="stmt"/>
        <line num="175" count="76" type="stmt"/>
        <line num="176" count="3" type="stmt"/>
        <line num="177" count="3" type="stmt"/>
        <line num="178" count="3" type="stmt"/>
        <line num="181" count="76" type="stmt"/>
        <line num="182" count="2" type="stmt"/>
        <line num="183" count="2" type="stmt"/>
        <line num="184" count="2" type="stmt"/>
        <line num="187" count="76" type="stmt"/>
        <line num="188" count="3" type="stmt"/>
        <line num="189" count="3" type="stmt"/>
        <line num="190" count="3" type="stmt"/>
        <line num="194" count="76" type="stmt"/>
        <line num="195" count="3" type="stmt"/>
        <line num="196" count="3" type="stmt"/>
        <line num="197" count="3" type="stmt"/>
        <line num="204" count="76" type="stmt"/>
        <line num="205" count="4" type="stmt"/>
        <line num="206" count="4" type="cond" truecount="2" falsecount="0"/>
        <line num="207" count="3" type="stmt"/>
        <line num="208" count="3" type="stmt"/>
        <line num="209" count="3" type="stmt"/>
        <line num="212" count="76" type="stmt"/>
        <line num="213" count="0" type="stmt"/>
        <line num="214" count="0" type="stmt"/>
        <line num="215" count="0" type="stmt"/>
        <line num="218" count="76" type="stmt"/>
        <line num="219" count="2" type="stmt"/>
        <line num="220" count="2" type="stmt"/>
        <line num="221" count="2" type="stmt"/>
        <line num="225" count="76" type="stmt"/>
        <line num="226" count="2" type="stmt"/>
        <line num="227" count="2" type="stmt"/>
        <line num="228" count="2" type="stmt"/>
        <line num="231" count="76" type="stmt"/>
        <line num="289" count="5" type="cond" truecount="2" falsecount="0"/>
        <line num="420" count="3" type="cond" truecount="2" falsecount="0"/>
        <line num="421" count="2" type="stmt"/>
        <line num="423" count="1" type="stmt"/>
      </file>
    </package>
    <package name="src.editor-extensions">
      <metrics statements="229" coveredstatements="229" conditionals="161" coveredconditionals="156" methods="31" coveredmethods="31"/>
      <file name="gfm-linter.ts" path="/home/runner/work/lattice/lattice/src/editor-extensions/gfm-linter.ts">
        <metrics statements="147" coveredstatements="147" conditionals="121" coveredconditionals="117" methods="13" coveredmethods="13"/>
        <line num="16" count="15" type="stmt"/>
        <line num="17" count="15" type="stmt"/>
        <line num="19" count="15" type="stmt"/>
        <line num="32" count="4" type="stmt"/>
        <line num="33" count="4" type="stmt"/>
        <line num="35" count="4" type="stmt"/>
        <line num="36" count="12" type="cond" truecount="4" falsecount="0"/>
        <line num="37" count="8" type="stmt"/>
        <line num="38" count="8" type="stmt"/>
        <line num="40" count="8" type="cond" truecount="2" falsecount="0"/>
        <line num="41" count="4" type="stmt"/>
        <line num="42" count="4" type="cond" truecount="4" falsecount="0"/>
        <line num="43" count="2" type="stmt"/>
        <line num="53" count="12" type="stmt"/>
        <line num="71" count="221" type="cond" truecount="2" falsecount="0"/>
        <line num="74" count="5" type="stmt"/>
        <line num="75" count="204" type="cond" truecount="2" falsecount="0"/>
        <line num="103" count="169" type="stmt"/>
        <line num="104" count="169" type="cond" truecount="2" falsecount="0"/>
        <line num="107" count="37" type="stmt"/>
        <line num="108" count="37" type="stmt"/>
        <line num="109" count="37" type="cond" truecount="2" falsecount="0"/>
        <line num="110" count="37" type="cond" truecount="2" falsecount="0"/>
        <line num="111" count="36" type="cond" truecount="2" falsecount="0"/>
        <line num="114" count="23" type="cond" truecount="2" falsecount="0"/>
        <line num="116" count="22" type="stmt"/>
        <line num="117" count="22" type="cond" truecount="2" falsecount="0"/>
        <line num="118" count="1" type="stmt"/>
        <line num="123" count="21" type="stmt"/>
        <line num="124" count="21" type="cond" truecount="2" falsecount="0"/>
        <line num="125" count="4" type="stmt"/>
        <line num="129" count="17" type="cond" truecount="5" falsecount="0"/>
        <line num="132" count="16" type="stmt"/>
        <line num="133" count="16" type="cond" truecount="4" falsecount="0"/>
        <line num="134" count="7" type="stmt"/>
        <line num="136" count="9" type="stmt"/>
        <line num="163" count="156" type="stmt"/>
        <line num="164" count="156" type="cond" truecount="2" falsecount="0"/>
        <line num="165" count="156" type="cond" truecount="2" falsecount="0"/>
        <line num="167" count="98" type="stmt"/>
        <line num="168" count="22" type="cond" truecount="2" falsecount="0"/>
        <line num="169" count="3" type="stmt"/>
        <line num="172" count="95" type="stmt"/>
        <line num="196" count="43" type="stmt"/>
        <line num="197" count="43" type="stmt"/>
        <line num="198" count="43" type="stmt"/>
        <line num="199" count="43" type="stmt"/>
        <line num="211" count="43" type="stmt"/>
        <line num="212" count="43" type="stmt"/>
        <line num="213" count="43" type="stmt"/>
        <line num="214" count="268" type="stmt"/>
        <line num="215" count="268" type="cond" truecount="2" falsecount="0"/>
        <line num="216" count="268" type="cond" truecount="4" falsecount="0"/>
        <line num="217" count="16" type="stmt"/>
        <line num="218" count="16" type="stmt"/>
        <line num="221" count="43" type="stmt"/>
        <line num="225" count="12" type="cond" truecount="2" falsecount="0"/>
        <line num="227" count="43" type="stmt"/>
        <line num="228" count="43" type="stmt"/>
        <line num="232" count="43" type="stmt"/>
        <line num="233" count="43" type="stmt"/>
        <line num="236" count="43" type="stmt"/>
        <line num="237" count="325" type="stmt"/>
        <line num="243" count="325" type="cond" truecount="4" falsecount="0"/>
        <line num="244" count="2" type="cond" truecount="2" falsecount="0"/>
        <line num="245" count="2" type="stmt"/>
        <line num="259" count="325" type="cond" truecount="2" falsecount="0"/>
        <line num="260" count="1" type="stmt"/>
        <line num="272" count="325" type="cond" truecount="2" falsecount="0"/>
        <line num="273" count="1" type="stmt"/>
        <line num="288" count="325" type="cond" truecount="2" falsecount="0"/>
        <line num="289" count="11" type="stmt"/>
        <line num="290" count="11" type="stmt"/>
        <line num="291" count="11" type="cond" truecount="2" falsecount="0"/>
        <line num="292" count="7" type="stmt"/>
        <line num="302" count="4" type="stmt"/>
        <line num="315" count="325" type="cond" truecount="2" falsecount="0"/>
        <line num="316" count="4" type="stmt"/>
        <line num="323" count="325" type="cond" truecount="4" falsecount="0"/>
        <line num="324" count="13" type="stmt"/>
        <line num="325" count="13" type="cond" truecount="2" falsecount="0"/>
        <line num="326" count="2" type="stmt"/>
        <line num="339" count="325" type="cond" truecount="2" falsecount="0"/>
        <line num="340" count="8" type="stmt"/>
        <line num="341" count="8" type="stmt"/>
        <line num="342" count="8" type="stmt"/>
        <line num="343" count="17" type="cond" truecount="2" falsecount="0"/>
        <line num="344" count="10" type="stmt"/>
        <line num="346" count="8" type="cond" truecount="2" falsecount="0"/>
        <line num="347" count="1" type="stmt"/>
        <line num="348" count="1" type="stmt"/>
        <line num="361" count="325" type="cond" truecount="2" falsecount="0"/>
        <line num="362" count="2" type="stmt"/>
        <line num="364" count="2" type="stmt"/>
        <line num="365" count="2" type="cond" truecount="4" falsecount="0"/>
        <line num="366" count="1" type="stmt"/>
        <line num="379" count="325" type="cond" truecount="2" falsecount="0"/>
        <line num="380" count="13" type="stmt"/>
        <line num="382" count="13" type="stmt"/>
        <line num="388" count="13" type="stmt"/>
        <line num="393" count="43" type="stmt"/>
        <line num="394" count="13" type="cond" truecount="2" falsecount="0"/>
        <line num="395" count="2" type="stmt"/>
        <line num="396" count="2" type="stmt"/>
        <line num="406" count="11" type="stmt"/>
        <line num="417" count="43" type="stmt"/>
        <line num="419" count="43" type="stmt"/>
        <line num="420" count="5" type="cond" truecount="2" falsecount="0"/>
        <line num="421" count="2" type="stmt"/>
        <line num="436" count="43" type="stmt"/>
        <line num="437" count="43" type="stmt"/>
        <line num="438" count="1" type="cond" truecount="1" falsecount="1"/>
        <line num="439" count="1" type="stmt"/>
        <line num="453" count="43" type="stmt"/>
        <line num="454" count="43" type="stmt"/>
        <line num="455" count="43" type="stmt"/>
        <line num="456" count="43" type="stmt"/>
        <line num="457" count="43" type="stmt"/>
        <line num="459" count="43" type="stmt"/>
        <line num="460" count="153" type="stmt"/>
        <line num="461" count="153" type="cond" truecount="2" falsecount="0"/>
        <line num="462" count="15" type="stmt"/>
        <line num="463" count="15" type="stmt"/>
        <line num="465" count="15" type="cond" truecount="2" falsecount="0"/>
        <line num="467" count="8" type="stmt"/>
        <line num="468" count="8" type="stmt"/>
        <line num="469" count="8" type="stmt"/>
        <line num="470" count="7" type="cond" truecount="3" falsecount="1"/>
        <line num="472" count="7" type="stmt"/>
        <line num="473" count="7" type="cond" truecount="1" falsecount="1"/>
        <line num="474" count="7" type="stmt"/>
        <line num="478" count="153" type="stmt"/>
        <line num="481" count="43" type="cond" truecount="2" falsecount="0"/>
        <line num="482" count="1" type="stmt"/>
        <line num="483" count="1" type="stmt"/>
        <line num="501" count="43" type="stmt"/>
        <line num="502" count="153" type="stmt"/>
        <line num="504" count="153" type="cond" truecount="2" falsecount="0"/>
        <line num="505" count="153" type="cond" truecount="2" falsecount="0"/>
        <line num="507" count="6" type="stmt"/>
        <line num="508" count="6" type="cond" truecount="2" falsecount="0"/>
        <line num="510" count="5" type="stmt"/>
        <line num="511" count="5" type="stmt"/>
        <line num="513" count="5" type="cond" truecount="2" falsecount="0"/>
        <line num="526" count="153" type="stmt"/>
        <line num="535" count="43" type="stmt"/>
        <line num="539" count="5" type="stmt"/>
      </file>
      <file name="show-whitespace.ts" path="/home/runner/work/lattice/lattice/src/editor-extensions/show-whitespace.ts">
        <metrics statements="14" coveredstatements="14" conditionals="4" coveredconditionals="4" methods="5" coveredmethods="5"/>
        <line num="62" count="5" type="stmt"/>
        <line num="121" count="5" type="stmt"/>
        <line num="124" count="9" type="stmt"/>
        <line num="125" count="9" type="cond" truecount="2" falsecount="0"/>
        <line num="126" count="3" type="stmt"/>
        <line num="132" count="3" type="stmt"/>
        <line num="134" count="9" type="stmt"/>
        <line num="152" count="5" type="stmt"/>
        <line num="156" count="9" type="stmt"/>
        <line num="159" count="5" type="stmt"/>
        <line num="164" count="15" type="stmt"/>
        <line num="168" count="1" type="stmt"/>
        <line num="171" count="16" type="stmt"/>
        <line num="186" count="5" type="stmt"/>
      </file>
[...]
        <line num="58" count="1" type="stmt"/>
        <line num="61" count="6" type="cond" truecount="4" falsecount="0"/>
        <line num="62" count="4" type="stmt"/>
        <line num="66" count="4" type="stmt"/>
      </file>
      <file name="preview-copy.ts" path="/home/runner/work/lattice/lattice/src/lib/preview-copy.ts">
        <metrics statements="24" coveredstatements="24" conditionals="12" coveredconditionals="12" methods="5" coveredmethods="5"/>
        <line num="57" count="10" type="stmt"/>
        <line num="60" count="10" type="stmt"/>
        <line num="67" count="9" type="stmt"/>
        <line num="81" count="12" type="stmt"/>
        <line num="98" count="10" type="stmt"/>
        <line num="99" count="10" type="stmt"/>
        <line num="101" count="10" type="stmt"/>
        <line num="102" count="11" type="stmt"/>
        <line num="103" count="11" type="cond" truecount="4" falsecount="0"/>
        <line num="105" count="9" type="stmt"/>
        <line num="106" count="9" type="stmt"/>
        <line num="107" count="9" type="stmt"/>
        <line num="111" count="9" type="stmt"/>
        <line num="112" count="9" type="stmt"/>
        <line num="113" count="9" type="cond" truecount="2" falsecount="0"/>
        <line num="114" count="9" type="cond" truecount="2" falsecount="0"/>
        <line num="116" count="9" type="stmt"/>
        <line num="117" count="9" type="stmt"/>
        <line num="120" count="10" type="stmt"/>
        <line num="133" count="9" type="cond" truecount="2" falsecount="0"/>
        <line num="134" count="6" type="cond" truecount="2" falsecount="0"/>
        <line num="136" count="5" type="stmt"/>
        <line num="137" count="5" type="stmt"/>
        <line num="138" count="5" type="stmt"/>
      </file>
      <file name="preview-theme.ts" path="/home/runner/work/lattice/lattice/src/lib/preview-theme.ts">
        <metrics statements="1" coveredstatements="1" conditionals="0" coveredconditionals="0" methods="0" coveredmethods="0"/>
        <line num="38" count="9" type="stmt"/>
      </file>
      <file name="rehype-heading-ids.ts" path="/home/runner/work/lattice/lattice/src/lib/rehype-heading-ids.ts">
        <metrics statements="22" coveredstatements="21" conditionals="27" coveredconditionals="25" methods="3" coveredmethods="3"/>
        <line num="45" count="9" type="stmt"/>
        <line num="50" count="159" type="cond" truecount="2" falsecount="0"/>
        <line num="51" count="157" type="cond" truecount="3" falsecount="1"/>
        <line num="52" count="78" type="cond" truecount="1" falsecount="1"/>
        <line num="53" count="78" type="stmt"/>
        <line num="55" count="0" type="stmt"/>
        <line num="58" count="277" type="stmt"/>
        <line num="59" count="277" type="stmt"/>
        <line num="60" count="277" type="stmt"/>
        <line num="61" count="881" type="cond" truecount="5" falsecount="0"/>
        <line num="62" count="76" type="cond" truecount="2" falsecount="0"/>
        <line num="63" count="76" type="stmt"/>
        <line num="64" count="76" type="cond" truecount="4" falsecount="0"/>
        <line num="65" count="73" type="stmt"/>
        <line num="66" count="73" type="stmt"/>
        <line num="67" count="73" type="cond" truecount="2" falsecount="0"/>
        <line num="68" count="72" type="stmt"/>
        <line num="72" count="3" type="stmt"/>
        <line num="73" count="3" type="cond" truecount="2" falsecount="0"/>
        <line num="76" count="881" type="cond" truecount="4" falsecount="0"/>
        <line num="77" count="604" type="stmt"/>
        <line num="80" count="277" type="stmt"/>
      </file>
      <file name="rehype-highlight-mark.ts" path="/home/runner/work/lattice/lattice/src/lib/rehype-highlight-mark.ts">
        <metrics statements="32" coveredstatements="32" conditionals="25" coveredconditionals="23" methods="4" coveredmethods="4"/>
        <line num="46" count="10" type="stmt"/>
        <line num="49" count="10" type="stmt"/>
        <line num="53" count="10" type="stmt"/>
        <line num="83" count="29" type="stmt"/>
        <line num="84" count="29" type="stmt"/>
        <line num="85" count="29" type="stmt"/>
        <line num="87" count="29" type="stmt"/>
        <line num="88" count="30" type="cond" truecount="2" falsecount="0"/>
        <line num="89" count="19" type="stmt"/>
        <line num="91" count="30" type="stmt"/>
        <line num="101" count="30" type="stmt"/>
        <line num="103" count="29" type="cond" truecount="2" falsecount="0"/>
        <line num="104" count="17" type="stmt"/>
        <line num="106" count="29" type="stmt"/>
        <line num="118" count="1289" type="cond" truecount="1" falsecount="1"/>
        <line num="120" count="1289" type="cond" truecount="2" falsecount="0"/>
        <line num="122" count="611" type="cond" truecount="3" falsecount="0"/>
        <line num="124" count="611" type="cond" truecount="1" falsecount="1"/>
        <line num="125" count="611" type="stmt"/>
        <line num="126" count="611" type="stmt"/>
        <line num="127" count="763" type="cond" truecount="2" falsecount="0"/>
        <line num="131" count="1" type="stmt"/>
        <line num="132" count="1" type="stmt"/>
        <line num="134" count="762" type="cond" truecount="5" falsecount="0"/>
        <line num="136" count="20" type="stmt"/>
        <line num="139" count="742" type="stmt"/>
        <line num="140" count="742" type="stmt"/>
        <line num="143" count="611" type="stmt"/>
        <line num="145" count="678" type="cond" truecount="2" falsecount="0"/>
        <line num="147" count="284" type="stmt"/>
        <line num="156" count="285" type="stmt"/>
        <line num="157" count="285" type="cond" truecount="2" falsecount="0"/>
      </file>
      <file name="rehype-safe-html.ts" path="/home/runner/work/lattice/lattice/src/lib/rehype-safe-html.ts">
        <metrics statements="43" coveredstatements="43" conditionals="14" coveredconditionals="14" methods="5" coveredmethods="5"/>
        <line num="75" count="9" type="stmt"/>
        <line num="78" count="9" type="stmt"/>
        <line num="81" count="9" type="stmt"/>
        <line num="86" count="11" type="stmt"/>
        <line num="94" count="584" type="stmt"/>
        <line num="95" count="584" type="stmt"/>
        <line num="96" count="584" type="stmt"/>
        <line num="97" count="619" type="stmt"/>
        <line num="99" count="619" type="cond" truecount="2" falsecount="0"/>
        <line num="100" count="603" type="stmt"/>
        <line num="101" count="603" type="stmt"/>
        <line num="102" count="603" type="stmt"/>
        <line num="105" count="16" type="stmt"/>
        <line num="108" count="16" type="cond" truecount="2" falsecount="0"/>
        <line num="109" count="3" type="stmt"/>
        <line num="110" count="3" type="stmt"/>
        <line num="111" count="3" type="stmt"/>
        <line num="115" count="13" type="stmt"/>
        <line num="116" count="13" type="cond" truecount="2" falsecount="0"/>
        <line num="117" count="9" type="stmt"/>
        <line num="118" count="9" type="stmt"/>
        <line num="120" count="9" type="stmt"/>
        <line num="121" count="9" type="stmt"/>
        <line num="122" count="19" type="cond" truecount="2" falsecount="0"/>
        <line num="125" count="8" type="stmt"/>
        <line num="126" count="11" type="stmt"/>
        <line num="128" count="9" type="cond" truecount="2" falsecount="0"/>
        <line num="130" count="8" type="stmt"/>
        <line num="131" count="8" type="stmt"/>
        <line num="132" count="8" type="stmt"/>
        <line num="135" count="1" type="stmt"/>
        <line num="136" count="1" type="stmt"/>
        <line num="138" count="9" type="stmt"/>
        <line num="142" count="4" type="stmt"/>
        <line num="143" count="4" type="stmt"/>
        <line num="145" count="584" type="stmt"/>
        <line num="153" count="890" type="stmt"/>
        <line num="154" count="890" type="cond" truecount="2" falsecount="0"/>
        <line num="155" count="576" type="stmt"/>
        <line num="157" count="576" type="stmt"/>
        <line num="158" count="611" type="stmt"/>
        <line num="175" count="279" type="stmt"/>
        <line num="176" count="279" type="stmt"/>
      </file>
      <file name="remark-strip-html-comments.ts" path="/home/runner/work/lattice/lattice/src/lib/remark-strip-html-comments.ts">
        <metrics statements="9" coveredstatements="9" conditionals="9" coveredconditionals="9" methods="4" coveredmethods="4"/>
        <line num="57" count="9" type="stmt"/>
        <line num="61" count="19" type="cond" truecount="2" falsecount="0"/>
        <line num="64" count="274" type="stmt"/>
        <line num="65" count="274" type="stmt"/>
        <line num="66" count="718" type="cond" truecount="4" falsecount="0"/>
        <line num="67" count="530" type="stmt"/>
        <line num="68" count="450" type="cond" truecount="3" falsecount="0"/>
        <line num="70" count="530" type="stmt"/>
        <line num="73" count="274" type="stmt"/>
      </file>
      <file name="select-all.ts" path="/home/runner/work/lattice/lattice/src/lib/select-all.ts">
        <metrics statements="28" coveredstatements="27" conditionals="38" coveredconditionals="35" methods="4" coveredmethods="4"/>
        <line num="92" count="9" type="stmt"/>
        <line num="108" count="42" type="cond" truecount="2" falsecount="0"/>
        <line num="109" count="39" type="stmt"/>
        <line num="110" count="39" type="cond" truecount="2" falsecount="0"/>
        <line num="111" count="37" type="cond" truecount="2" falsecount="0"/>
        <line num="112" count="15" type="cond" truecount="1" falsecount="1"/>
        <line num="113" count="15" type="stmt"/>
        <line num="115" count="22" type="stmt"/>
        <line num="135" count="24" type="stmt"/>
        <line num="137" count="24" type="cond" truecount="2" falsecount="0"/>
        <line num="139" count="22" type="cond" truecount="4" falsecount="0"/>
        <line num="140" count="19" type="cond" truecount="4" falsecount="0"/>
        <line num="145" count="13" type="cond" truecount="2" falsecount="0"/>
        <line num="146" count="4" type="cond" truecount="2" falsecount="0"/>
        <line num="147" count="1" type="stmt"/>
        <line num="168" count="8" type="cond" truecount="2" falsecount="0"/>
        <line num="169" count="7" type="stmt"/>
        <line num="170" count="7" type="cond" truecount="1" falsecount="1"/>
        <line num="171" count="8" type="cond" truecount="1" falsecount="1"/>
        <line num="172" count="7" type="stmt"/>
        <line num="173" count="7" type="stmt"/>
        <line num="174" count="7" type="stmt"/>
        <line num="175" count="7" type="stmt"/>
        <line num="176" count="7" type="stmt"/>
        <line num="178" count="0" type="stmt"/>
        <line num="195" count="31" type="cond" truecount="4" falsecount="0"/>
        <line num="196" count="27" type="cond" truecount="4" falsecount="0"/>
        <line num="197" count="21" type="cond" truecount="2" falsecount="0"/>
      </file>
      <file name="slug.ts" path="/home/runner/work/lattice/lattice/src/lib/slug.ts">
        <metrics statements="22" coveredstatements="22" conditionals="16" coveredconditionals="16" methods="2" coveredmethods="2"/>
        <line num="54" count="86" type="stmt"/>
        <line num="55" count="86" type="stmt"/>
        <line num="57" count="86" type="stmt"/>
        <line num="59" count="445" type="cond" truecount="2" falsecount="0"/>
        <line num="60" count="395" type="stmt"/>
        <line num="61" count="395" type="stmt"/>
        <line num="62" count="395" type="stmt"/>
        <line num="64" count="50" type="cond" truecount="2" falsecount="0"/>
        <line num="65" count="2" type="stmt"/>
        <line num="66" count="2" type="stmt"/>
        <line num="67" count="2" type="stmt"/>
        <line num="70" count="48" type="cond" truecount="6" falsecount="0"/>
        <line num="71" count="19" type="stmt"/>
        <line num="72" count="19" type="stmt"/>
        <line num="73" count="19" type="stmt"/>
        <line num="79" count="86" type="cond" truecount="2" falsecount="0"/>
        <line num="80" count="1" type="stmt"/>
        <line num="82" count="86" type="stmt"/>
        <line num="94" count="80" type="cond" truecount="2" falsecount="0"/>
        <line num="95" count="80" type="cond" truecount="2" falsecount="0"/>
        <line num="96" count="80" type="stmt"/>
        <line num="97" count="80" type="stmt"/>
      </file>
      <file name="special-characters.ts" path="/home/runner/work/lattice/lattice/src/lib/special-characters.ts">
        <metrics statements="1" coveredstatements="1" conditionals="0" coveredconditionals="0" methods="0" coveredmethods="0"/>
        <line num="29" count="5" type="stmt"/>
      </file>
      <file name="svg-raster.ts" path="/home/runner/work/lattice/lattice/src/lib/svg-raster.ts">
        <metrics statements="37" coveredstatements="10" conditionals="20" coveredconditionals="8" methods="5" coveredmethods="2"/>
        <line num="43" count="9" type="stmt"/>
        <line num="47" count="9" type="stmt"/>
        <line num="61" count="18" type="stmt"/>
        <line num="62" count="18" type="cond" truecount="3" falsecount="2"/>
        <line num="63" count="0" type="stmt"/>
        <line num="66" count="18" type="stmt"/>
        <line num="67" count="18" type="cond" truecount="1" falsecount="1"/>
        <line num="68" count="0" type="stmt"/>
        <line num="69" count="0" type="cond" truecount="0" falsecount="5"/>
        <line num="70" count="0" type="stmt"/>
        <line num="74" count="18" type="stmt"/>
        <line num="103" count="9" type="stmt"/>
        <line num="106" count="9" type="cond" truecount="2" falsecount="0"/>
        <line num="107" count="9" type="cond" truecount="2" falsecount="2"/>
        <line num="109" count="0" type="stmt"/>
        <line num="117" count="0" type="stmt"/>
        <line num="118" count="0" type="stmt"/>
        <line num="119" count="0" type="stmt"/>
        <line num="120" count="0" type="stmt"/>
        <line num="121" count="0" type="stmt"/>
        <line num="122" count="0" type="stmt"/>
        <line num="124" count="0" type="stmt"/>
        <line num="125" count="0" type="stmt"/>
        <line num="126" count="0" type="stmt"/>
        <line num="127" count="0" type="stmt"/>
        <line num="128" count="0" type="stmt"/>
        <line num="131" count="0" type="stmt"/>
        <line num="132" count="0" type="stmt"/>
        <line num="133" count="0" type="stmt"/>
        <line num="134" count="0" type="stmt"/>
        <line num="135" count="0" type="cond" truecount="0" falsecount="2"/>
        <line num="137" count="0" type="stmt"/>
        <line num="138" count="0" type="stmt"/>
        <line num="139" count="0" type="stmt"/>
        <line num="141" count="0" type="stmt"/>
        <line num="143" count="0" type="stmt"/>
        <line num="144" count="0" type="stmt"/>
      </file>
      <file name="tab-size.ts" path="/home/runner/work/lattice/lattice/src/lib/tab-size.ts">
        <metrics statements="5" coveredstatements="5" conditionals="4" coveredconditionals="4" methods="1" coveredmethods="1"/>
        <line num="30" count="10" type="stmt"/>
        <line num="32" count="10" type="stmt"/>
        <line num="34" count="10" type="stmt"/>
        <line num="45" count="10" type="stmt"/>
        <line num="46" count="83" type="cond" truecount="4" falsecount="0"/>
      </file>
    </package>
    <package name="src.services">
      <metrics statements="21" coveredstatements="21" conditionals="4" coveredconditionals="4" methods="13" coveredmethods="13"/>
      <file name="FileSystem.ts" path="/home/runner/work/lattice/lattice/src/services/FileSystem.ts">
        <metrics statements="9" coveredstatements="9" conditionals="0" coveredconditionals="0" methods="7" coveredmethods="7"/>
        <line num="36" count="13" type="stmt"/>
        <line num="38" count="12" type="stmt"/>
        <line num="39" count="12" type="stmt"/>
        <line num="42" count="8" type="stmt"/>
        <line num="45" count="96" type="stmt"/>
        <line num="48" count="193" type="stmt"/>
        <line num="51" count="3" type="stmt"/>
        <line num="54" count="1" type="stmt"/>
        <line num="57" count="2" type="stmt"/>
      </file>
      <file name="Tabify.ts" path="/home/runner/work/lattice/lattice/src/services/Tabify.ts">
        <metrics statements="3" coveredstatements="3" conditionals="4" coveredconditionals="4" methods="2" coveredmethods="2"/>
        <line num="35" count="4" type="stmt"/>
        <line num="38" count="4" type="stmt"/>
        <line num="42" count="2" type="stmt"/>
      </file>
      <file name="TableFormat.ts" path="/home/runner/work/lattice/lattice/src/services/TableFormat.ts">
        <metrics statements="2" coveredstatements="2" conditionals="0" coveredconditionals="0" methods="1" coveredmethods="1"/>
        <line num="37" count="5" type="stmt"/>
        <line num="44" count="3" type="stmt"/>
      </file>
      <file name="Toc.ts" path="/home/runner/work/lattice/lattice/src/services/Toc.ts">
        <metrics statements="4" coveredstatements="4" conditionals="0" coveredconditionals="0" methods="1" coveredmethods="1"/>
        <line num="37" count="5" type="stmt"/>
        <line num="38" count="5" type="stmt"/>
        <line num="40" count="5" type="stmt"/>
        <line num="47" count="3" type="stmt"/>
      </file>
      <file name="TsvTable.ts" path="/home/runner/work/lattice/lattice/src/services/TsvTable.ts">
        <metrics statements="3" coveredstatements="3" conditionals="0" coveredconditionals="0" methods="2" coveredmethods="2"/>
        <line num="55" count="10" type="stmt"/>
        <line num="65" count="4" type="stmt"/>
        <line num="71" count="9" type="stmt"/>
      </file>
    </package>
    <package name="src.services.StaticRuntime">
      <metrics statements="29" coveredstatements="29" conditionals="6" coveredconditionals="6" methods="11" coveredmethods="11"/>
      <file name="StaticRuntime.dev.ts" path="/home/runner/work/lattice/lattice/src/services/StaticRuntime/StaticRuntime.dev.ts">
        <metrics statements="29" coveredstatements="29" conditionals="6" coveredconditionals="6" methods="11" coveredmethods="11"/>
        <line num="35" count="40" type="stmt"/>
        <line num="36" count="5602654" type="stmt"/>
        <line num="37" count="5602654" type="cond" truecount="2" falsecount="0"/>
        <line num="38" count="5602654" type="stmt"/>
        <line num="39" count="5602654" type="stmt"/>
        <line num="40" count="5602654" type="stmt"/>
        <line num="42" count="5602654" type="stmt"/>
        <line num="46" count="40" type="stmt"/>
        <line num="56" count="169" type="stmt"/>
        <line num="61" count="169" type="cond" truecount="2" falsecount="0"/>
        <line num="63" count="14" type="stmt"/>
        <line num="65" count="14" type="stmt"/>
        <line num="66" count="70" type="stmt"/>
        <line num="67" count="70" type="cond" truecount="2" falsecount="0"/>
        <line num="68" count="69" type="stmt"/>
        <line num="69" count="2305" type="stmt"/>
        <line num="70" count="2305" type="stmt"/>
        <line num="75" count="14" type="stmt"/>
        <line num="77" count="14" type="stmt"/>
        <line num="86" count="5600733" type="stmt"/>
        <line num="94" count="3" type="stmt"/>
        <line num="105" count="166" type="stmt"/>
        <line num="106" count="166" type="stmt"/>
        <line num="107" count="2" type="stmt"/>
        <line num="109" count="2" type="stmt"/>
        <line num="112" count="2" type="stmt"/>
        <line num="116" count="2" type="stmt"/>
        <line num="120" count="1" type="stmt"/>
        <line num="122" count="1" type="stmt"/>
      </file>
    </package>
  </project>
</coverage>
