<?xml version="1.0" encoding="UTF-8"?>
<coverage generated="1778189204980" clover="3.2.0">
  <project timestamp="1778189204981" name="All files">
    <metrics statements="824" coveredstatements="755" conditionals="568" coveredconditionals="450" methods="175" coveredmethods="160" elements="1567" coveredelements="1365" complexity="0" loc="824" ncloc="824" packages="7" files="17" classes="17"/>
    <package name="src">
      <metrics statements="538" coveredstatements="471" conditionals="345" coveredconditionals="241" methods="99" coveredmethods="86"/>
      <file name="App.css" path="/home/runner/work/lattice/lattice/src/App.css">
        <metrics statements="0" coveredstatements="0" conditionals="0" coveredconditionals="0" methods="0" coveredmethods="0"/>
      </file>
      <file name="App.tsx" path="/home/runner/work/lattice/lattice/src/App.tsx">
        <metrics statements="538" coveredstatements="471" conditionals="345" coveredconditionals="241" methods="99" coveredmethods="86"/>
        <line num="51" count="2" type="cond" truecount="1" falsecount="1"/>
        <line num="55" count="171" type="stmt"/>
        <line num="56" count="171" type="stmt"/>
        <line num="57" count="322" type="cond" truecount="4" falsecount="0"/>
        <line num="58" count="76" type="cond" truecount="1" falsecount="1"/>
        <line num="59" count="76" type="stmt"/>
        <line num="61" count="322" type="cond" truecount="2" falsecount="0"/>
        <line num="62" count="252" type="stmt"/>
        <line num="65" count="171" type="stmt"/>
        <line num="68" count="2" type="stmt"/>
        <line num="73" count="2" type="stmt"/>
        <line num="74" count="2" type="stmt"/>
        <line num="75" count="2" type="stmt"/>
        <line num="76" count="2" type="stmt"/>
        <line num="77" count="2" type="stmt"/>
        <line num="78" count="2" type="stmt"/>
        <line num="81" count="2" type="stmt"/>
        <line num="82" count="1126" type="stmt"/>
        <line num="83" count="649" type="cond" truecount="2" falsecount="0"/>
        <line num="93" count="314" type="stmt"/>
        <line num="94" count="102" type="stmt"/>
        <line num="95" count="102" type="stmt"/>
        <line num="102" count="314" type="stmt"/>
        <line num="103" count="102" type="stmt"/>
        <line num="104" count="12" type="cond" truecount="6" falsecount="0"/>
        <line num="105" count="3" type="stmt"/>
        <line num="108" count="102" type="stmt"/>
        <line num="109" count="1" type="stmt"/>
        <line num="111" count="102" type="stmt"/>
        <line num="112" count="102" type="stmt"/>
        <line num="113" count="102" type="stmt"/>
        <line num="114" count="102" type="stmt"/>
        <line num="115" count="102" type="stmt"/>
        <line num="122" count="314" type="stmt"/>
        <line num="123" count="314" type="stmt"/>
        <line num="141" count="314" type="stmt"/>
        <line num="142" count="314" type="stmt"/>
        <line num="143" count="314" type="stmt"/>
        <line num="144" count="314" type="stmt"/>
        <line num="145" count="314" type="stmt"/>
        <line num="146" count="314" type="stmt"/>
        <line num="147" count="314" type="stmt"/>
        <line num="148" count="314" type="stmt"/>
        <line num="149" count="314" type="stmt"/>
        <line num="150" count="314" type="stmt"/>
        <line num="151" count="314" type="stmt"/>
        <line num="152" count="314" type="stmt"/>
        <line num="171" count="314" type="stmt"/>
        <line num="173" count="314" type="stmt"/>
        <line num="176" count="314" type="stmt"/>
        <line num="177" count="314" type="stmt"/>
        <line num="178" count="314" type="stmt"/>
        <line num="180" count="314" type="stmt"/>
        <line num="181" count="2" type="stmt"/>
        <line num="184" count="314" type="stmt"/>
        <line num="185" count="314" type="stmt"/>
        <line num="188" count="314" type="stmt"/>
        <line num="190" count="314" type="stmt"/>
        <line num="191" count="1" type="stmt"/>
        <line num="192" count="1" type="stmt"/>
        <line num="193" count="1" type="cond" truecount="1" falsecount="1"/>
        <line num="194" count="1" type="stmt"/>
        <line num="195" count="1" type="stmt"/>
        <line num="196" count="1" type="cond" truecount="1" falsecount="1"/>
        <line num="197" count="1" type="cond" truecount="1" falsecount="1"/>
        <line num="198" count="1" type="stmt"/>
        <line num="199" count="1" type="stmt"/>
        <line num="201" count="1" type="stmt"/>
        <line num="202" count="1" type="cond" truecount="1" falsecount="1"/>
        <line num="203" count="1" type="stmt"/>
        <line num="204" count="1" type="cond" truecount="1" falsecount="1"/>
        <line num="205" count="1" type="stmt"/>
        <line num="206" count="1" type="stmt"/>
        <line num="207" count="1" type="stmt"/>
        <line num="210" count="1" type="stmt"/>
        <line num="211" count="1" type="cond" truecount="1" falsecount="1"/>
        <line num="212" count="1" type="stmt"/>
        <line num="213" count="1" type="stmt"/>
        <line num="214" count="1" type="stmt"/>
        <line num="215" count="1" type="stmt"/>
        <line num="217" count="1" type="cond" truecount="1" falsecount="1"/>
        <line num="218" count="1" type="stmt"/>
        <line num="219" count="1" type="stmt"/>
        <line num="220" count="1" type="stmt"/>
        <line num="224" count="314" type="stmt"/>
        <line num="226" count="314" type="stmt"/>
        <line num="227" count="314" type="stmt"/>
        <line num="228" count="314" type="stmt"/>
        <line num="229" count="314" type="stmt"/>
        <line num="230" count="314" type="stmt"/>
        <line num="231" count="102" type="stmt"/>
        <line num="232" count="102" type="cond" truecount="2" falsecount="0"/>
        <line num="233" count="102" type="cond" truecount="2" falsecount="0"/>
        <line num="236" count="314" type="stmt"/>
        <line num="237" count="24" type="stmt"/>
        <line num="238" count="24" type="stmt"/>
        <line num="239" count="24" type="stmt"/>
        <line num="240" count="24" type="stmt"/>
        <line num="244" count="314" type="stmt"/>
        <line num="245" count="9" type="stmt"/>
        <line num="246" count="9" type="stmt"/>
        <line num="247" count="9" type="stmt"/>
        <line num="248" count="9" type="stmt"/>
        <line num="253" count="314" type="stmt"/>
        <line num="254" count="102" type="stmt"/>
        <line num="255" count="102" type="cond" truecount="2" falsecount="0"/>
        <line num="256" count="4" type="stmt"/>
        <line num="257" count="4" type="stmt"/>
        <line num="259" count="1" type="stmt"/>
        <line num="265" count="314" type="stmt"/>
        <line num="266" count="10" type="cond" truecount="1" falsecount="1"/>
        <line num="267" count="10" type="stmt"/>
        <line num="269" count="22" type="stmt"/>
        <line num="271" count="10" type="stmt"/>
        <line num="273" count="10" type="cond" truecount="2" falsecount="0"/>
        <line num="274" count="1" type="stmt"/>
        <line num="277" count="10" type="stmt"/>
        <line num="278" count="10" type="stmt"/>
        <line num="283" count="314" type="stmt"/>
        <line num="286" count="166" type="cond" truecount="2" falsecount="0"/>
        <line num="287" count="102" type="stmt"/>
        <line num="288" count="102" type="stmt"/>
        <line num="289" count="102" type="stmt"/>
        <line num="291" count="64" type="stmt"/>
        <line num="292" count="64" type="cond" truecount="1" falsecount="1"/>
        <line num="293" count="64" type="stmt"/>
        <line num="295" count="0" type="stmt"/>
        <line num="304" count="314" type="stmt"/>
        <line num="305" count="187" type="stmt"/>
        <line num="306" count="187" type="stmt"/>
        <line num="307" count="187" type="stmt"/>
        <line num="308" count="187" type="cond" truecount="2" falsecount="0"/>
        <line num="309" count="103" type="stmt"/>
        <line num="310" count="103" type="stmt"/>
        <line num="313" count="84" type="stmt"/>
        <line num="315" count="84" type="cond" truecount="4" falsecount="0"/>
        <line num="316" count="2" type="stmt"/>
        <line num="318" count="39" type="stmt"/>
        <line num="320" count="41" type="stmt"/>
        <line num="321" count="41" type="stmt"/>
        <line num="322" count="41" type="cond" truecount="2" falsecount="0"/>
        <line num="323" count="187" type="stmt"/>
        <line num="326" count="43" type="stmt"/>
        <line num="334" count="314" type="stmt"/>
        <line num="335" count="102" type="stmt"/>
        <line num="336" count="102" type="stmt"/>
        <line num="338" count="102" type="stmt"/>
        <line num="340" count="102" type="stmt"/>
        <line num="341" count="102" type="cond" truecount="2" falsecount="0"/>
        <line num="342" count="1" type="stmt"/>
        <line num="343" count="1" type="stmt"/>
        <line num="347" count="102" type="stmt"/>
        <line num="348" count="102" type="stmt"/>
        <line num="351" count="102" type="stmt"/>
        <line num="352" count="102" type="stmt"/>
        <line num="355" count="102" type="stmt"/>
        <line num="357" count="102" type="stmt"/>
        <line num="358" count="1" type="cond" truecount="1" falsecount="1"/>
        <line num="359" count="1" type="stmt"/>
        <line num="362" count="102" type="stmt"/>
        <line num="363" count="1" type="stmt"/>
        <line num="364" count="1" type="stmt"/>
        <line num="367" count="102" type="stmt"/>
        <line num="368" count="0" type="stmt"/>
        <line num="369" count="0" type="stmt"/>
        <line num="372" count="102" type="stmt"/>
        <line num="378" count="314" type="stmt"/>
        <line num="380" count="182" type="cond" truecount="1" falsecount="1"/>
        <line num="381" count="0" type="stmt"/>
        <line num="384" count="182" type="stmt"/>
        <line num="385" count="182" type="stmt"/>
        <line num="386" count="182" type="cond" truecount="2" falsecount="0"/>
        <line num="387" count="80" type="stmt"/>
        <line num="388" count="80" type="stmt"/>
        <line num="391" count="182" type="cond" truecount="1" falsecount="1"/>
        <line num="392" count="182" type="stmt"/>
        <line num="396" count="182" type="cond" truecount="2" falsecount="0"/>
        <line num="397" count="12" type="stmt"/>
        <line num="399" count="182" type="stmt"/>
        <line num="400" count="182" type="stmt"/>
        <line num="401" count="182" type="stmt"/>
        <line num="402" count="180" type="stmt"/>
        <line num="404" count="2" type="stmt"/>
        <line num="412" count="314" type="stmt"/>
        <line num="413" count="177" type="stmt"/>
        <line num="422" count="314" type="stmt"/>
        <line num="423" count="186" type="stmt"/>
        <line num="424" count="186" type="cond" truecount="2" falsecount="0"/>
        <line num="425" count="84" type="stmt"/>
        <line num="434" count="314" type="stmt"/>
        <line num="435" count="1" type="stmt"/>
        <line num="436" count="1" type="cond" truecount="1" falsecount="1"/>
        <line num="445" count="314" type="stmt"/>
        <line num="446" count="7" type="stmt"/>
        <line num="447" count="7" type="stmt"/>
        <line num="448" count="7" type="stmt"/>
        <line num="451" count="6" type="cond" truecount="1" falsecount="1"/>
        <line num="452" count="6" type="stmt"/>
        <line num="455" count="6" type="stmt"/>
        <line num="457" count="6" type="cond" truecount="2" falsecount="0"/>
        <line num="458" count="1" type="stmt"/>
        <line num="459" count="1" type="stmt"/>
        <line num="460" count="1" type="stmt"/>
        <line num="463" count="1" type="stmt"/>
        <line num="472" count="314" type="stmt"/>
        <line num="473" count="177" type="cond" truecount="4" falsecount="0"/>
        <line num="475" count="12" type="cond" truecount="2" falsecount="0"/>
        <line num="476" count="3" type="stmt"/>
        <line num="479" count="12" type="stmt"/>
        <line num="480" count="0" type="cond" truecount="0" falsecount="2"/>
        <line num="481" count="0" type="stmt"/>
        <line num="485" count="12" type="stmt"/>
        <line num="486" count="12" type="cond" truecount="1" falsecount="1"/>
        <line num="495" count="314" type="stmt"/>
        <line num="496" count="178" type="stmt"/>
        <line num="497" count="1" type="cond" truecount="5" falsecount="1"/>
        <line num="498" count="1" type="stmt"/>
        <line num="501" count="178" type="stmt"/>
        <line num="502" count="178" type="stmt"/>
        <line num="510" count="314" type="stmt"/>
        <line num="511" count="177" type="stmt"/>
        <line num="512" count="2" type="stmt"/>
        <line num="513" count="2" type="stmt"/>
        <line num="514" count="2" type="cond" truecount="1" falsecount="1"/>
        <line num="515" count="2" type="cond" truecount="2" falsecount="0"/>
        <line num="516" count="1" type="stmt"/>
        <line num="518" count="1" type="stmt"/>
        <line num="519" count="1" type="stmt"/>
        <line num="520" count="1" type="stmt"/>
        <line num="521" count="1" type="stmt"/>
        <line num="526" count="1" type="cond" truecount="1" falsecount="1"/>
        <line num="527" count="1" type="stmt"/>
        <line num="530" count="0" type="stmt"/>
        <line num="532" count="1" type="stmt"/>
        <line num="539" count="177" type="stmt"/>
        <line num="540" count="177" type="stmt"/>
        <line num="550" count="314" type="cond" truecount="1" falsecount="0"/>
        <line num="551" count="8" type="stmt"/>
        <line num="554" count="8" type="cond" truecount="1" falsecount="1"/>
        <line num="556" count="8" type="cond" truecount="4" falsecount="0"/>
        <line num="558" count="3" type="stmt"/>
        <line num="564" count="5" type="cond" truecount="5" falsecount="0"/>
        <line num="565" count="1" type="stmt"/>
        <line num="566" count="1" type="stmt"/>
        <line num="569" count="5" type="stmt"/>
        <line num="570" count="5" type="stmt"/>
        <line num="578" count="4" type="cond" truecount="2" falsecount="0"/>
        <line num="579" count="2" type="stmt"/>
        <line num="580" count="2" type="stmt"/>
        <line num="581" count="2" type="stmt"/>
        <line num="584" count="1" type="stmt"/>
        <line num="595" count="314" type="stmt"/>
        <line num="596" count="109" type="stmt"/>
        <line num="598" count="109" type="cond" truecount="2" falsecount="0"/>
        <line num="601" count="19" type="stmt"/>
        <line num="602" count="19" type="stmt"/>
        <line num="605" count="109" type="cond" truecount="2" falsecount="0"/>
        <line num="606" count="90" type="stmt"/>
        <line num="609" count="19" type="stmt"/>
        <line num="610" count="19" type="stmt"/>
        <line num="620" count="314" type="stmt"/>
        <line num="621" count="6" type="stmt"/>
        <line num="622" count="6" type="stmt"/>
        <line num="634" count="6" type="cond" truecount="2" falsecount="0"/>
        <line num="635" count="1" type="stmt"/>
        <line num="638" count="5" type="stmt"/>
        <line num="639" count="5" type="stmt"/>
        <line num="646" count="314" type="stmt"/>
        <line num="647" count="2" type="stmt"/>
        <line num="648" count="2" type="stmt"/>
        <line num="649" count="2" type="stmt"/>
        <line num="650" count="2" type="cond" truecount="1" falsecount="1"/>
        <line num="653" count="2" type="stmt"/>
        <line num="656" count="1" type="stmt"/>
        <line num="657" count="1" type="stmt"/>
        <line num="665" count="314" type="stmt"/>
        <line num="666" count="2" type="cond" truecount="2" falsecount="0"/>
        <line num="667" count="1" type="stmt"/>
        <line num="668" count="1" type="stmt"/>
        <line num="670" count="1" type="stmt"/>
        <line num="671" count="1" type="stmt"/>
        <line num="672" count="1" type="stmt"/>
        <line num="674" count="0" type="stmt"/>
        <line num="685" count="314" type="stmt"/>
        <line num="686" count="4" type="stmt"/>
        <line num="687" count="4" type="stmt"/>
        <line num="688" count="4" type="stmt"/>
        <line num="689" count="4" type="cond" truecount="2" falsecount="0"/>
        <line num="690" count="3" type="stmt"/>
        <line num="692" count="3" type="cond" truecount="1" falsecount="1"/>
        <line num="693" count="3" type="stmt"/>
        <line num="696" count="0" type="stmt"/>
        <line num="704" count="314" type="stmt"/>
        <line num="705" count="5" type="stmt"/>
        <line num="709" count="5" type="stmt"/>
        <line num="711" count="5" type="cond" truecount="1" falsecount="1"/>
        <line num="712" count="5" type="stmt"/>
        <line num="721" count="5" type="stmt"/>
        <line num="722" count="4" type="stmt"/>
        <line num="723" count="4" type="stmt"/>
        <line num="726" count="4" type="stmt"/>
        <line num="727" count="4" type="stmt"/>
        <line num="728" count="4" type="stmt"/>
        <line num="730" count="4" type="cond" truecount="1" falsecount="1"/>
        <line num="731" count="4" type="stmt"/>
        <line num="732" count="4" type="stmt"/>
        <line num="735" count="0" type="stmt"/>
        <line num="739" count="4" type="stmt"/>
        <line num="740" count="4" type="stmt"/>
        <line num="743" count="4" type="stmt"/>
        <line num="748" count="1" type="stmt"/>
        <line num="759" count="314" type="stmt"/>
        <line num="760" count="102" type="stmt"/>
        <line num="761" count="102" type="stmt"/>
        <line num="763" count="102" type="stmt"/>
        <line num="766" count="102" type="stmt"/>
        <line num="768" count="102" type="stmt"/>
        <line num="770" count="102" type="cond" truecount="2" falsecount="0"/>
        <line num="771" count="56" type="stmt"/>
        <line num="772" count="56" type="stmt"/>
        <line num="773" count="56" type="stmt"/>
        <line num="774" count="56" type="stmt"/>
        <line num="776" count="56" type="stmt"/>
        <line num="777" count="56" type="cond" truecount="1" falsecount="1"/>
        <line num="778" count="56" type="stmt"/>
        <line num="780" count="56" type="stmt"/>
        <line num="782" count="56" type="cond" truecount="1" falsecount="1"/>
        <line num="784" count="56" type="stmt"/>
        <line num="785" count="56" type="stmt"/>
        <line num="788" count="0" type="stmt"/>
        <line num="793" count="46" type="stmt"/>
        <line num="794" count="46" type="cond" truecount="2" falsecount="0"/>
        <line num="795" count="2" type="stmt"/>
        <line num="796" count="2" type="stmt"/>
        <line num="797" count="2" type="stmt"/>
        <line num="798" count="2" type="stmt"/>
        <line num="799" count="1" type="stmt"/>
        <line num="800" count="1" type="stmt"/>
        <line num="801" count="1" type="stmt"/>
        <line num="802" count="1" type="stmt"/>
        <line num="803" count="1" type="cond" truecount="1" falsecount="1"/>
        <line num="805" count="1" type="stmt"/>
        <line num="806" count="1" type="stmt"/>
        <line num="807" count="1" type="stmt"/>
        <line num="810" count="44" type="stmt"/>
        <line num="811" count="44" type="stmt"/>
        <line num="815" count="102" type="stmt"/>
        <line num="823" count="314" type="stmt"/>
        <line num="824" count="2" type="stmt"/>
        <line num="825" count="2" type="stmt"/>
        <line num="826" count="2" type="stmt"/>
        <line num="828" count="1" type="stmt"/>
        <line num="829" count="1" type="stmt"/>
        <line num="837" count="314" type="stmt"/>
        <line num="838" count="2" type="cond" truecount="1" falsecount="1"/>
        <line num="844" count="2" type="stmt"/>
        <line num="845" count="2" type="stmt"/>
        <line num="846" count="1" type="stmt"/>
        <line num="847" count="1" type="stmt"/>
        <line num="849" count="1" type="stmt"/>
        <line num="858" count="314" type="stmt"/>
        <line num="859" count="3" type="stmt"/>
        <line num="862" count="3" type="cond" truecount="2" falsecount="0"/>
        <line num="863" count="1" type="cond" truecount="2" falsecount="0"/>
        <line num="864" count="1" type="cond" truecount="1" falsecount="1"/>
        <line num="865" count="1" type="stmt"/>
        <line num="866" count="1" type="stmt"/>
        <line num="870" count="2" type="stmt"/>
        <line num="896" count="314" type="stmt"/>
        <line num="897" count="199" type="stmt"/>
        <line num="899" count="12" type="cond" truecount="6" falsecount="0"/>
        <line num="900" count="5" type="stmt"/>
        <line num="901" count="5" type="stmt"/>
        <line num="902" count="5" type="stmt"/>
        <line num="906" count="12" type="cond" truecount="7" falsecount="0"/>
        <line num="907" count="1" type="cond" truecount="1" falsecount="1"/>
        <line num="908" count="1" type="stmt"/>
        <line num="909" count="1" type="stmt"/>
        <line num="910" count="1" type="stmt"/>
        <line num="915" count="12" type="cond" truecount="7" falsecount="1"/>
        <line num="917" count="12" type="cond" truecount="2" falsecount="0"/>
        <line num="918" count="2" type="cond" truecount="1" falsecount="1"/>
        <line num="919" count="2" type="stmt"/>
        <line num="920" count="2" type="stmt"/>
        <line num="921" count="2" type="stmt"/>
        <line num="926" count="199" type="stmt"/>
        <line num="933" count="199" type="stmt"/>
        <line num="934" count="5" type="cond" truecount="4" falsecount="0"/>
        <line num="935" count="4" type="stmt"/>
        <line num="936" count="4" type="cond" truecount="2" falsecount="0"/>
        <line num="937" count="2" type="stmt"/>
        <line num="938" count="2" type="cond" truecount="1" falsecount="1"/>
        <line num="939" count="2" type="stmt"/>
        <line num="943" count="199" type="stmt"/>
        <line num="945" count="199" type="stmt"/>
        <line num="947" count="3" type="cond" truecount="2" falsecount="0"/>
        <line num="950" count="3" type="stmt"/>
        <line num="956" count="3" type="stmt"/>
        <line num="959" count="3" type="stmt"/>
        <line num="960" count="3" type="stmt"/>
        <line num="961" count="3" type="stmt"/>
        <line num="962" count="3" type="stmt"/>
        <line num="963" count="3" type="stmt"/>
        <line num="965" count="3" type="stmt"/>
        <line num="966" count="3" type="stmt"/>
        <line num="969" count="199" type="stmt"/>
        <line num="971" count="1" type="stmt"/>
        <line num="973" count="1" type="stmt"/>
        <line num="976" count="199" type="stmt"/>
        <line num="977" count="199" type="stmt"/>
        <line num="979" count="199" type="stmt"/>
        <line num="980" count="199" type="stmt"/>
        <line num="981" count="199" type="stmt"/>
        <line num="982" count="199" type="stmt"/>
        <line num="983" count="199" type="stmt"/>
        <line num="990" count="314" type="stmt"/>
        <line num="991" count="187" type="cond" truecount="2" falsecount="0"/>
        <line num="993" count="21" type="stmt"/>
        <line num="994" count="187" type="stmt"/>
        <line num="995" count="187" type="cond" truecount="3" falsecount="1"/>
        <line num="997" count="21" type="stmt"/>
        <line num="1000" count="21" type="stmt"/>
        <line num="1001" count="0" type="stmt"/>
        <line num="1002" count="0" type="stmt"/>
        <line num="1003" count="0" type="stmt"/>
        <line num="1004" count="0" type="stmt"/>
        <line num="1005" count="0" type="cond" truecount="0" falsecount="2"/>
        <line num="1006" count="0" type="cond" truecount="0" falsecount="2"/>
        <line num="1007" count="0" type="stmt"/>
        <line num="1008" count="0" type="stmt"/>
        <line num="1011" count="0" type="cond" truecount="0" falsecount="2"/>
        <line num="1014" count="21" type="stmt"/>
        <line num="1015" count="0" type="cond" truecount="0" falsecount="2"/>
        <line num="1016" count="0" type="cond" truecount="0" falsecount="2"/>
        <line num="1017" count="0" type="cond" truecount="0" falsecount="2"/>
        <line num="1018" count="0" type="stmt"/>
        <line num="1020" count="0" type="stmt"/>
        <line num="1021" count="0" type="cond" truecount="0" falsecount="4"/>
        <line num="1022" count="0" type="stmt"/>
        <line num="1023" count="0" type="stmt"/>
        <line num="1024" count="0" type="cond" truecount="0" falsecount="2"/>
        <line num="1025" count="0" type="stmt"/>
        <line num="1028" count="0" type="stmt"/>
        <line num="1031" count="21" type="stmt"/>
        <line num="1032" count="0" type="cond" truecount="0" falsecount="2"/>
        <line num="1033" count="0" type="cond" truecount="0" falsecount="2"/>
        <line num="1034" count="0" type="cond" truecount="0" falsecount="2"/>
        <line num="1035" count="0" type="stmt"/>
        <line num="1036" count="0" type="cond" truecount="0" falsecount="4"/>
        <line num="1037" count="0" type="stmt"/>
        <line num="1038" count="0" type="stmt"/>
        <line num="1039" count="0" type="cond" truecount="0" falsecount="2"/>
        <line num="1040" count="0" type="stmt"/>
        <line num="1043" count="0" type="stmt"/>
        <line num="1046" count="21" type="stmt"/>
        <line num="1047" count="0" type="cond" truecount="0" falsecount="2"/>
        <line num="1048" count="0" type="stmt"/>
        <line num="1049" count="0" type="cond" truecount="0" falsecount="2"/>
        <line num="1050" count="0" type="stmt"/>
        <line num="1051" count="0" type="cond" truecount="0" falsecount="2"/>
        <line num="1052" count="0" type="stmt"/>
        <line num="1053" count="0" type="stmt"/>
        <line num="1054" count="0" type="stmt"/>
        <line num="1055" count="0" type="stmt"/>
        <line num="1058" count="21" type="stmt"/>
        <line num="1059" count="0" type="cond" truecount="0" falsecount="2"/>
        <line num="1060" count="0" type="stmt"/>
        <line num="1061" count="0" type="cond" truecount="0" falsecount="2"/>
        <line num="1062" count="0" type="stmt"/>
        <line num="1063" count="0" type="stmt"/>
        <line num="1064" count="0" type="stmt"/>
        <line num="1065" count="0" type="stmt"/>
        <line num="1068" count="21" type="stmt"/>
        <line num="1069" count="21" type="stmt"/>
        <line num="1071" count="21" type="stmt"/>
        <line num="1072" count="21" type="stmt"/>
        <line num="1073" count="21" type="stmt"/>
        <line num="1102" count="314" type="stmt"/>
        <line num="1104" count="2" type="stmt"/>
        <line num="1105" count="2" type="stmt"/>
        <line num="1109" count="1" type="cond" truecount="4" falsecount="2"/>
        <line num="1110" count="1" type="stmt"/>
        <line num="1111" count="1" type="stmt"/>
        <line num="1121" count="2" type="stmt"/>
        <line num="1122" count="2" type="cond" truecount="1" falsecount="1"/>
        <line num="1123" count="2" type="cond" truecount="4" falsecount="0"/>
        <line num="1124" count="1" type="stmt"/>
        <line num="1126" count="1" type="stmt"/>
        <line num="1137" count="5" type="stmt"/>
        <line num="1138" count="5" type="cond" truecount="1" falsecount="1"/>
        <line num="1139" count="5" type="stmt"/>
        <line num="1140" count="5" type="stmt"/>
        <line num="1151" count="0" type="cond" truecount="0" falsecount="2"/>
        <line num="1152" count="0" type="cond" truecount="0" falsecount="4"/>
        <line num="1153" count="0" type="stmt"/>
        <line num="1155" count="0" type="stmt"/>
        <line num="1156" count="0" type="cond" truecount="0" falsecount="2"/>
        <line num="1158" count="0" type="cond" truecount="0" falsecount="4"/>
        <line num="1159" count="0" type="stmt"/>
        <line num="1160" count="0" type="cond" truecount="0" falsecount="2"/>
        <line num="1163" count="0" type="stmt"/>
        <line num="1171" count="0" type="stmt"/>
        <line num="1174" count="9" type="stmt"/>
        <line num="1175" count="9" type="cond" truecount="2" falsecount="0"/>
        <line num="1176" count="8" type="cond" truecount="4" falsecount="0"/>
        <line num="1177" count="1" type="stmt"/>
        <line num="1179" count="7" type="cond" truecount="2" falsecount="0"/>
        <line num="1180" count="6" type="cond" truecount="1" falsecount="1"/>
        <line num="1182" count="6" type="stmt"/>
        <line num="1183" count="6" type="cond" truecount="1" falsecount="1"/>
        <line num="1184" count="6" type="stmt"/>
        <line num="1186" count="6" type="cond" truecount="2" falsecount="0"/>
        <line num="1187" count="6" type="cond" truecount="6" falsecount="0"/>
        <line num="1188" count="2" type="stmt"/>
        <line num="1191" count="4" type="stmt"/>
        <line num="1197" count="6" type="stmt"/>
        <line num="1198" count="6" type="stmt"/>
        <line num="1200" count="6" type="stmt"/>
        <line num="1201" count="3" type="cond" truecount="1" falsecount="1"/>
        <line num="1202" count="3" type="stmt"/>
        <line num="1203" count="2" type="stmt"/>
        <line num="1204" count="1" type="stmt"/>
        <line num="1206" count="6" type="cond" truecount="2" falsecount="0"/>
        <line num="1208" count="1" type="stmt"/>
        <line num="1212" count="314" type="stmt"/>
        <line num="1213" count="171" type="stmt"/>
        <line num="1229" count="314" type="cond" truecount="2" falsecount="0"/>
        <line num="1230" count="1" type="stmt"/>
        <line num="1245" count="313" type="stmt"/>
        <line num="1269" count="1" type="stmt"/>
        <line num="1325" count="29" type="stmt"/>
        <line num="1365" count="3" type="stmt"/>
        <line num="1371" count="99" type="stmt"/>
        <line num="1373" count="1" type="stmt"/>
        <line num="1383" count="1" type="stmt"/>
        <line num="1387" count="1" type="stmt"/>
        <line num="1395" count="1" type="stmt"/>
        <line num="1399" count="1" type="stmt"/>
      </file>
    </package>
    <package name="src-tauri">
      <metrics statements="0" coveredstatements="0" conditionals="0" coveredconditionals="0" methods="0" coveredmethods="0"/>
      <file name="tauri.conf.json" path="/home/runner/work/lattice/lattice/src-tauri/tauri.conf.json">
        <metrics statements="0" coveredstatements="0" conditionals="0" coveredconditionals="0" methods="0" coveredmethods="0"/>
      </file>
    </package>
    <package name="src.components">
      <metrics statements="94" coveredstatements="94" conditionals="109" coveredconditionals="104" methods="29" coveredmethods="28"/>
      <file name="Menu.tsx" path="/home/runner/work/lattice/lattice/src/components/Menu.tsx">
        <metrics statements="49" coveredstatements="49" conditionals="55" coveredconditionals="50" methods="17" coveredmethods="17"/>
        <line num="31" count="3" type="stmt"/>
        <line num="32" count="400" type="stmt"/>
        <line num="33" count="400" type="stmt"/>
        <line num="34" count="400" type="stmt"/>
        <line num="36" count="400" type="stmt"/>
        <line num="37" count="55" type="stmt"/>
        <line num="38" count="55" type="cond" truecount="2" falsecount="0"/>
        <line num="41" count="400" type="stmt"/>
        <line num="42" count="12" type="stmt"/>
        <line num="43" count="12" type="stmt"/>
        <line num="49" count="400" type="stmt"/>
        <line num="50" count="2" type="cond" truecount="3" falsecount="1"/>
        <line num="51" count="2" type="stmt"/>
        <line num="55" count="400" type="stmt"/>
        <line num="56" count="129" type="stmt"/>
        <line num="57" count="129" type="stmt"/>
        <line num="58" count="129" type="stmt"/>
        <line num="62" count="400" type="stmt"/>
        <line num="63" count="65" type="stmt"/>
        <line num="64" count="534" type="cond" truecount="1" falsecount="1"/>
        <line num="65" count="534" type="stmt"/>
        <line num="67" count="534" type="cond" truecount="2" falsecount="0"/>
        <line num="68" count="79" type="stmt"/>
        <line num="71" count="455" type="stmt"/>
        <line num="75" count="36" type="cond" truecount="2" falsecount="0"/>
        <line num="76" count="35" type="cond" truecount="2" falsecount="0"/>
        <line num="77" count="12" type="stmt"/>
        <line num="78" count="23" type="cond" truecount="1" falsecount="1"/>
        <line num="79" count="23" type="stmt"/>
        <line num="80" count="23" type="stmt"/>
        <line num="104" count="5" type="cond" truecount="2" falsecount="0"/>
        <line num="105" count="4" type="cond" truecount="2" falsecount="0"/>
        <line num="106" count="4" type="stmt"/>
        <line num="110" count="2" type="cond" truecount="1" falsecount="1"/>
        <line num="111" count="2" type="stmt"/>
        <line num="112" count="2" type="cond" truecount="2" falsecount="0"/>
        <line num="130" count="18" type="stmt"/>
        <line num="133" count="2" type="cond" truecount="1" falsecount="1"/>
        <line num="134" count="2" type="stmt"/>
        <line num="135" count="2" type="stmt"/>
        <line num="145" count="3" type="cond" truecount="2" falsecount="0"/>
        <line num="148" count="1" type="stmt"/>
        <line num="162" count="400" type="stmt"/>
        <line num="163" count="18" type="cond" truecount="2" falsecount="0"/>
        <line num="164" count="1" type="stmt"/>
        <line num="165" count="1" type="stmt"/>
        <line num="166" count="1" type="stmt"/>
        <line num="168" count="17" type="stmt"/>
        <line num="172" count="400" type="stmt"/>
      </file>
      <file name="Mermaid.tsx" path="/home/runner/work/lattice/lattice/src/components/Mermaid.tsx">
        <metrics statements="15" coveredstatements="15" conditionals="8" coveredconditionals="8" methods="3" coveredmethods="3"/>
        <line num="12" count="3" type="stmt"/>
        <line num="13" count="29" type="stmt"/>
        <line num="14" count="29" type="stmt"/>
        <line num="16" count="29" type="stmt"/>
        <line num="18" count="16" type="stmt"/>
        <line num="24" count="16" type="stmt"/>
        <line num="25" count="16" type="cond" truecount="4" falsecount="0"/>
        <line num="26" count="15" type="stmt"/>
        <line num="27" count="15" type="stmt"/>
        <line num="28" count="15" type="stmt"/>
        <line num="29" count="12" type="stmt"/>
        <line num="31" count="3" type="stmt"/>
        <line num="32" count="3" type="cond" truecount="2" falsecount="0"/>
        <line num="37" count="16" type="stmt"/>
        <line num="40" count="29" type="stmt"/>
      </file>
      <file name="Settings.tsx" path="/home/runner/work/lattice/lattice/src/components/Settings.tsx">
        <metrics statements="30" coveredstatements="30" conditionals="46" coveredconditionals="46" methods="9" coveredmethods="8"/>
        <line num="22" count="3" type="stmt"/>
        <line num="23" count="40" type="stmt"/>
        <line num="25" count="40" type="stmt"/>
        <line num="29" count="12" type="stmt"/>
        <line num="30" count="12" type="stmt"/>
        <line num="37" count="12" type="stmt"/>
        <line num="38" count="11" type="stmt"/>
        <line num="39" count="11" type="stmt"/>
        <line num="41" count="1" type="stmt"/>
        <line num="42" count="1" type="stmt"/>
        <line num="46" count="40" type="stmt"/>
        <line num="47" count="5" type="stmt"/>
        <line num="48" count="5" type="stmt"/>
        <line num="51" count="40" type="stmt"/>
        <line num="52" count="2" type="stmt"/>
        <line num="53" count="2" type="stmt"/>
        <line num="54" count="2" type="stmt"/>
        <line num="57" count="40" type="stmt"/>
        <line num="58" count="2" type="stmt"/>
        <line num="59" count="2" type="stmt"/>
        <line num="60" count="2" type="stmt"/>
        <line num="63" count="40" type="stmt"/>
        <line num="64" count="3" type="stmt"/>
        <line num="65" count="3" type="stmt"/>
        <line num="66" count="3" type="stmt"/>
        <line num="69" count="40" type="stmt"/>
        <line num="85" count="5" type="cond" truecount="2" falsecount="0"/>
        <line num="197" count="3" type="cond" truecount="2" falsecount="0"/>
        <line num="198" count="2" type="stmt"/>
        <line num="200" count="1" type="stmt"/>
      </file>
    </package>
    <package name="src.editor-extensions">
      <metrics statements="68" coveredstatements="67" conditionals="36" coveredconditionals="33" methods="13" coveredmethods="13"/>
      <file name="symbol-picker.ts" path="/home/runner/work/lattice/lattice/src/editor-extensions/symbol-picker.ts">
        <metrics statements="16" coveredstatements="15" conditionals="8" coveredconditionals="7" methods="5" coveredmethods="5"/>
        <line num="26" count="49" type="stmt"/>
        <line num="34" count="7" type="stmt"/>
        <line num="35" count="7" type="stmt"/>
        <line num="37" count="7" type="cond" truecount="2" falsecount="0"/>
        <line num="38" count="1" type="stmt"/>
        <line num="41" count="4" type="cond" truecount="3" falsecount="1"/>
        <line num="42" count="0" type="stmt"/>
        <line num="45" count="4" type="stmt"/>
        <line num="46" count="4" type="stmt"/>
        <line num="48" count="4" type="stmt"/>
        <line num="49" count="196" type="stmt"/>
        <line num="50" count="98" type="cond" truecount="2" falsecount="0"/>
        <line num="54" count="4" type="stmt"/>
        <line num="60" count="2" type="stmt"/>
        <line num="61" count="2" type="stmt"/>
        <line num="65" count="1" type="stmt"/>
      </file>
      <file name="toc-tooltip.ts" path="/home/runner/work/lattice/lattice/src/editor-extensions/toc-tooltip.ts">
        <metrics statements="52" coveredstatements="52" conditionals="28" coveredconditionals="26" methods="8" coveredmethods="8"/>
        <line num="45" count="1" type="stmt"/>
        <line num="57" count="55" type="stmt"/>
        <line num="58" count="55" type="cond" truecount="4" falsecount="0"/>
        <line num="59" count="19" type="stmt"/>
        <line num="60" count="19" type="cond" truecount="1" falsecount="1"/>
        <line num="61" count="55" type="stmt"/>
        <line num="65" count="42" type="stmt"/>
        <line num="66" count="42" type="cond" truecount="4" falsecount="0"/>
        <line num="67" count="7" type="stmt"/>
        <line num="68" count="7" type="stmt"/>
        <line num="85" count="17" type="stmt"/>
        <line num="86" count="17" type="stmt"/>
        <line num="87" count="49" type="stmt"/>
        <line num="88" count="49" type="stmt"/>
        <line num="90" count="49" type="cond" truecount="2" falsecount="0"/>
        <line num="94" count="11" type="cond" truecount="2" falsecount="0"/>
        <line num="95" count="10" type="stmt"/>
        <line num="96" count="10" type="stmt"/>
        <line num="98" count="38" type="cond" truecount="2" falsecount="0"/>
        <line num="99" count="3" type="cond" truecount="2" falsecount="0"/>
        <line num="100" count="2" type="stmt"/>
        <line num="101" count="2" type="stmt"/>
        <line num="103" count="35" type="cond" truecount="2" falsecount="0"/>
        <line num="104" count="14" type="stmt"/>
        <line num="107" count="1" type="stmt"/>
        <line num="123" count="10" type="stmt"/>
        <line num="124" count="10" type="cond" truecount="2" falsecount="0"/>
        <line num="126" count="9" type="stmt"/>
        <line num="127" count="9" type="stmt"/>
        <line num="131" count="9" type="stmt"/>
        <line num="132" count="9" type="stmt"/>
        <line num="133" count="40" type="stmt"/>
        <line num="136" count="9" type="cond" truecount="2" falsecount="0"/>
        <line num="137" count="4" type="stmt"/>
        <line num="140" count="5" type="stmt"/>
        <line num="147" count="1" type="stmt"/>
        <line num="148" count="1" type="stmt"/>
        <line num="149" count="1" type="stmt"/>
        <line num="152" count="1" type="stmt"/>
        <line num="153" count="1" type="stmt"/>
        <line num="154" count="1" type="stmt"/>
        <line num="156" count="1" type="stmt"/>
        <line num="157" count="1" type="stmt"/>
        <line num="158" count="1" type="stmt"/>
        <line num="159" count="1" type="stmt"/>
        <line num="160" count="1" type="stmt"/>
        <line num="161" count="1" type="stmt"/>
        <line num="171" count="1" type="stmt"/>
        <line num="176" count="2" type="cond" truecount="3" falsecount="1"/>
        <line num="177" count="2" type="stmt"/>
        <line num="179" count="4" type="stmt"/>
        <line num="186" count="1" type="stmt"/>
      </file>
    </package>
    <package name="src.lib">
      <metrics statements="81" coveredstatements="80" conditionals="72" coveredconditionals="67" methods="15" coveredmethods="15"/>
      <file name="rehype-heading-ids.ts" path="/home/runner/work/lattice/lattice/src/lib/rehype-heading-ids.ts">
        <metrics statements="22" coveredstatements="21" conditionals="27" coveredconditionals="24" methods="4" coveredmethods="4"/>
        <line num="45" count="3" type="stmt"/>
        <line num="50" count="125" type="cond" truecount="2" falsecount="0"/>
        <line num="51" count="123" type="cond" truecount="3" falsecount="1"/>
        <line num="52" count="61" type="cond" truecount="1" falsecount="1"/>
        <line num="53" count="61" type="stmt"/>
        <line num="55" count="0" type="stmt"/>
        <line num="58" count="179" type="stmt"/>
        <line num="59" count="179" type="stmt"/>
        <line num="60" count="179" type="stmt"/>
        <line num="61" count="361" type="cond" truecount="5" falsecount="0"/>
        <line num="62" count="57" type="cond" truecount="1" falsecount="1"/>
        <line num="63" count="57" type="stmt"/>
        <line num="64" count="57" type="cond" truecount="4" falsecount="0"/>
        <line num="65" count="56" type="stmt"/>
        <line num="66" count="56" type="stmt"/>
        <line num="67" count="56" type="cond" truecount="2" falsecount="0"/>
        <line num="68" count="55" type="stmt"/>
        <line num="72" count="1" type="stmt"/>
        <line num="73" count="1" type="cond" truecount="2" falsecount="0"/>
        <line num="76" count="361" type="cond" truecount="4" falsecount="0"/>
        <line num="77" count="276" type="stmt"/>
        <line num="80" count="179" type="stmt"/>
      </file>
      <file name="rehype-highlight-mark.ts" path="/home/runner/work/lattice/lattice/src/lib/rehype-highlight-mark.ts">
        <metrics statements="27" coveredstatements="27" conditionals="20" coveredconditionals="18" methods="4" coveredmethods="4"/>
        <line num="45" count="3" type="stmt"/>
        <line num="53" count="9" type="stmt"/>
        <line num="54" count="9" type="stmt"/>
        <line num="55" count="9" type="stmt"/>
        <line num="57" count="9" type="stmt"/>
        <line num="58" count="8" type="cond" truecount="2" falsecount="0"/>
        <line num="59" count="3" type="stmt"/>
        <line num="61" count="8" type="stmt"/>
        <line num="67" count="8" type="stmt"/>
        <line num="69" count="9" type="cond" truecount="2" falsecount="0"/>
        <line num="70" count="4" type="stmt"/>
        <line num="72" count="9" type="stmt"/>
        <line num="84" count="345" type="cond" truecount="1" falsecount="1"/>
        <line num="86" count="345" type="cond" truecount="2" falsecount="0"/>
        <line num="88" count="91" type="cond" truecount="3" falsecount="0"/>
        <line num="90" count="91" type="cond" truecount="1" falsecount="1"/>
        <line num="91" count="91" type="stmt"/>
        <line num="92" count="91" type="stmt"/>
        <line num="93" count="99" type="cond" truecount="5" falsecount="0"/>
        <line num="95" count="3" type="stmt"/>
        <line num="98" count="96" type="stmt"/>
        <line num="99" count="96" type="stmt"/>
        <line num="102" count="91" type="stmt"/>
        <line num="104" count="254" type="cond" truecount="2" falsecount="0"/>
        <line num="106" count="179" type="stmt"/>
        <line num="110" count="179" type="stmt"/>
        <line num="111" count="179" type="stmt"/>
      </file>
      <file name="remark-strip-html-comments.ts" path="/home/runner/work/lattice/lattice/src/lib/remark-strip-html-comments.ts">
        <metrics statements="9" coveredstatements="9" conditionals="9" coveredconditionals="9" methods="5" coveredmethods="5"/>
        <line num="57" count="3" type="stmt"/>
        <line num="61" count="19" type="cond" truecount="2" falsecount="0"/>
        <line num="64" count="178" type="stmt"/>
        <line num="65" count="178" type="stmt"/>
        <line num="66" count="325" type="cond" truecount="4" falsecount="0"/>
        <line num="67" count="255" type="stmt"/>
        <line num="68" count="153" type="cond" truecount="3" falsecount="0"/>
        <line num="70" count="255" type="stmt"/>
        <line num="73" count="178" type="stmt"/>
      </file>
      <file name="slug.ts" path="/home/runner/work/lattice/lattice/src/lib/slug.ts">
        <metrics statements="22" coveredstatements="22" conditionals="16" coveredconditionals="16" methods="2" coveredmethods="2"/>
        <line num="54" count="69" type="stmt"/>
        <line num="55" count="69" type="stmt"/>
        <line num="57" count="69" type="stmt"/>
        <line num="59" count="342" type="cond" truecount="2" falsecount="0"/>
        <line num="60" count="295" type="stmt"/>
        <line num="61" count="295" type="stmt"/>
        <line num="62" count="295" type="stmt"/>
        <line num="64" count="47" type="cond" truecount="2" falsecount="0"/>
        <line num="65" count="2" type="stmt"/>
        <line num="66" count="2" type="stmt"/>
        <line num="67" count="2" type="stmt"/>
        <line num="70" count="45" type="cond" truecount="6" falsecount="0"/>
        <line num="71" count="16" type="stmt"/>
        <line num="72" count="16" type="stmt"/>
        <line num="73" count="16" type="stmt"/>
        <line num="79" count="69" type="cond" truecount="2" falsecount="0"/>
        <line num="80" count="1" type="stmt"/>
        <line num="82" count="69" type="stmt"/>
        <line num="94" count="63" type="cond" truecount="2" falsecount="0"/>
        <line num="95" count="63" type="cond" truecount="2" falsecount="0"/>
        <line num="96" count="63" type="stmt"/>
        <line num="97" count="63" type="stmt"/>
      </file>
      <file name="special-characters.ts" path="/home/runner/work/lattice/lattice/src/lib/special-characters.ts">
        <metrics statements="1" coveredstatements="1" conditionals="0" coveredconditionals="0" methods="0" coveredmethods="0"/>
        <line num="29" count="1" type="stmt"/>
      </file>
    </package>
    <package name="src.services">
      <metrics statements="15" coveredstatements="15" conditionals="0" coveredconditionals="0" methods="9" coveredmethods="9"/>
      <file name="FileSystem.ts" path="/home/runner/work/lattice/lattice/src/services/FileSystem.ts">
        <metrics statements="9" coveredstatements="9" conditionals="0" coveredconditionals="0" methods="7" coveredmethods="7"/>
        <line num="36" count="3" type="stmt"/>
        <line num="38" count="9" type="stmt"/>
        <line num="39" count="9" type="stmt"/>
        <line num="42" count="8" type="stmt"/>
        <line num="45" count="65" type="stmt"/>
        <line num="48" count="130" type="stmt"/>
        <line num="51" count="3" type="stmt"/>
        <line num="54" count="1" type="stmt"/>
        <line num="57" count="2" type="stmt"/>
      </file>
      <file name="TableFormat.ts" path="/home/runner/work/lattice/lattice/src/services/TableFormat.ts">
        <metrics statements="2" coveredstatements="2" conditionals="0" coveredconditionals="0" methods="1" coveredmethods="1"/>
        <line num="37" count="1" type="stmt"/>
        <line num="44" count="3" type="stmt"/>
      </file>
      <file name="Toc.ts" path="/home/runner/work/lattice/lattice/src/services/Toc.ts">
        <metrics statements="4" coveredstatements="4" conditionals="0" coveredconditionals="0" methods="1" coveredmethods="1"/>
        <line num="37" count="1" type="stmt"/>
        <line num="38" count="1" type="stmt"/>
        <line num="40" count="1" type="stmt"/>
        <line num="47" count="3" type="stmt"/>
      </file>
    </package>
    <package name="src.services.StaticRuntime">
      <metrics statements="28" coveredstatements="28" conditionals="6" coveredconditionals="5" methods="10" coveredmethods="9"/>
      <file name="StaticRuntime.dev.ts" path="/home/runner/work/lattice/lattice/src/services/StaticRuntime/StaticRuntime.dev.ts">
        <metrics statements="28" coveredstatements="28" conditionals="6" coveredconditionals="5" methods="10" coveredmethods="9"/>
        <line num="35" count="15" type="stmt"/>
        <line num="36" count="4275737" type="stmt"/>
        <line num="37" count="4275737" type="cond" truecount="2" falsecount="0"/>
        <line num="38" count="4275737" type="stmt"/>
        <line num="39" count="4275737" type="stmt"/>
        <line num="40" count="4275737" type="stmt"/>
        <line num="42" count="4275737" type="stmt"/>
        <line num="46" count="15" type="stmt"/>
        <line num="53" count="108" type="cond" truecount="2" falsecount="0"/>
        <line num="55" count="7" type="stmt"/>
        <line num="57" count="7" type="stmt"/>
        <line num="58" count="35" type="stmt"/>
        <line num="59" count="35" type="cond" truecount="1" falsecount="1"/>
        <line num="60" count="35" type="stmt"/>
        <line num="61" count="1466" type="stmt"/>
        <line num="62" count="1466" type="stmt"/>
        <line num="67" count="7" type="stmt"/>
        <line num="69" count="7" type="stmt"/>
        <line num="78" count="4274655" type="stmt"/>
        <line num="86" count="3" type="stmt"/>
        <line num="97" count="106" type="stmt"/>
        <line num="98" count="106" type="stmt"/>
        <line num="99" count="2" type="stmt"/>
        <line num="101" count="2" type="stmt"/>
        <line num="104" count="2" type="stmt"/>
        <line num="108" count="2" type="stmt"/>
        <line num="112" count="1" type="stmt"/>
        <line num="114" count="1" type="stmt"/>
      </file>
    </package>
  </project>
</coverage>
